[2025-03-17T13:32:34.335+0000] {processor.py:186} INFO - Started process (PID=94) to work on /home/airflow/.local/lib/python3.12/site-packages/airflow/example_dags/example_latest_only_with_trigger.py
[2025-03-17T13:32:34.336+0000] {processor.py:914} INFO - Processing file /home/airflow/.local/lib/python3.12/site-packages/airflow/example_dags/example_latest_only_with_trigger.py for tasks to queue
[2025-03-17T13:32:34.340+0000] {logging_mixin.py:190} INFO - [2025-03-17T13:32:34.339+0000] {dagbag.py:588} INFO - Filling up the DagBag from /home/airflow/.local/lib/python3.12/site-packages/airflow/example_dags/example_latest_only_with_trigger.py
[2025-03-17T13:32:34.353+0000] {processor.py:925} INFO - DAG(s) 'latest_only_with_trigger' retrieved from /home/airflow/.local/lib/python3.12/site-packages/airflow/example_dags/example_latest_only_with_trigger.py
[2025-03-17T13:32:34.567+0000] {logging_mixin.py:190} INFO - [2025-03-17T13:32:34.566+0000] {override.py:1912} INFO - Created Permission View: can read on DAG:latest_only_with_trigger
[2025-03-17T13:32:34.584+0000] {logging_mixin.py:190} INFO - [2025-03-17T13:32:34.584+0000] {override.py:1912} INFO - Created Permission View: can edit on DAG:latest_only_with_trigger
[2025-03-17T13:32:34.594+0000] {logging_mixin.py:190} INFO - [2025-03-17T13:32:34.594+0000] {override.py:1912} INFO - Created Permission View: can delete on DAG:latest_only_with_trigger
[2025-03-17T13:32:34.608+0000] {logging_mixin.py:190} INFO - [2025-03-17T13:32:34.608+0000] {override.py:1912} INFO - Created Permission View: can read on DAG Run:latest_only_with_trigger
[2025-03-17T13:32:34.616+0000] {logging_mixin.py:190} INFO - [2025-03-17T13:32:34.616+0000] {override.py:1912} INFO - Created Permission View: can delete on DAG Run:latest_only_with_trigger
[2025-03-17T13:32:34.625+0000] {logging_mixin.py:190} INFO - [2025-03-17T13:32:34.625+0000] {override.py:1912} INFO - Created Permission View: can create on DAG Run:latest_only_with_trigger
[2025-03-17T13:32:34.634+0000] {logging_mixin.py:190} INFO - [2025-03-17T13:32:34.634+0000] {override.py:1912} INFO - Created Permission View: menu access on DAG Run:latest_only_with_trigger
[2025-03-17T13:32:34.635+0000] {logging_mixin.py:190} INFO - [2025-03-17T13:32:34.635+0000] {dag.py:3239} INFO - Sync 1 DAGs
[2025-03-17T13:32:34.653+0000] {logging_mixin.py:190} INFO - [2025-03-17T13:32:34.652+0000] {dag.py:3262} INFO - Creating ORM DAG for latest_only_with_trigger
[2025-03-17T13:32:34.666+0000] {logging_mixin.py:190} INFO - [2025-03-17T13:32:34.666+0000] {dag.py:4180} INFO - Setting next_dagrun for latest_only_with_trigger to 2025-03-17 08:00:00+00:00, run_after=2025-03-17 12:00:00+00:00
[2025-03-17T13:32:34.688+0000] {processor.py:208} INFO - Processing /home/airflow/.local/lib/python3.12/site-packages/airflow/example_dags/example_latest_only_with_trigger.py took 0.364 seconds
[2025-03-17T13:33:05.244+0000] {processor.py:186} INFO - Started process (PID=156) to work on /home/airflow/.local/lib/python3.12/site-packages/airflow/example_dags/example_latest_only_with_trigger.py
[2025-03-17T13:33:05.247+0000] {processor.py:914} INFO - Processing file /home/airflow/.local/lib/python3.12/site-packages/airflow/example_dags/example_latest_only_with_trigger.py for tasks to queue
[2025-03-17T13:33:05.249+0000] {logging_mixin.py:190} INFO - [2025-03-17T13:33:05.249+0000] {dagbag.py:588} INFO - Filling up the DagBag from /home/airflow/.local/lib/python3.12/site-packages/airflow/example_dags/example_latest_only_with_trigger.py
[2025-03-17T13:33:05.257+0000] {processor.py:925} INFO - DAG(s) 'latest_only_with_trigger' retrieved from /home/airflow/.local/lib/python3.12/site-packages/airflow/example_dags/example_latest_only_with_trigger.py
[2025-03-17T13:33:05.276+0000] {logging_mixin.py:190} INFO - [2025-03-17T13:33:05.276+0000] {dag.py:3239} INFO - Sync 1 DAGs
[2025-03-17T13:33:05.302+0000] {logging_mixin.py:190} INFO - [2025-03-17T13:33:05.301+0000] {dag.py:4180} INFO - Setting next_dagrun for latest_only_with_trigger to 2025-03-17 08:00:00+00:00, run_after=2025-03-17 12:00:00+00:00
[2025-03-17T13:33:05.320+0000] {processor.py:208} INFO - Processing /home/airflow/.local/lib/python3.12/site-packages/airflow/example_dags/example_latest_only_with_trigger.py took 0.082 seconds
[2025-03-17T13:33:35.754+0000] {processor.py:186} INFO - Started process (PID=219) to work on /home/airflow/.local/lib/python3.12/site-packages/airflow/example_dags/example_latest_only_with_trigger.py
[2025-03-17T13:33:35.760+0000] {processor.py:914} INFO - Processing file /home/airflow/.local/lib/python3.12/site-packages/airflow/example_dags/example_latest_only_with_trigger.py for tasks to queue
[2025-03-17T13:33:35.762+0000] {logging_mixin.py:190} INFO - [2025-03-17T13:33:35.762+0000] {dagbag.py:588} INFO - Filling up the DagBag from /home/airflow/.local/lib/python3.12/site-packages/airflow/example_dags/example_latest_only_with_trigger.py
[2025-03-17T13:33:35.771+0000] {processor.py:925} INFO - DAG(s) 'latest_only_with_trigger' retrieved from /home/airflow/.local/lib/python3.12/site-packages/airflow/example_dags/example_latest_only_with_trigger.py
[2025-03-17T13:33:35.794+0000] {logging_mixin.py:190} INFO - [2025-03-17T13:33:35.793+0000] {dag.py:3239} INFO - Sync 1 DAGs
[2025-03-17T13:33:35.824+0000] {logging_mixin.py:190} INFO - [2025-03-17T13:33:35.824+0000] {dag.py:4180} INFO - Setting next_dagrun for latest_only_with_trigger to 2025-03-17 08:00:00+00:00, run_after=2025-03-17 12:00:00+00:00
[2025-03-17T13:33:35.847+0000] {processor.py:208} INFO - Processing /home/airflow/.local/lib/python3.12/site-packages/airflow/example_dags/example_latest_only_with_trigger.py took 0.100 seconds
[2025-03-17T13:34:06.122+0000] {processor.py:186} INFO - Started process (PID=281) to work on /home/airflow/.local/lib/python3.12/site-packages/airflow/example_dags/example_latest_only_with_trigger.py
[2025-03-17T13:34:06.124+0000] {processor.py:914} INFO - Processing file /home/airflow/.local/lib/python3.12/site-packages/airflow/example_dags/example_latest_only_with_trigger.py for tasks to queue
[2025-03-17T13:34:06.130+0000] {logging_mixin.py:190} INFO - [2025-03-17T13:34:06.127+0000] {dagbag.py:588} INFO - Filling up the DagBag from /home/airflow/.local/lib/python3.12/site-packages/airflow/example_dags/example_latest_only_with_trigger.py
[2025-03-17T13:34:06.165+0000] {processor.py:925} INFO - DAG(s) 'latest_only_with_trigger' retrieved from /home/airflow/.local/lib/python3.12/site-packages/airflow/example_dags/example_latest_only_with_trigger.py
[2025-03-17T13:34:06.265+0000] {logging_mixin.py:190} INFO - [2025-03-17T13:34:06.265+0000] {dag.py:3239} INFO - Sync 1 DAGs
[2025-03-17T13:34:06.326+0000] {logging_mixin.py:190} INFO - [2025-03-17T13:34:06.325+0000] {dag.py:4180} INFO - Setting next_dagrun for latest_only_with_trigger to 2025-03-17 08:00:00+00:00, run_after=2025-03-17 12:00:00+00:00
[2025-03-17T13:34:06.348+0000] {processor.py:208} INFO - Processing /home/airflow/.local/lib/python3.12/site-packages/airflow/example_dags/example_latest_only_with_trigger.py took 0.243 seconds
[2025-03-17T13:34:37.104+0000] {processor.py:186} INFO - Started process (PID=344) to work on /home/airflow/.local/lib/python3.12/site-packages/airflow/example_dags/example_latest_only_with_trigger.py
[2025-03-17T13:34:37.105+0000] {processor.py:914} INFO - Processing file /home/airflow/.local/lib/python3.12/site-packages/airflow/example_dags/example_latest_only_with_trigger.py for tasks to queue
[2025-03-17T13:34:37.107+0000] {logging_mixin.py:190} INFO - [2025-03-17T13:34:37.107+0000] {dagbag.py:588} INFO - Filling up the DagBag from /home/airflow/.local/lib/python3.12/site-packages/airflow/example_dags/example_latest_only_with_trigger.py
[2025-03-17T13:34:37.117+0000] {processor.py:925} INFO - DAG(s) 'latest_only_with_trigger' retrieved from /home/airflow/.local/lib/python3.12/site-packages/airflow/example_dags/example_latest_only_with_trigger.py
[2025-03-17T13:34:37.162+0000] {logging_mixin.py:190} INFO - [2025-03-17T13:34:37.161+0000] {dag.py:3239} INFO - Sync 1 DAGs
[2025-03-17T13:34:37.192+0000] {logging_mixin.py:190} INFO - [2025-03-17T13:34:37.191+0000] {dag.py:4180} INFO - Setting next_dagrun for latest_only_with_trigger to 2025-03-17 08:00:00+00:00, run_after=2025-03-17 12:00:00+00:00
[2025-03-17T13:34:37.216+0000] {processor.py:208} INFO - Processing /home/airflow/.local/lib/python3.12/site-packages/airflow/example_dags/example_latest_only_with_trigger.py took 0.119 seconds
[2025-03-17T13:35:07.662+0000] {processor.py:186} INFO - Started process (PID=407) to work on /home/airflow/.local/lib/python3.12/site-packages/airflow/example_dags/example_latest_only_with_trigger.py
[2025-03-17T13:35:07.662+0000] {processor.py:914} INFO - Processing file /home/airflow/.local/lib/python3.12/site-packages/airflow/example_dags/example_latest_only_with_trigger.py for tasks to queue
[2025-03-17T13:35:07.665+0000] {logging_mixin.py:190} INFO - [2025-03-17T13:35:07.664+0000] {dagbag.py:588} INFO - Filling up the DagBag from /home/airflow/.local/lib/python3.12/site-packages/airflow/example_dags/example_latest_only_with_trigger.py
[2025-03-17T13:35:07.673+0000] {processor.py:925} INFO - DAG(s) 'latest_only_with_trigger' retrieved from /home/airflow/.local/lib/python3.12/site-packages/airflow/example_dags/example_latest_only_with_trigger.py
[2025-03-17T13:35:07.695+0000] {logging_mixin.py:190} INFO - [2025-03-17T13:35:07.694+0000] {dag.py:3239} INFO - Sync 1 DAGs
[2025-03-17T13:35:07.718+0000] {logging_mixin.py:190} INFO - [2025-03-17T13:35:07.717+0000] {dag.py:4180} INFO - Setting next_dagrun for latest_only_with_trigger to 2025-03-17 08:00:00+00:00, run_after=2025-03-17 12:00:00+00:00
[2025-03-17T13:35:07.739+0000] {processor.py:208} INFO - Processing /home/airflow/.local/lib/python3.12/site-packages/airflow/example_dags/example_latest_only_with_trigger.py took 0.083 seconds
[2025-03-17T13:35:42.472+0000] {processor.py:186} INFO - Started process (PID=446) to work on /home/airflow/.local/lib/python3.12/site-packages/airflow/example_dags/example_latest_only_with_trigger.py
[2025-03-17T13:35:42.477+0000] {processor.py:914} INFO - Processing file /home/airflow/.local/lib/python3.12/site-packages/airflow/example_dags/example_latest_only_with_trigger.py for tasks to queue
[2025-03-17T13:35:42.481+0000] {logging_mixin.py:190} INFO - [2025-03-17T13:35:42.480+0000] {dagbag.py:588} INFO - Filling up the DagBag from /home/airflow/.local/lib/python3.12/site-packages/airflow/example_dags/example_latest_only_with_trigger.py
[2025-03-17T13:35:42.492+0000] {processor.py:925} INFO - DAG(s) 'latest_only_with_trigger' retrieved from /home/airflow/.local/lib/python3.12/site-packages/airflow/example_dags/example_latest_only_with_trigger.py
[2025-03-17T13:35:42.520+0000] {logging_mixin.py:190} INFO - [2025-03-17T13:35:42.520+0000] {dag.py:3239} INFO - Sync 1 DAGs
[2025-03-17T13:35:42.556+0000] {logging_mixin.py:190} INFO - [2025-03-17T13:35:42.555+0000] {dag.py:4180} INFO - Setting next_dagrun for latest_only_with_trigger to 2025-03-17 08:00:00+00:00, run_after=2025-03-17 12:00:00+00:00
[2025-03-17T13:35:42.583+0000] {processor.py:208} INFO - Processing /home/airflow/.local/lib/python3.12/site-packages/airflow/example_dags/example_latest_only_with_trigger.py took 0.121 seconds
[2025-03-17T13:36:50.340+0000] {processor.py:186} INFO - Started process (PID=496) to work on /home/airflow/.local/lib/python3.12/site-packages/airflow/example_dags/example_latest_only_with_trigger.py
[2025-03-17T13:36:50.351+0000] {processor.py:914} INFO - Processing file /home/airflow/.local/lib/python3.12/site-packages/airflow/example_dags/example_latest_only_with_trigger.py for tasks to queue
[2025-03-17T13:36:50.352+0000] {logging_mixin.py:190} INFO - [2025-03-17T13:36:50.352+0000] {dagbag.py:588} INFO - Filling up the DagBag from /home/airflow/.local/lib/python3.12/site-packages/airflow/example_dags/example_latest_only_with_trigger.py
[2025-03-17T13:36:50.362+0000] {processor.py:925} INFO - DAG(s) 'latest_only_with_trigger' retrieved from /home/airflow/.local/lib/python3.12/site-packages/airflow/example_dags/example_latest_only_with_trigger.py
[2025-03-17T13:36:50.386+0000] {logging_mixin.py:190} INFO - [2025-03-17T13:36:50.385+0000] {dag.py:3239} INFO - Sync 1 DAGs
[2025-03-17T13:36:50.414+0000] {logging_mixin.py:190} INFO - [2025-03-17T13:36:50.413+0000] {dag.py:4180} INFO - Setting next_dagrun for latest_only_with_trigger to 2025-03-17 08:00:00+00:00, run_after=2025-03-17 12:00:00+00:00
[2025-03-17T13:36:50.439+0000] {processor.py:208} INFO - Processing /home/airflow/.local/lib/python3.12/site-packages/airflow/example_dags/example_latest_only_with_trigger.py took 0.105 seconds
[2025-03-17T13:37:20.710+0000] {processor.py:186} INFO - Started process (PID=560) to work on /home/airflow/.local/lib/python3.12/site-packages/airflow/example_dags/example_latest_only_with_trigger.py
[2025-03-17T13:37:20.711+0000] {processor.py:914} INFO - Processing file /home/airflow/.local/lib/python3.12/site-packages/airflow/example_dags/example_latest_only_with_trigger.py for tasks to queue
[2025-03-17T13:37:20.713+0000] {logging_mixin.py:190} INFO - [2025-03-17T13:37:20.712+0000] {dagbag.py:588} INFO - Filling up the DagBag from /home/airflow/.local/lib/python3.12/site-packages/airflow/example_dags/example_latest_only_with_trigger.py
[2025-03-17T13:37:20.721+0000] {processor.py:925} INFO - DAG(s) 'latest_only_with_trigger' retrieved from /home/airflow/.local/lib/python3.12/site-packages/airflow/example_dags/example_latest_only_with_trigger.py
[2025-03-17T13:37:20.744+0000] {logging_mixin.py:190} INFO - [2025-03-17T13:37:20.743+0000] {dag.py:3239} INFO - Sync 1 DAGs
[2025-03-17T13:37:20.769+0000] {logging_mixin.py:190} INFO - [2025-03-17T13:37:20.769+0000] {dag.py:4180} INFO - Setting next_dagrun for latest_only_with_trigger to 2025-03-17 08:00:00+00:00, run_after=2025-03-17 12:00:00+00:00
[2025-03-17T13:37:20.789+0000] {processor.py:208} INFO - Processing /home/airflow/.local/lib/python3.12/site-packages/airflow/example_dags/example_latest_only_with_trigger.py took 0.085 seconds
[2025-03-17T13:37:51.870+0000] {processor.py:186} INFO - Started process (PID=620) to work on /home/airflow/.local/lib/python3.12/site-packages/airflow/example_dags/example_latest_only_with_trigger.py
[2025-03-17T13:37:51.871+0000] {processor.py:914} INFO - Processing file /home/airflow/.local/lib/python3.12/site-packages/airflow/example_dags/example_latest_only_with_trigger.py for tasks to queue
[2025-03-17T13:37:51.872+0000] {logging_mixin.py:190} INFO - [2025-03-17T13:37:51.872+0000] {dagbag.py:588} INFO - Filling up the DagBag from /home/airflow/.local/lib/python3.12/site-packages/airflow/example_dags/example_latest_only_with_trigger.py
[2025-03-17T13:37:51.882+0000] {processor.py:925} INFO - DAG(s) 'latest_only_with_trigger' retrieved from /home/airflow/.local/lib/python3.12/site-packages/airflow/example_dags/example_latest_only_with_trigger.py
[2025-03-17T13:37:51.904+0000] {logging_mixin.py:190} INFO - [2025-03-17T13:37:51.903+0000] {dag.py:3239} INFO - Sync 1 DAGs
[2025-03-17T13:37:51.930+0000] {logging_mixin.py:190} INFO - [2025-03-17T13:37:51.930+0000] {dag.py:4180} INFO - Setting next_dagrun for latest_only_with_trigger to 2025-03-17 08:00:00+00:00, run_after=2025-03-17 12:00:00+00:00
[2025-03-17T13:37:51.951+0000] {processor.py:208} INFO - Processing /home/airflow/.local/lib/python3.12/site-packages/airflow/example_dags/example_latest_only_with_trigger.py took 0.088 seconds
[2025-03-17T13:38:22.989+0000] {processor.py:186} INFO - Started process (PID=683) to work on /home/airflow/.local/lib/python3.12/site-packages/airflow/example_dags/example_latest_only_with_trigger.py
[2025-03-17T13:38:22.991+0000] {processor.py:914} INFO - Processing file /home/airflow/.local/lib/python3.12/site-packages/airflow/example_dags/example_latest_only_with_trigger.py for tasks to queue
[2025-03-17T13:38:22.992+0000] {logging_mixin.py:190} INFO - [2025-03-17T13:38:22.992+0000] {dagbag.py:588} INFO - Filling up the DagBag from /home/airflow/.local/lib/python3.12/site-packages/airflow/example_dags/example_latest_only_with_trigger.py
[2025-03-17T13:38:23.002+0000] {processor.py:925} INFO - DAG(s) 'latest_only_with_trigger' retrieved from /home/airflow/.local/lib/python3.12/site-packages/airflow/example_dags/example_latest_only_with_trigger.py
[2025-03-17T13:38:23.026+0000] {logging_mixin.py:190} INFO - [2025-03-17T13:38:23.025+0000] {dag.py:3239} INFO - Sync 1 DAGs
[2025-03-17T13:38:23.051+0000] {logging_mixin.py:190} INFO - [2025-03-17T13:38:23.051+0000] {dag.py:4180} INFO - Setting next_dagrun for latest_only_with_trigger to 2025-03-17 08:00:00+00:00, run_after=2025-03-17 12:00:00+00:00
[2025-03-17T13:38:23.072+0000] {processor.py:208} INFO - Processing /home/airflow/.local/lib/python3.12/site-packages/airflow/example_dags/example_latest_only_with_trigger.py took 0.090 seconds
[2025-03-17T13:38:53.629+0000] {processor.py:186} INFO - Started process (PID=745) to work on /home/airflow/.local/lib/python3.12/site-packages/airflow/example_dags/example_latest_only_with_trigger.py
[2025-03-17T13:38:53.630+0000] {processor.py:914} INFO - Processing file /home/airflow/.local/lib/python3.12/site-packages/airflow/example_dags/example_latest_only_with_trigger.py for tasks to queue
[2025-03-17T13:38:53.632+0000] {logging_mixin.py:190} INFO - [2025-03-17T13:38:53.631+0000] {dagbag.py:588} INFO - Filling up the DagBag from /home/airflow/.local/lib/python3.12/site-packages/airflow/example_dags/example_latest_only_with_trigger.py
[2025-03-17T13:38:53.648+0000] {processor.py:925} INFO - DAG(s) 'latest_only_with_trigger' retrieved from /home/airflow/.local/lib/python3.12/site-packages/airflow/example_dags/example_latest_only_with_trigger.py
[2025-03-17T13:38:53.677+0000] {logging_mixin.py:190} INFO - [2025-03-17T13:38:53.676+0000] {dag.py:3239} INFO - Sync 1 DAGs
[2025-03-17T13:38:53.710+0000] {logging_mixin.py:190} INFO - [2025-03-17T13:38:53.709+0000] {dag.py:4180} INFO - Setting next_dagrun for latest_only_with_trigger to 2025-03-17 08:00:00+00:00, run_after=2025-03-17 12:00:00+00:00
[2025-03-17T13:38:53.739+0000] {processor.py:208} INFO - Processing /home/airflow/.local/lib/python3.12/site-packages/airflow/example_dags/example_latest_only_with_trigger.py took 0.118 seconds
[2025-03-17T13:39:24.026+0000] {processor.py:186} INFO - Started process (PID=802) to work on /home/airflow/.local/lib/python3.12/site-packages/airflow/example_dags/example_latest_only_with_trigger.py
[2025-03-17T13:39:24.027+0000] {processor.py:914} INFO - Processing file /home/airflow/.local/lib/python3.12/site-packages/airflow/example_dags/example_latest_only_with_trigger.py for tasks to queue
[2025-03-17T13:39:24.029+0000] {logging_mixin.py:190} INFO - [2025-03-17T13:39:24.028+0000] {dagbag.py:588} INFO - Filling up the DagBag from /home/airflow/.local/lib/python3.12/site-packages/airflow/example_dags/example_latest_only_with_trigger.py
[2025-03-17T13:39:24.038+0000] {processor.py:925} INFO - DAG(s) 'latest_only_with_trigger' retrieved from /home/airflow/.local/lib/python3.12/site-packages/airflow/example_dags/example_latest_only_with_trigger.py
[2025-03-17T13:39:24.065+0000] {logging_mixin.py:190} INFO - [2025-03-17T13:39:24.065+0000] {dag.py:3239} INFO - Sync 1 DAGs
[2025-03-17T13:39:24.098+0000] {logging_mixin.py:190} INFO - [2025-03-17T13:39:24.098+0000] {dag.py:4180} INFO - Setting next_dagrun for latest_only_with_trigger to 2025-03-17 08:00:00+00:00, run_after=2025-03-17 12:00:00+00:00
[2025-03-17T13:39:24.126+0000] {processor.py:208} INFO - Processing /home/airflow/.local/lib/python3.12/site-packages/airflow/example_dags/example_latest_only_with_trigger.py took 0.107 seconds
[2025-03-17T13:39:55.093+0000] {processor.py:186} INFO - Started process (PID=865) to work on /home/airflow/.local/lib/python3.12/site-packages/airflow/example_dags/example_latest_only_with_trigger.py
[2025-03-17T13:39:55.094+0000] {processor.py:914} INFO - Processing file /home/airflow/.local/lib/python3.12/site-packages/airflow/example_dags/example_latest_only_with_trigger.py for tasks to queue
[2025-03-17T13:39:55.096+0000] {logging_mixin.py:190} INFO - [2025-03-17T13:39:55.095+0000] {dagbag.py:588} INFO - Filling up the DagBag from /home/airflow/.local/lib/python3.12/site-packages/airflow/example_dags/example_latest_only_with_trigger.py
[2025-03-17T13:39:55.105+0000] {processor.py:925} INFO - DAG(s) 'latest_only_with_trigger' retrieved from /home/airflow/.local/lib/python3.12/site-packages/airflow/example_dags/example_latest_only_with_trigger.py
[2025-03-17T13:39:55.223+0000] {logging_mixin.py:190} INFO - [2025-03-17T13:39:55.223+0000] {dag.py:3239} INFO - Sync 1 DAGs
[2025-03-17T13:39:55.248+0000] {logging_mixin.py:190} INFO - [2025-03-17T13:39:55.248+0000] {dag.py:4180} INFO - Setting next_dagrun for latest_only_with_trigger to 2025-03-17 08:00:00+00:00, run_after=2025-03-17 12:00:00+00:00
[2025-03-17T13:39:55.266+0000] {processor.py:208} INFO - Processing /home/airflow/.local/lib/python3.12/site-packages/airflow/example_dags/example_latest_only_with_trigger.py took 0.181 seconds
[2025-03-17T13:40:26.068+0000] {processor.py:186} INFO - Started process (PID=926) to work on /home/airflow/.local/lib/python3.12/site-packages/airflow/example_dags/example_latest_only_with_trigger.py
[2025-03-17T13:40:26.079+0000] {processor.py:914} INFO - Processing file /home/airflow/.local/lib/python3.12/site-packages/airflow/example_dags/example_latest_only_with_trigger.py for tasks to queue
[2025-03-17T13:40:26.080+0000] {logging_mixin.py:190} INFO - [2025-03-17T13:40:26.080+0000] {dagbag.py:588} INFO - Filling up the DagBag from /home/airflow/.local/lib/python3.12/site-packages/airflow/example_dags/example_latest_only_with_trigger.py
[2025-03-17T13:40:26.089+0000] {processor.py:925} INFO - DAG(s) 'latest_only_with_trigger' retrieved from /home/airflow/.local/lib/python3.12/site-packages/airflow/example_dags/example_latest_only_with_trigger.py
[2025-03-17T13:40:26.112+0000] {logging_mixin.py:190} INFO - [2025-03-17T13:40:26.112+0000] {dag.py:3239} INFO - Sync 1 DAGs
[2025-03-17T13:40:26.138+0000] {logging_mixin.py:190} INFO - [2025-03-17T13:40:26.138+0000] {dag.py:4180} INFO - Setting next_dagrun for latest_only_with_trigger to 2025-03-17 08:00:00+00:00, run_after=2025-03-17 12:00:00+00:00
[2025-03-17T13:40:26.157+0000] {processor.py:208} INFO - Processing /home/airflow/.local/lib/python3.12/site-packages/airflow/example_dags/example_latest_only_with_trigger.py took 0.095 seconds
[2025-03-17T13:40:56.335+0000] {processor.py:186} INFO - Started process (PID=983) to work on /home/airflow/.local/lib/python3.12/site-packages/airflow/example_dags/example_latest_only_with_trigger.py
[2025-03-17T13:40:56.336+0000] {processor.py:914} INFO - Processing file /home/airflow/.local/lib/python3.12/site-packages/airflow/example_dags/example_latest_only_with_trigger.py for tasks to queue
[2025-03-17T13:40:56.338+0000] {logging_mixin.py:190} INFO - [2025-03-17T13:40:56.338+0000] {dagbag.py:588} INFO - Filling up the DagBag from /home/airflow/.local/lib/python3.12/site-packages/airflow/example_dags/example_latest_only_with_trigger.py
[2025-03-17T13:40:56.347+0000] {processor.py:925} INFO - DAG(s) 'latest_only_with_trigger' retrieved from /home/airflow/.local/lib/python3.12/site-packages/airflow/example_dags/example_latest_only_with_trigger.py
[2025-03-17T13:40:56.369+0000] {logging_mixin.py:190} INFO - [2025-03-17T13:40:56.369+0000] {dag.py:3239} INFO - Sync 1 DAGs
[2025-03-17T13:40:56.393+0000] {logging_mixin.py:190} INFO - [2025-03-17T13:40:56.393+0000] {dag.py:4180} INFO - Setting next_dagrun for latest_only_with_trigger to 2025-03-17 08:00:00+00:00, run_after=2025-03-17 12:00:00+00:00
[2025-03-17T13:40:56.412+0000] {processor.py:208} INFO - Processing /home/airflow/.local/lib/python3.12/site-packages/airflow/example_dags/example_latest_only_with_trigger.py took 0.084 seconds
[2025-03-17T13:41:26.924+0000] {processor.py:186} INFO - Started process (PID=1046) to work on /home/airflow/.local/lib/python3.12/site-packages/airflow/example_dags/example_latest_only_with_trigger.py
[2025-03-17T13:41:26.925+0000] {processor.py:914} INFO - Processing file /home/airflow/.local/lib/python3.12/site-packages/airflow/example_dags/example_latest_only_with_trigger.py for tasks to queue
[2025-03-17T13:41:26.927+0000] {logging_mixin.py:190} INFO - [2025-03-17T13:41:26.926+0000] {dagbag.py:588} INFO - Filling up the DagBag from /home/airflow/.local/lib/python3.12/site-packages/airflow/example_dags/example_latest_only_with_trigger.py
[2025-03-17T13:41:26.937+0000] {processor.py:925} INFO - DAG(s) 'latest_only_with_trigger' retrieved from /home/airflow/.local/lib/python3.12/site-packages/airflow/example_dags/example_latest_only_with_trigger.py
[2025-03-17T13:41:26.960+0000] {logging_mixin.py:190} INFO - [2025-03-17T13:41:26.960+0000] {dag.py:3239} INFO - Sync 1 DAGs
[2025-03-17T13:41:26.987+0000] {logging_mixin.py:190} INFO - [2025-03-17T13:41:26.987+0000] {dag.py:4180} INFO - Setting next_dagrun for latest_only_with_trigger to 2025-03-17 08:00:00+00:00, run_after=2025-03-17 12:00:00+00:00
[2025-03-17T13:41:27.006+0000] {processor.py:208} INFO - Processing /home/airflow/.local/lib/python3.12/site-packages/airflow/example_dags/example_latest_only_with_trigger.py took 0.091 seconds
[2025-03-17T13:41:57.847+0000] {processor.py:186} INFO - Started process (PID=1113) to work on /home/airflow/.local/lib/python3.12/site-packages/airflow/example_dags/example_latest_only_with_trigger.py
[2025-03-17T13:41:57.848+0000] {processor.py:914} INFO - Processing file /home/airflow/.local/lib/python3.12/site-packages/airflow/example_dags/example_latest_only_with_trigger.py for tasks to queue
[2025-03-17T13:41:57.850+0000] {logging_mixin.py:190} INFO - [2025-03-17T13:41:57.849+0000] {dagbag.py:588} INFO - Filling up the DagBag from /home/airflow/.local/lib/python3.12/site-packages/airflow/example_dags/example_latest_only_with_trigger.py
[2025-03-17T13:41:57.861+0000] {processor.py:925} INFO - DAG(s) 'latest_only_with_trigger' retrieved from /home/airflow/.local/lib/python3.12/site-packages/airflow/example_dags/example_latest_only_with_trigger.py
[2025-03-17T13:41:57.889+0000] {logging_mixin.py:190} INFO - [2025-03-17T13:41:57.889+0000] {dag.py:3239} INFO - Sync 1 DAGs
[2025-03-17T13:41:57.927+0000] {logging_mixin.py:190} INFO - [2025-03-17T13:41:57.927+0000] {dag.py:4180} INFO - Setting next_dagrun for latest_only_with_trigger to 2025-03-17 08:00:00+00:00, run_after=2025-03-17 12:00:00+00:00
[2025-03-17T13:41:57.951+0000] {processor.py:208} INFO - Processing /home/airflow/.local/lib/python3.12/site-packages/airflow/example_dags/example_latest_only_with_trigger.py took 0.112 seconds
[2025-03-17T13:44:00.327+0000] {processor.py:186} INFO - Started process (PID=95) to work on /home/airflow/.local/lib/python3.12/site-packages/airflow/example_dags/example_latest_only_with_trigger.py
[2025-03-17T13:44:00.425+0000] {processor.py:914} INFO - Processing file /home/airflow/.local/lib/python3.12/site-packages/airflow/example_dags/example_latest_only_with_trigger.py for tasks to queue
[2025-03-17T13:44:00.432+0000] {logging_mixin.py:190} INFO - [2025-03-17T13:44:00.431+0000] {dagbag.py:588} INFO - Filling up the DagBag from /home/airflow/.local/lib/python3.12/site-packages/airflow/example_dags/example_latest_only_with_trigger.py
[2025-03-17T13:44:00.461+0000] {processor.py:925} INFO - DAG(s) 'latest_only_with_trigger' retrieved from /home/airflow/.local/lib/python3.12/site-packages/airflow/example_dags/example_latest_only_with_trigger.py
[2025-03-17T13:44:00.507+0000] {logging_mixin.py:190} INFO - [2025-03-17T13:44:00.506+0000] {dag.py:3239} INFO - Sync 1 DAGs
[2025-03-17T13:44:00.551+0000] {logging_mixin.py:190} INFO - [2025-03-17T13:44:00.551+0000] {dag.py:4180} INFO - Setting next_dagrun for latest_only_with_trigger to 2025-03-17 08:00:00+00:00, run_after=2025-03-17 12:00:00+00:00
[2025-03-17T13:44:00.579+0000] {processor.py:208} INFO - Processing /home/airflow/.local/lib/python3.12/site-packages/airflow/example_dags/example_latest_only_with_trigger.py took 0.266 seconds
[2025-03-17T13:44:30.883+0000] {processor.py:186} INFO - Started process (PID=157) to work on /home/airflow/.local/lib/python3.12/site-packages/airflow/example_dags/example_latest_only_with_trigger.py
[2025-03-17T13:44:30.887+0000] {processor.py:914} INFO - Processing file /home/airflow/.local/lib/python3.12/site-packages/airflow/example_dags/example_latest_only_with_trigger.py for tasks to queue
[2025-03-17T13:44:30.890+0000] {logging_mixin.py:190} INFO - [2025-03-17T13:44:30.890+0000] {dagbag.py:588} INFO - Filling up the DagBag from /home/airflow/.local/lib/python3.12/site-packages/airflow/example_dags/example_latest_only_with_trigger.py
[2025-03-17T13:44:30.908+0000] {processor.py:925} INFO - DAG(s) 'latest_only_with_trigger' retrieved from /home/airflow/.local/lib/python3.12/site-packages/airflow/example_dags/example_latest_only_with_trigger.py
[2025-03-17T13:44:30.933+0000] {logging_mixin.py:190} INFO - [2025-03-17T13:44:30.932+0000] {dag.py:3239} INFO - Sync 1 DAGs
[2025-03-17T13:44:30.959+0000] {logging_mixin.py:190} INFO - [2025-03-17T13:44:30.959+0000] {dag.py:4180} INFO - Setting next_dagrun for latest_only_with_trigger to 2025-03-17 08:00:00+00:00, run_after=2025-03-17 12:00:00+00:00
[2025-03-17T13:44:30.981+0000] {processor.py:208} INFO - Processing /home/airflow/.local/lib/python3.12/site-packages/airflow/example_dags/example_latest_only_with_trigger.py took 0.104 seconds
[2025-03-17T13:45:01.797+0000] {processor.py:186} INFO - Started process (PID=220) to work on /home/airflow/.local/lib/python3.12/site-packages/airflow/example_dags/example_latest_only_with_trigger.py
[2025-03-17T13:45:01.798+0000] {processor.py:914} INFO - Processing file /home/airflow/.local/lib/python3.12/site-packages/airflow/example_dags/example_latest_only_with_trigger.py for tasks to queue
[2025-03-17T13:45:01.801+0000] {logging_mixin.py:190} INFO - [2025-03-17T13:45:01.801+0000] {dagbag.py:588} INFO - Filling up the DagBag from /home/airflow/.local/lib/python3.12/site-packages/airflow/example_dags/example_latest_only_with_trigger.py
[2025-03-17T13:45:01.811+0000] {processor.py:925} INFO - DAG(s) 'latest_only_with_trigger' retrieved from /home/airflow/.local/lib/python3.12/site-packages/airflow/example_dags/example_latest_only_with_trigger.py
[2025-03-17T13:45:01.838+0000] {logging_mixin.py:190} INFO - [2025-03-17T13:45:01.838+0000] {dag.py:3239} INFO - Sync 1 DAGs
[2025-03-17T13:45:01.873+0000] {logging_mixin.py:190} INFO - [2025-03-17T13:45:01.873+0000] {dag.py:4180} INFO - Setting next_dagrun for latest_only_with_trigger to 2025-03-17 08:00:00+00:00, run_after=2025-03-17 12:00:00+00:00
[2025-03-17T13:45:01.902+0000] {processor.py:208} INFO - Processing /home/airflow/.local/lib/python3.12/site-packages/airflow/example_dags/example_latest_only_with_trigger.py took 0.111 seconds
[2025-03-17T13:45:31.949+0000] {processor.py:186} INFO - Started process (PID=282) to work on /home/airflow/.local/lib/python3.12/site-packages/airflow/example_dags/example_latest_only_with_trigger.py
[2025-03-17T13:45:31.961+0000] {processor.py:914} INFO - Processing file /home/airflow/.local/lib/python3.12/site-packages/airflow/example_dags/example_latest_only_with_trigger.py for tasks to queue
[2025-03-17T13:45:31.963+0000] {logging_mixin.py:190} INFO - [2025-03-17T13:45:31.963+0000] {dagbag.py:588} INFO - Filling up the DagBag from /home/airflow/.local/lib/python3.12/site-packages/airflow/example_dags/example_latest_only_with_trigger.py
[2025-03-17T13:45:31.972+0000] {processor.py:925} INFO - DAG(s) 'latest_only_with_trigger' retrieved from /home/airflow/.local/lib/python3.12/site-packages/airflow/example_dags/example_latest_only_with_trigger.py
[2025-03-17T13:45:31.994+0000] {logging_mixin.py:190} INFO - [2025-03-17T13:45:31.994+0000] {dag.py:3239} INFO - Sync 1 DAGs
[2025-03-17T13:45:32.020+0000] {logging_mixin.py:190} INFO - [2025-03-17T13:45:32.020+0000] {dag.py:4180} INFO - Setting next_dagrun for latest_only_with_trigger to 2025-03-17 08:00:00+00:00, run_after=2025-03-17 12:00:00+00:00
[2025-03-17T13:45:32.040+0000] {processor.py:208} INFO - Processing /home/airflow/.local/lib/python3.12/site-packages/airflow/example_dags/example_latest_only_with_trigger.py took 0.096 seconds
[2025-03-17T13:46:02.110+0000] {processor.py:186} INFO - Started process (PID=345) to work on /home/airflow/.local/lib/python3.12/site-packages/airflow/example_dags/example_latest_only_with_trigger.py
[2025-03-17T13:46:02.111+0000] {processor.py:914} INFO - Processing file /home/airflow/.local/lib/python3.12/site-packages/airflow/example_dags/example_latest_only_with_trigger.py for tasks to queue
[2025-03-17T13:46:02.114+0000] {logging_mixin.py:190} INFO - [2025-03-17T13:46:02.113+0000] {dagbag.py:588} INFO - Filling up the DagBag from /home/airflow/.local/lib/python3.12/site-packages/airflow/example_dags/example_latest_only_with_trigger.py
[2025-03-17T13:46:02.123+0000] {processor.py:925} INFO - DAG(s) 'latest_only_with_trigger' retrieved from /home/airflow/.local/lib/python3.12/site-packages/airflow/example_dags/example_latest_only_with_trigger.py
[2025-03-17T13:46:02.146+0000] {logging_mixin.py:190} INFO - [2025-03-17T13:46:02.146+0000] {dag.py:3239} INFO - Sync 1 DAGs
[2025-03-17T13:46:02.171+0000] {logging_mixin.py:190} INFO - [2025-03-17T13:46:02.170+0000] {dag.py:4180} INFO - Setting next_dagrun for latest_only_with_trigger to 2025-03-17 08:00:00+00:00, run_after=2025-03-17 12:00:00+00:00
[2025-03-17T13:46:02.193+0000] {processor.py:208} INFO - Processing /home/airflow/.local/lib/python3.12/site-packages/airflow/example_dags/example_latest_only_with_trigger.py took 0.089 seconds
[2025-03-17T13:46:32.750+0000] {processor.py:186} INFO - Started process (PID=408) to work on /home/airflow/.local/lib/python3.12/site-packages/airflow/example_dags/example_latest_only_with_trigger.py
[2025-03-17T13:46:32.759+0000] {processor.py:914} INFO - Processing file /home/airflow/.local/lib/python3.12/site-packages/airflow/example_dags/example_latest_only_with_trigger.py for tasks to queue
[2025-03-17T13:46:32.761+0000] {logging_mixin.py:190} INFO - [2025-03-17T13:46:32.761+0000] {dagbag.py:588} INFO - Filling up the DagBag from /home/airflow/.local/lib/python3.12/site-packages/airflow/example_dags/example_latest_only_with_trigger.py
[2025-03-17T13:46:32.770+0000] {processor.py:925} INFO - DAG(s) 'latest_only_with_trigger' retrieved from /home/airflow/.local/lib/python3.12/site-packages/airflow/example_dags/example_latest_only_with_trigger.py
[2025-03-17T13:46:32.792+0000] {logging_mixin.py:190} INFO - [2025-03-17T13:46:32.792+0000] {dag.py:3239} INFO - Sync 1 DAGs
[2025-03-17T13:46:32.819+0000] {logging_mixin.py:190} INFO - [2025-03-17T13:46:32.819+0000] {dag.py:4180} INFO - Setting next_dagrun for latest_only_with_trigger to 2025-03-17 08:00:00+00:00, run_after=2025-03-17 12:00:00+00:00
[2025-03-17T13:46:32.841+0000] {processor.py:208} INFO - Processing /home/airflow/.local/lib/python3.12/site-packages/airflow/example_dags/example_latest_only_with_trigger.py took 0.097 seconds
[2025-03-17T13:47:03.453+0000] {processor.py:186} INFO - Started process (PID=471) to work on /home/airflow/.local/lib/python3.12/site-packages/airflow/example_dags/example_latest_only_with_trigger.py
[2025-03-17T13:47:03.454+0000] {processor.py:914} INFO - Processing file /home/airflow/.local/lib/python3.12/site-packages/airflow/example_dags/example_latest_only_with_trigger.py for tasks to queue
[2025-03-17T13:47:03.456+0000] {logging_mixin.py:190} INFO - [2025-03-17T13:47:03.456+0000] {dagbag.py:588} INFO - Filling up the DagBag from /home/airflow/.local/lib/python3.12/site-packages/airflow/example_dags/example_latest_only_with_trigger.py
[2025-03-17T13:47:03.464+0000] {processor.py:925} INFO - DAG(s) 'latest_only_with_trigger' retrieved from /home/airflow/.local/lib/python3.12/site-packages/airflow/example_dags/example_latest_only_with_trigger.py
[2025-03-17T13:47:03.484+0000] {logging_mixin.py:190} INFO - [2025-03-17T13:47:03.483+0000] {dag.py:3239} INFO - Sync 1 DAGs
[2025-03-17T13:47:03.507+0000] {logging_mixin.py:190} INFO - [2025-03-17T13:47:03.507+0000] {dag.py:4180} INFO - Setting next_dagrun for latest_only_with_trigger to 2025-03-17 08:00:00+00:00, run_after=2025-03-17 12:00:00+00:00
[2025-03-17T13:47:03.529+0000] {processor.py:208} INFO - Processing /home/airflow/.local/lib/python3.12/site-packages/airflow/example_dags/example_latest_only_with_trigger.py took 0.081 seconds
[2025-03-17T13:47:34.099+0000] {processor.py:186} INFO - Started process (PID=534) to work on /home/airflow/.local/lib/python3.12/site-packages/airflow/example_dags/example_latest_only_with_trigger.py
[2025-03-17T13:47:34.100+0000] {processor.py:914} INFO - Processing file /home/airflow/.local/lib/python3.12/site-packages/airflow/example_dags/example_latest_only_with_trigger.py for tasks to queue
[2025-03-17T13:47:34.102+0000] {logging_mixin.py:190} INFO - [2025-03-17T13:47:34.102+0000] {dagbag.py:588} INFO - Filling up the DagBag from /home/airflow/.local/lib/python3.12/site-packages/airflow/example_dags/example_latest_only_with_trigger.py
[2025-03-17T13:47:34.110+0000] {processor.py:925} INFO - DAG(s) 'latest_only_with_trigger' retrieved from /home/airflow/.local/lib/python3.12/site-packages/airflow/example_dags/example_latest_only_with_trigger.py
[2025-03-17T13:47:34.130+0000] {logging_mixin.py:190} INFO - [2025-03-17T13:47:34.130+0000] {dag.py:3239} INFO - Sync 1 DAGs
[2025-03-17T13:47:34.154+0000] {logging_mixin.py:190} INFO - [2025-03-17T13:47:34.153+0000] {dag.py:4180} INFO - Setting next_dagrun for latest_only_with_trigger to 2025-03-17 08:00:00+00:00, run_after=2025-03-17 12:00:00+00:00
[2025-03-17T13:47:34.173+0000] {processor.py:208} INFO - Processing /home/airflow/.local/lib/python3.12/site-packages/airflow/example_dags/example_latest_only_with_trigger.py took 0.080 seconds
[2025-03-17T13:48:04.482+0000] {processor.py:186} INFO - Started process (PID=597) to work on /home/airflow/.local/lib/python3.12/site-packages/airflow/example_dags/example_latest_only_with_trigger.py
[2025-03-17T13:48:04.483+0000] {processor.py:914} INFO - Processing file /home/airflow/.local/lib/python3.12/site-packages/airflow/example_dags/example_latest_only_with_trigger.py for tasks to queue
[2025-03-17T13:48:04.485+0000] {logging_mixin.py:190} INFO - [2025-03-17T13:48:04.485+0000] {dagbag.py:588} INFO - Filling up the DagBag from /home/airflow/.local/lib/python3.12/site-packages/airflow/example_dags/example_latest_only_with_trigger.py
[2025-03-17T13:48:04.492+0000] {processor.py:925} INFO - DAG(s) 'latest_only_with_trigger' retrieved from /home/airflow/.local/lib/python3.12/site-packages/airflow/example_dags/example_latest_only_with_trigger.py
[2025-03-17T13:48:04.514+0000] {logging_mixin.py:190} INFO - [2025-03-17T13:48:04.514+0000] {dag.py:3239} INFO - Sync 1 DAGs
[2025-03-17T13:48:04.539+0000] {logging_mixin.py:190} INFO - [2025-03-17T13:48:04.538+0000] {dag.py:4180} INFO - Setting next_dagrun for latest_only_with_trigger to 2025-03-17 08:00:00+00:00, run_after=2025-03-17 12:00:00+00:00
[2025-03-17T13:48:04.560+0000] {processor.py:208} INFO - Processing /home/airflow/.local/lib/python3.12/site-packages/airflow/example_dags/example_latest_only_with_trigger.py took 0.084 seconds
[2025-03-17T13:48:34.745+0000] {processor.py:186} INFO - Started process (PID=660) to work on /home/airflow/.local/lib/python3.12/site-packages/airflow/example_dags/example_latest_only_with_trigger.py
[2025-03-17T13:48:34.850+0000] {processor.py:914} INFO - Processing file /home/airflow/.local/lib/python3.12/site-packages/airflow/example_dags/example_latest_only_with_trigger.py for tasks to queue
[2025-03-17T13:48:34.855+0000] {logging_mixin.py:190} INFO - [2025-03-17T13:48:34.854+0000] {dagbag.py:588} INFO - Filling up the DagBag from /home/airflow/.local/lib/python3.12/site-packages/airflow/example_dags/example_latest_only_with_trigger.py
[2025-03-17T13:48:34.867+0000] {processor.py:925} INFO - DAG(s) 'latest_only_with_trigger' retrieved from /home/airflow/.local/lib/python3.12/site-packages/airflow/example_dags/example_latest_only_with_trigger.py
[2025-03-17T13:48:34.891+0000] {logging_mixin.py:190} INFO - [2025-03-17T13:48:34.891+0000] {dag.py:3239} INFO - Sync 1 DAGs
[2025-03-17T13:48:34.916+0000] {logging_mixin.py:190} INFO - [2025-03-17T13:48:34.916+0000] {dag.py:4180} INFO - Setting next_dagrun for latest_only_with_trigger to 2025-03-17 08:00:00+00:00, run_after=2025-03-17 12:00:00+00:00
[2025-03-17T13:48:34.940+0000] {processor.py:208} INFO - Processing /home/airflow/.local/lib/python3.12/site-packages/airflow/example_dags/example_latest_only_with_trigger.py took 0.203 seconds
[2025-03-17T13:49:05.036+0000] {processor.py:186} INFO - Started process (PID=723) to work on /home/airflow/.local/lib/python3.12/site-packages/airflow/example_dags/example_latest_only_with_trigger.py
[2025-03-17T13:49:05.137+0000] {processor.py:914} INFO - Processing file /home/airflow/.local/lib/python3.12/site-packages/airflow/example_dags/example_latest_only_with_trigger.py for tasks to queue
[2025-03-17T13:49:05.139+0000] {logging_mixin.py:190} INFO - [2025-03-17T13:49:05.139+0000] {dagbag.py:588} INFO - Filling up the DagBag from /home/airflow/.local/lib/python3.12/site-packages/airflow/example_dags/example_latest_only_with_trigger.py
[2025-03-17T13:49:05.147+0000] {processor.py:925} INFO - DAG(s) 'latest_only_with_trigger' retrieved from /home/airflow/.local/lib/python3.12/site-packages/airflow/example_dags/example_latest_only_with_trigger.py
[2025-03-17T13:49:05.167+0000] {logging_mixin.py:190} INFO - [2025-03-17T13:49:05.167+0000] {dag.py:3239} INFO - Sync 1 DAGs
[2025-03-17T13:49:05.194+0000] {logging_mixin.py:190} INFO - [2025-03-17T13:49:05.194+0000] {dag.py:4180} INFO - Setting next_dagrun for latest_only_with_trigger to 2025-03-17 08:00:00+00:00, run_after=2025-03-17 12:00:00+00:00
[2025-03-17T13:49:05.224+0000] {processor.py:208} INFO - Processing /home/airflow/.local/lib/python3.12/site-packages/airflow/example_dags/example_latest_only_with_trigger.py took 0.196 seconds
[2025-03-17T13:49:35.306+0000] {processor.py:186} INFO - Started process (PID=792) to work on /home/airflow/.local/lib/python3.12/site-packages/airflow/example_dags/example_latest_only_with_trigger.py
[2025-03-17T13:49:35.307+0000] {processor.py:914} INFO - Processing file /home/airflow/.local/lib/python3.12/site-packages/airflow/example_dags/example_latest_only_with_trigger.py for tasks to queue
[2025-03-17T13:49:35.310+0000] {logging_mixin.py:190} INFO - [2025-03-17T13:49:35.310+0000] {dagbag.py:588} INFO - Filling up the DagBag from /home/airflow/.local/lib/python3.12/site-packages/airflow/example_dags/example_latest_only_with_trigger.py
[2025-03-17T13:49:35.319+0000] {processor.py:925} INFO - DAG(s) 'latest_only_with_trigger' retrieved from /home/airflow/.local/lib/python3.12/site-packages/airflow/example_dags/example_latest_only_with_trigger.py
[2025-03-17T13:49:35.341+0000] {logging_mixin.py:190} INFO - [2025-03-17T13:49:35.340+0000] {dag.py:3239} INFO - Sync 1 DAGs
[2025-03-17T13:49:35.370+0000] {logging_mixin.py:190} INFO - [2025-03-17T13:49:35.370+0000] {dag.py:4180} INFO - Setting next_dagrun for latest_only_with_trigger to 2025-03-17 08:00:00+00:00, run_after=2025-03-17 12:00:00+00:00
[2025-03-17T13:49:35.402+0000] {processor.py:208} INFO - Processing /home/airflow/.local/lib/python3.12/site-packages/airflow/example_dags/example_latest_only_with_trigger.py took 0.102 seconds
[2025-03-17T13:50:05.864+0000] {processor.py:186} INFO - Started process (PID=855) to work on /home/airflow/.local/lib/python3.12/site-packages/airflow/example_dags/example_latest_only_with_trigger.py
[2025-03-17T13:50:05.866+0000] {processor.py:914} INFO - Processing file /home/airflow/.local/lib/python3.12/site-packages/airflow/example_dags/example_latest_only_with_trigger.py for tasks to queue
[2025-03-17T13:50:05.869+0000] {logging_mixin.py:190} INFO - [2025-03-17T13:50:05.869+0000] {dagbag.py:588} INFO - Filling up the DagBag from /home/airflow/.local/lib/python3.12/site-packages/airflow/example_dags/example_latest_only_with_trigger.py
[2025-03-17T13:50:05.878+0000] {processor.py:925} INFO - DAG(s) 'latest_only_with_trigger' retrieved from /home/airflow/.local/lib/python3.12/site-packages/airflow/example_dags/example_latest_only_with_trigger.py
[2025-03-17T13:50:05.906+0000] {logging_mixin.py:190} INFO - [2025-03-17T13:50:05.906+0000] {dag.py:3239} INFO - Sync 1 DAGs
[2025-03-17T13:50:05.934+0000] {logging_mixin.py:190} INFO - [2025-03-17T13:50:05.934+0000] {dag.py:4180} INFO - Setting next_dagrun for latest_only_with_trigger to 2025-03-17 08:00:00+00:00, run_after=2025-03-17 12:00:00+00:00
[2025-03-17T13:50:05.965+0000] {processor.py:208} INFO - Processing /home/airflow/.local/lib/python3.12/site-packages/airflow/example_dags/example_latest_only_with_trigger.py took 0.108 seconds
[2025-03-17T13:50:36.800+0000] {processor.py:186} INFO - Started process (PID=918) to work on /home/airflow/.local/lib/python3.12/site-packages/airflow/example_dags/example_latest_only_with_trigger.py
[2025-03-17T13:50:36.801+0000] {processor.py:914} INFO - Processing file /home/airflow/.local/lib/python3.12/site-packages/airflow/example_dags/example_latest_only_with_trigger.py for tasks to queue
[2025-03-17T13:50:36.803+0000] {logging_mixin.py:190} INFO - [2025-03-17T13:50:36.803+0000] {dagbag.py:588} INFO - Filling up the DagBag from /home/airflow/.local/lib/python3.12/site-packages/airflow/example_dags/example_latest_only_with_trigger.py
[2025-03-17T13:50:36.810+0000] {processor.py:925} INFO - DAG(s) 'latest_only_with_trigger' retrieved from /home/airflow/.local/lib/python3.12/site-packages/airflow/example_dags/example_latest_only_with_trigger.py
[2025-03-17T13:50:36.830+0000] {logging_mixin.py:190} INFO - [2025-03-17T13:50:36.830+0000] {dag.py:3239} INFO - Sync 1 DAGs
[2025-03-17T13:50:36.852+0000] {logging_mixin.py:190} INFO - [2025-03-17T13:50:36.852+0000] {dag.py:4180} INFO - Setting next_dagrun for latest_only_with_trigger to 2025-03-17 08:00:00+00:00, run_after=2025-03-17 12:00:00+00:00
[2025-03-17T13:50:36.869+0000] {processor.py:208} INFO - Processing /home/airflow/.local/lib/python3.12/site-packages/airflow/example_dags/example_latest_only_with_trigger.py took 0.074 seconds
[2025-03-17T13:51:07.029+0000] {processor.py:186} INFO - Started process (PID=981) to work on /home/airflow/.local/lib/python3.12/site-packages/airflow/example_dags/example_latest_only_with_trigger.py
[2025-03-17T13:51:07.030+0000] {processor.py:914} INFO - Processing file /home/airflow/.local/lib/python3.12/site-packages/airflow/example_dags/example_latest_only_with_trigger.py for tasks to queue
[2025-03-17T13:51:07.032+0000] {logging_mixin.py:190} INFO - [2025-03-17T13:51:07.032+0000] {dagbag.py:588} INFO - Filling up the DagBag from /home/airflow/.local/lib/python3.12/site-packages/airflow/example_dags/example_latest_only_with_trigger.py
[2025-03-17T13:51:07.040+0000] {processor.py:925} INFO - DAG(s) 'latest_only_with_trigger' retrieved from /home/airflow/.local/lib/python3.12/site-packages/airflow/example_dags/example_latest_only_with_trigger.py
[2025-03-17T13:51:07.061+0000] {logging_mixin.py:190} INFO - [2025-03-17T13:51:07.061+0000] {dag.py:3239} INFO - Sync 1 DAGs
[2025-03-17T13:51:07.083+0000] {logging_mixin.py:190} INFO - [2025-03-17T13:51:07.083+0000] {dag.py:4180} INFO - Setting next_dagrun for latest_only_with_trigger to 2025-03-17 08:00:00+00:00, run_after=2025-03-17 12:00:00+00:00
[2025-03-17T13:51:07.100+0000] {processor.py:208} INFO - Processing /home/airflow/.local/lib/python3.12/site-packages/airflow/example_dags/example_latest_only_with_trigger.py took 0.077 seconds
[2025-03-17T13:51:37.477+0000] {processor.py:186} INFO - Started process (PID=1044) to work on /home/airflow/.local/lib/python3.12/site-packages/airflow/example_dags/example_latest_only_with_trigger.py
[2025-03-17T13:51:37.478+0000] {processor.py:914} INFO - Processing file /home/airflow/.local/lib/python3.12/site-packages/airflow/example_dags/example_latest_only_with_trigger.py for tasks to queue
[2025-03-17T13:51:37.480+0000] {logging_mixin.py:190} INFO - [2025-03-17T13:51:37.480+0000] {dagbag.py:588} INFO - Filling up the DagBag from /home/airflow/.local/lib/python3.12/site-packages/airflow/example_dags/example_latest_only_with_trigger.py
[2025-03-17T13:51:37.487+0000] {processor.py:925} INFO - DAG(s) 'latest_only_with_trigger' retrieved from /home/airflow/.local/lib/python3.12/site-packages/airflow/example_dags/example_latest_only_with_trigger.py
[2025-03-17T13:51:37.507+0000] {logging_mixin.py:190} INFO - [2025-03-17T13:51:37.507+0000] {dag.py:3239} INFO - Sync 1 DAGs
[2025-03-17T13:51:37.529+0000] {logging_mixin.py:190} INFO - [2025-03-17T13:51:37.529+0000] {dag.py:4180} INFO - Setting next_dagrun for latest_only_with_trigger to 2025-03-17 08:00:00+00:00, run_after=2025-03-17 12:00:00+00:00
[2025-03-17T13:51:37.546+0000] {processor.py:208} INFO - Processing /home/airflow/.local/lib/python3.12/site-packages/airflow/example_dags/example_latest_only_with_trigger.py took 0.075 seconds
[2025-03-17T13:52:08.090+0000] {processor.py:186} INFO - Started process (PID=1107) to work on /home/airflow/.local/lib/python3.12/site-packages/airflow/example_dags/example_latest_only_with_trigger.py
[2025-03-17T13:52:08.091+0000] {processor.py:914} INFO - Processing file /home/airflow/.local/lib/python3.12/site-packages/airflow/example_dags/example_latest_only_with_trigger.py for tasks to queue
[2025-03-17T13:52:08.093+0000] {logging_mixin.py:190} INFO - [2025-03-17T13:52:08.093+0000] {dagbag.py:588} INFO - Filling up the DagBag from /home/airflow/.local/lib/python3.12/site-packages/airflow/example_dags/example_latest_only_with_trigger.py
[2025-03-17T13:52:08.104+0000] {processor.py:925} INFO - DAG(s) 'latest_only_with_trigger' retrieved from /home/airflow/.local/lib/python3.12/site-packages/airflow/example_dags/example_latest_only_with_trigger.py
[2025-03-17T13:52:08.123+0000] {logging_mixin.py:190} INFO - [2025-03-17T13:52:08.123+0000] {dag.py:3239} INFO - Sync 1 DAGs
[2025-03-17T13:52:08.149+0000] {logging_mixin.py:190} INFO - [2025-03-17T13:52:08.148+0000] {dag.py:4180} INFO - Setting next_dagrun for latest_only_with_trigger to 2025-03-17 08:00:00+00:00, run_after=2025-03-17 12:00:00+00:00
[2025-03-17T13:52:08.169+0000] {processor.py:208} INFO - Processing /home/airflow/.local/lib/python3.12/site-packages/airflow/example_dags/example_latest_only_with_trigger.py took 0.087 seconds
[2025-03-17T13:52:38.241+0000] {processor.py:186} INFO - Started process (PID=1170) to work on /home/airflow/.local/lib/python3.12/site-packages/airflow/example_dags/example_latest_only_with_trigger.py
[2025-03-17T13:52:38.242+0000] {processor.py:914} INFO - Processing file /home/airflow/.local/lib/python3.12/site-packages/airflow/example_dags/example_latest_only_with_trigger.py for tasks to queue
[2025-03-17T13:52:38.245+0000] {logging_mixin.py:190} INFO - [2025-03-17T13:52:38.244+0000] {dagbag.py:588} INFO - Filling up the DagBag from /home/airflow/.local/lib/python3.12/site-packages/airflow/example_dags/example_latest_only_with_trigger.py
[2025-03-17T13:52:38.254+0000] {processor.py:925} INFO - DAG(s) 'latest_only_with_trigger' retrieved from /home/airflow/.local/lib/python3.12/site-packages/airflow/example_dags/example_latest_only_with_trigger.py
[2025-03-17T13:52:38.273+0000] {logging_mixin.py:190} INFO - [2025-03-17T13:52:38.273+0000] {dag.py:3239} INFO - Sync 1 DAGs
[2025-03-17T13:52:38.299+0000] {logging_mixin.py:190} INFO - [2025-03-17T13:52:38.299+0000] {dag.py:4180} INFO - Setting next_dagrun for latest_only_with_trigger to 2025-03-17 08:00:00+00:00, run_after=2025-03-17 12:00:00+00:00
[2025-03-17T13:52:38.318+0000] {processor.py:208} INFO - Processing /home/airflow/.local/lib/python3.12/site-packages/airflow/example_dags/example_latest_only_with_trigger.py took 0.083 seconds
[2025-03-17T13:53:08.867+0000] {processor.py:186} INFO - Started process (PID=1233) to work on /home/airflow/.local/lib/python3.12/site-packages/airflow/example_dags/example_latest_only_with_trigger.py
[2025-03-17T13:53:08.868+0000] {processor.py:914} INFO - Processing file /home/airflow/.local/lib/python3.12/site-packages/airflow/example_dags/example_latest_only_with_trigger.py for tasks to queue
[2025-03-17T13:53:08.871+0000] {logging_mixin.py:190} INFO - [2025-03-17T13:53:08.870+0000] {dagbag.py:588} INFO - Filling up the DagBag from /home/airflow/.local/lib/python3.12/site-packages/airflow/example_dags/example_latest_only_with_trigger.py
[2025-03-17T13:53:08.879+0000] {processor.py:925} INFO - DAG(s) 'latest_only_with_trigger' retrieved from /home/airflow/.local/lib/python3.12/site-packages/airflow/example_dags/example_latest_only_with_trigger.py
[2025-03-17T13:53:08.898+0000] {logging_mixin.py:190} INFO - [2025-03-17T13:53:08.898+0000] {dag.py:3239} INFO - Sync 1 DAGs
[2025-03-17T13:53:08.920+0000] {logging_mixin.py:190} INFO - [2025-03-17T13:53:08.920+0000] {dag.py:4180} INFO - Setting next_dagrun for latest_only_with_trigger to 2025-03-17 08:00:00+00:00, run_after=2025-03-17 12:00:00+00:00
[2025-03-17T13:53:08.937+0000] {processor.py:208} INFO - Processing /home/airflow/.local/lib/python3.12/site-packages/airflow/example_dags/example_latest_only_with_trigger.py took 0.076 seconds
[2025-03-17T13:53:39.391+0000] {processor.py:186} INFO - Started process (PID=1296) to work on /home/airflow/.local/lib/python3.12/site-packages/airflow/example_dags/example_latest_only_with_trigger.py
[2025-03-17T13:53:39.392+0000] {processor.py:914} INFO - Processing file /home/airflow/.local/lib/python3.12/site-packages/airflow/example_dags/example_latest_only_with_trigger.py for tasks to queue
[2025-03-17T13:53:39.394+0000] {logging_mixin.py:190} INFO - [2025-03-17T13:53:39.394+0000] {dagbag.py:588} INFO - Filling up the DagBag from /home/airflow/.local/lib/python3.12/site-packages/airflow/example_dags/example_latest_only_with_trigger.py
[2025-03-17T13:53:39.402+0000] {processor.py:925} INFO - DAG(s) 'latest_only_with_trigger' retrieved from /home/airflow/.local/lib/python3.12/site-packages/airflow/example_dags/example_latest_only_with_trigger.py
[2025-03-17T13:53:39.422+0000] {logging_mixin.py:190} INFO - [2025-03-17T13:53:39.421+0000] {dag.py:3239} INFO - Sync 1 DAGs
[2025-03-17T13:53:39.444+0000] {logging_mixin.py:190} INFO - [2025-03-17T13:53:39.444+0000] {dag.py:4180} INFO - Setting next_dagrun for latest_only_with_trigger to 2025-03-17 08:00:00+00:00, run_after=2025-03-17 12:00:00+00:00
[2025-03-17T13:53:39.463+0000] {processor.py:208} INFO - Processing /home/airflow/.local/lib/python3.12/site-packages/airflow/example_dags/example_latest_only_with_trigger.py took 0.078 seconds
[2025-03-17T16:58:39.580+0000] {processor.py:186} INFO - Started process (PID=89) to work on /home/airflow/.local/lib/python3.12/site-packages/airflow/example_dags/example_latest_only_with_trigger.py
[2025-03-17T16:58:39.671+0000] {processor.py:914} INFO - Processing file /home/airflow/.local/lib/python3.12/site-packages/airflow/example_dags/example_latest_only_with_trigger.py for tasks to queue
[2025-03-17T16:58:39.674+0000] {logging_mixin.py:190} INFO - [2025-03-17T16:58:39.673+0000] {dagbag.py:588} INFO - Filling up the DagBag from /home/airflow/.local/lib/python3.12/site-packages/airflow/example_dags/example_latest_only_with_trigger.py
[2025-03-17T16:58:39.685+0000] {processor.py:925} INFO - DAG(s) 'latest_only_with_trigger' retrieved from /home/airflow/.local/lib/python3.12/site-packages/airflow/example_dags/example_latest_only_with_trigger.py
[2025-03-17T16:58:39.724+0000] {logging_mixin.py:190} INFO - [2025-03-17T16:58:39.723+0000] {dag.py:3239} INFO - Sync 1 DAGs
[2025-03-17T16:58:39.757+0000] {logging_mixin.py:190} INFO - [2025-03-17T16:58:39.756+0000] {dag.py:4180} INFO - Setting next_dagrun for latest_only_with_trigger to 2025-03-17 12:00:00+00:00, run_after=2025-03-17 16:00:00+00:00
[2025-03-17T16:58:39.782+0000] {processor.py:208} INFO - Processing /home/airflow/.local/lib/python3.12/site-packages/airflow/example_dags/example_latest_only_with_trigger.py took 0.209 seconds
[2025-03-17T16:59:10.226+0000] {processor.py:186} INFO - Started process (PID=151) to work on /home/airflow/.local/lib/python3.12/site-packages/airflow/example_dags/example_latest_only_with_trigger.py
[2025-03-17T16:59:10.234+0000] {processor.py:914} INFO - Processing file /home/airflow/.local/lib/python3.12/site-packages/airflow/example_dags/example_latest_only_with_trigger.py for tasks to queue
[2025-03-17T16:59:10.236+0000] {logging_mixin.py:190} INFO - [2025-03-17T16:59:10.236+0000] {dagbag.py:588} INFO - Filling up the DagBag from /home/airflow/.local/lib/python3.12/site-packages/airflow/example_dags/example_latest_only_with_trigger.py
[2025-03-17T16:59:10.245+0000] {processor.py:925} INFO - DAG(s) 'latest_only_with_trigger' retrieved from /home/airflow/.local/lib/python3.12/site-packages/airflow/example_dags/example_latest_only_with_trigger.py
[2025-03-17T16:59:10.267+0000] {logging_mixin.py:190} INFO - [2025-03-17T16:59:10.267+0000] {dag.py:3239} INFO - Sync 1 DAGs
[2025-03-17T16:59:10.305+0000] {logging_mixin.py:190} INFO - [2025-03-17T16:59:10.305+0000] {dag.py:4180} INFO - Setting next_dagrun for latest_only_with_trigger to 2025-03-17 12:00:00+00:00, run_after=2025-03-17 16:00:00+00:00
[2025-03-17T16:59:10.328+0000] {processor.py:208} INFO - Processing /home/airflow/.local/lib/python3.12/site-packages/airflow/example_dags/example_latest_only_with_trigger.py took 0.108 seconds
[2025-03-17T16:59:40.619+0000] {processor.py:186} INFO - Started process (PID=214) to work on /home/airflow/.local/lib/python3.12/site-packages/airflow/example_dags/example_latest_only_with_trigger.py
[2025-03-17T16:59:40.627+0000] {processor.py:914} INFO - Processing file /home/airflow/.local/lib/python3.12/site-packages/airflow/example_dags/example_latest_only_with_trigger.py for tasks to queue
[2025-03-17T16:59:40.629+0000] {logging_mixin.py:190} INFO - [2025-03-17T16:59:40.629+0000] {dagbag.py:588} INFO - Filling up the DagBag from /home/airflow/.local/lib/python3.12/site-packages/airflow/example_dags/example_latest_only_with_trigger.py
[2025-03-17T16:59:40.637+0000] {processor.py:925} INFO - DAG(s) 'latest_only_with_trigger' retrieved from /home/airflow/.local/lib/python3.12/site-packages/airflow/example_dags/example_latest_only_with_trigger.py
[2025-03-17T16:59:40.658+0000] {logging_mixin.py:190} INFO - [2025-03-17T16:59:40.658+0000] {dag.py:3239} INFO - Sync 1 DAGs
[2025-03-17T16:59:40.687+0000] {logging_mixin.py:190} INFO - [2025-03-17T16:59:40.686+0000] {dag.py:4180} INFO - Setting next_dagrun for latest_only_with_trigger to 2025-03-17 12:00:00+00:00, run_after=2025-03-17 16:00:00+00:00
[2025-03-17T16:59:40.708+0000] {processor.py:208} INFO - Processing /home/airflow/.local/lib/python3.12/site-packages/airflow/example_dags/example_latest_only_with_trigger.py took 0.095 seconds
[2025-03-17T17:00:10.917+0000] {processor.py:186} INFO - Started process (PID=276) to work on /home/airflow/.local/lib/python3.12/site-packages/airflow/example_dags/example_latest_only_with_trigger.py
[2025-03-17T17:00:10.918+0000] {processor.py:914} INFO - Processing file /home/airflow/.local/lib/python3.12/site-packages/airflow/example_dags/example_latest_only_with_trigger.py for tasks to queue
[2025-03-17T17:00:10.921+0000] {logging_mixin.py:190} INFO - [2025-03-17T17:00:10.920+0000] {dagbag.py:588} INFO - Filling up the DagBag from /home/airflow/.local/lib/python3.12/site-packages/airflow/example_dags/example_latest_only_with_trigger.py
[2025-03-17T17:00:10.929+0000] {processor.py:925} INFO - DAG(s) 'latest_only_with_trigger' retrieved from /home/airflow/.local/lib/python3.12/site-packages/airflow/example_dags/example_latest_only_with_trigger.py
[2025-03-17T17:00:10.952+0000] {logging_mixin.py:190} INFO - [2025-03-17T17:00:10.952+0000] {dag.py:3239} INFO - Sync 1 DAGs
[2025-03-17T17:00:10.979+0000] {logging_mixin.py:190} INFO - [2025-03-17T17:00:10.978+0000] {dag.py:4180} INFO - Setting next_dagrun for latest_only_with_trigger to 2025-03-17 12:00:00+00:00, run_after=2025-03-17 16:00:00+00:00
[2025-03-17T17:00:11.001+0000] {processor.py:208} INFO - Processing /home/airflow/.local/lib/python3.12/site-packages/airflow/example_dags/example_latest_only_with_trigger.py took 0.091 seconds
[2025-03-17T17:00:41.357+0000] {processor.py:186} INFO - Started process (PID=339) to work on /home/airflow/.local/lib/python3.12/site-packages/airflow/example_dags/example_latest_only_with_trigger.py
[2025-03-17T17:00:41.358+0000] {processor.py:914} INFO - Processing file /home/airflow/.local/lib/python3.12/site-packages/airflow/example_dags/example_latest_only_with_trigger.py for tasks to queue
[2025-03-17T17:00:41.361+0000] {logging_mixin.py:190} INFO - [2025-03-17T17:00:41.360+0000] {dagbag.py:588} INFO - Filling up the DagBag from /home/airflow/.local/lib/python3.12/site-packages/airflow/example_dags/example_latest_only_with_trigger.py
[2025-03-17T17:00:41.370+0000] {processor.py:925} INFO - DAG(s) 'latest_only_with_trigger' retrieved from /home/airflow/.local/lib/python3.12/site-packages/airflow/example_dags/example_latest_only_with_trigger.py
[2025-03-17T17:00:41.392+0000] {logging_mixin.py:190} INFO - [2025-03-17T17:00:41.391+0000] {dag.py:3239} INFO - Sync 1 DAGs
[2025-03-17T17:00:41.420+0000] {logging_mixin.py:190} INFO - [2025-03-17T17:00:41.419+0000] {dag.py:4180} INFO - Setting next_dagrun for latest_only_with_trigger to 2025-03-17 12:00:00+00:00, run_after=2025-03-17 16:00:00+00:00
[2025-03-17T17:00:41.440+0000] {processor.py:208} INFO - Processing /home/airflow/.local/lib/python3.12/site-packages/airflow/example_dags/example_latest_only_with_trigger.py took 0.090 seconds
[2025-03-17T17:01:11.503+0000] {processor.py:186} INFO - Started process (PID=408) to work on /home/airflow/.local/lib/python3.12/site-packages/airflow/example_dags/example_latest_only_with_trigger.py
[2025-03-17T17:01:11.504+0000] {processor.py:914} INFO - Processing file /home/airflow/.local/lib/python3.12/site-packages/airflow/example_dags/example_latest_only_with_trigger.py for tasks to queue
[2025-03-17T17:01:11.506+0000] {logging_mixin.py:190} INFO - [2025-03-17T17:01:11.505+0000] {dagbag.py:588} INFO - Filling up the DagBag from /home/airflow/.local/lib/python3.12/site-packages/airflow/example_dags/example_latest_only_with_trigger.py
[2025-03-17T17:01:11.514+0000] {processor.py:925} INFO - DAG(s) 'latest_only_with_trigger' retrieved from /home/airflow/.local/lib/python3.12/site-packages/airflow/example_dags/example_latest_only_with_trigger.py
[2025-03-17T17:01:11.532+0000] {logging_mixin.py:190} INFO - [2025-03-17T17:01:11.532+0000] {dag.py:3239} INFO - Sync 1 DAGs
[2025-03-17T17:01:11.554+0000] {logging_mixin.py:190} INFO - [2025-03-17T17:01:11.553+0000] {dag.py:4180} INFO - Setting next_dagrun for latest_only_with_trigger to 2025-03-17 12:00:00+00:00, run_after=2025-03-17 16:00:00+00:00
[2025-03-17T17:01:11.572+0000] {processor.py:208} INFO - Processing /home/airflow/.local/lib/python3.12/site-packages/airflow/example_dags/example_latest_only_with_trigger.py took 0.075 seconds
[2025-03-17T17:02:23.279+0000] {processor.py:186} INFO - Started process (PID=485) to work on /home/airflow/.local/lib/python3.12/site-packages/airflow/example_dags/example_latest_only_with_trigger.py
[2025-03-17T17:02:23.280+0000] {processor.py:914} INFO - Processing file /home/airflow/.local/lib/python3.12/site-packages/airflow/example_dags/example_latest_only_with_trigger.py for tasks to queue
[2025-03-17T17:02:23.283+0000] {logging_mixin.py:190} INFO - [2025-03-17T17:02:23.282+0000] {dagbag.py:588} INFO - Filling up the DagBag from /home/airflow/.local/lib/python3.12/site-packages/airflow/example_dags/example_latest_only_with_trigger.py
[2025-03-17T17:02:23.293+0000] {processor.py:925} INFO - DAG(s) 'latest_only_with_trigger' retrieved from /home/airflow/.local/lib/python3.12/site-packages/airflow/example_dags/example_latest_only_with_trigger.py
[2025-03-17T17:02:23.316+0000] {logging_mixin.py:190} INFO - [2025-03-17T17:02:23.316+0000] {dag.py:3239} INFO - Sync 1 DAGs
[2025-03-17T17:02:23.344+0000] {logging_mixin.py:190} INFO - [2025-03-17T17:02:23.344+0000] {dag.py:4180} INFO - Setting next_dagrun for latest_only_with_trigger to 2025-03-17 12:00:00+00:00, run_after=2025-03-17 16:00:00+00:00
[2025-03-17T17:02:23.367+0000] {processor.py:208} INFO - Processing /home/airflow/.local/lib/python3.12/site-packages/airflow/example_dags/example_latest_only_with_trigger.py took 0.094 seconds
[2025-03-17T17:02:55.909+0000] {processor.py:186} INFO - Started process (PID=548) to work on /home/airflow/.local/lib/python3.12/site-packages/airflow/example_dags/example_latest_only_with_trigger.py
[2025-03-17T17:02:55.910+0000] {processor.py:914} INFO - Processing file /home/airflow/.local/lib/python3.12/site-packages/airflow/example_dags/example_latest_only_with_trigger.py for tasks to queue
[2025-03-17T17:02:55.911+0000] {logging_mixin.py:190} INFO - [2025-03-17T17:02:55.911+0000] {dagbag.py:588} INFO - Filling up the DagBag from /home/airflow/.local/lib/python3.12/site-packages/airflow/example_dags/example_latest_only_with_trigger.py
[2025-03-17T17:02:55.921+0000] {processor.py:925} INFO - DAG(s) 'latest_only_with_trigger' retrieved from /home/airflow/.local/lib/python3.12/site-packages/airflow/example_dags/example_latest_only_with_trigger.py
[2025-03-17T17:02:55.950+0000] {logging_mixin.py:190} INFO - [2025-03-17T17:02:55.949+0000] {dag.py:3239} INFO - Sync 1 DAGs
[2025-03-17T17:02:55.983+0000] {logging_mixin.py:190} INFO - [2025-03-17T17:02:55.983+0000] {dag.py:4180} INFO - Setting next_dagrun for latest_only_with_trigger to 2025-03-17 12:00:00+00:00, run_after=2025-03-17 16:00:00+00:00
[2025-03-17T17:02:56.004+0000] {processor.py:208} INFO - Processing /home/airflow/.local/lib/python3.12/site-packages/airflow/example_dags/example_latest_only_with_trigger.py took 0.102 seconds
[2025-03-17T17:03:27.143+0000] {processor.py:186} INFO - Started process (PID=611) to work on /home/airflow/.local/lib/python3.12/site-packages/airflow/example_dags/example_latest_only_with_trigger.py
[2025-03-17T17:03:27.144+0000] {processor.py:914} INFO - Processing file /home/airflow/.local/lib/python3.12/site-packages/airflow/example_dags/example_latest_only_with_trigger.py for tasks to queue
[2025-03-17T17:03:27.145+0000] {logging_mixin.py:190} INFO - [2025-03-17T17:03:27.145+0000] {dagbag.py:588} INFO - Filling up the DagBag from /home/airflow/.local/lib/python3.12/site-packages/airflow/example_dags/example_latest_only_with_trigger.py
[2025-03-17T17:03:27.154+0000] {processor.py:925} INFO - DAG(s) 'latest_only_with_trigger' retrieved from /home/airflow/.local/lib/python3.12/site-packages/airflow/example_dags/example_latest_only_with_trigger.py
[2025-03-17T17:03:27.175+0000] {logging_mixin.py:190} INFO - [2025-03-17T17:03:27.174+0000] {dag.py:3239} INFO - Sync 1 DAGs
[2025-03-17T17:03:27.200+0000] {logging_mixin.py:190} INFO - [2025-03-17T17:03:27.200+0000] {dag.py:4180} INFO - Setting next_dagrun for latest_only_with_trigger to 2025-03-17 12:00:00+00:00, run_after=2025-03-17 16:00:00+00:00
[2025-03-17T17:03:27.224+0000] {processor.py:208} INFO - Processing /home/airflow/.local/lib/python3.12/site-packages/airflow/example_dags/example_latest_only_with_trigger.py took 0.088 seconds
[2025-03-17T17:03:57.496+0000] {processor.py:186} INFO - Started process (PID=673) to work on /home/airflow/.local/lib/python3.12/site-packages/airflow/example_dags/example_latest_only_with_trigger.py
[2025-03-17T17:03:57.497+0000] {processor.py:914} INFO - Processing file /home/airflow/.local/lib/python3.12/site-packages/airflow/example_dags/example_latest_only_with_trigger.py for tasks to queue
[2025-03-17T17:03:57.499+0000] {logging_mixin.py:190} INFO - [2025-03-17T17:03:57.498+0000] {dagbag.py:588} INFO - Filling up the DagBag from /home/airflow/.local/lib/python3.12/site-packages/airflow/example_dags/example_latest_only_with_trigger.py
[2025-03-17T17:03:57.512+0000] {processor.py:925} INFO - DAG(s) 'latest_only_with_trigger' retrieved from /home/airflow/.local/lib/python3.12/site-packages/airflow/example_dags/example_latest_only_with_trigger.py
[2025-03-17T17:03:57.533+0000] {logging_mixin.py:190} INFO - [2025-03-17T17:03:57.533+0000] {dag.py:3239} INFO - Sync 1 DAGs
[2025-03-17T17:03:57.559+0000] {logging_mixin.py:190} INFO - [2025-03-17T17:03:57.559+0000] {dag.py:4180} INFO - Setting next_dagrun for latest_only_with_trigger to 2025-03-17 12:00:00+00:00, run_after=2025-03-17 16:00:00+00:00
[2025-03-17T17:03:57.582+0000] {processor.py:208} INFO - Processing /home/airflow/.local/lib/python3.12/site-packages/airflow/example_dags/example_latest_only_with_trigger.py took 0.093 seconds
[2025-03-17T17:04:27.796+0000] {processor.py:186} INFO - Started process (PID=733) to work on /home/airflow/.local/lib/python3.12/site-packages/airflow/example_dags/example_latest_only_with_trigger.py
[2025-03-17T17:04:27.797+0000] {processor.py:914} INFO - Processing file /home/airflow/.local/lib/python3.12/site-packages/airflow/example_dags/example_latest_only_with_trigger.py for tasks to queue
[2025-03-17T17:04:27.798+0000] {logging_mixin.py:190} INFO - [2025-03-17T17:04:27.798+0000] {dagbag.py:588} INFO - Filling up the DagBag from /home/airflow/.local/lib/python3.12/site-packages/airflow/example_dags/example_latest_only_with_trigger.py
[2025-03-17T17:04:27.870+0000] {processor.py:925} INFO - DAG(s) 'latest_only_with_trigger' retrieved from /home/airflow/.local/lib/python3.12/site-packages/airflow/example_dags/example_latest_only_with_trigger.py
[2025-03-17T17:04:27.891+0000] {logging_mixin.py:190} INFO - [2025-03-17T17:04:27.891+0000] {dag.py:3239} INFO - Sync 1 DAGs
[2025-03-17T17:04:27.917+0000] {logging_mixin.py:190} INFO - [2025-03-17T17:04:27.916+0000] {dag.py:4180} INFO - Setting next_dagrun for latest_only_with_trigger to 2025-03-17 12:00:00+00:00, run_after=2025-03-17 16:00:00+00:00
[2025-03-17T17:04:27.940+0000] {processor.py:208} INFO - Processing /home/airflow/.local/lib/python3.12/site-packages/airflow/example_dags/example_latest_only_with_trigger.py took 0.150 seconds
[2025-03-17T17:04:58.839+0000] {processor.py:186} INFO - Started process (PID=788) to work on /home/airflow/.local/lib/python3.12/site-packages/airflow/example_dags/example_latest_only_with_trigger.py
[2025-03-17T17:04:58.840+0000] {processor.py:914} INFO - Processing file /home/airflow/.local/lib/python3.12/site-packages/airflow/example_dags/example_latest_only_with_trigger.py for tasks to queue
[2025-03-17T17:04:58.841+0000] {logging_mixin.py:190} INFO - [2025-03-17T17:04:58.841+0000] {dagbag.py:588} INFO - Filling up the DagBag from /home/airflow/.local/lib/python3.12/site-packages/airflow/example_dags/example_latest_only_with_trigger.py
[2025-03-17T17:04:58.850+0000] {processor.py:925} INFO - DAG(s) 'latest_only_with_trigger' retrieved from /home/airflow/.local/lib/python3.12/site-packages/airflow/example_dags/example_latest_only_with_trigger.py
[2025-03-17T17:04:58.871+0000] {logging_mixin.py:190} INFO - [2025-03-17T17:04:58.871+0000] {dag.py:3239} INFO - Sync 1 DAGs
[2025-03-17T17:04:58.897+0000] {logging_mixin.py:190} INFO - [2025-03-17T17:04:58.896+0000] {dag.py:4180} INFO - Setting next_dagrun for latest_only_with_trigger to 2025-03-17 12:00:00+00:00, run_after=2025-03-17 16:00:00+00:00
[2025-03-17T17:04:58.921+0000] {processor.py:208} INFO - Processing /home/airflow/.local/lib/python3.12/site-packages/airflow/example_dags/example_latest_only_with_trigger.py took 0.088 seconds
[2025-03-17T17:05:29.783+0000] {processor.py:186} INFO - Started process (PID=850) to work on /home/airflow/.local/lib/python3.12/site-packages/airflow/example_dags/example_latest_only_with_trigger.py
[2025-03-17T17:05:29.784+0000] {processor.py:914} INFO - Processing file /home/airflow/.local/lib/python3.12/site-packages/airflow/example_dags/example_latest_only_with_trigger.py for tasks to queue
[2025-03-17T17:05:29.785+0000] {logging_mixin.py:190} INFO - [2025-03-17T17:05:29.785+0000] {dagbag.py:588} INFO - Filling up the DagBag from /home/airflow/.local/lib/python3.12/site-packages/airflow/example_dags/example_latest_only_with_trigger.py
[2025-03-17T17:05:29.796+0000] {processor.py:925} INFO - DAG(s) 'latest_only_with_trigger' retrieved from /home/airflow/.local/lib/python3.12/site-packages/airflow/example_dags/example_latest_only_with_trigger.py
[2025-03-17T17:05:29.814+0000] {logging_mixin.py:190} INFO - [2025-03-17T17:05:29.814+0000] {dag.py:3239} INFO - Sync 1 DAGs
[2025-03-17T17:05:29.836+0000] {logging_mixin.py:190} INFO - [2025-03-17T17:05:29.836+0000] {dag.py:4180} INFO - Setting next_dagrun for latest_only_with_trigger to 2025-03-17 12:00:00+00:00, run_after=2025-03-17 16:00:00+00:00
[2025-03-17T17:05:29.854+0000] {processor.py:208} INFO - Processing /home/airflow/.local/lib/python3.12/site-packages/airflow/example_dags/example_latest_only_with_trigger.py took 0.077 seconds
[2025-03-17T17:06:01.073+0000] {processor.py:186} INFO - Started process (PID=912) to work on /home/airflow/.local/lib/python3.12/site-packages/airflow/example_dags/example_latest_only_with_trigger.py
[2025-03-17T17:06:01.074+0000] {processor.py:914} INFO - Processing file /home/airflow/.local/lib/python3.12/site-packages/airflow/example_dags/example_latest_only_with_trigger.py for tasks to queue
[2025-03-17T17:06:01.076+0000] {logging_mixin.py:190} INFO - [2025-03-17T17:06:01.075+0000] {dagbag.py:588} INFO - Filling up the DagBag from /home/airflow/.local/lib/python3.12/site-packages/airflow/example_dags/example_latest_only_with_trigger.py
[2025-03-17T17:06:01.085+0000] {processor.py:925} INFO - DAG(s) 'latest_only_with_trigger' retrieved from /home/airflow/.local/lib/python3.12/site-packages/airflow/example_dags/example_latest_only_with_trigger.py
[2025-03-17T17:06:01.105+0000] {logging_mixin.py:190} INFO - [2025-03-17T17:06:01.105+0000] {dag.py:3239} INFO - Sync 1 DAGs
[2025-03-17T17:06:01.128+0000] {logging_mixin.py:190} INFO - [2025-03-17T17:06:01.128+0000] {dag.py:4180} INFO - Setting next_dagrun for latest_only_with_trigger to 2025-03-17 12:00:00+00:00, run_after=2025-03-17 16:00:00+00:00
[2025-03-17T17:06:01.148+0000] {processor.py:208} INFO - Processing /home/airflow/.local/lib/python3.12/site-packages/airflow/example_dags/example_latest_only_with_trigger.py took 0.081 seconds
[2025-03-17T17:06:31.786+0000] {processor.py:186} INFO - Started process (PID=978) to work on /home/airflow/.local/lib/python3.12/site-packages/airflow/example_dags/example_latest_only_with_trigger.py
[2025-03-17T17:06:31.787+0000] {processor.py:914} INFO - Processing file /home/airflow/.local/lib/python3.12/site-packages/airflow/example_dags/example_latest_only_with_trigger.py for tasks to queue
[2025-03-17T17:06:31.788+0000] {logging_mixin.py:190} INFO - [2025-03-17T17:06:31.787+0000] {dagbag.py:588} INFO - Filling up the DagBag from /home/airflow/.local/lib/python3.12/site-packages/airflow/example_dags/example_latest_only_with_trigger.py
[2025-03-17T17:06:31.797+0000] {processor.py:925} INFO - DAG(s) 'latest_only_with_trigger' retrieved from /home/airflow/.local/lib/python3.12/site-packages/airflow/example_dags/example_latest_only_with_trigger.py
[2025-03-17T17:06:31.821+0000] {logging_mixin.py:190} INFO - [2025-03-17T17:06:31.821+0000] {dag.py:3239} INFO - Sync 1 DAGs
[2025-03-17T17:06:31.845+0000] {logging_mixin.py:190} INFO - [2025-03-17T17:06:31.845+0000] {dag.py:4180} INFO - Setting next_dagrun for latest_only_with_trigger to 2025-03-17 12:00:00+00:00, run_after=2025-03-17 16:00:00+00:00
[2025-03-17T17:06:31.865+0000] {processor.py:208} INFO - Processing /home/airflow/.local/lib/python3.12/site-packages/airflow/example_dags/example_latest_only_with_trigger.py took 0.086 seconds
[2025-03-17T17:07:02.477+0000] {processor.py:186} INFO - Started process (PID=1041) to work on /home/airflow/.local/lib/python3.12/site-packages/airflow/example_dags/example_latest_only_with_trigger.py
[2025-03-17T17:07:02.478+0000] {processor.py:914} INFO - Processing file /home/airflow/.local/lib/python3.12/site-packages/airflow/example_dags/example_latest_only_with_trigger.py for tasks to queue
[2025-03-17T17:07:02.479+0000] {logging_mixin.py:190} INFO - [2025-03-17T17:07:02.479+0000] {dagbag.py:588} INFO - Filling up the DagBag from /home/airflow/.local/lib/python3.12/site-packages/airflow/example_dags/example_latest_only_with_trigger.py
[2025-03-17T17:07:02.488+0000] {processor.py:925} INFO - DAG(s) 'latest_only_with_trigger' retrieved from /home/airflow/.local/lib/python3.12/site-packages/airflow/example_dags/example_latest_only_with_trigger.py
[2025-03-17T17:07:02.506+0000] {logging_mixin.py:190} INFO - [2025-03-17T17:07:02.506+0000] {dag.py:3239} INFO - Sync 1 DAGs
[2025-03-17T17:07:02.531+0000] {logging_mixin.py:190} INFO - [2025-03-17T17:07:02.530+0000] {dag.py:4180} INFO - Setting next_dagrun for latest_only_with_trigger to 2025-03-17 12:00:00+00:00, run_after=2025-03-17 16:00:00+00:00
[2025-03-17T17:07:02.549+0000] {processor.py:208} INFO - Processing /home/airflow/.local/lib/python3.12/site-packages/airflow/example_dags/example_latest_only_with_trigger.py took 0.078 seconds
[2025-03-17T17:07:33.508+0000] {processor.py:186} INFO - Started process (PID=1104) to work on /home/airflow/.local/lib/python3.12/site-packages/airflow/example_dags/example_latest_only_with_trigger.py
[2025-03-17T17:07:33.509+0000] {processor.py:914} INFO - Processing file /home/airflow/.local/lib/python3.12/site-packages/airflow/example_dags/example_latest_only_with_trigger.py for tasks to queue
[2025-03-17T17:07:33.511+0000] {logging_mixin.py:190} INFO - [2025-03-17T17:07:33.510+0000] {dagbag.py:588} INFO - Filling up the DagBag from /home/airflow/.local/lib/python3.12/site-packages/airflow/example_dags/example_latest_only_with_trigger.py
[2025-03-17T17:07:33.520+0000] {processor.py:925} INFO - DAG(s) 'latest_only_with_trigger' retrieved from /home/airflow/.local/lib/python3.12/site-packages/airflow/example_dags/example_latest_only_with_trigger.py
[2025-03-17T17:07:33.541+0000] {logging_mixin.py:190} INFO - [2025-03-17T17:07:33.541+0000] {dag.py:3239} INFO - Sync 1 DAGs
[2025-03-17T17:07:33.568+0000] {logging_mixin.py:190} INFO - [2025-03-17T17:07:33.568+0000] {dag.py:4180} INFO - Setting next_dagrun for latest_only_with_trigger to 2025-03-17 12:00:00+00:00, run_after=2025-03-17 16:00:00+00:00
[2025-03-17T17:07:33.587+0000] {processor.py:208} INFO - Processing /home/airflow/.local/lib/python3.12/site-packages/airflow/example_dags/example_latest_only_with_trigger.py took 0.085 seconds
[2025-03-17T17:08:03.977+0000] {processor.py:186} INFO - Started process (PID=1168) to work on /home/airflow/.local/lib/python3.12/site-packages/airflow/example_dags/example_latest_only_with_trigger.py
[2025-03-17T17:08:03.978+0000] {processor.py:914} INFO - Processing file /home/airflow/.local/lib/python3.12/site-packages/airflow/example_dags/example_latest_only_with_trigger.py for tasks to queue
[2025-03-17T17:08:03.980+0000] {logging_mixin.py:190} INFO - [2025-03-17T17:08:03.980+0000] {dagbag.py:588} INFO - Filling up the DagBag from /home/airflow/.local/lib/python3.12/site-packages/airflow/example_dags/example_latest_only_with_trigger.py
[2025-03-17T17:08:03.991+0000] {processor.py:925} INFO - DAG(s) 'latest_only_with_trigger' retrieved from /home/airflow/.local/lib/python3.12/site-packages/airflow/example_dags/example_latest_only_with_trigger.py
[2025-03-17T17:08:04.015+0000] {logging_mixin.py:190} INFO - [2025-03-17T17:08:04.015+0000] {dag.py:3239} INFO - Sync 1 DAGs
[2025-03-17T17:08:04.051+0000] {logging_mixin.py:190} INFO - [2025-03-17T17:08:04.050+0000] {dag.py:4180} INFO - Setting next_dagrun for latest_only_with_trigger to 2025-03-17 12:00:00+00:00, run_after=2025-03-17 16:00:00+00:00
[2025-03-17T17:08:04.073+0000] {processor.py:208} INFO - Processing /home/airflow/.local/lib/python3.12/site-packages/airflow/example_dags/example_latest_only_with_trigger.py took 0.103 seconds
