[2025-03-17T13:32:43.674+0000] {processor.py:186} INFO - Started process (PID=122) to work on /home/airflow/.local/lib/python3.12/site-packages/airflow/example_dags/example_complex.py
[2025-03-17T13:32:43.675+0000] {processor.py:914} INFO - Processing file /home/airflow/.local/lib/python3.12/site-packages/airflow/example_dags/example_complex.py for tasks to queue
[2025-03-17T13:32:43.678+0000] {logging_mixin.py:190} INFO - [2025-03-17T13:32:43.677+0000] {dagbag.py:588} INFO - Filling up the DagBag from /home/airflow/.local/lib/python3.12/site-packages/airflow/example_dags/example_complex.py
[2025-03-17T13:32:43.695+0000] {processor.py:925} INFO - DAG(s) 'example_complex' retrieved from /home/airflow/.local/lib/python3.12/site-packages/airflow/example_dags/example_complex.py
[2025-03-17T13:32:43.878+0000] {logging_mixin.py:190} INFO - [2025-03-17T13:32:43.877+0000] {override.py:1912} INFO - Created Permission View: can read on DAG:example_complex
[2025-03-17T13:32:43.896+0000] {logging_mixin.py:190} INFO - [2025-03-17T13:32:43.896+0000] {override.py:1912} INFO - Created Permission View: can edit on DAG:example_complex
[2025-03-17T13:32:43.908+0000] {logging_mixin.py:190} INFO - [2025-03-17T13:32:43.907+0000] {override.py:1912} INFO - Created Permission View: can delete on DAG:example_complex
[2025-03-17T13:32:43.921+0000] {logging_mixin.py:190} INFO - [2025-03-17T13:32:43.920+0000] {override.py:1912} INFO - Created Permission View: can read on DAG Run:example_complex
[2025-03-17T13:32:43.931+0000] {logging_mixin.py:190} INFO - [2025-03-17T13:32:43.931+0000] {override.py:1912} INFO - Created Permission View: can delete on DAG Run:example_complex
[2025-03-17T13:32:43.941+0000] {logging_mixin.py:190} INFO - [2025-03-17T13:32:43.941+0000] {override.py:1912} INFO - Created Permission View: can create on DAG Run:example_complex
[2025-03-17T13:32:43.950+0000] {logging_mixin.py:190} INFO - [2025-03-17T13:32:43.950+0000] {override.py:1912} INFO - Created Permission View: menu access on DAG Run:example_complex
[2025-03-17T13:32:43.951+0000] {logging_mixin.py:190} INFO - [2025-03-17T13:32:43.951+0000] {dag.py:3239} INFO - Sync 1 DAGs
[2025-03-17T13:32:43.966+0000] {logging_mixin.py:190} INFO - [2025-03-17T13:32:43.965+0000] {dag.py:3262} INFO - Creating ORM DAG for example_complex
[2025-03-17T13:32:43.967+0000] {logging_mixin.py:190} INFO - [2025-03-17T13:32:43.966+0000] {dag.py:4180} INFO - Setting next_dagrun for example_complex to None, run_after=None
[2025-03-17T13:32:43.989+0000] {processor.py:208} INFO - Processing /home/airflow/.local/lib/python3.12/site-packages/airflow/example_dags/example_complex.py took 0.322 seconds
[2025-03-17T13:33:14.236+0000] {processor.py:186} INFO - Started process (PID=185) to work on /home/airflow/.local/lib/python3.12/site-packages/airflow/example_dags/example_complex.py
[2025-03-17T13:33:14.249+0000] {processor.py:914} INFO - Processing file /home/airflow/.local/lib/python3.12/site-packages/airflow/example_dags/example_complex.py for tasks to queue
[2025-03-17T13:33:14.254+0000] {logging_mixin.py:190} INFO - [2025-03-17T13:33:14.254+0000] {dagbag.py:588} INFO - Filling up the DagBag from /home/airflow/.local/lib/python3.12/site-packages/airflow/example_dags/example_complex.py
[2025-03-17T13:33:14.293+0000] {processor.py:925} INFO - DAG(s) 'example_complex' retrieved from /home/airflow/.local/lib/python3.12/site-packages/airflow/example_dags/example_complex.py
[2025-03-17T13:33:14.422+0000] {logging_mixin.py:190} INFO - [2025-03-17T13:33:14.421+0000] {dag.py:3239} INFO - Sync 1 DAGs
[2025-03-17T13:33:14.473+0000] {logging_mixin.py:190} INFO - [2025-03-17T13:33:14.472+0000] {dag.py:4180} INFO - Setting next_dagrun for example_complex to None, run_after=None
[2025-03-17T13:33:14.547+0000] {processor.py:208} INFO - Processing /home/airflow/.local/lib/python3.12/site-packages/airflow/example_dags/example_complex.py took 0.321 seconds
[2025-03-17T13:33:44.925+0000] {processor.py:186} INFO - Started process (PID=247) to work on /home/airflow/.local/lib/python3.12/site-packages/airflow/example_dags/example_complex.py
[2025-03-17T13:33:44.949+0000] {processor.py:914} INFO - Processing file /home/airflow/.local/lib/python3.12/site-packages/airflow/example_dags/example_complex.py for tasks to queue
[2025-03-17T13:33:44.952+0000] {logging_mixin.py:190} INFO - [2025-03-17T13:33:44.951+0000] {dagbag.py:588} INFO - Filling up the DagBag from /home/airflow/.local/lib/python3.12/site-packages/airflow/example_dags/example_complex.py
[2025-03-17T13:33:44.971+0000] {processor.py:925} INFO - DAG(s) 'example_complex' retrieved from /home/airflow/.local/lib/python3.12/site-packages/airflow/example_dags/example_complex.py
[2025-03-17T13:33:45.007+0000] {logging_mixin.py:190} INFO - [2025-03-17T13:33:45.006+0000] {dag.py:3239} INFO - Sync 1 DAGs
[2025-03-17T13:33:45.023+0000] {logging_mixin.py:190} INFO - [2025-03-17T13:33:45.023+0000] {dag.py:4180} INFO - Setting next_dagrun for example_complex to None, run_after=None
[2025-03-17T13:33:45.043+0000] {processor.py:208} INFO - Processing /home/airflow/.local/lib/python3.12/site-packages/airflow/example_dags/example_complex.py took 0.125 seconds
[2025-03-17T13:34:16.123+0000] {processor.py:186} INFO - Started process (PID=310) to work on /home/airflow/.local/lib/python3.12/site-packages/airflow/example_dags/example_complex.py
[2025-03-17T13:34:16.124+0000] {processor.py:914} INFO - Processing file /home/airflow/.local/lib/python3.12/site-packages/airflow/example_dags/example_complex.py for tasks to queue
[2025-03-17T13:34:16.127+0000] {logging_mixin.py:190} INFO - [2025-03-17T13:34:16.126+0000] {dagbag.py:588} INFO - Filling up the DagBag from /home/airflow/.local/lib/python3.12/site-packages/airflow/example_dags/example_complex.py
[2025-03-17T13:34:16.141+0000] {processor.py:925} INFO - DAG(s) 'example_complex' retrieved from /home/airflow/.local/lib/python3.12/site-packages/airflow/example_dags/example_complex.py
[2025-03-17T13:34:16.181+0000] {logging_mixin.py:190} INFO - [2025-03-17T13:34:16.181+0000] {dag.py:3239} INFO - Sync 1 DAGs
[2025-03-17T13:34:16.210+0000] {logging_mixin.py:190} INFO - [2025-03-17T13:34:16.209+0000] {dag.py:4180} INFO - Setting next_dagrun for example_complex to None, run_after=None
[2025-03-17T13:34:16.251+0000] {processor.py:208} INFO - Processing /home/airflow/.local/lib/python3.12/site-packages/airflow/example_dags/example_complex.py took 0.134 seconds
[2025-03-17T13:34:46.343+0000] {processor.py:186} INFO - Started process (PID=372) to work on /home/airflow/.local/lib/python3.12/site-packages/airflow/example_dags/example_complex.py
[2025-03-17T13:34:46.344+0000] {processor.py:914} INFO - Processing file /home/airflow/.local/lib/python3.12/site-packages/airflow/example_dags/example_complex.py for tasks to queue
[2025-03-17T13:34:46.346+0000] {logging_mixin.py:190} INFO - [2025-03-17T13:34:46.345+0000] {dagbag.py:588} INFO - Filling up the DagBag from /home/airflow/.local/lib/python3.12/site-packages/airflow/example_dags/example_complex.py
[2025-03-17T13:34:46.360+0000] {processor.py:925} INFO - DAG(s) 'example_complex' retrieved from /home/airflow/.local/lib/python3.12/site-packages/airflow/example_dags/example_complex.py
[2025-03-17T13:34:46.394+0000] {logging_mixin.py:190} INFO - [2025-03-17T13:34:46.394+0000] {dag.py:3239} INFO - Sync 1 DAGs
[2025-03-17T13:34:46.411+0000] {logging_mixin.py:190} INFO - [2025-03-17T13:34:46.411+0000] {dag.py:4180} INFO - Setting next_dagrun for example_complex to None, run_after=None
[2025-03-17T13:34:46.431+0000] {processor.py:208} INFO - Processing /home/airflow/.local/lib/python3.12/site-packages/airflow/example_dags/example_complex.py took 0.094 seconds
[2025-03-17T13:36:47.342+0000] {processor.py:186} INFO - Started process (PID=468) to work on /home/airflow/.local/lib/python3.12/site-packages/airflow/example_dags/example_complex.py
[2025-03-17T13:36:47.358+0000] {processor.py:914} INFO - Processing file /home/airflow/.local/lib/python3.12/site-packages/airflow/example_dags/example_complex.py for tasks to queue
[2025-03-17T13:36:47.360+0000] {logging_mixin.py:190} INFO - [2025-03-17T13:36:47.360+0000] {dagbag.py:588} INFO - Filling up the DagBag from /home/airflow/.local/lib/python3.12/site-packages/airflow/example_dags/example_complex.py
[2025-03-17T13:36:47.378+0000] {processor.py:925} INFO - DAG(s) 'example_complex' retrieved from /home/airflow/.local/lib/python3.12/site-packages/airflow/example_dags/example_complex.py
[2025-03-17T13:36:47.430+0000] {logging_mixin.py:190} INFO - [2025-03-17T13:36:47.429+0000] {dag.py:3239} INFO - Sync 1 DAGs
[2025-03-17T13:36:47.451+0000] {logging_mixin.py:190} INFO - [2025-03-17T13:36:47.451+0000] {dag.py:4180} INFO - Setting next_dagrun for example_complex to None, run_after=None
[2025-03-17T13:36:47.484+0000] {processor.py:208} INFO - Processing /home/airflow/.local/lib/python3.12/site-packages/airflow/example_dags/example_complex.py took 0.150 seconds
[2025-03-17T13:37:18.354+0000] {processor.py:186} INFO - Started process (PID=532) to work on /home/airflow/.local/lib/python3.12/site-packages/airflow/example_dags/example_complex.py
[2025-03-17T13:37:18.354+0000] {processor.py:914} INFO - Processing file /home/airflow/.local/lib/python3.12/site-packages/airflow/example_dags/example_complex.py for tasks to queue
[2025-03-17T13:37:18.356+0000] {logging_mixin.py:190} INFO - [2025-03-17T13:37:18.355+0000] {dagbag.py:588} INFO - Filling up the DagBag from /home/airflow/.local/lib/python3.12/site-packages/airflow/example_dags/example_complex.py
[2025-03-17T13:37:18.369+0000] {processor.py:925} INFO - DAG(s) 'example_complex' retrieved from /home/airflow/.local/lib/python3.12/site-packages/airflow/example_dags/example_complex.py
[2025-03-17T13:37:18.409+0000] {logging_mixin.py:190} INFO - [2025-03-17T13:37:18.409+0000] {dag.py:3239} INFO - Sync 1 DAGs
[2025-03-17T13:37:18.431+0000] {logging_mixin.py:190} INFO - [2025-03-17T13:37:18.430+0000] {dag.py:4180} INFO - Setting next_dagrun for example_complex to None, run_after=None
[2025-03-17T13:37:18.455+0000] {processor.py:208} INFO - Processing /home/airflow/.local/lib/python3.12/site-packages/airflow/example_dags/example_complex.py took 0.107 seconds
[2025-03-17T13:37:48.556+0000] {processor.py:186} INFO - Started process (PID=594) to work on /home/airflow/.local/lib/python3.12/site-packages/airflow/example_dags/example_complex.py
[2025-03-17T13:37:48.557+0000] {processor.py:914} INFO - Processing file /home/airflow/.local/lib/python3.12/site-packages/airflow/example_dags/example_complex.py for tasks to queue
[2025-03-17T13:37:48.559+0000] {logging_mixin.py:190} INFO - [2025-03-17T13:37:48.558+0000] {dagbag.py:588} INFO - Filling up the DagBag from /home/airflow/.local/lib/python3.12/site-packages/airflow/example_dags/example_complex.py
[2025-03-17T13:37:48.573+0000] {processor.py:925} INFO - DAG(s) 'example_complex' retrieved from /home/airflow/.local/lib/python3.12/site-packages/airflow/example_dags/example_complex.py
[2025-03-17T13:37:48.606+0000] {logging_mixin.py:190} INFO - [2025-03-17T13:37:48.606+0000] {dag.py:3239} INFO - Sync 1 DAGs
[2025-03-17T13:37:48.624+0000] {logging_mixin.py:190} INFO - [2025-03-17T13:37:48.623+0000] {dag.py:4180} INFO - Setting next_dagrun for example_complex to None, run_after=None
[2025-03-17T13:37:48.647+0000] {processor.py:208} INFO - Processing /home/airflow/.local/lib/python3.12/site-packages/airflow/example_dags/example_complex.py took 0.098 seconds
[2025-03-17T13:38:20.012+0000] {processor.py:186} INFO - Started process (PID=657) to work on /home/airflow/.local/lib/python3.12/site-packages/airflow/example_dags/example_complex.py
[2025-03-17T13:38:20.013+0000] {processor.py:914} INFO - Processing file /home/airflow/.local/lib/python3.12/site-packages/airflow/example_dags/example_complex.py for tasks to queue
[2025-03-17T13:38:20.014+0000] {logging_mixin.py:190} INFO - [2025-03-17T13:38:20.014+0000] {dagbag.py:588} INFO - Filling up the DagBag from /home/airflow/.local/lib/python3.12/site-packages/airflow/example_dags/example_complex.py
[2025-03-17T13:38:20.026+0000] {processor.py:925} INFO - DAG(s) 'example_complex' retrieved from /home/airflow/.local/lib/python3.12/site-packages/airflow/example_dags/example_complex.py
[2025-03-17T13:38:20.057+0000] {logging_mixin.py:190} INFO - [2025-03-17T13:38:20.057+0000] {dag.py:3239} INFO - Sync 1 DAGs
[2025-03-17T13:38:20.072+0000] {logging_mixin.py:190} INFO - [2025-03-17T13:38:20.071+0000] {dag.py:4180} INFO - Setting next_dagrun for example_complex to None, run_after=None
[2025-03-17T13:38:20.091+0000] {processor.py:208} INFO - Processing /home/airflow/.local/lib/python3.12/site-packages/airflow/example_dags/example_complex.py took 0.085 seconds
[2025-03-17T13:38:52.187+0000] {processor.py:186} INFO - Started process (PID=725) to work on /home/airflow/.local/lib/python3.12/site-packages/airflow/example_dags/example_complex.py
[2025-03-17T13:38:52.188+0000] {processor.py:914} INFO - Processing file /home/airflow/.local/lib/python3.12/site-packages/airflow/example_dags/example_complex.py for tasks to queue
[2025-03-17T13:38:52.189+0000] {logging_mixin.py:190} INFO - [2025-03-17T13:38:52.189+0000] {dagbag.py:588} INFO - Filling up the DagBag from /home/airflow/.local/lib/python3.12/site-packages/airflow/example_dags/example_complex.py
[2025-03-17T13:38:52.203+0000] {processor.py:925} INFO - DAG(s) 'example_complex' retrieved from /home/airflow/.local/lib/python3.12/site-packages/airflow/example_dags/example_complex.py
[2025-03-17T13:38:52.236+0000] {logging_mixin.py:190} INFO - [2025-03-17T13:38:52.236+0000] {dag.py:3239} INFO - Sync 1 DAGs
[2025-03-17T13:38:52.252+0000] {logging_mixin.py:190} INFO - [2025-03-17T13:38:52.252+0000] {dag.py:4180} INFO - Setting next_dagrun for example_complex to None, run_after=None
[2025-03-17T13:38:52.274+0000] {processor.py:208} INFO - Processing /home/airflow/.local/lib/python3.12/site-packages/airflow/example_dags/example_complex.py took 0.093 seconds
[2025-03-17T13:39:22.959+0000] {processor.py:186} INFO - Started process (PID=788) to work on /home/airflow/.local/lib/python3.12/site-packages/airflow/example_dags/example_complex.py
[2025-03-17T13:39:22.960+0000] {processor.py:914} INFO - Processing file /home/airflow/.local/lib/python3.12/site-packages/airflow/example_dags/example_complex.py for tasks to queue
[2025-03-17T13:39:22.962+0000] {logging_mixin.py:190} INFO - [2025-03-17T13:39:22.961+0000] {dagbag.py:588} INFO - Filling up the DagBag from /home/airflow/.local/lib/python3.12/site-packages/airflow/example_dags/example_complex.py
[2025-03-17T13:39:22.975+0000] {processor.py:925} INFO - DAG(s) 'example_complex' retrieved from /home/airflow/.local/lib/python3.12/site-packages/airflow/example_dags/example_complex.py
[2025-03-17T13:39:23.011+0000] {logging_mixin.py:190} INFO - [2025-03-17T13:39:23.011+0000] {dag.py:3239} INFO - Sync 1 DAGs
[2025-03-17T13:39:23.028+0000] {logging_mixin.py:190} INFO - [2025-03-17T13:39:23.027+0000] {dag.py:4180} INFO - Setting next_dagrun for example_complex to None, run_after=None
[2025-03-17T13:39:23.048+0000] {processor.py:208} INFO - Processing /home/airflow/.local/lib/python3.12/site-packages/airflow/example_dags/example_complex.py took 0.096 seconds
[2025-03-17T13:39:54.466+0000] {processor.py:186} INFO - Started process (PID=855) to work on /home/airflow/.local/lib/python3.12/site-packages/airflow/example_dags/example_complex.py
[2025-03-17T13:39:54.467+0000] {processor.py:914} INFO - Processing file /home/airflow/.local/lib/python3.12/site-packages/airflow/example_dags/example_complex.py for tasks to queue
[2025-03-17T13:39:54.468+0000] {logging_mixin.py:190} INFO - [2025-03-17T13:39:54.468+0000] {dagbag.py:588} INFO - Filling up the DagBag from /home/airflow/.local/lib/python3.12/site-packages/airflow/example_dags/example_complex.py
[2025-03-17T13:39:54.483+0000] {processor.py:925} INFO - DAG(s) 'example_complex' retrieved from /home/airflow/.local/lib/python3.12/site-packages/airflow/example_dags/example_complex.py
[2025-03-17T13:39:54.519+0000] {logging_mixin.py:190} INFO - [2025-03-17T13:39:54.519+0000] {dag.py:3239} INFO - Sync 1 DAGs
[2025-03-17T13:39:54.535+0000] {logging_mixin.py:190} INFO - [2025-03-17T13:39:54.535+0000] {dag.py:4180} INFO - Setting next_dagrun for example_complex to None, run_after=None
[2025-03-17T13:39:54.555+0000] {processor.py:208} INFO - Processing /home/airflow/.local/lib/python3.12/site-packages/airflow/example_dags/example_complex.py took 0.097 seconds
[2025-03-17T13:40:25.398+0000] {processor.py:186} INFO - Started process (PID=918) to work on /home/airflow/.local/lib/python3.12/site-packages/airflow/example_dags/example_complex.py
[2025-03-17T13:40:25.408+0000] {processor.py:914} INFO - Processing file /home/airflow/.local/lib/python3.12/site-packages/airflow/example_dags/example_complex.py for tasks to queue
[2025-03-17T13:40:25.410+0000] {logging_mixin.py:190} INFO - [2025-03-17T13:40:25.410+0000] {dagbag.py:588} INFO - Filling up the DagBag from /home/airflow/.local/lib/python3.12/site-packages/airflow/example_dags/example_complex.py
[2025-03-17T13:40:25.423+0000] {processor.py:925} INFO - DAG(s) 'example_complex' retrieved from /home/airflow/.local/lib/python3.12/site-packages/airflow/example_dags/example_complex.py
[2025-03-17T13:40:25.457+0000] {logging_mixin.py:190} INFO - [2025-03-17T13:40:25.456+0000] {dag.py:3239} INFO - Sync 1 DAGs
[2025-03-17T13:40:25.475+0000] {logging_mixin.py:190} INFO - [2025-03-17T13:40:25.474+0000] {dag.py:4180} INFO - Setting next_dagrun for example_complex to None, run_after=None
[2025-03-17T13:40:25.499+0000] {processor.py:208} INFO - Processing /home/airflow/.local/lib/python3.12/site-packages/airflow/example_dags/example_complex.py took 0.108 seconds
[2025-03-17T13:40:55.969+0000] {processor.py:186} INFO - Started process (PID=980) to work on /home/airflow/.local/lib/python3.12/site-packages/airflow/example_dags/example_complex.py
[2025-03-17T13:40:55.972+0000] {processor.py:914} INFO - Processing file /home/airflow/.local/lib/python3.12/site-packages/airflow/example_dags/example_complex.py for tasks to queue
[2025-03-17T13:40:55.975+0000] {logging_mixin.py:190} INFO - [2025-03-17T13:40:55.975+0000] {dagbag.py:588} INFO - Filling up the DagBag from /home/airflow/.local/lib/python3.12/site-packages/airflow/example_dags/example_complex.py
[2025-03-17T13:40:56.000+0000] {processor.py:925} INFO - DAG(s) 'example_complex' retrieved from /home/airflow/.local/lib/python3.12/site-packages/airflow/example_dags/example_complex.py
[2025-03-17T13:40:56.044+0000] {logging_mixin.py:190} INFO - [2025-03-17T13:40:56.044+0000] {dag.py:3239} INFO - Sync 1 DAGs
[2025-03-17T13:40:56.067+0000] {logging_mixin.py:190} INFO - [2025-03-17T13:40:56.067+0000] {dag.py:4180} INFO - Setting next_dagrun for example_complex to None, run_after=None
[2025-03-17T13:40:55.316+0000] {processor.py:208} INFO - Processing /home/airflow/.local/lib/python3.12/site-packages/airflow/example_dags/example_complex.py took 0.132 seconds
[2025-03-17T13:41:26.240+0000] {processor.py:186} INFO - Started process (PID=1039) to work on /home/airflow/.local/lib/python3.12/site-packages/airflow/example_dags/example_complex.py
[2025-03-17T13:41:26.241+0000] {processor.py:914} INFO - Processing file /home/airflow/.local/lib/python3.12/site-packages/airflow/example_dags/example_complex.py for tasks to queue
[2025-03-17T13:41:26.243+0000] {logging_mixin.py:190} INFO - [2025-03-17T13:41:26.243+0000] {dagbag.py:588} INFO - Filling up the DagBag from /home/airflow/.local/lib/python3.12/site-packages/airflow/example_dags/example_complex.py
[2025-03-17T13:41:26.260+0000] {processor.py:925} INFO - DAG(s) 'example_complex' retrieved from /home/airflow/.local/lib/python3.12/site-packages/airflow/example_dags/example_complex.py
[2025-03-17T13:41:26.305+0000] {logging_mixin.py:190} INFO - [2025-03-17T13:41:26.304+0000] {dag.py:3239} INFO - Sync 1 DAGs
[2025-03-17T13:41:26.330+0000] {logging_mixin.py:190} INFO - [2025-03-17T13:41:26.330+0000] {dag.py:4180} INFO - Setting next_dagrun for example_complex to None, run_after=None
[2025-03-17T13:41:26.359+0000] {processor.py:208} INFO - Processing /home/airflow/.local/lib/python3.12/site-packages/airflow/example_dags/example_complex.py took 0.128 seconds
[2025-03-17T13:41:57.559+0000] {processor.py:186} INFO - Started process (PID=1111) to work on /home/airflow/.local/lib/python3.12/site-packages/airflow/example_dags/example_complex.py
[2025-03-17T13:41:57.561+0000] {processor.py:914} INFO - Processing file /home/airflow/.local/lib/python3.12/site-packages/airflow/example_dags/example_complex.py for tasks to queue
[2025-03-17T13:41:57.562+0000] {logging_mixin.py:190} INFO - [2025-03-17T13:41:57.562+0000] {dagbag.py:588} INFO - Filling up the DagBag from /home/airflow/.local/lib/python3.12/site-packages/airflow/example_dags/example_complex.py
[2025-03-17T13:41:57.580+0000] {processor.py:925} INFO - DAG(s) 'example_complex' retrieved from /home/airflow/.local/lib/python3.12/site-packages/airflow/example_dags/example_complex.py
[2025-03-17T13:41:57.627+0000] {logging_mixin.py:190} INFO - [2025-03-17T13:41:57.627+0000] {dag.py:3239} INFO - Sync 1 DAGs
[2025-03-17T13:41:57.646+0000] {logging_mixin.py:190} INFO - [2025-03-17T13:41:57.646+0000] {dag.py:4180} INFO - Setting next_dagrun for example_complex to None, run_after=None
[2025-03-17T13:41:57.673+0000] {processor.py:208} INFO - Processing /home/airflow/.local/lib/python3.12/site-packages/airflow/example_dags/example_complex.py took 0.122 seconds
[2025-03-17T13:44:08.994+0000] {processor.py:186} INFO - Started process (PID=123) to work on /home/airflow/.local/lib/python3.12/site-packages/airflow/example_dags/example_complex.py
[2025-03-17T13:44:08.999+0000] {processor.py:914} INFO - Processing file /home/airflow/.local/lib/python3.12/site-packages/airflow/example_dags/example_complex.py for tasks to queue
[2025-03-17T13:44:09.002+0000] {logging_mixin.py:190} INFO - [2025-03-17T13:44:09.001+0000] {dagbag.py:588} INFO - Filling up the DagBag from /home/airflow/.local/lib/python3.12/site-packages/airflow/example_dags/example_complex.py
[2025-03-17T13:44:09.020+0000] {processor.py:925} INFO - DAG(s) 'example_complex' retrieved from /home/airflow/.local/lib/python3.12/site-packages/airflow/example_dags/example_complex.py
[2025-03-17T13:44:09.070+0000] {logging_mixin.py:190} INFO - [2025-03-17T13:44:09.069+0000] {dag.py:3239} INFO - Sync 1 DAGs
[2025-03-17T13:44:09.089+0000] {logging_mixin.py:190} INFO - [2025-03-17T13:44:09.089+0000] {dag.py:4180} INFO - Setting next_dagrun for example_complex to None, run_after=None
[2025-03-17T13:44:09.115+0000] {processor.py:208} INFO - Processing /home/airflow/.local/lib/python3.12/site-packages/airflow/example_dags/example_complex.py took 0.128 seconds
[2025-03-17T13:44:39.322+0000] {processor.py:186} INFO - Started process (PID=186) to work on /home/airflow/.local/lib/python3.12/site-packages/airflow/example_dags/example_complex.py
[2025-03-17T13:44:39.323+0000] {processor.py:914} INFO - Processing file /home/airflow/.local/lib/python3.12/site-packages/airflow/example_dags/example_complex.py for tasks to queue
[2025-03-17T13:44:39.326+0000] {logging_mixin.py:190} INFO - [2025-03-17T13:44:39.326+0000] {dagbag.py:588} INFO - Filling up the DagBag from /home/airflow/.local/lib/python3.12/site-packages/airflow/example_dags/example_complex.py
[2025-03-17T13:44:39.339+0000] {processor.py:925} INFO - DAG(s) 'example_complex' retrieved from /home/airflow/.local/lib/python3.12/site-packages/airflow/example_dags/example_complex.py
[2025-03-17T13:44:39.370+0000] {logging_mixin.py:190} INFO - [2025-03-17T13:44:39.370+0000] {dag.py:3239} INFO - Sync 1 DAGs
[2025-03-17T13:44:39.384+0000] {logging_mixin.py:190} INFO - [2025-03-17T13:44:39.384+0000] {dag.py:4180} INFO - Setting next_dagrun for example_complex to None, run_after=None
[2025-03-17T13:44:39.404+0000] {processor.py:208} INFO - Processing /home/airflow/.local/lib/python3.12/site-packages/airflow/example_dags/example_complex.py took 0.087 seconds
[2025-03-17T13:45:09.902+0000] {processor.py:186} INFO - Started process (PID=248) to work on /home/airflow/.local/lib/python3.12/site-packages/airflow/example_dags/example_complex.py
[2025-03-17T13:45:09.903+0000] {processor.py:914} INFO - Processing file /home/airflow/.local/lib/python3.12/site-packages/airflow/example_dags/example_complex.py for tasks to queue
[2025-03-17T13:45:09.906+0000] {logging_mixin.py:190} INFO - [2025-03-17T13:45:09.906+0000] {dagbag.py:588} INFO - Filling up the DagBag from /home/airflow/.local/lib/python3.12/site-packages/airflow/example_dags/example_complex.py
[2025-03-17T13:45:09.921+0000] {processor.py:925} INFO - DAG(s) 'example_complex' retrieved from /home/airflow/.local/lib/python3.12/site-packages/airflow/example_dags/example_complex.py
[2025-03-17T13:45:09.116+0000] {logging_mixin.py:190} INFO - [2025-03-17T13:45:09.116+0000] {dag.py:3239} INFO - Sync 1 DAGs
[2025-03-17T13:45:09.131+0000] {logging_mixin.py:190} INFO - [2025-03-17T13:45:09.130+0000] {dag.py:4180} INFO - Setting next_dagrun for example_complex to None, run_after=None
[2025-03-17T13:45:09.150+0000] {processor.py:208} INFO - Processing /home/airflow/.local/lib/python3.12/site-packages/airflow/example_dags/example_complex.py took 0.091 seconds
[2025-03-17T13:45:40.223+0000] {processor.py:186} INFO - Started process (PID=310) to work on /home/airflow/.local/lib/python3.12/site-packages/airflow/example_dags/example_complex.py
[2025-03-17T13:45:40.234+0000] {processor.py:914} INFO - Processing file /home/airflow/.local/lib/python3.12/site-packages/airflow/example_dags/example_complex.py for tasks to queue
[2025-03-17T13:45:40.236+0000] {logging_mixin.py:190} INFO - [2025-03-17T13:45:40.236+0000] {dagbag.py:588} INFO - Filling up the DagBag from /home/airflow/.local/lib/python3.12/site-packages/airflow/example_dags/example_complex.py
[2025-03-17T13:45:40.249+0000] {processor.py:925} INFO - DAG(s) 'example_complex' retrieved from /home/airflow/.local/lib/python3.12/site-packages/airflow/example_dags/example_complex.py
[2025-03-17T13:45:40.282+0000] {logging_mixin.py:190} INFO - [2025-03-17T13:45:40.282+0000] {dag.py:3239} INFO - Sync 1 DAGs
[2025-03-17T13:45:40.299+0000] {logging_mixin.py:190} INFO - [2025-03-17T13:45:40.299+0000] {dag.py:4180} INFO - Setting next_dagrun for example_complex to None, run_after=None
[2025-03-17T13:45:40.320+0000] {processor.py:208} INFO - Processing /home/airflow/.local/lib/python3.12/site-packages/airflow/example_dags/example_complex.py took 0.103 seconds
[2025-03-17T13:46:10.609+0000] {processor.py:186} INFO - Started process (PID=372) to work on /home/airflow/.local/lib/python3.12/site-packages/airflow/example_dags/example_complex.py
[2025-03-17T13:46:10.611+0000] {processor.py:914} INFO - Processing file /home/airflow/.local/lib/python3.12/site-packages/airflow/example_dags/example_complex.py for tasks to queue
[2025-03-17T13:46:10.613+0000] {logging_mixin.py:190} INFO - [2025-03-17T13:46:10.613+0000] {dagbag.py:588} INFO - Filling up the DagBag from /home/airflow/.local/lib/python3.12/site-packages/airflow/example_dags/example_complex.py
[2025-03-17T13:46:10.628+0000] {processor.py:925} INFO - DAG(s) 'example_complex' retrieved from /home/airflow/.local/lib/python3.12/site-packages/airflow/example_dags/example_complex.py
[2025-03-17T13:46:10.664+0000] {logging_mixin.py:190} INFO - [2025-03-17T13:46:10.663+0000] {dag.py:3239} INFO - Sync 1 DAGs
[2025-03-17T13:46:10.680+0000] {logging_mixin.py:190} INFO - [2025-03-17T13:46:10.680+0000] {dag.py:4180} INFO - Setting next_dagrun for example_complex to None, run_after=None
[2025-03-17T13:46:10.703+0000] {processor.py:208} INFO - Processing /home/airflow/.local/lib/python3.12/site-packages/airflow/example_dags/example_complex.py took 0.100 seconds
[2025-03-17T13:46:40.909+0000] {processor.py:186} INFO - Started process (PID=435) to work on /home/airflow/.local/lib/python3.12/site-packages/airflow/example_dags/example_complex.py
[2025-03-17T13:46:40.920+0000] {processor.py:914} INFO - Processing file /home/airflow/.local/lib/python3.12/site-packages/airflow/example_dags/example_complex.py for tasks to queue
[2025-03-17T13:46:40.923+0000] {logging_mixin.py:190} INFO - [2025-03-17T13:46:40.923+0000] {dagbag.py:588} INFO - Filling up the DagBag from /home/airflow/.local/lib/python3.12/site-packages/airflow/example_dags/example_complex.py
[2025-03-17T13:46:40.937+0000] {processor.py:925} INFO - DAG(s) 'example_complex' retrieved from /home/airflow/.local/lib/python3.12/site-packages/airflow/example_dags/example_complex.py
[2025-03-17T13:46:40.973+0000] {logging_mixin.py:190} INFO - [2025-03-17T13:46:40.972+0000] {dag.py:3239} INFO - Sync 1 DAGs
[2025-03-17T13:46:40.991+0000] {logging_mixin.py:190} INFO - [2025-03-17T13:46:40.990+0000] {dag.py:4180} INFO - Setting next_dagrun for example_complex to None, run_after=None
[2025-03-17T13:46:41.012+0000] {processor.py:208} INFO - Processing /home/airflow/.local/lib/python3.12/site-packages/airflow/example_dags/example_complex.py took 0.110 seconds
[2025-03-17T13:47:11.959+0000] {processor.py:186} INFO - Started process (PID=499) to work on /home/airflow/.local/lib/python3.12/site-packages/airflow/example_dags/example_complex.py
[2025-03-17T13:47:11.960+0000] {processor.py:914} INFO - Processing file /home/airflow/.local/lib/python3.12/site-packages/airflow/example_dags/example_complex.py for tasks to queue
[2025-03-17T13:47:11.963+0000] {logging_mixin.py:190} INFO - [2025-03-17T13:47:11.962+0000] {dagbag.py:588} INFO - Filling up the DagBag from /home/airflow/.local/lib/python3.12/site-packages/airflow/example_dags/example_complex.py
[2025-03-17T13:47:11.975+0000] {processor.py:925} INFO - DAG(s) 'example_complex' retrieved from /home/airflow/.local/lib/python3.12/site-packages/airflow/example_dags/example_complex.py
[2025-03-17T13:47:12.010+0000] {logging_mixin.py:190} INFO - [2025-03-17T13:47:12.010+0000] {dag.py:3239} INFO - Sync 1 DAGs
[2025-03-17T13:47:12.024+0000] {logging_mixin.py:190} INFO - [2025-03-17T13:47:12.024+0000] {dag.py:4180} INFO - Setting next_dagrun for example_complex to None, run_after=None
[2025-03-17T13:47:12.044+0000] {processor.py:208} INFO - Processing /home/airflow/.local/lib/python3.12/site-packages/airflow/example_dags/example_complex.py took 0.092 seconds
[2025-03-17T13:47:42.863+0000] {processor.py:186} INFO - Started process (PID=568) to work on /home/airflow/.local/lib/python3.12/site-packages/airflow/example_dags/example_complex.py
[2025-03-17T13:47:42.864+0000] {processor.py:914} INFO - Processing file /home/airflow/.local/lib/python3.12/site-packages/airflow/example_dags/example_complex.py for tasks to queue
[2025-03-17T13:47:42.867+0000] {logging_mixin.py:190} INFO - [2025-03-17T13:47:42.867+0000] {dagbag.py:588} INFO - Filling up the DagBag from /home/airflow/.local/lib/python3.12/site-packages/airflow/example_dags/example_complex.py
[2025-03-17T13:47:42.883+0000] {processor.py:925} INFO - DAG(s) 'example_complex' retrieved from /home/airflow/.local/lib/python3.12/site-packages/airflow/example_dags/example_complex.py
[2025-03-17T13:47:42.924+0000] {logging_mixin.py:190} INFO - [2025-03-17T13:47:42.923+0000] {dag.py:3239} INFO - Sync 1 DAGs
[2025-03-17T13:47:42.942+0000] {logging_mixin.py:190} INFO - [2025-03-17T13:47:42.942+0000] {dag.py:4180} INFO - Setting next_dagrun for example_complex to None, run_after=None
[2025-03-17T13:47:42.967+0000] {processor.py:208} INFO - Processing /home/airflow/.local/lib/python3.12/site-packages/airflow/example_dags/example_complex.py took 0.112 seconds
[2025-03-17T13:48:13.885+0000] {processor.py:186} INFO - Started process (PID=631) to work on /home/airflow/.local/lib/python3.12/site-packages/airflow/example_dags/example_complex.py
[2025-03-17T13:48:13.885+0000] {processor.py:914} INFO - Processing file /home/airflow/.local/lib/python3.12/site-packages/airflow/example_dags/example_complex.py for tasks to queue
[2025-03-17T13:48:13.888+0000] {logging_mixin.py:190} INFO - [2025-03-17T13:48:13.887+0000] {dagbag.py:588} INFO - Filling up the DagBag from /home/airflow/.local/lib/python3.12/site-packages/airflow/example_dags/example_complex.py
[2025-03-17T13:48:13.901+0000] {processor.py:925} INFO - DAG(s) 'example_complex' retrieved from /home/airflow/.local/lib/python3.12/site-packages/airflow/example_dags/example_complex.py
[2025-03-17T13:48:13.941+0000] {logging_mixin.py:190} INFO - [2025-03-17T13:48:13.941+0000] {dag.py:3239} INFO - Sync 1 DAGs
[2025-03-17T13:48:13.970+0000] {logging_mixin.py:190} INFO - [2025-03-17T13:48:13.969+0000] {dag.py:4180} INFO - Setting next_dagrun for example_complex to None, run_after=None
[2025-03-17T13:48:14.004+0000] {processor.py:208} INFO - Processing /home/airflow/.local/lib/python3.12/site-packages/airflow/example_dags/example_complex.py took 0.125 seconds
[2025-03-17T13:48:44.560+0000] {processor.py:186} INFO - Started process (PID=693) to work on /home/airflow/.local/lib/python3.12/site-packages/airflow/example_dags/example_complex.py
[2025-03-17T13:48:44.654+0000] {processor.py:914} INFO - Processing file /home/airflow/.local/lib/python3.12/site-packages/airflow/example_dags/example_complex.py for tasks to queue
[2025-03-17T13:48:44.656+0000] {logging_mixin.py:190} INFO - [2025-03-17T13:48:44.656+0000] {dagbag.py:588} INFO - Filling up the DagBag from /home/airflow/.local/lib/python3.12/site-packages/airflow/example_dags/example_complex.py
[2025-03-17T13:48:44.669+0000] {processor.py:925} INFO - DAG(s) 'example_complex' retrieved from /home/airflow/.local/lib/python3.12/site-packages/airflow/example_dags/example_complex.py
[2025-03-17T13:48:44.702+0000] {logging_mixin.py:190} INFO - [2025-03-17T13:48:44.702+0000] {dag.py:3239} INFO - Sync 1 DAGs
[2025-03-17T13:48:44.718+0000] {logging_mixin.py:190} INFO - [2025-03-17T13:48:44.717+0000] {dag.py:4180} INFO - Setting next_dagrun for example_complex to None, run_after=None
[2025-03-17T13:48:44.738+0000] {processor.py:208} INFO - Processing /home/airflow/.local/lib/python3.12/site-packages/airflow/example_dags/example_complex.py took 0.184 seconds
[2025-03-17T13:49:14.899+0000] {processor.py:186} INFO - Started process (PID=756) to work on /home/airflow/.local/lib/python3.12/site-packages/airflow/example_dags/example_complex.py
[2025-03-17T13:49:14.989+0000] {processor.py:914} INFO - Processing file /home/airflow/.local/lib/python3.12/site-packages/airflow/example_dags/example_complex.py for tasks to queue
[2025-03-17T13:49:14.992+0000] {logging_mixin.py:190} INFO - [2025-03-17T13:49:14.991+0000] {dagbag.py:588} INFO - Filling up the DagBag from /home/airflow/.local/lib/python3.12/site-packages/airflow/example_dags/example_complex.py
[2025-03-17T13:49:15.004+0000] {processor.py:925} INFO - DAG(s) 'example_complex' retrieved from /home/airflow/.local/lib/python3.12/site-packages/airflow/example_dags/example_complex.py
[2025-03-17T13:49:15.039+0000] {logging_mixin.py:190} INFO - [2025-03-17T13:49:15.039+0000] {dag.py:3239} INFO - Sync 1 DAGs
[2025-03-17T13:49:15.056+0000] {logging_mixin.py:190} INFO - [2025-03-17T13:49:15.056+0000] {dag.py:4180} INFO - Setting next_dagrun for example_complex to None, run_after=None
[2025-03-17T13:49:15.078+0000] {processor.py:208} INFO - Processing /home/airflow/.local/lib/python3.12/site-packages/airflow/example_dags/example_complex.py took 0.185 seconds
[2025-03-17T13:49:45.410+0000] {processor.py:186} INFO - Started process (PID=819) to work on /home/airflow/.local/lib/python3.12/site-packages/airflow/example_dags/example_complex.py
[2025-03-17T13:49:45.411+0000] {processor.py:914} INFO - Processing file /home/airflow/.local/lib/python3.12/site-packages/airflow/example_dags/example_complex.py for tasks to queue
[2025-03-17T13:49:45.414+0000] {logging_mixin.py:190} INFO - [2025-03-17T13:49:45.414+0000] {dagbag.py:588} INFO - Filling up the DagBag from /home/airflow/.local/lib/python3.12/site-packages/airflow/example_dags/example_complex.py
[2025-03-17T13:49:45.426+0000] {processor.py:925} INFO - DAG(s) 'example_complex' retrieved from /home/airflow/.local/lib/python3.12/site-packages/airflow/example_dags/example_complex.py
[2025-03-17T13:49:45.463+0000] {logging_mixin.py:190} INFO - [2025-03-17T13:49:45.462+0000] {dag.py:3239} INFO - Sync 1 DAGs
[2025-03-17T13:49:45.477+0000] {logging_mixin.py:190} INFO - [2025-03-17T13:49:45.477+0000] {dag.py:4180} INFO - Setting next_dagrun for example_complex to None, run_after=None
[2025-03-17T13:49:45.497+0000] {processor.py:208} INFO - Processing /home/airflow/.local/lib/python3.12/site-packages/airflow/example_dags/example_complex.py took 0.093 seconds
[2025-03-17T13:50:15.655+0000] {processor.py:186} INFO - Started process (PID=881) to work on /home/airflow/.local/lib/python3.12/site-packages/airflow/example_dags/example_complex.py
[2025-03-17T13:50:15.656+0000] {processor.py:914} INFO - Processing file /home/airflow/.local/lib/python3.12/site-packages/airflow/example_dags/example_complex.py for tasks to queue
[2025-03-17T13:50:15.658+0000] {logging_mixin.py:190} INFO - [2025-03-17T13:50:15.657+0000] {dagbag.py:588} INFO - Filling up the DagBag from /home/airflow/.local/lib/python3.12/site-packages/airflow/example_dags/example_complex.py
[2025-03-17T13:50:15.669+0000] {processor.py:925} INFO - DAG(s) 'example_complex' retrieved from /home/airflow/.local/lib/python3.12/site-packages/airflow/example_dags/example_complex.py
[2025-03-17T13:50:15.700+0000] {logging_mixin.py:190} INFO - [2025-03-17T13:50:15.700+0000] {dag.py:3239} INFO - Sync 1 DAGs
[2025-03-17T13:50:15.715+0000] {logging_mixin.py:190} INFO - [2025-03-17T13:50:15.714+0000] {dag.py:4180} INFO - Setting next_dagrun for example_complex to None, run_after=None
[2025-03-17T13:50:15.733+0000] {processor.py:208} INFO - Processing /home/airflow/.local/lib/python3.12/site-packages/airflow/example_dags/example_complex.py took 0.084 seconds
[2025-03-17T13:50:45.957+0000] {processor.py:186} INFO - Started process (PID=944) to work on /home/airflow/.local/lib/python3.12/site-packages/airflow/example_dags/example_complex.py
[2025-03-17T13:50:45.958+0000] {processor.py:914} INFO - Processing file /home/airflow/.local/lib/python3.12/site-packages/airflow/example_dags/example_complex.py for tasks to queue
[2025-03-17T13:50:45.961+0000] {logging_mixin.py:190} INFO - [2025-03-17T13:50:45.960+0000] {dagbag.py:588} INFO - Filling up the DagBag from /home/airflow/.local/lib/python3.12/site-packages/airflow/example_dags/example_complex.py
[2025-03-17T13:50:45.972+0000] {processor.py:925} INFO - DAG(s) 'example_complex' retrieved from /home/airflow/.local/lib/python3.12/site-packages/airflow/example_dags/example_complex.py
[2025-03-17T13:50:46.003+0000] {logging_mixin.py:190} INFO - [2025-03-17T13:50:46.003+0000] {dag.py:3239} INFO - Sync 1 DAGs
[2025-03-17T13:50:46.017+0000] {logging_mixin.py:190} INFO - [2025-03-17T13:50:46.017+0000] {dag.py:4180} INFO - Setting next_dagrun for example_complex to None, run_after=None
[2025-03-17T13:50:46.037+0000] {processor.py:208} INFO - Processing /home/airflow/.local/lib/python3.12/site-packages/airflow/example_dags/example_complex.py took 0.085 seconds
[2025-03-17T13:51:16.572+0000] {processor.py:186} INFO - Started process (PID=1007) to work on /home/airflow/.local/lib/python3.12/site-packages/airflow/example_dags/example_complex.py
[2025-03-17T13:51:16.573+0000] {processor.py:914} INFO - Processing file /home/airflow/.local/lib/python3.12/site-packages/airflow/example_dags/example_complex.py for tasks to queue
[2025-03-17T13:51:16.575+0000] {logging_mixin.py:190} INFO - [2025-03-17T13:51:16.575+0000] {dagbag.py:588} INFO - Filling up the DagBag from /home/airflow/.local/lib/python3.12/site-packages/airflow/example_dags/example_complex.py
[2025-03-17T13:51:16.586+0000] {processor.py:925} INFO - DAG(s) 'example_complex' retrieved from /home/airflow/.local/lib/python3.12/site-packages/airflow/example_dags/example_complex.py
[2025-03-17T13:51:16.616+0000] {logging_mixin.py:190} INFO - [2025-03-17T13:51:16.616+0000] {dag.py:3239} INFO - Sync 1 DAGs
[2025-03-17T13:51:16.630+0000] {logging_mixin.py:190} INFO - [2025-03-17T13:51:16.630+0000] {dag.py:4180} INFO - Setting next_dagrun for example_complex to None, run_after=None
[2025-03-17T13:51:16.646+0000] {processor.py:208} INFO - Processing /home/airflow/.local/lib/python3.12/site-packages/airflow/example_dags/example_complex.py took 0.080 seconds
[2025-03-17T13:51:47.113+0000] {processor.py:186} INFO - Started process (PID=1074) to work on /home/airflow/.local/lib/python3.12/site-packages/airflow/example_dags/example_complex.py
[2025-03-17T13:51:47.114+0000] {processor.py:914} INFO - Processing file /home/airflow/.local/lib/python3.12/site-packages/airflow/example_dags/example_complex.py for tasks to queue
[2025-03-17T13:51:47.116+0000] {logging_mixin.py:190} INFO - [2025-03-17T13:51:47.116+0000] {dagbag.py:588} INFO - Filling up the DagBag from /home/airflow/.local/lib/python3.12/site-packages/airflow/example_dags/example_complex.py
[2025-03-17T13:51:47.129+0000] {processor.py:925} INFO - DAG(s) 'example_complex' retrieved from /home/airflow/.local/lib/python3.12/site-packages/airflow/example_dags/example_complex.py
[2025-03-17T13:51:47.163+0000] {logging_mixin.py:190} INFO - [2025-03-17T13:51:47.163+0000] {dag.py:3239} INFO - Sync 1 DAGs
[2025-03-17T13:51:47.178+0000] {logging_mixin.py:190} INFO - [2025-03-17T13:51:47.178+0000] {dag.py:4180} INFO - Setting next_dagrun for example_complex to None, run_after=None
[2025-03-17T13:51:47.197+0000] {processor.py:208} INFO - Processing /home/airflow/.local/lib/python3.12/site-packages/airflow/example_dags/example_complex.py took 0.091 seconds
[2025-03-17T13:52:17.814+0000] {processor.py:186} INFO - Started process (PID=1137) to work on /home/airflow/.local/lib/python3.12/site-packages/airflow/example_dags/example_complex.py
[2025-03-17T13:52:17.815+0000] {processor.py:914} INFO - Processing file /home/airflow/.local/lib/python3.12/site-packages/airflow/example_dags/example_complex.py for tasks to queue
[2025-03-17T13:52:17.818+0000] {logging_mixin.py:190} INFO - [2025-03-17T13:52:17.817+0000] {dagbag.py:588} INFO - Filling up the DagBag from /home/airflow/.local/lib/python3.12/site-packages/airflow/example_dags/example_complex.py
[2025-03-17T13:52:17.830+0000] {processor.py:925} INFO - DAG(s) 'example_complex' retrieved from /home/airflow/.local/lib/python3.12/site-packages/airflow/example_dags/example_complex.py
[2025-03-17T13:52:17.865+0000] {logging_mixin.py:190} INFO - [2025-03-17T13:52:17.865+0000] {dag.py:3239} INFO - Sync 1 DAGs
[2025-03-17T13:52:17.881+0000] {logging_mixin.py:190} INFO - [2025-03-17T13:52:17.881+0000] {dag.py:4180} INFO - Setting next_dagrun for example_complex to None, run_after=None
[2025-03-17T13:52:17.902+0000] {processor.py:208} INFO - Processing /home/airflow/.local/lib/python3.12/site-packages/airflow/example_dags/example_complex.py took 0.094 seconds
[2025-03-17T13:52:48.565+0000] {processor.py:186} INFO - Started process (PID=1200) to work on /home/airflow/.local/lib/python3.12/site-packages/airflow/example_dags/example_complex.py
[2025-03-17T13:52:48.566+0000] {processor.py:914} INFO - Processing file /home/airflow/.local/lib/python3.12/site-packages/airflow/example_dags/example_complex.py for tasks to queue
[2025-03-17T13:52:48.568+0000] {logging_mixin.py:190} INFO - [2025-03-17T13:52:48.568+0000] {dagbag.py:588} INFO - Filling up the DagBag from /home/airflow/.local/lib/python3.12/site-packages/airflow/example_dags/example_complex.py
[2025-03-17T13:52:48.579+0000] {processor.py:925} INFO - DAG(s) 'example_complex' retrieved from /home/airflow/.local/lib/python3.12/site-packages/airflow/example_dags/example_complex.py
[2025-03-17T13:52:48.610+0000] {logging_mixin.py:190} INFO - [2025-03-17T13:52:48.610+0000] {dag.py:3239} INFO - Sync 1 DAGs
[2025-03-17T13:52:48.624+0000] {logging_mixin.py:190} INFO - [2025-03-17T13:52:48.624+0000] {dag.py:4180} INFO - Setting next_dagrun for example_complex to None, run_after=None
[2025-03-17T13:52:48.642+0000] {processor.py:208} INFO - Processing /home/airflow/.local/lib/python3.12/site-packages/airflow/example_dags/example_complex.py took 0.082 seconds
[2025-03-17T13:53:18.937+0000] {processor.py:186} INFO - Started process (PID=1263) to work on /home/airflow/.local/lib/python3.12/site-packages/airflow/example_dags/example_complex.py
[2025-03-17T13:53:18.938+0000] {processor.py:914} INFO - Processing file /home/airflow/.local/lib/python3.12/site-packages/airflow/example_dags/example_complex.py for tasks to queue
[2025-03-17T13:53:18.940+0000] {logging_mixin.py:190} INFO - [2025-03-17T13:53:18.940+0000] {dagbag.py:588} INFO - Filling up the DagBag from /home/airflow/.local/lib/python3.12/site-packages/airflow/example_dags/example_complex.py
[2025-03-17T13:53:18.951+0000] {processor.py:925} INFO - DAG(s) 'example_complex' retrieved from /home/airflow/.local/lib/python3.12/site-packages/airflow/example_dags/example_complex.py
[2025-03-17T13:53:18.984+0000] {logging_mixin.py:190} INFO - [2025-03-17T13:53:18.983+0000] {dag.py:3239} INFO - Sync 1 DAGs
[2025-03-17T13:53:18.999+0000] {logging_mixin.py:190} INFO - [2025-03-17T13:53:18.999+0000] {dag.py:4180} INFO - Setting next_dagrun for example_complex to None, run_after=None
[2025-03-17T13:53:19.018+0000] {processor.py:208} INFO - Processing /home/airflow/.local/lib/python3.12/site-packages/airflow/example_dags/example_complex.py took 0.086 seconds
[2025-03-17T13:53:49.056+0000] {processor.py:186} INFO - Started process (PID=1331) to work on /home/airflow/.local/lib/python3.12/site-packages/airflow/example_dags/example_complex.py
[2025-03-17T13:53:49.057+0000] {processor.py:914} INFO - Processing file /home/airflow/.local/lib/python3.12/site-packages/airflow/example_dags/example_complex.py for tasks to queue
[2025-03-17T13:53:49.059+0000] {logging_mixin.py:190} INFO - [2025-03-17T13:53:49.059+0000] {dagbag.py:588} INFO - Filling up the DagBag from /home/airflow/.local/lib/python3.12/site-packages/airflow/example_dags/example_complex.py
[2025-03-17T13:53:49.071+0000] {processor.py:925} INFO - DAG(s) 'example_complex' retrieved from /home/airflow/.local/lib/python3.12/site-packages/airflow/example_dags/example_complex.py
[2025-03-17T13:53:49.102+0000] {logging_mixin.py:190} INFO - [2025-03-17T13:53:49.102+0000] {dag.py:3239} INFO - Sync 1 DAGs
[2025-03-17T13:53:49.118+0000] {logging_mixin.py:190} INFO - [2025-03-17T13:53:49.118+0000] {dag.py:4180} INFO - Setting next_dagrun for example_complex to None, run_after=None
[2025-03-17T13:53:49.136+0000] {processor.py:208} INFO - Processing /home/airflow/.local/lib/python3.12/site-packages/airflow/example_dags/example_complex.py took 0.086 seconds
[2025-03-17T16:58:45.346+0000] {processor.py:186} INFO - Started process (PID=117) to work on /home/airflow/.local/lib/python3.12/site-packages/airflow/example_dags/example_complex.py
[2025-03-17T16:58:45.375+0000] {processor.py:914} INFO - Processing file /home/airflow/.local/lib/python3.12/site-packages/airflow/example_dags/example_complex.py for tasks to queue
[2025-03-17T16:58:45.378+0000] {logging_mixin.py:190} INFO - [2025-03-17T16:58:45.377+0000] {dagbag.py:588} INFO - Filling up the DagBag from /home/airflow/.local/lib/python3.12/site-packages/airflow/example_dags/example_complex.py
[2025-03-17T16:58:45.395+0000] {processor.py:925} INFO - DAG(s) 'example_complex' retrieved from /home/airflow/.local/lib/python3.12/site-packages/airflow/example_dags/example_complex.py
[2025-03-17T16:58:45.434+0000] {logging_mixin.py:190} INFO - [2025-03-17T16:58:45.434+0000] {dag.py:3239} INFO - Sync 1 DAGs
[2025-03-17T16:58:45.451+0000] {logging_mixin.py:190} INFO - [2025-03-17T16:58:45.451+0000] {dag.py:4180} INFO - Setting next_dagrun for example_complex to None, run_after=None
[2025-03-17T16:58:45.510+0000] {processor.py:208} INFO - Processing /home/airflow/.local/lib/python3.12/site-packages/airflow/example_dags/example_complex.py took 0.171 seconds
[2025-03-17T16:59:15.814+0000] {processor.py:186} INFO - Started process (PID=180) to work on /home/airflow/.local/lib/python3.12/site-packages/airflow/example_dags/example_complex.py
[2025-03-17T16:59:15.823+0000] {processor.py:914} INFO - Processing file /home/airflow/.local/lib/python3.12/site-packages/airflow/example_dags/example_complex.py for tasks to queue
[2025-03-17T16:59:15.825+0000] {logging_mixin.py:190} INFO - [2025-03-17T16:59:15.825+0000] {dagbag.py:588} INFO - Filling up the DagBag from /home/airflow/.local/lib/python3.12/site-packages/airflow/example_dags/example_complex.py
[2025-03-17T16:59:15.840+0000] {processor.py:925} INFO - DAG(s) 'example_complex' retrieved from /home/airflow/.local/lib/python3.12/site-packages/airflow/example_dags/example_complex.py
[2025-03-17T16:59:15.875+0000] {logging_mixin.py:190} INFO - [2025-03-17T16:59:15.875+0000] {dag.py:3239} INFO - Sync 1 DAGs
[2025-03-17T16:59:15.891+0000] {logging_mixin.py:190} INFO - [2025-03-17T16:59:15.891+0000] {dag.py:4180} INFO - Setting next_dagrun for example_complex to None, run_after=None
[2025-03-17T16:59:15.913+0000] {processor.py:208} INFO - Processing /home/airflow/.local/lib/python3.12/site-packages/airflow/example_dags/example_complex.py took 0.104 seconds
[2025-03-17T16:59:46.305+0000] {processor.py:186} INFO - Started process (PID=242) to work on /home/airflow/.local/lib/python3.12/site-packages/airflow/example_dags/example_complex.py
[2025-03-17T16:59:46.306+0000] {processor.py:914} INFO - Processing file /home/airflow/.local/lib/python3.12/site-packages/airflow/example_dags/example_complex.py for tasks to queue
[2025-03-17T16:59:46.309+0000] {logging_mixin.py:190} INFO - [2025-03-17T16:59:46.309+0000] {dagbag.py:588} INFO - Filling up the DagBag from /home/airflow/.local/lib/python3.12/site-packages/airflow/example_dags/example_complex.py
[2025-03-17T16:59:46.324+0000] {processor.py:925} INFO - DAG(s) 'example_complex' retrieved from /home/airflow/.local/lib/python3.12/site-packages/airflow/example_dags/example_complex.py
[2025-03-17T16:59:46.372+0000] {logging_mixin.py:190} INFO - [2025-03-17T16:59:46.371+0000] {dag.py:3239} INFO - Sync 1 DAGs
[2025-03-17T16:59:46.390+0000] {logging_mixin.py:190} INFO - [2025-03-17T16:59:46.390+0000] {dag.py:4180} INFO - Setting next_dagrun for example_complex to None, run_after=None
[2025-03-17T16:59:46.412+0000] {processor.py:208} INFO - Processing /home/airflow/.local/lib/python3.12/site-packages/airflow/example_dags/example_complex.py took 0.113 seconds
[2025-03-17T17:00:16.559+0000] {processor.py:186} INFO - Started process (PID=310) to work on /home/airflow/.local/lib/python3.12/site-packages/airflow/example_dags/example_complex.py
[2025-03-17T17:00:16.560+0000] {processor.py:914} INFO - Processing file /home/airflow/.local/lib/python3.12/site-packages/airflow/example_dags/example_complex.py for tasks to queue
[2025-03-17T17:00:16.562+0000] {logging_mixin.py:190} INFO - [2025-03-17T17:00:16.562+0000] {dagbag.py:588} INFO - Filling up the DagBag from /home/airflow/.local/lib/python3.12/site-packages/airflow/example_dags/example_complex.py
[2025-03-17T17:00:16.579+0000] {processor.py:925} INFO - DAG(s) 'example_complex' retrieved from /home/airflow/.local/lib/python3.12/site-packages/airflow/example_dags/example_complex.py
[2025-03-17T17:00:16.619+0000] {logging_mixin.py:190} INFO - [2025-03-17T17:00:16.619+0000] {dag.py:3239} INFO - Sync 1 DAGs
[2025-03-17T17:00:16.637+0000] {logging_mixin.py:190} INFO - [2025-03-17T17:00:16.637+0000] {dag.py:4180} INFO - Setting next_dagrun for example_complex to None, run_after=None
[2025-03-17T17:00:16.658+0000] {processor.py:208} INFO - Processing /home/airflow/.local/lib/python3.12/site-packages/airflow/example_dags/example_complex.py took 0.106 seconds
[2025-03-17T17:00:47.256+0000] {processor.py:186} INFO - Started process (PID=373) to work on /home/airflow/.local/lib/python3.12/site-packages/airflow/example_dags/example_complex.py
[2025-03-17T17:00:47.257+0000] {processor.py:914} INFO - Processing file /home/airflow/.local/lib/python3.12/site-packages/airflow/example_dags/example_complex.py for tasks to queue
[2025-03-17T17:00:47.259+0000] {logging_mixin.py:190} INFO - [2025-03-17T17:00:47.259+0000] {dagbag.py:588} INFO - Filling up the DagBag from /home/airflow/.local/lib/python3.12/site-packages/airflow/example_dags/example_complex.py
[2025-03-17T17:00:47.272+0000] {processor.py:925} INFO - DAG(s) 'example_complex' retrieved from /home/airflow/.local/lib/python3.12/site-packages/airflow/example_dags/example_complex.py
[2025-03-17T17:00:47.303+0000] {logging_mixin.py:190} INFO - [2025-03-17T17:00:47.302+0000] {dag.py:3239} INFO - Sync 1 DAGs
[2025-03-17T17:00:47.318+0000] {logging_mixin.py:190} INFO - [2025-03-17T17:00:47.318+0000] {dag.py:4180} INFO - Setting next_dagrun for example_complex to None, run_after=None
[2025-03-17T17:00:47.338+0000] {processor.py:208} INFO - Processing /home/airflow/.local/lib/python3.12/site-packages/airflow/example_dags/example_complex.py took 0.088 seconds
[2025-03-17T17:02:20.347+0000] {processor.py:186} INFO - Started process (PID=456) to work on /home/airflow/.local/lib/python3.12/site-packages/airflow/example_dags/example_complex.py
[2025-03-17T17:02:20.348+0000] {processor.py:914} INFO - Processing file /home/airflow/.local/lib/python3.12/site-packages/airflow/example_dags/example_complex.py for tasks to queue
[2025-03-17T17:02:20.351+0000] {logging_mixin.py:190} INFO - [2025-03-17T17:02:20.351+0000] {dagbag.py:588} INFO - Filling up the DagBag from /home/airflow/.local/lib/python3.12/site-packages/airflow/example_dags/example_complex.py
[2025-03-17T17:02:20.373+0000] {processor.py:925} INFO - DAG(s) 'example_complex' retrieved from /home/airflow/.local/lib/python3.12/site-packages/airflow/example_dags/example_complex.py
[2025-03-17T17:02:20.418+0000] {logging_mixin.py:190} INFO - [2025-03-17T17:02:20.418+0000] {dag.py:3239} INFO - Sync 1 DAGs
[2025-03-17T17:02:20.442+0000] {logging_mixin.py:190} INFO - [2025-03-17T17:02:20.442+0000] {dag.py:4180} INFO - Setting next_dagrun for example_complex to None, run_after=None
[2025-03-17T17:02:20.470+0000] {processor.py:208} INFO - Processing /home/airflow/.local/lib/python3.12/site-packages/airflow/example_dags/example_complex.py took 0.134 seconds
[2025-03-17T17:02:53.864+0000] {processor.py:186} INFO - Started process (PID=524) to work on /home/airflow/.local/lib/python3.12/site-packages/airflow/example_dags/example_complex.py
[2025-03-17T17:02:53.865+0000] {processor.py:914} INFO - Processing file /home/airflow/.local/lib/python3.12/site-packages/airflow/example_dags/example_complex.py for tasks to queue
[2025-03-17T17:02:53.866+0000] {logging_mixin.py:190} INFO - [2025-03-17T17:02:53.866+0000] {dagbag.py:588} INFO - Filling up the DagBag from /home/airflow/.local/lib/python3.12/site-packages/airflow/example_dags/example_complex.py
[2025-03-17T17:02:53.880+0000] {processor.py:925} INFO - DAG(s) 'example_complex' retrieved from /home/airflow/.local/lib/python3.12/site-packages/airflow/example_dags/example_complex.py
[2025-03-17T17:02:53.917+0000] {logging_mixin.py:190} INFO - [2025-03-17T17:02:53.916+0000] {dag.py:3239} INFO - Sync 1 DAGs
[2025-03-17T17:02:53.933+0000] {logging_mixin.py:190} INFO - [2025-03-17T17:02:53.932+0000] {dag.py:4180} INFO - Setting next_dagrun for example_complex to None, run_after=None
[2025-03-17T17:02:53.953+0000] {processor.py:208} INFO - Processing /home/airflow/.local/lib/python3.12/site-packages/airflow/example_dags/example_complex.py took 0.096 seconds
[2025-03-17T17:03:24.563+0000] {processor.py:186} INFO - Started process (PID=586) to work on /home/airflow/.local/lib/python3.12/site-packages/airflow/example_dags/example_complex.py
[2025-03-17T17:03:24.564+0000] {processor.py:914} INFO - Processing file /home/airflow/.local/lib/python3.12/site-packages/airflow/example_dags/example_complex.py for tasks to queue
[2025-03-17T17:03:24.565+0000] {logging_mixin.py:190} INFO - [2025-03-17T17:03:24.565+0000] {dagbag.py:588} INFO - Filling up the DagBag from /home/airflow/.local/lib/python3.12/site-packages/airflow/example_dags/example_complex.py
[2025-03-17T17:03:24.578+0000] {processor.py:925} INFO - DAG(s) 'example_complex' retrieved from /home/airflow/.local/lib/python3.12/site-packages/airflow/example_dags/example_complex.py
[2025-03-17T17:03:24.612+0000] {logging_mixin.py:190} INFO - [2025-03-17T17:03:24.612+0000] {dag.py:3239} INFO - Sync 1 DAGs
[2025-03-17T17:03:24.627+0000] {logging_mixin.py:190} INFO - [2025-03-17T17:03:24.627+0000] {dag.py:4180} INFO - Setting next_dagrun for example_complex to None, run_after=None
[2025-03-17T17:03:24.647+0000] {processor.py:208} INFO - Processing /home/airflow/.local/lib/python3.12/site-packages/airflow/example_dags/example_complex.py took 0.090 seconds
[2025-03-17T17:03:55.226+0000] {processor.py:186} INFO - Started process (PID=649) to work on /home/airflow/.local/lib/python3.12/site-packages/airflow/example_dags/example_complex.py
[2025-03-17T17:03:55.227+0000] {processor.py:914} INFO - Processing file /home/airflow/.local/lib/python3.12/site-packages/airflow/example_dags/example_complex.py for tasks to queue
[2025-03-17T17:03:55.228+0000] {logging_mixin.py:190} INFO - [2025-03-17T17:03:55.228+0000] {dagbag.py:588} INFO - Filling up the DagBag from /home/airflow/.local/lib/python3.12/site-packages/airflow/example_dags/example_complex.py
[2025-03-17T17:03:55.241+0000] {processor.py:925} INFO - DAG(s) 'example_complex' retrieved from /home/airflow/.local/lib/python3.12/site-packages/airflow/example_dags/example_complex.py
[2025-03-17T17:03:55.274+0000] {logging_mixin.py:190} INFO - [2025-03-17T17:03:55.273+0000] {dag.py:3239} INFO - Sync 1 DAGs
[2025-03-17T17:03:55.290+0000] {logging_mixin.py:190} INFO - [2025-03-17T17:03:55.290+0000] {dag.py:4180} INFO - Setting next_dagrun for example_complex to None, run_after=None
[2025-03-17T17:03:55.311+0000] {processor.py:208} INFO - Processing /home/airflow/.local/lib/python3.12/site-packages/airflow/example_dags/example_complex.py took 0.090 seconds
[2025-03-17T17:04:25.519+0000] {processor.py:186} INFO - Started process (PID=711) to work on /home/airflow/.local/lib/python3.12/site-packages/airflow/example_dags/example_complex.py
[2025-03-17T17:04:25.520+0000] {processor.py:914} INFO - Processing file /home/airflow/.local/lib/python3.12/site-packages/airflow/example_dags/example_complex.py for tasks to queue
[2025-03-17T17:04:25.521+0000] {logging_mixin.py:190} INFO - [2025-03-17T17:04:25.521+0000] {dagbag.py:588} INFO - Filling up the DagBag from /home/airflow/.local/lib/python3.12/site-packages/airflow/example_dags/example_complex.py
[2025-03-17T17:04:25.534+0000] {processor.py:925} INFO - DAG(s) 'example_complex' retrieved from /home/airflow/.local/lib/python3.12/site-packages/airflow/example_dags/example_complex.py
[2025-03-17T17:04:25.567+0000] {logging_mixin.py:190} INFO - [2025-03-17T17:04:25.567+0000] {dag.py:3239} INFO - Sync 1 DAGs
[2025-03-17T17:04:25.583+0000] {logging_mixin.py:190} INFO - [2025-03-17T17:04:25.583+0000] {dag.py:4180} INFO - Setting next_dagrun for example_complex to None, run_after=None
[2025-03-17T17:04:25.605+0000] {processor.py:208} INFO - Processing /home/airflow/.local/lib/python3.12/site-packages/airflow/example_dags/example_complex.py took 0.091 seconds
[2025-03-17T17:04:55.730+0000] {processor.py:186} INFO - Started process (PID=772) to work on /home/airflow/.local/lib/python3.12/site-packages/airflow/example_dags/example_complex.py
[2025-03-17T17:04:55.731+0000] {processor.py:914} INFO - Processing file /home/airflow/.local/lib/python3.12/site-packages/airflow/example_dags/example_complex.py for tasks to queue
[2025-03-17T17:04:55.733+0000] {logging_mixin.py:190} INFO - [2025-03-17T17:04:55.732+0000] {dagbag.py:588} INFO - Filling up the DagBag from /home/airflow/.local/lib/python3.12/site-packages/airflow/example_dags/example_complex.py
[2025-03-17T17:04:55.746+0000] {processor.py:925} INFO - DAG(s) 'example_complex' retrieved from /home/airflow/.local/lib/python3.12/site-packages/airflow/example_dags/example_complex.py
[2025-03-17T17:04:55.779+0000] {logging_mixin.py:190} INFO - [2025-03-17T17:04:55.778+0000] {dag.py:3239} INFO - Sync 1 DAGs
[2025-03-17T17:04:55.794+0000] {logging_mixin.py:190} INFO - [2025-03-17T17:04:55.794+0000] {dag.py:4180} INFO - Setting next_dagrun for example_complex to None, run_after=None
[2025-03-17T17:04:55.816+0000] {processor.py:208} INFO - Processing /home/airflow/.local/lib/python3.12/site-packages/airflow/example_dags/example_complex.py took 0.092 seconds
[2025-03-17T17:05:25.888+0000] {processor.py:186} INFO - Started process (PID=836) to work on /home/airflow/.local/lib/python3.12/site-packages/airflow/example_dags/example_complex.py
[2025-03-17T17:05:25.888+0000] {processor.py:914} INFO - Processing file /home/airflow/.local/lib/python3.12/site-packages/airflow/example_dags/example_complex.py for tasks to queue
[2025-03-17T17:05:25.890+0000] {logging_mixin.py:190} INFO - [2025-03-17T17:05:25.889+0000] {dagbag.py:588} INFO - Filling up the DagBag from /home/airflow/.local/lib/python3.12/site-packages/airflow/example_dags/example_complex.py
[2025-03-17T17:05:25.903+0000] {processor.py:925} INFO - DAG(s) 'example_complex' retrieved from /home/airflow/.local/lib/python3.12/site-packages/airflow/example_dags/example_complex.py
[2025-03-17T17:05:25.932+0000] {logging_mixin.py:190} INFO - [2025-03-17T17:05:25.932+0000] {dag.py:3239} INFO - Sync 1 DAGs
[2025-03-17T17:05:25.948+0000] {logging_mixin.py:190} INFO - [2025-03-17T17:05:25.947+0000] {dag.py:4180} INFO - Setting next_dagrun for example_complex to None, run_after=None
[2025-03-17T17:05:25.967+0000] {processor.py:208} INFO - Processing /home/airflow/.local/lib/python3.12/site-packages/airflow/example_dags/example_complex.py took 0.085 seconds
[2025-03-17T17:05:56.037+0000] {processor.py:186} INFO - Started process (PID=899) to work on /home/airflow/.local/lib/python3.12/site-packages/airflow/example_dags/example_complex.py
[2025-03-17T17:05:56.038+0000] {processor.py:914} INFO - Processing file /home/airflow/.local/lib/python3.12/site-packages/airflow/example_dags/example_complex.py for tasks to queue
[2025-03-17T17:05:56.040+0000] {logging_mixin.py:190} INFO - [2025-03-17T17:05:56.040+0000] {dagbag.py:588} INFO - Filling up the DagBag from /home/airflow/.local/lib/python3.12/site-packages/airflow/example_dags/example_complex.py
[2025-03-17T17:05:56.057+0000] {processor.py:925} INFO - DAG(s) 'example_complex' retrieved from /home/airflow/.local/lib/python3.12/site-packages/airflow/example_dags/example_complex.py
[2025-03-17T17:05:56.091+0000] {logging_mixin.py:190} INFO - [2025-03-17T17:05:56.091+0000] {dag.py:3239} INFO - Sync 1 DAGs
[2025-03-17T17:05:56.106+0000] {logging_mixin.py:190} INFO - [2025-03-17T17:05:56.106+0000] {dag.py:4180} INFO - Setting next_dagrun for example_complex to None, run_after=None
[2025-03-17T17:05:56.126+0000] {processor.py:208} INFO - Processing /home/airflow/.local/lib/python3.12/site-packages/airflow/example_dags/example_complex.py took 0.094 seconds
[2025-03-17T17:06:27.228+0000] {processor.py:186} INFO - Started process (PID=962) to work on /home/airflow/.local/lib/python3.12/site-packages/airflow/example_dags/example_complex.py
[2025-03-17T17:06:27.229+0000] {processor.py:914} INFO - Processing file /home/airflow/.local/lib/python3.12/site-packages/airflow/example_dags/example_complex.py for tasks to queue
[2025-03-17T17:06:27.230+0000] {logging_mixin.py:190} INFO - [2025-03-17T17:06:27.230+0000] {dagbag.py:588} INFO - Filling up the DagBag from /home/airflow/.local/lib/python3.12/site-packages/airflow/example_dags/example_complex.py
[2025-03-17T17:06:27.243+0000] {processor.py:925} INFO - DAG(s) 'example_complex' retrieved from /home/airflow/.local/lib/python3.12/site-packages/airflow/example_dags/example_complex.py
[2025-03-17T17:06:27.272+0000] {logging_mixin.py:190} INFO - [2025-03-17T17:06:27.272+0000] {dag.py:3239} INFO - Sync 1 DAGs
[2025-03-17T17:06:27.288+0000] {logging_mixin.py:190} INFO - [2025-03-17T17:06:27.288+0000] {dag.py:4180} INFO - Setting next_dagrun for example_complex to None, run_after=None
[2025-03-17T17:06:27.307+0000] {processor.py:208} INFO - Processing /home/airflow/.local/lib/python3.12/site-packages/airflow/example_dags/example_complex.py took 0.085 seconds
[2025-03-17T17:06:57.819+0000] {processor.py:186} INFO - Started process (PID=1025) to work on /home/airflow/.local/lib/python3.12/site-packages/airflow/example_dags/example_complex.py
[2025-03-17T17:06:57.820+0000] {processor.py:914} INFO - Processing file /home/airflow/.local/lib/python3.12/site-packages/airflow/example_dags/example_complex.py for tasks to queue
[2025-03-17T17:06:57.821+0000] {logging_mixin.py:190} INFO - [2025-03-17T17:06:57.820+0000] {dagbag.py:588} INFO - Filling up the DagBag from /home/airflow/.local/lib/python3.12/site-packages/airflow/example_dags/example_complex.py
[2025-03-17T17:06:57.833+0000] {processor.py:925} INFO - DAG(s) 'example_complex' retrieved from /home/airflow/.local/lib/python3.12/site-packages/airflow/example_dags/example_complex.py
[2025-03-17T17:06:57.865+0000] {logging_mixin.py:190} INFO - [2025-03-17T17:06:57.864+0000] {dag.py:3239} INFO - Sync 1 DAGs
[2025-03-17T17:06:57.879+0000] {logging_mixin.py:190} INFO - [2025-03-17T17:06:57.879+0000] {dag.py:4180} INFO - Setting next_dagrun for example_complex to None, run_after=None
[2025-03-17T17:06:57.898+0000] {processor.py:208} INFO - Processing /home/airflow/.local/lib/python3.12/site-packages/airflow/example_dags/example_complex.py took 0.085 seconds
[2025-03-17T17:07:28.814+0000] {processor.py:186} INFO - Started process (PID=1095) to work on /home/airflow/.local/lib/python3.12/site-packages/airflow/example_dags/example_complex.py
[2025-03-17T17:07:28.815+0000] {processor.py:914} INFO - Processing file /home/airflow/.local/lib/python3.12/site-packages/airflow/example_dags/example_complex.py for tasks to queue
[2025-03-17T17:07:28.817+0000] {logging_mixin.py:190} INFO - [2025-03-17T17:07:28.816+0000] {dagbag.py:588} INFO - Filling up the DagBag from /home/airflow/.local/lib/python3.12/site-packages/airflow/example_dags/example_complex.py
[2025-03-17T17:07:28.831+0000] {processor.py:925} INFO - DAG(s) 'example_complex' retrieved from /home/airflow/.local/lib/python3.12/site-packages/airflow/example_dags/example_complex.py
[2025-03-17T17:07:28.873+0000] {logging_mixin.py:190} INFO - [2025-03-17T17:07:28.872+0000] {dag.py:3239} INFO - Sync 1 DAGs
[2025-03-17T17:07:28.890+0000] {logging_mixin.py:190} INFO - [2025-03-17T17:07:28.889+0000] {dag.py:4180} INFO - Setting next_dagrun for example_complex to None, run_after=None
[2025-03-17T17:07:28.909+0000] {processor.py:208} INFO - Processing /home/airflow/.local/lib/python3.12/site-packages/airflow/example_dags/example_complex.py took 0.101 seconds
[2025-03-17T17:07:59.252+0000] {processor.py:186} INFO - Started process (PID=1159) to work on /home/airflow/.local/lib/python3.12/site-packages/airflow/example_dags/example_complex.py
[2025-03-17T17:07:59.253+0000] {processor.py:914} INFO - Processing file /home/airflow/.local/lib/python3.12/site-packages/airflow/example_dags/example_complex.py for tasks to queue
[2025-03-17T17:07:59.255+0000] {logging_mixin.py:190} INFO - [2025-03-17T17:07:59.254+0000] {dagbag.py:588} INFO - Filling up the DagBag from /home/airflow/.local/lib/python3.12/site-packages/airflow/example_dags/example_complex.py
[2025-03-17T17:07:59.268+0000] {processor.py:925} INFO - DAG(s) 'example_complex' retrieved from /home/airflow/.local/lib/python3.12/site-packages/airflow/example_dags/example_complex.py
[2025-03-17T17:07:59.300+0000] {logging_mixin.py:190} INFO - [2025-03-17T17:07:59.300+0000] {dag.py:3239} INFO - Sync 1 DAGs
[2025-03-17T17:07:59.315+0000] {logging_mixin.py:190} INFO - [2025-03-17T17:07:59.315+0000] {dag.py:4180} INFO - Setting next_dagrun for example_complex to None, run_after=None
[2025-03-17T17:07:59.337+0000] {processor.py:208} INFO - Processing /home/airflow/.local/lib/python3.12/site-packages/airflow/example_dags/example_complex.py took 0.091 seconds
[2025-03-17T17:08:30.330+0000] {processor.py:186} INFO - Started process (PID=1223) to work on /home/airflow/.local/lib/python3.12/site-packages/airflow/example_dags/example_complex.py
[2025-03-17T17:08:30.331+0000] {processor.py:914} INFO - Processing file /home/airflow/.local/lib/python3.12/site-packages/airflow/example_dags/example_complex.py for tasks to queue
[2025-03-17T17:08:30.332+0000] {logging_mixin.py:190} INFO - [2025-03-17T17:08:30.332+0000] {dagbag.py:588} INFO - Filling up the DagBag from /home/airflow/.local/lib/python3.12/site-packages/airflow/example_dags/example_complex.py
[2025-03-17T17:08:30.347+0000] {processor.py:925} INFO - DAG(s) 'example_complex' retrieved from /home/airflow/.local/lib/python3.12/site-packages/airflow/example_dags/example_complex.py
[2025-03-17T17:08:30.381+0000] {logging_mixin.py:190} INFO - [2025-03-17T17:08:30.381+0000] {dag.py:3239} INFO - Sync 1 DAGs
[2025-03-17T17:08:30.402+0000] {logging_mixin.py:190} INFO - [2025-03-17T17:08:30.401+0000] {dag.py:4180} INFO - Setting next_dagrun for example_complex to None, run_after=None
[2025-03-17T17:08:30.428+0000] {processor.py:208} INFO - Processing /home/airflow/.local/lib/python3.12/site-packages/airflow/example_dags/example_complex.py took 0.104 seconds
