[2025-03-17T13:32:37.486+0000] {processor.py:186} INFO - Started process (PID=105) to work on /home/airflow/.local/lib/python3.12/site-packages/airflow/example_dags/example_branch_operator.py
[2025-03-17T13:32:37.487+0000] {processor.py:914} INFO - Processing file /home/airflow/.local/lib/python3.12/site-packages/airflow/example_dags/example_branch_operator.py for tasks to queue
[2025-03-17T13:32:37.490+0000] {logging_mixin.py:190} INFO - [2025-03-17T13:32:37.490+0000] {dagbag.py:588} INFO - Filling up the DagBag from /home/airflow/.local/lib/python3.12/site-packages/airflow/example_dags/example_branch_operator.py
[2025-03-17T13:32:37.518+0000] {processor.py:925} INFO - DAG(s) 'example_branch_operator' retrieved from /home/airflow/.local/lib/python3.12/site-packages/airflow/example_dags/example_branch_operator.py
[2025-03-17T13:32:37.678+0000] {logging_mixin.py:190} INFO - [2025-03-17T13:32:37.677+0000] {override.py:1912} INFO - Created Permission View: can read on DAG:example_branch_operator
[2025-03-17T13:32:37.695+0000] {logging_mixin.py:190} INFO - [2025-03-17T13:32:37.695+0000] {override.py:1912} INFO - Created Permission View: can edit on DAG:example_branch_operator
[2025-03-17T13:32:37.704+0000] {logging_mixin.py:190} INFO - [2025-03-17T13:32:37.703+0000] {override.py:1912} INFO - Created Permission View: can delete on DAG:example_branch_operator
[2025-03-17T13:32:37.715+0000] {logging_mixin.py:190} INFO - [2025-03-17T13:32:37.715+0000] {override.py:1912} INFO - Created Permission View: can read on DAG Run:example_branch_operator
[2025-03-17T13:32:37.723+0000] {logging_mixin.py:190} INFO - [2025-03-17T13:32:37.723+0000] {override.py:1912} INFO - Created Permission View: can delete on DAG Run:example_branch_operator
[2025-03-17T13:32:37.731+0000] {logging_mixin.py:190} INFO - [2025-03-17T13:32:37.731+0000] {override.py:1912} INFO - Created Permission View: can create on DAG Run:example_branch_operator
[2025-03-17T13:32:37.739+0000] {logging_mixin.py:190} INFO - [2025-03-17T13:32:37.739+0000] {override.py:1912} INFO - Created Permission View: menu access on DAG Run:example_branch_operator
[2025-03-17T13:32:37.740+0000] {logging_mixin.py:190} INFO - [2025-03-17T13:32:37.740+0000] {dag.py:3239} INFO - Sync 1 DAGs
[2025-03-17T13:32:37.765+0000] {logging_mixin.py:190} INFO - [2025-03-17T13:32:37.765+0000] {dag.py:3262} INFO - Creating ORM DAG for example_branch_operator
[2025-03-17T13:32:37.784+0000] {logging_mixin.py:190} INFO - [2025-03-17T13:32:37.783+0000] {dag.py:4180} INFO - Setting next_dagrun for example_branch_operator to 2025-03-16 00:00:00+00:00, run_after=2025-03-17 00:00:00+00:00
[2025-03-17T13:32:37.810+0000] {processor.py:208} INFO - Processing /home/airflow/.local/lib/python3.12/site-packages/airflow/example_dags/example_branch_operator.py took 0.331 seconds
[2025-03-17T13:33:08.512+0000] {processor.py:186} INFO - Started process (PID=168) to work on /home/airflow/.local/lib/python3.12/site-packages/airflow/example_dags/example_branch_operator.py
[2025-03-17T13:33:08.521+0000] {processor.py:914} INFO - Processing file /home/airflow/.local/lib/python3.12/site-packages/airflow/example_dags/example_branch_operator.py for tasks to queue
[2025-03-17T13:33:08.523+0000] {logging_mixin.py:190} INFO - [2025-03-17T13:33:08.523+0000] {dagbag.py:588} INFO - Filling up the DagBag from /home/airflow/.local/lib/python3.12/site-packages/airflow/example_dags/example_branch_operator.py
[2025-03-17T13:33:08.541+0000] {processor.py:925} INFO - DAG(s) 'example_branch_operator' retrieved from /home/airflow/.local/lib/python3.12/site-packages/airflow/example_dags/example_branch_operator.py
[2025-03-17T13:33:08.570+0000] {logging_mixin.py:190} INFO - [2025-03-17T13:33:08.570+0000] {dag.py:3239} INFO - Sync 1 DAGs
[2025-03-17T13:33:08.596+0000] {logging_mixin.py:190} INFO - [2025-03-17T13:33:08.595+0000] {dag.py:4180} INFO - Setting next_dagrun for example_branch_operator to 2025-03-16 00:00:00+00:00, run_after=2025-03-17 00:00:00+00:00
[2025-03-17T13:33:08.616+0000] {processor.py:208} INFO - Processing /home/airflow/.local/lib/python3.12/site-packages/airflow/example_dags/example_branch_operator.py took 0.110 seconds
[2025-03-17T13:33:39.326+0000] {processor.py:186} INFO - Started process (PID=231) to work on /home/airflow/.local/lib/python3.12/site-packages/airflow/example_dags/example_branch_operator.py
[2025-03-17T13:33:39.327+0000] {processor.py:914} INFO - Processing file /home/airflow/.local/lib/python3.12/site-packages/airflow/example_dags/example_branch_operator.py for tasks to queue
[2025-03-17T13:33:39.329+0000] {logging_mixin.py:190} INFO - [2025-03-17T13:33:39.329+0000] {dagbag.py:588} INFO - Filling up the DagBag from /home/airflow/.local/lib/python3.12/site-packages/airflow/example_dags/example_branch_operator.py
[2025-03-17T13:33:39.357+0000] {processor.py:925} INFO - DAG(s) 'example_branch_operator' retrieved from /home/airflow/.local/lib/python3.12/site-packages/airflow/example_dags/example_branch_operator.py
[2025-03-17T13:33:39.385+0000] {logging_mixin.py:190} INFO - [2025-03-17T13:33:39.385+0000] {dag.py:3239} INFO - Sync 1 DAGs
[2025-03-17T13:33:39.411+0000] {logging_mixin.py:190} INFO - [2025-03-17T13:33:39.411+0000] {dag.py:4180} INFO - Setting next_dagrun for example_branch_operator to 2025-03-16 00:00:00+00:00, run_after=2025-03-17 00:00:00+00:00
[2025-03-17T13:33:39.430+0000] {processor.py:208} INFO - Processing /home/airflow/.local/lib/python3.12/site-packages/airflow/example_dags/example_branch_operator.py took 0.110 seconds
[2025-03-17T13:34:09.883+0000] {processor.py:186} INFO - Started process (PID=293) to work on /home/airflow/.local/lib/python3.12/site-packages/airflow/example_dags/example_branch_operator.py
[2025-03-17T13:34:09.884+0000] {processor.py:914} INFO - Processing file /home/airflow/.local/lib/python3.12/site-packages/airflow/example_dags/example_branch_operator.py for tasks to queue
[2025-03-17T13:34:09.887+0000] {logging_mixin.py:190} INFO - [2025-03-17T13:34:09.886+0000] {dagbag.py:588} INFO - Filling up the DagBag from /home/airflow/.local/lib/python3.12/site-packages/airflow/example_dags/example_branch_operator.py
[2025-03-17T13:34:09.907+0000] {processor.py:925} INFO - DAG(s) 'example_branch_operator' retrieved from /home/airflow/.local/lib/python3.12/site-packages/airflow/example_dags/example_branch_operator.py
[2025-03-17T13:34:09.936+0000] {logging_mixin.py:190} INFO - [2025-03-17T13:34:09.935+0000] {dag.py:3239} INFO - Sync 1 DAGs
[2025-03-17T13:34:09.963+0000] {logging_mixin.py:190} INFO - [2025-03-17T13:34:09.963+0000] {dag.py:4180} INFO - Setting next_dagrun for example_branch_operator to 2025-03-16 00:00:00+00:00, run_after=2025-03-17 00:00:00+00:00
[2025-03-17T13:34:09.983+0000] {processor.py:208} INFO - Processing /home/airflow/.local/lib/python3.12/site-packages/airflow/example_dags/example_branch_operator.py took 0.105 seconds
[2025-03-17T13:34:40.820+0000] {processor.py:186} INFO - Started process (PID=355) to work on /home/airflow/.local/lib/python3.12/site-packages/airflow/example_dags/example_branch_operator.py
[2025-03-17T13:34:40.821+0000] {processor.py:914} INFO - Processing file /home/airflow/.local/lib/python3.12/site-packages/airflow/example_dags/example_branch_operator.py for tasks to queue
[2025-03-17T13:34:40.823+0000] {logging_mixin.py:190} INFO - [2025-03-17T13:34:40.823+0000] {dagbag.py:588} INFO - Filling up the DagBag from /home/airflow/.local/lib/python3.12/site-packages/airflow/example_dags/example_branch_operator.py
[2025-03-17T13:34:40.846+0000] {processor.py:925} INFO - DAG(s) 'example_branch_operator' retrieved from /home/airflow/.local/lib/python3.12/site-packages/airflow/example_dags/example_branch_operator.py
[2025-03-17T13:34:40.884+0000] {logging_mixin.py:190} INFO - [2025-03-17T13:34:40.884+0000] {dag.py:3239} INFO - Sync 1 DAGs
[2025-03-17T13:34:40.915+0000] {logging_mixin.py:190} INFO - [2025-03-17T13:34:40.915+0000] {dag.py:4180} INFO - Setting next_dagrun for example_branch_operator to 2025-03-16 00:00:00+00:00, run_after=2025-03-17 00:00:00+00:00
[2025-03-17T13:34:40.950+0000] {processor.py:208} INFO - Processing /home/airflow/.local/lib/python3.12/site-packages/airflow/example_dags/example_branch_operator.py took 0.137 seconds
[2025-03-17T13:35:11.211+0000] {processor.py:186} INFO - Started process (PID=417) to work on /home/airflow/.local/lib/python3.12/site-packages/airflow/example_dags/example_branch_operator.py
[2025-03-17T13:35:11.212+0000] {processor.py:914} INFO - Processing file /home/airflow/.local/lib/python3.12/site-packages/airflow/example_dags/example_branch_operator.py for tasks to queue
[2025-03-17T13:35:11.215+0000] {logging_mixin.py:190} INFO - [2025-03-17T13:35:11.214+0000] {dagbag.py:588} INFO - Filling up the DagBag from /home/airflow/.local/lib/python3.12/site-packages/airflow/example_dags/example_branch_operator.py
[2025-03-17T13:35:11.238+0000] {processor.py:925} INFO - DAG(s) 'example_branch_operator' retrieved from /home/airflow/.local/lib/python3.12/site-packages/airflow/example_dags/example_branch_operator.py
[2025-03-17T13:35:11.269+0000] {logging_mixin.py:190} INFO - [2025-03-17T13:35:11.269+0000] {dag.py:3239} INFO - Sync 1 DAGs
[2025-03-17T13:35:11.295+0000] {logging_mixin.py:190} INFO - [2025-03-17T13:35:11.294+0000] {dag.py:4180} INFO - Setting next_dagrun for example_branch_operator to 2025-03-16 00:00:00+00:00, run_after=2025-03-17 00:00:00+00:00
[2025-03-17T13:35:11.314+0000] {processor.py:208} INFO - Processing /home/airflow/.local/lib/python3.12/site-packages/airflow/example_dags/example_branch_operator.py took 0.110 seconds
[2025-03-17T13:36:50.929+0000] {processor.py:186} INFO - Started process (PID=503) to work on /home/airflow/.local/lib/python3.12/site-packages/airflow/example_dags/example_branch_operator.py
[2025-03-17T13:36:50.931+0000] {processor.py:914} INFO - Processing file /home/airflow/.local/lib/python3.12/site-packages/airflow/example_dags/example_branch_operator.py for tasks to queue
[2025-03-17T13:36:50.932+0000] {logging_mixin.py:190} INFO - [2025-03-17T13:36:50.931+0000] {dagbag.py:588} INFO - Filling up the DagBag from /home/airflow/.local/lib/python3.12/site-packages/airflow/example_dags/example_branch_operator.py
[2025-03-17T13:36:50.951+0000] {processor.py:925} INFO - DAG(s) 'example_branch_operator' retrieved from /home/airflow/.local/lib/python3.12/site-packages/airflow/example_dags/example_branch_operator.py
[2025-03-17T13:36:50.978+0000] {logging_mixin.py:190} INFO - [2025-03-17T13:36:50.978+0000] {dag.py:3239} INFO - Sync 1 DAGs
[2025-03-17T13:36:51.002+0000] {logging_mixin.py:190} INFO - [2025-03-17T13:36:51.002+0000] {dag.py:4180} INFO - Setting next_dagrun for example_branch_operator to 2025-03-16 00:00:00+00:00, run_after=2025-03-17 00:00:00+00:00
[2025-03-17T13:36:51.023+0000] {processor.py:208} INFO - Processing /home/airflow/.local/lib/python3.12/site-packages/airflow/example_dags/example_branch_operator.py took 0.099 seconds
[2025-03-17T13:37:21.236+0000] {processor.py:186} INFO - Started process (PID=567) to work on /home/airflow/.local/lib/python3.12/site-packages/airflow/example_dags/example_branch_operator.py
[2025-03-17T13:37:21.237+0000] {processor.py:914} INFO - Processing file /home/airflow/.local/lib/python3.12/site-packages/airflow/example_dags/example_branch_operator.py for tasks to queue
[2025-03-17T13:37:21.239+0000] {logging_mixin.py:190} INFO - [2025-03-17T13:37:21.238+0000] {dagbag.py:588} INFO - Filling up the DagBag from /home/airflow/.local/lib/python3.12/site-packages/airflow/example_dags/example_branch_operator.py
[2025-03-17T13:37:21.258+0000] {processor.py:925} INFO - DAG(s) 'example_branch_operator' retrieved from /home/airflow/.local/lib/python3.12/site-packages/airflow/example_dags/example_branch_operator.py
[2025-03-17T13:37:21.287+0000] {logging_mixin.py:190} INFO - [2025-03-17T13:37:21.287+0000] {dag.py:3239} INFO - Sync 1 DAGs
[2025-03-17T13:37:21.313+0000] {logging_mixin.py:190} INFO - [2025-03-17T13:37:21.312+0000] {dag.py:4180} INFO - Setting next_dagrun for example_branch_operator to 2025-03-16 00:00:00+00:00, run_after=2025-03-17 00:00:00+00:00
[2025-03-17T13:37:21.333+0000] {processor.py:208} INFO - Processing /home/airflow/.local/lib/python3.12/site-packages/airflow/example_dags/example_branch_operator.py took 0.103 seconds
[2025-03-17T13:37:52.380+0000] {processor.py:186} INFO - Started process (PID=630) to work on /home/airflow/.local/lib/python3.12/site-packages/airflow/example_dags/example_branch_operator.py
[2025-03-17T13:37:52.381+0000] {processor.py:914} INFO - Processing file /home/airflow/.local/lib/python3.12/site-packages/airflow/example_dags/example_branch_operator.py for tasks to queue
[2025-03-17T13:37:52.382+0000] {logging_mixin.py:190} INFO - [2025-03-17T13:37:52.382+0000] {dagbag.py:588} INFO - Filling up the DagBag from /home/airflow/.local/lib/python3.12/site-packages/airflow/example_dags/example_branch_operator.py
[2025-03-17T13:37:52.400+0000] {processor.py:925} INFO - DAG(s) 'example_branch_operator' retrieved from /home/airflow/.local/lib/python3.12/site-packages/airflow/example_dags/example_branch_operator.py
[2025-03-17T13:37:52.429+0000] {logging_mixin.py:190} INFO - [2025-03-17T13:37:52.429+0000] {dag.py:3239} INFO - Sync 1 DAGs
[2025-03-17T13:37:52.455+0000] {logging_mixin.py:190} INFO - [2025-03-17T13:37:52.454+0000] {dag.py:4180} INFO - Setting next_dagrun for example_branch_operator to 2025-03-16 00:00:00+00:00, run_after=2025-03-17 00:00:00+00:00
[2025-03-17T13:37:52.475+0000] {processor.py:208} INFO - Processing /home/airflow/.local/lib/python3.12/site-packages/airflow/example_dags/example_branch_operator.py took 0.101 seconds
[2025-03-17T13:38:23.475+0000] {processor.py:186} INFO - Started process (PID=690) to work on /home/airflow/.local/lib/python3.12/site-packages/airflow/example_dags/example_branch_operator.py
[2025-03-17T13:38:23.476+0000] {processor.py:914} INFO - Processing file /home/airflow/.local/lib/python3.12/site-packages/airflow/example_dags/example_branch_operator.py for tasks to queue
[2025-03-17T13:38:23.477+0000] {logging_mixin.py:190} INFO - [2025-03-17T13:38:23.477+0000] {dagbag.py:588} INFO - Filling up the DagBag from /home/airflow/.local/lib/python3.12/site-packages/airflow/example_dags/example_branch_operator.py
[2025-03-17T13:38:23.501+0000] {processor.py:925} INFO - DAG(s) 'example_branch_operator' retrieved from /home/airflow/.local/lib/python3.12/site-packages/airflow/example_dags/example_branch_operator.py
[2025-03-17T13:38:23.543+0000] {logging_mixin.py:190} INFO - [2025-03-17T13:38:23.542+0000] {dag.py:3239} INFO - Sync 1 DAGs
[2025-03-17T13:38:23.580+0000] {logging_mixin.py:190} INFO - [2025-03-17T13:38:23.580+0000] {dag.py:4180} INFO - Setting next_dagrun for example_branch_operator to 2025-03-16 00:00:00+00:00, run_after=2025-03-17 00:00:00+00:00
[2025-03-17T13:38:23.613+0000] {processor.py:208} INFO - Processing /home/airflow/.local/lib/python3.12/site-packages/airflow/example_dags/example_branch_operator.py took 0.145 seconds
[2025-03-17T13:38:55.070+0000] {processor.py:186} INFO - Started process (PID=753) to work on /home/airflow/.local/lib/python3.12/site-packages/airflow/example_dags/example_branch_operator.py
[2025-03-17T13:38:55.071+0000] {processor.py:914} INFO - Processing file /home/airflow/.local/lib/python3.12/site-packages/airflow/example_dags/example_branch_operator.py for tasks to queue
[2025-03-17T13:38:55.073+0000] {logging_mixin.py:190} INFO - [2025-03-17T13:38:55.073+0000] {dagbag.py:588} INFO - Filling up the DagBag from /home/airflow/.local/lib/python3.12/site-packages/airflow/example_dags/example_branch_operator.py
[2025-03-17T13:38:55.098+0000] {processor.py:925} INFO - DAG(s) 'example_branch_operator' retrieved from /home/airflow/.local/lib/python3.12/site-packages/airflow/example_dags/example_branch_operator.py
[2025-03-17T13:38:55.133+0000] {logging_mixin.py:190} INFO - [2025-03-17T13:38:55.133+0000] {dag.py:3239} INFO - Sync 1 DAGs
[2025-03-17T13:38:55.163+0000] {logging_mixin.py:190} INFO - [2025-03-17T13:38:55.162+0000] {dag.py:4180} INFO - Setting next_dagrun for example_branch_operator to 2025-03-16 00:00:00+00:00, run_after=2025-03-17 00:00:00+00:00
[2025-03-17T13:38:55.191+0000] {processor.py:208} INFO - Processing /home/airflow/.local/lib/python3.12/site-packages/airflow/example_dags/example_branch_operator.py took 0.128 seconds
[2025-03-17T13:39:25.272+0000] {processor.py:186} INFO - Started process (PID=815) to work on /home/airflow/.local/lib/python3.12/site-packages/airflow/example_dags/example_branch_operator.py
[2025-03-17T13:39:25.273+0000] {processor.py:914} INFO - Processing file /home/airflow/.local/lib/python3.12/site-packages/airflow/example_dags/example_branch_operator.py for tasks to queue
[2025-03-17T13:39:25.275+0000] {logging_mixin.py:190} INFO - [2025-03-17T13:39:25.274+0000] {dagbag.py:588} INFO - Filling up the DagBag from /home/airflow/.local/lib/python3.12/site-packages/airflow/example_dags/example_branch_operator.py
[2025-03-17T13:39:25.301+0000] {processor.py:925} INFO - DAG(s) 'example_branch_operator' retrieved from /home/airflow/.local/lib/python3.12/site-packages/airflow/example_dags/example_branch_operator.py
[2025-03-17T13:39:25.339+0000] {logging_mixin.py:190} INFO - [2025-03-17T13:39:25.338+0000] {dag.py:3239} INFO - Sync 1 DAGs
[2025-03-17T13:39:25.377+0000] {logging_mixin.py:190} INFO - [2025-03-17T13:39:25.377+0000] {dag.py:4180} INFO - Setting next_dagrun for example_branch_operator to 2025-03-16 00:00:00+00:00, run_after=2025-03-17 00:00:00+00:00
[2025-03-17T13:39:25.410+0000] {processor.py:208} INFO - Processing /home/airflow/.local/lib/python3.12/site-packages/airflow/example_dags/example_branch_operator.py took 0.146 seconds
[2025-03-17T13:39:55.724+0000] {processor.py:186} INFO - Started process (PID=877) to work on /home/airflow/.local/lib/python3.12/site-packages/airflow/example_dags/example_branch_operator.py
[2025-03-17T13:39:55.725+0000] {processor.py:914} INFO - Processing file /home/airflow/.local/lib/python3.12/site-packages/airflow/example_dags/example_branch_operator.py for tasks to queue
[2025-03-17T13:39:55.727+0000] {logging_mixin.py:190} INFO - [2025-03-17T13:39:55.726+0000] {dagbag.py:588} INFO - Filling up the DagBag from /home/airflow/.local/lib/python3.12/site-packages/airflow/example_dags/example_branch_operator.py
[2025-03-17T13:39:55.746+0000] {processor.py:925} INFO - DAG(s) 'example_branch_operator' retrieved from /home/airflow/.local/lib/python3.12/site-packages/airflow/example_dags/example_branch_operator.py
[2025-03-17T13:39:55.777+0000] {logging_mixin.py:190} INFO - [2025-03-17T13:39:55.777+0000] {dag.py:3239} INFO - Sync 1 DAGs
[2025-03-17T13:39:55.805+0000] {logging_mixin.py:190} INFO - [2025-03-17T13:39:55.805+0000] {dag.py:4180} INFO - Setting next_dagrun for example_branch_operator to 2025-03-16 00:00:00+00:00, run_after=2025-03-17 00:00:00+00:00
[2025-03-17T13:39:55.826+0000] {processor.py:208} INFO - Processing /home/airflow/.local/lib/python3.12/site-packages/airflow/example_dags/example_branch_operator.py took 0.108 seconds
[2025-03-17T13:40:26.534+0000] {processor.py:186} INFO - Started process (PID=933) to work on /home/airflow/.local/lib/python3.12/site-packages/airflow/example_dags/example_branch_operator.py
[2025-03-17T13:40:26.539+0000] {processor.py:914} INFO - Processing file /home/airflow/.local/lib/python3.12/site-packages/airflow/example_dags/example_branch_operator.py for tasks to queue
[2025-03-17T13:40:26.541+0000] {logging_mixin.py:190} INFO - [2025-03-17T13:40:26.540+0000] {dagbag.py:588} INFO - Filling up the DagBag from /home/airflow/.local/lib/python3.12/site-packages/airflow/example_dags/example_branch_operator.py
[2025-03-17T13:40:26.560+0000] {processor.py:925} INFO - DAG(s) 'example_branch_operator' retrieved from /home/airflow/.local/lib/python3.12/site-packages/airflow/example_dags/example_branch_operator.py
[2025-03-17T13:40:26.600+0000] {logging_mixin.py:190} INFO - [2025-03-17T13:40:26.600+0000] {dag.py:3239} INFO - Sync 1 DAGs
[2025-03-17T13:40:26.645+0000] {logging_mixin.py:190} INFO - [2025-03-17T13:40:26.644+0000] {dag.py:4180} INFO - Setting next_dagrun for example_branch_operator to 2025-03-16 00:00:00+00:00, run_after=2025-03-17 00:00:00+00:00
[2025-03-17T13:40:26.685+0000] {processor.py:208} INFO - Processing /home/airflow/.local/lib/python3.12/site-packages/airflow/example_dags/example_branch_operator.py took 0.156 seconds
[2025-03-17T13:40:58.194+0000] {processor.py:186} INFO - Started process (PID=997) to work on /home/airflow/.local/lib/python3.12/site-packages/airflow/example_dags/example_branch_operator.py
[2025-03-17T13:40:58.195+0000] {processor.py:914} INFO - Processing file /home/airflow/.local/lib/python3.12/site-packages/airflow/example_dags/example_branch_operator.py for tasks to queue
[2025-03-17T13:40:58.196+0000] {logging_mixin.py:190} INFO - [2025-03-17T13:40:58.196+0000] {dagbag.py:588} INFO - Filling up the DagBag from /home/airflow/.local/lib/python3.12/site-packages/airflow/example_dags/example_branch_operator.py
[2025-03-17T13:40:58.217+0000] {processor.py:925} INFO - DAG(s) 'example_branch_operator' retrieved from /home/airflow/.local/lib/python3.12/site-packages/airflow/example_dags/example_branch_operator.py
[2025-03-17T13:40:58.258+0000] {logging_mixin.py:190} INFO - [2025-03-17T13:40:58.257+0000] {dag.py:3239} INFO - Sync 1 DAGs
[2025-03-17T13:40:58.289+0000] {logging_mixin.py:190} INFO - [2025-03-17T13:40:58.288+0000] {dag.py:4180} INFO - Setting next_dagrun for example_branch_operator to 2025-03-16 00:00:00+00:00, run_after=2025-03-17 00:00:00+00:00
[2025-03-17T13:40:58.319+0000] {processor.py:208} INFO - Processing /home/airflow/.local/lib/python3.12/site-packages/airflow/example_dags/example_branch_operator.py took 0.134 seconds
[2025-03-17T13:41:29.068+0000] {processor.py:186} INFO - Started process (PID=1066) to work on /home/airflow/.local/lib/python3.12/site-packages/airflow/example_dags/example_branch_operator.py
[2025-03-17T13:41:29.069+0000] {processor.py:914} INFO - Processing file /home/airflow/.local/lib/python3.12/site-packages/airflow/example_dags/example_branch_operator.py for tasks to queue
[2025-03-17T13:41:29.071+0000] {logging_mixin.py:190} INFO - [2025-03-17T13:41:29.070+0000] {dagbag.py:588} INFO - Filling up the DagBag from /home/airflow/.local/lib/python3.12/site-packages/airflow/example_dags/example_branch_operator.py
[2025-03-17T13:41:29.090+0000] {processor.py:925} INFO - DAG(s) 'example_branch_operator' retrieved from /home/airflow/.local/lib/python3.12/site-packages/airflow/example_dags/example_branch_operator.py
[2025-03-17T13:41:29.122+0000] {logging_mixin.py:190} INFO - [2025-03-17T13:41:29.122+0000] {dag.py:3239} INFO - Sync 1 DAGs
[2025-03-17T13:41:29.156+0000] {logging_mixin.py:190} INFO - [2025-03-17T13:41:29.156+0000] {dag.py:4180} INFO - Setting next_dagrun for example_branch_operator to 2025-03-16 00:00:00+00:00, run_after=2025-03-17 00:00:00+00:00
[2025-03-17T13:41:29.176+0000] {processor.py:208} INFO - Processing /home/airflow/.local/lib/python3.12/site-packages/airflow/example_dags/example_branch_operator.py took 0.113 seconds
[2025-03-17T13:42:00.352+0000] {processor.py:186} INFO - Started process (PID=1129) to work on /home/airflow/.local/lib/python3.12/site-packages/airflow/example_dags/example_branch_operator.py
[2025-03-17T13:42:00.354+0000] {processor.py:914} INFO - Processing file /home/airflow/.local/lib/python3.12/site-packages/airflow/example_dags/example_branch_operator.py for tasks to queue
[2025-03-17T13:42:00.356+0000] {logging_mixin.py:190} INFO - [2025-03-17T13:42:00.355+0000] {dagbag.py:588} INFO - Filling up the DagBag from /home/airflow/.local/lib/python3.12/site-packages/airflow/example_dags/example_branch_operator.py
[2025-03-17T13:42:00.380+0000] {processor.py:925} INFO - DAG(s) 'example_branch_operator' retrieved from /home/airflow/.local/lib/python3.12/site-packages/airflow/example_dags/example_branch_operator.py
[2025-03-17T13:42:00.418+0000] {logging_mixin.py:190} INFO - [2025-03-17T13:42:00.417+0000] {dag.py:3239} INFO - Sync 1 DAGs
[2025-03-17T13:42:00.453+0000] {logging_mixin.py:190} INFO - [2025-03-17T13:42:00.453+0000] {dag.py:4180} INFO - Setting next_dagrun for example_branch_operator to 2025-03-16 00:00:00+00:00, run_after=2025-03-17 00:00:00+00:00
[2025-03-17T13:42:00.485+0000] {processor.py:208} INFO - Processing /home/airflow/.local/lib/python3.12/site-packages/airflow/example_dags/example_branch_operator.py took 0.141 seconds
[2025-03-17T13:44:04.136+0000] {processor.py:186} INFO - Started process (PID=106) to work on /home/airflow/.local/lib/python3.12/site-packages/airflow/example_dags/example_branch_operator.py
[2025-03-17T13:44:04.221+0000] {processor.py:914} INFO - Processing file /home/airflow/.local/lib/python3.12/site-packages/airflow/example_dags/example_branch_operator.py for tasks to queue
[2025-03-17T13:44:04.227+0000] {logging_mixin.py:190} INFO - [2025-03-17T13:44:04.226+0000] {dagbag.py:588} INFO - Filling up the DagBag from /home/airflow/.local/lib/python3.12/site-packages/airflow/example_dags/example_branch_operator.py
[2025-03-17T13:44:04.285+0000] {processor.py:925} INFO - DAG(s) 'example_branch_operator' retrieved from /home/airflow/.local/lib/python3.12/site-packages/airflow/example_dags/example_branch_operator.py
[2025-03-17T13:44:04.717+0000] {logging_mixin.py:190} INFO - [2025-03-17T13:44:04.716+0000] {dag.py:3239} INFO - Sync 1 DAGs
[2025-03-17T13:44:04.782+0000] {logging_mixin.py:190} INFO - [2025-03-17T13:44:04.781+0000] {dag.py:4180} INFO - Setting next_dagrun for example_branch_operator to 2025-03-16 00:00:00+00:00, run_after=2025-03-17 00:00:00+00:00
[2025-03-17T13:44:04.851+0000] {processor.py:208} INFO - Processing /home/airflow/.local/lib/python3.12/site-packages/airflow/example_dags/example_branch_operator.py took 0.728 seconds
[2025-03-17T13:44:34.967+0000] {processor.py:186} INFO - Started process (PID=168) to work on /home/airflow/.local/lib/python3.12/site-packages/airflow/example_dags/example_branch_operator.py
[2025-03-17T13:44:34.968+0000] {processor.py:914} INFO - Processing file /home/airflow/.local/lib/python3.12/site-packages/airflow/example_dags/example_branch_operator.py for tasks to queue
[2025-03-17T13:44:34.970+0000] {logging_mixin.py:190} INFO - [2025-03-17T13:44:34.970+0000] {dagbag.py:588} INFO - Filling up the DagBag from /home/airflow/.local/lib/python3.12/site-packages/airflow/example_dags/example_branch_operator.py
[2025-03-17T13:44:34.989+0000] {processor.py:925} INFO - DAG(s) 'example_branch_operator' retrieved from /home/airflow/.local/lib/python3.12/site-packages/airflow/example_dags/example_branch_operator.py
[2025-03-17T13:44:35.018+0000] {logging_mixin.py:190} INFO - [2025-03-17T13:44:35.018+0000] {dag.py:3239} INFO - Sync 1 DAGs
[2025-03-17T13:44:35.044+0000] {logging_mixin.py:190} INFO - [2025-03-17T13:44:35.043+0000] {dag.py:4180} INFO - Setting next_dagrun for example_branch_operator to 2025-03-16 00:00:00+00:00, run_after=2025-03-17 00:00:00+00:00
[2025-03-17T13:44:35.063+0000] {processor.py:208} INFO - Processing /home/airflow/.local/lib/python3.12/site-packages/airflow/example_dags/example_branch_operator.py took 0.101 seconds
[2025-03-17T13:45:05.379+0000] {processor.py:186} INFO - Started process (PID=231) to work on /home/airflow/.local/lib/python3.12/site-packages/airflow/example_dags/example_branch_operator.py
[2025-03-17T13:45:05.380+0000] {processor.py:914} INFO - Processing file /home/airflow/.local/lib/python3.12/site-packages/airflow/example_dags/example_branch_operator.py for tasks to queue
[2025-03-17T13:45:05.382+0000] {logging_mixin.py:190} INFO - [2025-03-17T13:45:05.382+0000] {dagbag.py:588} INFO - Filling up the DagBag from /home/airflow/.local/lib/python3.12/site-packages/airflow/example_dags/example_branch_operator.py
[2025-03-17T13:45:05.400+0000] {processor.py:925} INFO - DAG(s) 'example_branch_operator' retrieved from /home/airflow/.local/lib/python3.12/site-packages/airflow/example_dags/example_branch_operator.py
[2025-03-17T13:45:05.430+0000] {logging_mixin.py:190} INFO - [2025-03-17T13:45:05.430+0000] {dag.py:3239} INFO - Sync 1 DAGs
[2025-03-17T13:45:05.454+0000] {logging_mixin.py:190} INFO - [2025-03-17T13:45:05.454+0000] {dag.py:4180} INFO - Setting next_dagrun for example_branch_operator to 2025-03-16 00:00:00+00:00, run_after=2025-03-17 00:00:00+00:00
[2025-03-17T13:45:05.473+0000] {processor.py:208} INFO - Processing /home/airflow/.local/lib/python3.12/site-packages/airflow/example_dags/example_branch_operator.py took 0.100 seconds
[2025-03-17T13:45:36.175+0000] {processor.py:186} INFO - Started process (PID=294) to work on /home/airflow/.local/lib/python3.12/site-packages/airflow/example_dags/example_branch_operator.py
[2025-03-17T13:45:36.186+0000] {processor.py:914} INFO - Processing file /home/airflow/.local/lib/python3.12/site-packages/airflow/example_dags/example_branch_operator.py for tasks to queue
[2025-03-17T13:45:36.189+0000] {logging_mixin.py:190} INFO - [2025-03-17T13:45:36.189+0000] {dagbag.py:588} INFO - Filling up the DagBag from /home/airflow/.local/lib/python3.12/site-packages/airflow/example_dags/example_branch_operator.py
[2025-03-17T13:45:36.208+0000] {processor.py:925} INFO - DAG(s) 'example_branch_operator' retrieved from /home/airflow/.local/lib/python3.12/site-packages/airflow/example_dags/example_branch_operator.py
[2025-03-17T13:45:36.247+0000] {logging_mixin.py:190} INFO - [2025-03-17T13:45:36.247+0000] {dag.py:3239} INFO - Sync 1 DAGs
[2025-03-17T13:45:36.281+0000] {logging_mixin.py:190} INFO - [2025-03-17T13:45:36.280+0000] {dag.py:4180} INFO - Setting next_dagrun for example_branch_operator to 2025-03-16 00:00:00+00:00, run_after=2025-03-17 00:00:00+00:00
[2025-03-17T13:45:36.306+0000] {processor.py:208} INFO - Processing /home/airflow/.local/lib/python3.12/site-packages/airflow/example_dags/example_branch_operator.py took 0.136 seconds
[2025-03-17T13:46:07.193+0000] {processor.py:186} INFO - Started process (PID=357) to work on /home/airflow/.local/lib/python3.12/site-packages/airflow/example_dags/example_branch_operator.py
[2025-03-17T13:46:07.194+0000] {processor.py:914} INFO - Processing file /home/airflow/.local/lib/python3.12/site-packages/airflow/example_dags/example_branch_operator.py for tasks to queue
[2025-03-17T13:46:07.197+0000] {logging_mixin.py:190} INFO - [2025-03-17T13:46:07.196+0000] {dagbag.py:588} INFO - Filling up the DagBag from /home/airflow/.local/lib/python3.12/site-packages/airflow/example_dags/example_branch_operator.py
[2025-03-17T13:46:07.217+0000] {processor.py:925} INFO - DAG(s) 'example_branch_operator' retrieved from /home/airflow/.local/lib/python3.12/site-packages/airflow/example_dags/example_branch_operator.py
[2025-03-17T13:46:07.250+0000] {logging_mixin.py:190} INFO - [2025-03-17T13:46:07.249+0000] {dag.py:3239} INFO - Sync 1 DAGs
[2025-03-17T13:46:07.285+0000] {logging_mixin.py:190} INFO - [2025-03-17T13:46:07.285+0000] {dag.py:4180} INFO - Setting next_dagrun for example_branch_operator to 2025-03-16 00:00:00+00:00, run_after=2025-03-17 00:00:00+00:00
[2025-03-17T13:46:07.309+0000] {processor.py:208} INFO - Processing /home/airflow/.local/lib/python3.12/site-packages/airflow/example_dags/example_branch_operator.py took 0.125 seconds
[2025-03-17T13:46:38.167+0000] {processor.py:186} INFO - Started process (PID=420) to work on /home/airflow/.local/lib/python3.12/site-packages/airflow/example_dags/example_branch_operator.py
[2025-03-17T13:46:38.174+0000] {processor.py:914} INFO - Processing file /home/airflow/.local/lib/python3.12/site-packages/airflow/example_dags/example_branch_operator.py for tasks to queue
[2025-03-17T13:46:38.176+0000] {logging_mixin.py:190} INFO - [2025-03-17T13:46:38.176+0000] {dagbag.py:588} INFO - Filling up the DagBag from /home/airflow/.local/lib/python3.12/site-packages/airflow/example_dags/example_branch_operator.py
[2025-03-17T13:46:38.193+0000] {processor.py:925} INFO - DAG(s) 'example_branch_operator' retrieved from /home/airflow/.local/lib/python3.12/site-packages/airflow/example_dags/example_branch_operator.py
[2025-03-17T13:46:38.221+0000] {logging_mixin.py:190} INFO - [2025-03-17T13:46:38.221+0000] {dag.py:3239} INFO - Sync 1 DAGs
[2025-03-17T13:46:38.246+0000] {logging_mixin.py:190} INFO - [2025-03-17T13:46:38.246+0000] {dag.py:4180} INFO - Setting next_dagrun for example_branch_operator to 2025-03-16 00:00:00+00:00, run_after=2025-03-17 00:00:00+00:00
[2025-03-17T13:46:38.266+0000] {processor.py:208} INFO - Processing /home/airflow/.local/lib/python3.12/site-packages/airflow/example_dags/example_branch_operator.py took 0.105 seconds
[2025-03-17T13:47:08.408+0000] {processor.py:186} INFO - Started process (PID=482) to work on /home/airflow/.local/lib/python3.12/site-packages/airflow/example_dags/example_branch_operator.py
[2025-03-17T13:47:08.408+0000] {processor.py:914} INFO - Processing file /home/airflow/.local/lib/python3.12/site-packages/airflow/example_dags/example_branch_operator.py for tasks to queue
[2025-03-17T13:47:08.411+0000] {logging_mixin.py:190} INFO - [2025-03-17T13:47:08.410+0000] {dagbag.py:588} INFO - Filling up the DagBag from /home/airflow/.local/lib/python3.12/site-packages/airflow/example_dags/example_branch_operator.py
[2025-03-17T13:47:08.428+0000] {processor.py:925} INFO - DAG(s) 'example_branch_operator' retrieved from /home/airflow/.local/lib/python3.12/site-packages/airflow/example_dags/example_branch_operator.py
[2025-03-17T13:47:08.455+0000] {logging_mixin.py:190} INFO - [2025-03-17T13:47:08.455+0000] {dag.py:3239} INFO - Sync 1 DAGs
[2025-03-17T13:47:08.479+0000] {logging_mixin.py:190} INFO - [2025-03-17T13:47:08.478+0000] {dag.py:4180} INFO - Setting next_dagrun for example_branch_operator to 2025-03-16 00:00:00+00:00, run_after=2025-03-17 00:00:00+00:00
[2025-03-17T13:47:08.498+0000] {processor.py:208} INFO - Processing /home/airflow/.local/lib/python3.12/site-packages/airflow/example_dags/example_branch_operator.py took 0.097 seconds
[2025-03-17T13:47:38.723+0000] {processor.py:186} INFO - Started process (PID=545) to work on /home/airflow/.local/lib/python3.12/site-packages/airflow/example_dags/example_branch_operator.py
[2025-03-17T13:47:38.724+0000] {processor.py:914} INFO - Processing file /home/airflow/.local/lib/python3.12/site-packages/airflow/example_dags/example_branch_operator.py for tasks to queue
[2025-03-17T13:47:38.726+0000] {logging_mixin.py:190} INFO - [2025-03-17T13:47:38.726+0000] {dagbag.py:588} INFO - Filling up the DagBag from /home/airflow/.local/lib/python3.12/site-packages/airflow/example_dags/example_branch_operator.py
[2025-03-17T13:47:38.742+0000] {processor.py:925} INFO - DAG(s) 'example_branch_operator' retrieved from /home/airflow/.local/lib/python3.12/site-packages/airflow/example_dags/example_branch_operator.py
[2025-03-17T13:47:38.769+0000] {logging_mixin.py:190} INFO - [2025-03-17T13:47:38.769+0000] {dag.py:3239} INFO - Sync 1 DAGs
[2025-03-17T13:47:38.795+0000] {logging_mixin.py:190} INFO - [2025-03-17T13:47:38.794+0000] {dag.py:4180} INFO - Setting next_dagrun for example_branch_operator to 2025-03-16 00:00:00+00:00, run_after=2025-03-17 00:00:00+00:00
[2025-03-17T13:47:38.813+0000] {processor.py:208} INFO - Processing /home/airflow/.local/lib/python3.12/site-packages/airflow/example_dags/example_branch_operator.py took 0.096 seconds
[2025-03-17T13:48:09.096+0000] {processor.py:186} INFO - Started process (PID=614) to work on /home/airflow/.local/lib/python3.12/site-packages/airflow/example_dags/example_branch_operator.py
[2025-03-17T13:48:09.097+0000] {processor.py:914} INFO - Processing file /home/airflow/.local/lib/python3.12/site-packages/airflow/example_dags/example_branch_operator.py for tasks to queue
[2025-03-17T13:48:09.100+0000] {logging_mixin.py:190} INFO - [2025-03-17T13:48:09.100+0000] {dagbag.py:588} INFO - Filling up the DagBag from /home/airflow/.local/lib/python3.12/site-packages/airflow/example_dags/example_branch_operator.py
[2025-03-17T13:48:09.119+0000] {processor.py:925} INFO - DAG(s) 'example_branch_operator' retrieved from /home/airflow/.local/lib/python3.12/site-packages/airflow/example_dags/example_branch_operator.py
[2025-03-17T13:48:09.149+0000] {logging_mixin.py:190} INFO - [2025-03-17T13:48:09.148+0000] {dag.py:3239} INFO - Sync 1 DAGs
[2025-03-17T13:48:09.175+0000] {logging_mixin.py:190} INFO - [2025-03-17T13:48:09.175+0000] {dag.py:4180} INFO - Setting next_dagrun for example_branch_operator to 2025-03-16 00:00:00+00:00, run_after=2025-03-17 00:00:00+00:00
[2025-03-17T13:48:09.195+0000] {processor.py:208} INFO - Processing /home/airflow/.local/lib/python3.12/site-packages/airflow/example_dags/example_branch_operator.py took 0.105 seconds
[2025-03-17T13:48:39.813+0000] {processor.py:186} INFO - Started process (PID=677) to work on /home/airflow/.local/lib/python3.12/site-packages/airflow/example_dags/example_branch_operator.py
[2025-03-17T13:48:39.822+0000] {processor.py:914} INFO - Processing file /home/airflow/.local/lib/python3.12/site-packages/airflow/example_dags/example_branch_operator.py for tasks to queue
[2025-03-17T13:48:39.826+0000] {logging_mixin.py:190} INFO - [2025-03-17T13:48:39.825+0000] {dagbag.py:588} INFO - Filling up the DagBag from /home/airflow/.local/lib/python3.12/site-packages/airflow/example_dags/example_branch_operator.py
[2025-03-17T13:48:39.844+0000] {processor.py:925} INFO - DAG(s) 'example_branch_operator' retrieved from /home/airflow/.local/lib/python3.12/site-packages/airflow/example_dags/example_branch_operator.py
[2025-03-17T13:48:39.877+0000] {logging_mixin.py:190} INFO - [2025-03-17T13:48:39.877+0000] {dag.py:3239} INFO - Sync 1 DAGs
[2025-03-17T13:48:39.906+0000] {logging_mixin.py:190} INFO - [2025-03-17T13:48:39.906+0000] {dag.py:4180} INFO - Setting next_dagrun for example_branch_operator to 2025-03-16 00:00:00+00:00, run_after=2025-03-17 00:00:00+00:00
[2025-03-17T13:48:39.930+0000] {processor.py:208} INFO - Processing /home/airflow/.local/lib/python3.12/site-packages/airflow/example_dags/example_branch_operator.py took 0.123 seconds
[2025-03-17T13:49:10.837+0000] {processor.py:186} INFO - Started process (PID=740) to work on /home/airflow/.local/lib/python3.12/site-packages/airflow/example_dags/example_branch_operator.py
[2025-03-17T13:49:10.938+0000] {processor.py:914} INFO - Processing file /home/airflow/.local/lib/python3.12/site-packages/airflow/example_dags/example_branch_operator.py for tasks to queue
[2025-03-17T13:49:10.948+0000] {logging_mixin.py:190} INFO - [2025-03-17T13:49:10.947+0000] {dagbag.py:588} INFO - Filling up the DagBag from /home/airflow/.local/lib/python3.12/site-packages/airflow/example_dags/example_branch_operator.py
[2025-03-17T13:49:10.983+0000] {processor.py:925} INFO - DAG(s) 'example_branch_operator' retrieved from /home/airflow/.local/lib/python3.12/site-packages/airflow/example_dags/example_branch_operator.py
[2025-03-17T13:49:11.016+0000] {logging_mixin.py:190} INFO - [2025-03-17T13:49:11.015+0000] {dag.py:3239} INFO - Sync 1 DAGs
[2025-03-17T13:49:11.043+0000] {logging_mixin.py:190} INFO - [2025-03-17T13:49:11.042+0000] {dag.py:4180} INFO - Setting next_dagrun for example_branch_operator to 2025-03-16 00:00:00+00:00, run_after=2025-03-17 00:00:00+00:00
[2025-03-17T13:49:11.064+0000] {processor.py:208} INFO - Processing /home/airflow/.local/lib/python3.12/site-packages/airflow/example_dags/example_branch_operator.py took 0.234 seconds
[2025-03-17T13:49:41.960+0000] {processor.py:186} INFO - Started process (PID=803) to work on /home/airflow/.local/lib/python3.12/site-packages/airflow/example_dags/example_branch_operator.py
[2025-03-17T13:49:41.961+0000] {processor.py:914} INFO - Processing file /home/airflow/.local/lib/python3.12/site-packages/airflow/example_dags/example_branch_operator.py for tasks to queue
[2025-03-17T13:49:41.963+0000] {logging_mixin.py:190} INFO - [2025-03-17T13:49:41.962+0000] {dagbag.py:588} INFO - Filling up the DagBag from /home/airflow/.local/lib/python3.12/site-packages/airflow/example_dags/example_branch_operator.py
[2025-03-17T13:49:41.982+0000] {processor.py:925} INFO - DAG(s) 'example_branch_operator' retrieved from /home/airflow/.local/lib/python3.12/site-packages/airflow/example_dags/example_branch_operator.py
[2025-03-17T13:49:42.013+0000] {logging_mixin.py:190} INFO - [2025-03-17T13:49:42.013+0000] {dag.py:3239} INFO - Sync 1 DAGs
[2025-03-17T13:49:42.041+0000] {logging_mixin.py:190} INFO - [2025-03-17T13:49:42.041+0000] {dag.py:4180} INFO - Setting next_dagrun for example_branch_operator to 2025-03-16 00:00:00+00:00, run_after=2025-03-17 00:00:00+00:00
[2025-03-17T13:49:42.062+0000] {processor.py:208} INFO - Processing /home/airflow/.local/lib/python3.12/site-packages/airflow/example_dags/example_branch_operator.py took 0.108 seconds
[2025-03-17T13:50:12.507+0000] {processor.py:186} INFO - Started process (PID=865) to work on /home/airflow/.local/lib/python3.12/site-packages/airflow/example_dags/example_branch_operator.py
[2025-03-17T13:50:12.508+0000] {processor.py:914} INFO - Processing file /home/airflow/.local/lib/python3.12/site-packages/airflow/example_dags/example_branch_operator.py for tasks to queue
[2025-03-17T13:50:12.511+0000] {logging_mixin.py:190} INFO - [2025-03-17T13:50:12.511+0000] {dagbag.py:588} INFO - Filling up the DagBag from /home/airflow/.local/lib/python3.12/site-packages/airflow/example_dags/example_branch_operator.py
[2025-03-17T13:50:12.532+0000] {processor.py:925} INFO - DAG(s) 'example_branch_operator' retrieved from /home/airflow/.local/lib/python3.12/site-packages/airflow/example_dags/example_branch_operator.py
[2025-03-17T13:50:12.560+0000] {logging_mixin.py:190} INFO - [2025-03-17T13:50:12.560+0000] {dag.py:3239} INFO - Sync 1 DAGs
[2025-03-17T13:50:12.586+0000] {logging_mixin.py:190} INFO - [2025-03-17T13:50:12.586+0000] {dag.py:4180} INFO - Setting next_dagrun for example_branch_operator to 2025-03-16 00:00:00+00:00, run_after=2025-03-17 00:00:00+00:00
[2025-03-17T13:50:12.608+0000] {processor.py:208} INFO - Processing /home/airflow/.local/lib/python3.12/site-packages/airflow/example_dags/example_branch_operator.py took 0.108 seconds
[2025-03-17T13:50:43.450+0000] {processor.py:186} INFO - Started process (PID=928) to work on /home/airflow/.local/lib/python3.12/site-packages/airflow/example_dags/example_branch_operator.py
[2025-03-17T13:50:43.451+0000] {processor.py:914} INFO - Processing file /home/airflow/.local/lib/python3.12/site-packages/airflow/example_dags/example_branch_operator.py for tasks to queue
[2025-03-17T13:50:43.454+0000] {logging_mixin.py:190} INFO - [2025-03-17T13:50:43.453+0000] {dagbag.py:588} INFO - Filling up the DagBag from /home/airflow/.local/lib/python3.12/site-packages/airflow/example_dags/example_branch_operator.py
[2025-03-17T13:50:43.471+0000] {processor.py:925} INFO - DAG(s) 'example_branch_operator' retrieved from /home/airflow/.local/lib/python3.12/site-packages/airflow/example_dags/example_branch_operator.py
[2025-03-17T13:50:43.498+0000] {logging_mixin.py:190} INFO - [2025-03-17T13:50:43.498+0000] {dag.py:3239} INFO - Sync 1 DAGs
[2025-03-17T13:50:43.521+0000] {logging_mixin.py:190} INFO - [2025-03-17T13:50:43.521+0000] {dag.py:4180} INFO - Setting next_dagrun for example_branch_operator to 2025-03-16 00:00:00+00:00, run_after=2025-03-17 00:00:00+00:00
[2025-03-17T13:50:43.540+0000] {processor.py:208} INFO - Processing /home/airflow/.local/lib/python3.12/site-packages/airflow/example_dags/example_branch_operator.py took 0.096 seconds
[2025-03-17T13:51:13.646+0000] {processor.py:186} INFO - Started process (PID=991) to work on /home/airflow/.local/lib/python3.12/site-packages/airflow/example_dags/example_branch_operator.py
[2025-03-17T13:51:13.647+0000] {processor.py:914} INFO - Processing file /home/airflow/.local/lib/python3.12/site-packages/airflow/example_dags/example_branch_operator.py for tasks to queue
[2025-03-17T13:51:13.649+0000] {logging_mixin.py:190} INFO - [2025-03-17T13:51:13.649+0000] {dagbag.py:588} INFO - Filling up the DagBag from /home/airflow/.local/lib/python3.12/site-packages/airflow/example_dags/example_branch_operator.py
[2025-03-17T13:51:13.667+0000] {processor.py:925} INFO - DAG(s) 'example_branch_operator' retrieved from /home/airflow/.local/lib/python3.12/site-packages/airflow/example_dags/example_branch_operator.py
[2025-03-17T13:51:13.692+0000] {logging_mixin.py:190} INFO - [2025-03-17T13:51:13.692+0000] {dag.py:3239} INFO - Sync 1 DAGs
[2025-03-17T13:51:13.715+0000] {logging_mixin.py:190} INFO - [2025-03-17T13:51:13.714+0000] {dag.py:4180} INFO - Setting next_dagrun for example_branch_operator to 2025-03-16 00:00:00+00:00, run_after=2025-03-17 00:00:00+00:00
[2025-03-17T13:51:13.733+0000] {processor.py:208} INFO - Processing /home/airflow/.local/lib/python3.12/site-packages/airflow/example_dags/example_branch_operator.py took 0.092 seconds
[2025-03-17T13:51:44.082+0000] {processor.py:186} INFO - Started process (PID=1054) to work on /home/airflow/.local/lib/python3.12/site-packages/airflow/example_dags/example_branch_operator.py
[2025-03-17T13:51:44.083+0000] {processor.py:914} INFO - Processing file /home/airflow/.local/lib/python3.12/site-packages/airflow/example_dags/example_branch_operator.py for tasks to queue
[2025-03-17T13:51:44.085+0000] {logging_mixin.py:190} INFO - [2025-03-17T13:51:44.085+0000] {dagbag.py:588} INFO - Filling up the DagBag from /home/airflow/.local/lib/python3.12/site-packages/airflow/example_dags/example_branch_operator.py
[2025-03-17T13:51:44.105+0000] {processor.py:925} INFO - DAG(s) 'example_branch_operator' retrieved from /home/airflow/.local/lib/python3.12/site-packages/airflow/example_dags/example_branch_operator.py
[2025-03-17T13:51:44.131+0000] {logging_mixin.py:190} INFO - [2025-03-17T13:51:44.131+0000] {dag.py:3239} INFO - Sync 1 DAGs
[2025-03-17T13:51:44.155+0000] {logging_mixin.py:190} INFO - [2025-03-17T13:51:44.154+0000] {dag.py:4180} INFO - Setting next_dagrun for example_branch_operator to 2025-03-16 00:00:00+00:00, run_after=2025-03-17 00:00:00+00:00
[2025-03-17T13:51:44.174+0000] {processor.py:208} INFO - Processing /home/airflow/.local/lib/python3.12/site-packages/airflow/example_dags/example_branch_operator.py took 0.099 seconds
[2025-03-17T13:52:14.983+0000] {processor.py:186} INFO - Started process (PID=1117) to work on /home/airflow/.local/lib/python3.12/site-packages/airflow/example_dags/example_branch_operator.py
[2025-03-17T13:52:14.984+0000] {processor.py:914} INFO - Processing file /home/airflow/.local/lib/python3.12/site-packages/airflow/example_dags/example_branch_operator.py for tasks to queue
[2025-03-17T13:52:14.986+0000] {logging_mixin.py:190} INFO - [2025-03-17T13:52:14.986+0000] {dagbag.py:588} INFO - Filling up the DagBag from /home/airflow/.local/lib/python3.12/site-packages/airflow/example_dags/example_branch_operator.py
[2025-03-17T13:52:15.004+0000] {processor.py:925} INFO - DAG(s) 'example_branch_operator' retrieved from /home/airflow/.local/lib/python3.12/site-packages/airflow/example_dags/example_branch_operator.py
[2025-03-17T13:52:15.030+0000] {logging_mixin.py:190} INFO - [2025-03-17T13:52:15.030+0000] {dag.py:3239} INFO - Sync 1 DAGs
[2025-03-17T13:52:15.054+0000] {logging_mixin.py:190} INFO - [2025-03-17T13:52:15.054+0000] {dag.py:4180} INFO - Setting next_dagrun for example_branch_operator to 2025-03-16 00:00:00+00:00, run_after=2025-03-17 00:00:00+00:00
[2025-03-17T13:52:15.072+0000] {processor.py:208} INFO - Processing /home/airflow/.local/lib/python3.12/site-packages/airflow/example_dags/example_branch_operator.py took 0.094 seconds
[2025-03-17T13:52:46.049+0000] {processor.py:186} INFO - Started process (PID=1180) to work on /home/airflow/.local/lib/python3.12/site-packages/airflow/example_dags/example_branch_operator.py
[2025-03-17T13:52:46.050+0000] {processor.py:914} INFO - Processing file /home/airflow/.local/lib/python3.12/site-packages/airflow/example_dags/example_branch_operator.py for tasks to queue
[2025-03-17T13:52:46.052+0000] {logging_mixin.py:190} INFO - [2025-03-17T13:52:46.052+0000] {dagbag.py:588} INFO - Filling up the DagBag from /home/airflow/.local/lib/python3.12/site-packages/airflow/example_dags/example_branch_operator.py
[2025-03-17T13:52:46.072+0000] {processor.py:925} INFO - DAG(s) 'example_branch_operator' retrieved from /home/airflow/.local/lib/python3.12/site-packages/airflow/example_dags/example_branch_operator.py
[2025-03-17T13:52:46.103+0000] {logging_mixin.py:190} INFO - [2025-03-17T13:52:46.103+0000] {dag.py:3239} INFO - Sync 1 DAGs
[2025-03-17T13:52:46.132+0000] {logging_mixin.py:190} INFO - [2025-03-17T13:52:46.132+0000] {dag.py:4180} INFO - Setting next_dagrun for example_branch_operator to 2025-03-16 00:00:00+00:00, run_after=2025-03-17 00:00:00+00:00
[2025-03-17T13:52:46.153+0000] {processor.py:208} INFO - Processing /home/airflow/.local/lib/python3.12/site-packages/airflow/example_dags/example_branch_operator.py took 0.110 seconds
[2025-03-17T13:53:16.685+0000] {processor.py:186} INFO - Started process (PID=1243) to work on /home/airflow/.local/lib/python3.12/site-packages/airflow/example_dags/example_branch_operator.py
[2025-03-17T13:53:16.686+0000] {processor.py:914} INFO - Processing file /home/airflow/.local/lib/python3.12/site-packages/airflow/example_dags/example_branch_operator.py for tasks to queue
[2025-03-17T13:53:16.690+0000] {logging_mixin.py:190} INFO - [2025-03-17T13:53:16.689+0000] {dagbag.py:588} INFO - Filling up the DagBag from /home/airflow/.local/lib/python3.12/site-packages/airflow/example_dags/example_branch_operator.py
[2025-03-17T13:53:16.713+0000] {processor.py:925} INFO - DAG(s) 'example_branch_operator' retrieved from /home/airflow/.local/lib/python3.12/site-packages/airflow/example_dags/example_branch_operator.py
[2025-03-17T13:53:16.748+0000] {logging_mixin.py:190} INFO - [2025-03-17T13:53:16.748+0000] {dag.py:3239} INFO - Sync 1 DAGs
[2025-03-17T13:53:16.783+0000] {logging_mixin.py:190} INFO - [2025-03-17T13:53:16.783+0000] {dag.py:4180} INFO - Setting next_dagrun for example_branch_operator to 2025-03-16 00:00:00+00:00, run_after=2025-03-17 00:00:00+00:00
[2025-03-17T13:53:16.808+0000] {processor.py:208} INFO - Processing /home/airflow/.local/lib/python3.12/site-packages/airflow/example_dags/example_branch_operator.py took 0.130 seconds
[2025-03-17T13:53:46.944+0000] {processor.py:186} INFO - Started process (PID=1306) to work on /home/airflow/.local/lib/python3.12/site-packages/airflow/example_dags/example_branch_operator.py
[2025-03-17T13:53:46.945+0000] {processor.py:914} INFO - Processing file /home/airflow/.local/lib/python3.12/site-packages/airflow/example_dags/example_branch_operator.py for tasks to queue
[2025-03-17T13:53:46.948+0000] {logging_mixin.py:190} INFO - [2025-03-17T13:53:46.947+0000] {dagbag.py:588} INFO - Filling up the DagBag from /home/airflow/.local/lib/python3.12/site-packages/airflow/example_dags/example_branch_operator.py
[2025-03-17T13:53:46.967+0000] {processor.py:925} INFO - DAG(s) 'example_branch_operator' retrieved from /home/airflow/.local/lib/python3.12/site-packages/airflow/example_dags/example_branch_operator.py
[2025-03-17T13:53:46.997+0000] {logging_mixin.py:190} INFO - [2025-03-17T13:53:46.997+0000] {dag.py:3239} INFO - Sync 1 DAGs
[2025-03-17T13:53:47.025+0000] {logging_mixin.py:190} INFO - [2025-03-17T13:53:47.025+0000] {dag.py:4180} INFO - Setting next_dagrun for example_branch_operator to 2025-03-16 00:00:00+00:00, run_after=2025-03-17 00:00:00+00:00
[2025-03-17T13:53:47.048+0000] {processor.py:208} INFO - Processing /home/airflow/.local/lib/python3.12/site-packages/airflow/example_dags/example_branch_operator.py took 0.112 seconds
[2025-03-17T16:58:41.450+0000] {processor.py:186} INFO - Started process (PID=100) to work on /home/airflow/.local/lib/python3.12/site-packages/airflow/example_dags/example_branch_operator.py
[2025-03-17T16:58:41.458+0000] {processor.py:914} INFO - Processing file /home/airflow/.local/lib/python3.12/site-packages/airflow/example_dags/example_branch_operator.py for tasks to queue
[2025-03-17T16:58:41.462+0000] {logging_mixin.py:190} INFO - [2025-03-17T16:58:41.461+0000] {dagbag.py:588} INFO - Filling up the DagBag from /home/airflow/.local/lib/python3.12/site-packages/airflow/example_dags/example_branch_operator.py
[2025-03-17T16:58:41.488+0000] {processor.py:925} INFO - DAG(s) 'example_branch_operator' retrieved from /home/airflow/.local/lib/python3.12/site-packages/airflow/example_dags/example_branch_operator.py
[2025-03-17T16:58:42.483+0000] {logging_mixin.py:190} INFO - [2025-03-17T16:58:42.483+0000] {dag.py:3239} INFO - Sync 1 DAGs
[2025-03-17T16:58:42.527+0000] {logging_mixin.py:190} INFO - [2025-03-17T16:58:42.527+0000] {dag.py:4180} INFO - Setting next_dagrun for example_branch_operator to 2025-03-16 00:00:00+00:00, run_after=2025-03-17 00:00:00+00:00
[2025-03-17T16:58:42.556+0000] {processor.py:208} INFO - Processing /home/airflow/.local/lib/python3.12/site-packages/airflow/example_dags/example_branch_operator.py took 1.112 seconds
[2025-03-17T16:59:13.388+0000] {processor.py:186} INFO - Started process (PID=163) to work on /home/airflow/.local/lib/python3.12/site-packages/airflow/example_dags/example_branch_operator.py
[2025-03-17T16:59:13.489+0000] {processor.py:914} INFO - Processing file /home/airflow/.local/lib/python3.12/site-packages/airflow/example_dags/example_branch_operator.py for tasks to queue
[2025-03-17T16:59:13.492+0000] {logging_mixin.py:190} INFO - [2025-03-17T16:59:13.491+0000] {dagbag.py:588} INFO - Filling up the DagBag from /home/airflow/.local/lib/python3.12/site-packages/airflow/example_dags/example_branch_operator.py
[2025-03-17T16:59:13.526+0000] {processor.py:925} INFO - DAG(s) 'example_branch_operator' retrieved from /home/airflow/.local/lib/python3.12/site-packages/airflow/example_dags/example_branch_operator.py
[2025-03-17T16:59:13.586+0000] {logging_mixin.py:190} INFO - [2025-03-17T16:59:13.585+0000] {dag.py:3239} INFO - Sync 1 DAGs
[2025-03-17T16:59:13.616+0000] {logging_mixin.py:190} INFO - [2025-03-17T16:59:13.616+0000] {dag.py:4180} INFO - Setting next_dagrun for example_branch_operator to 2025-03-16 00:00:00+00:00, run_after=2025-03-17 00:00:00+00:00
[2025-03-17T16:59:13.697+0000] {processor.py:208} INFO - Processing /home/airflow/.local/lib/python3.12/site-packages/airflow/example_dags/example_branch_operator.py took 0.314 seconds
[2025-03-17T16:59:44.416+0000] {processor.py:186} INFO - Started process (PID=226) to work on /home/airflow/.local/lib/python3.12/site-packages/airflow/example_dags/example_branch_operator.py
[2025-03-17T16:59:44.417+0000] {processor.py:914} INFO - Processing file /home/airflow/.local/lib/python3.12/site-packages/airflow/example_dags/example_branch_operator.py for tasks to queue
[2025-03-17T16:59:44.419+0000] {logging_mixin.py:190} INFO - [2025-03-17T16:59:44.419+0000] {dagbag.py:588} INFO - Filling up the DagBag from /home/airflow/.local/lib/python3.12/site-packages/airflow/example_dags/example_branch_operator.py
[2025-03-17T16:59:44.443+0000] {processor.py:925} INFO - DAG(s) 'example_branch_operator' retrieved from /home/airflow/.local/lib/python3.12/site-packages/airflow/example_dags/example_branch_operator.py
[2025-03-17T16:59:44.473+0000] {logging_mixin.py:190} INFO - [2025-03-17T16:59:44.473+0000] {dag.py:3239} INFO - Sync 1 DAGs
[2025-03-17T16:59:44.502+0000] {logging_mixin.py:190} INFO - [2025-03-17T16:59:44.502+0000] {dag.py:4180} INFO - Setting next_dagrun for example_branch_operator to 2025-03-16 00:00:00+00:00, run_after=2025-03-17 00:00:00+00:00
[2025-03-17T16:59:44.522+0000] {processor.py:208} INFO - Processing /home/airflow/.local/lib/python3.12/site-packages/airflow/example_dags/example_branch_operator.py took 0.113 seconds
[2025-03-17T17:00:15.282+0000] {processor.py:186} INFO - Started process (PID=294) to work on /home/airflow/.local/lib/python3.12/site-packages/airflow/example_dags/example_branch_operator.py
[2025-03-17T17:00:15.283+0000] {processor.py:914} INFO - Processing file /home/airflow/.local/lib/python3.12/site-packages/airflow/example_dags/example_branch_operator.py for tasks to queue
[2025-03-17T17:00:15.286+0000] {logging_mixin.py:190} INFO - [2025-03-17T17:00:15.285+0000] {dagbag.py:588} INFO - Filling up the DagBag from /home/airflow/.local/lib/python3.12/site-packages/airflow/example_dags/example_branch_operator.py
[2025-03-17T17:00:15.306+0000] {processor.py:925} INFO - DAG(s) 'example_branch_operator' retrieved from /home/airflow/.local/lib/python3.12/site-packages/airflow/example_dags/example_branch_operator.py
[2025-03-17T17:00:15.341+0000] {logging_mixin.py:190} INFO - [2025-03-17T17:00:15.341+0000] {dag.py:3239} INFO - Sync 1 DAGs
[2025-03-17T17:00:15.373+0000] {logging_mixin.py:190} INFO - [2025-03-17T17:00:15.373+0000] {dag.py:4180} INFO - Setting next_dagrun for example_branch_operator to 2025-03-16 00:00:00+00:00, run_after=2025-03-17 00:00:00+00:00
[2025-03-17T17:00:15.400+0000] {processor.py:208} INFO - Processing /home/airflow/.local/lib/python3.12/site-packages/airflow/example_dags/example_branch_operator.py took 0.124 seconds
[2025-03-17T17:00:45.535+0000] {processor.py:186} INFO - Started process (PID=357) to work on /home/airflow/.local/lib/python3.12/site-packages/airflow/example_dags/example_branch_operator.py
[2025-03-17T17:00:45.537+0000] {processor.py:914} INFO - Processing file /home/airflow/.local/lib/python3.12/site-packages/airflow/example_dags/example_branch_operator.py for tasks to queue
[2025-03-17T17:00:45.539+0000] {logging_mixin.py:190} INFO - [2025-03-17T17:00:45.539+0000] {dagbag.py:588} INFO - Filling up the DagBag from /home/airflow/.local/lib/python3.12/site-packages/airflow/example_dags/example_branch_operator.py
[2025-03-17T17:00:45.581+0000] {processor.py:925} INFO - DAG(s) 'example_branch_operator' retrieved from /home/airflow/.local/lib/python3.12/site-packages/airflow/example_dags/example_branch_operator.py
[2025-03-17T17:00:45.623+0000] {logging_mixin.py:190} INFO - [2025-03-17T17:00:45.623+0000] {dag.py:3239} INFO - Sync 1 DAGs
[2025-03-17T17:00:45.655+0000] {logging_mixin.py:190} INFO - [2025-03-17T17:00:45.654+0000] {dag.py:4180} INFO - Setting next_dagrun for example_branch_operator to 2025-03-16 00:00:00+00:00, run_after=2025-03-17 00:00:00+00:00
[2025-03-17T17:00:45.676+0000] {processor.py:208} INFO - Processing /home/airflow/.local/lib/python3.12/site-packages/airflow/example_dags/example_branch_operator.py took 0.151 seconds
[2025-03-17T17:01:38.737+0000] {processor.py:186} INFO - Started process (PID=420) to work on /home/airflow/.local/lib/python3.12/site-packages/airflow/example_dags/example_branch_operator.py
[2025-03-17T17:01:38.738+0000] {processor.py:914} INFO - Processing file /home/airflow/.local/lib/python3.12/site-packages/airflow/example_dags/example_branch_operator.py for tasks to queue
[2025-03-17T17:01:38.744+0000] {logging_mixin.py:190} INFO - [2025-03-17T17:01:38.742+0000] {dagbag.py:588} INFO - Filling up the DagBag from /home/airflow/.local/lib/python3.12/site-packages/airflow/example_dags/example_branch_operator.py
[2025-03-17T17:01:38.808+0000] {processor.py:925} INFO - DAG(s) 'example_branch_operator' retrieved from /home/airflow/.local/lib/python3.12/site-packages/airflow/example_dags/example_branch_operator.py
[2025-03-17T17:01:38.917+0000] {logging_mixin.py:190} INFO - [2025-03-17T17:01:38.917+0000] {dag.py:3239} INFO - Sync 1 DAGs
[2025-03-17T17:01:39.031+0000] {logging_mixin.py:190} INFO - [2025-03-17T17:01:39.030+0000] {dag.py:4180} INFO - Setting next_dagrun for example_branch_operator to 2025-03-16 00:00:00+00:00, run_after=2025-03-17 00:00:00+00:00
[2025-03-17T17:01:39.059+0000] {processor.py:208} INFO - Processing /home/airflow/.local/lib/python3.12/site-packages/airflow/example_dags/example_branch_operator.py took 0.333 seconds
[2025-03-17T17:02:24.311+0000] {processor.py:186} INFO - Started process (PID=495) to work on /home/airflow/.local/lib/python3.12/site-packages/airflow/example_dags/example_branch_operator.py
[2025-03-17T17:02:24.312+0000] {processor.py:914} INFO - Processing file /home/airflow/.local/lib/python3.12/site-packages/airflow/example_dags/example_branch_operator.py for tasks to queue
[2025-03-17T17:02:24.315+0000] {logging_mixin.py:190} INFO - [2025-03-17T17:02:24.315+0000] {dagbag.py:588} INFO - Filling up the DagBag from /home/airflow/.local/lib/python3.12/site-packages/airflow/example_dags/example_branch_operator.py
[2025-03-17T17:02:24.338+0000] {processor.py:925} INFO - DAG(s) 'example_branch_operator' retrieved from /home/airflow/.local/lib/python3.12/site-packages/airflow/example_dags/example_branch_operator.py
[2025-03-17T17:02:24.371+0000] {logging_mixin.py:190} INFO - [2025-03-17T17:02:24.371+0000] {dag.py:3239} INFO - Sync 1 DAGs
[2025-03-17T17:02:24.400+0000] {logging_mixin.py:190} INFO - [2025-03-17T17:02:24.400+0000] {dag.py:4180} INFO - Setting next_dagrun for example_branch_operator to 2025-03-16 00:00:00+00:00, run_after=2025-03-17 00:00:00+00:00
[2025-03-17T17:02:24.424+0000] {processor.py:208} INFO - Processing /home/airflow/.local/lib/python3.12/site-packages/airflow/example_dags/example_branch_operator.py took 0.120 seconds
[2025-03-17T17:02:56.866+0000] {processor.py:186} INFO - Started process (PID=558) to work on /home/airflow/.local/lib/python3.12/site-packages/airflow/example_dags/example_branch_operator.py
[2025-03-17T17:02:56.867+0000] {processor.py:914} INFO - Processing file /home/airflow/.local/lib/python3.12/site-packages/airflow/example_dags/example_branch_operator.py for tasks to queue
[2025-03-17T17:02:56.868+0000] {logging_mixin.py:190} INFO - [2025-03-17T17:02:56.868+0000] {dagbag.py:588} INFO - Filling up the DagBag from /home/airflow/.local/lib/python3.12/site-packages/airflow/example_dags/example_branch_operator.py
[2025-03-17T17:02:56.888+0000] {processor.py:925} INFO - DAG(s) 'example_branch_operator' retrieved from /home/airflow/.local/lib/python3.12/site-packages/airflow/example_dags/example_branch_operator.py
[2025-03-17T17:02:56.918+0000] {logging_mixin.py:190} INFO - [2025-03-17T17:02:56.918+0000] {dag.py:3239} INFO - Sync 1 DAGs
[2025-03-17T17:02:56.944+0000] {logging_mixin.py:190} INFO - [2025-03-17T17:02:56.944+0000] {dag.py:4180} INFO - Setting next_dagrun for example_branch_operator to 2025-03-16 00:00:00+00:00, run_after=2025-03-17 00:00:00+00:00
[2025-03-17T17:02:56.965+0000] {processor.py:208} INFO - Processing /home/airflow/.local/lib/python3.12/site-packages/airflow/example_dags/example_branch_operator.py took 0.105 seconds
[2025-03-17T17:03:28.161+0000] {processor.py:186} INFO - Started process (PID=621) to work on /home/airflow/.local/lib/python3.12/site-packages/airflow/example_dags/example_branch_operator.py
[2025-03-17T17:03:28.162+0000] {processor.py:914} INFO - Processing file /home/airflow/.local/lib/python3.12/site-packages/airflow/example_dags/example_branch_operator.py for tasks to queue
[2025-03-17T17:03:28.163+0000] {logging_mixin.py:190} INFO - [2025-03-17T17:03:28.163+0000] {dagbag.py:588} INFO - Filling up the DagBag from /home/airflow/.local/lib/python3.12/site-packages/airflow/example_dags/example_branch_operator.py
[2025-03-17T17:03:28.183+0000] {processor.py:925} INFO - DAG(s) 'example_branch_operator' retrieved from /home/airflow/.local/lib/python3.12/site-packages/airflow/example_dags/example_branch_operator.py
[2025-03-17T17:03:28.213+0000] {logging_mixin.py:190} INFO - [2025-03-17T17:03:28.213+0000] {dag.py:3239} INFO - Sync 1 DAGs
[2025-03-17T17:03:28.239+0000] {logging_mixin.py:190} INFO - [2025-03-17T17:03:28.238+0000] {dag.py:4180} INFO - Setting next_dagrun for example_branch_operator to 2025-03-16 00:00:00+00:00, run_after=2025-03-17 00:00:00+00:00
[2025-03-17T17:03:28.260+0000] {processor.py:208} INFO - Processing /home/airflow/.local/lib/python3.12/site-packages/airflow/example_dags/example_branch_operator.py took 0.106 seconds
[2025-03-17T17:03:58.427+0000] {processor.py:186} INFO - Started process (PID=684) to work on /home/airflow/.local/lib/python3.12/site-packages/airflow/example_dags/example_branch_operator.py
[2025-03-17T17:03:58.428+0000] {processor.py:914} INFO - Processing file /home/airflow/.local/lib/python3.12/site-packages/airflow/example_dags/example_branch_operator.py for tasks to queue
[2025-03-17T17:03:58.430+0000] {logging_mixin.py:190} INFO - [2025-03-17T17:03:58.429+0000] {dagbag.py:588} INFO - Filling up the DagBag from /home/airflow/.local/lib/python3.12/site-packages/airflow/example_dags/example_branch_operator.py
[2025-03-17T17:03:58.452+0000] {processor.py:925} INFO - DAG(s) 'example_branch_operator' retrieved from /home/airflow/.local/lib/python3.12/site-packages/airflow/example_dags/example_branch_operator.py
[2025-03-17T17:03:58.489+0000] {logging_mixin.py:190} INFO - [2025-03-17T17:03:58.488+0000] {dag.py:3239} INFO - Sync 1 DAGs
[2025-03-17T17:03:58.524+0000] {logging_mixin.py:190} INFO - [2025-03-17T17:03:58.523+0000] {dag.py:4180} INFO - Setting next_dagrun for example_branch_operator to 2025-03-16 00:00:00+00:00, run_after=2025-03-17 00:00:00+00:00
[2025-03-17T17:03:58.546+0000] {processor.py:208} INFO - Processing /home/airflow/.local/lib/python3.12/site-packages/airflow/example_dags/example_branch_operator.py took 0.128 seconds
[2025-03-17T17:04:28.917+0000] {processor.py:186} INFO - Started process (PID=746) to work on /home/airflow/.local/lib/python3.12/site-packages/airflow/example_dags/example_branch_operator.py
[2025-03-17T17:04:28.918+0000] {processor.py:914} INFO - Processing file /home/airflow/.local/lib/python3.12/site-packages/airflow/example_dags/example_branch_operator.py for tasks to queue
[2025-03-17T17:04:28.919+0000] {logging_mixin.py:190} INFO - [2025-03-17T17:04:28.919+0000] {dagbag.py:588} INFO - Filling up the DagBag from /home/airflow/.local/lib/python3.12/site-packages/airflow/example_dags/example_branch_operator.py
[2025-03-17T17:04:28.940+0000] {processor.py:925} INFO - DAG(s) 'example_branch_operator' retrieved from /home/airflow/.local/lib/python3.12/site-packages/airflow/example_dags/example_branch_operator.py
[2025-03-17T17:04:28.969+0000] {logging_mixin.py:190} INFO - [2025-03-17T17:04:28.968+0000] {dag.py:3239} INFO - Sync 1 DAGs
[2025-03-17T17:04:28.996+0000] {logging_mixin.py:190} INFO - [2025-03-17T17:04:28.996+0000] {dag.py:4180} INFO - Setting next_dagrun for example_branch_operator to 2025-03-16 00:00:00+00:00, run_after=2025-03-17 00:00:00+00:00
[2025-03-17T17:04:29.016+0000] {processor.py:208} INFO - Processing /home/airflow/.local/lib/python3.12/site-packages/airflow/example_dags/example_branch_operator.py took 0.106 seconds
[2025-03-17T17:05:00.760+0000] {processor.py:186} INFO - Started process (PID=808) to work on /home/airflow/.local/lib/python3.12/site-packages/airflow/example_dags/example_branch_operator.py
[2025-03-17T17:05:00.761+0000] {processor.py:914} INFO - Processing file /home/airflow/.local/lib/python3.12/site-packages/airflow/example_dags/example_branch_operator.py for tasks to queue
[2025-03-17T17:05:00.763+0000] {logging_mixin.py:190} INFO - [2025-03-17T17:05:00.763+0000] {dagbag.py:588} INFO - Filling up the DagBag from /home/airflow/.local/lib/python3.12/site-packages/airflow/example_dags/example_branch_operator.py
[2025-03-17T17:05:00.784+0000] {processor.py:925} INFO - DAG(s) 'example_branch_operator' retrieved from /home/airflow/.local/lib/python3.12/site-packages/airflow/example_dags/example_branch_operator.py
[2025-03-17T17:05:00.816+0000] {logging_mixin.py:190} INFO - [2025-03-17T17:05:00.815+0000] {dag.py:3239} INFO - Sync 1 DAGs
[2025-03-17T17:05:00.843+0000] {logging_mixin.py:190} INFO - [2025-03-17T17:05:00.843+0000] {dag.py:4180} INFO - Setting next_dagrun for example_branch_operator to 2025-03-16 00:00:00+00:00, run_after=2025-03-17 00:00:00+00:00
[2025-03-17T17:05:00.866+0000] {processor.py:208} INFO - Processing /home/airflow/.local/lib/python3.12/site-packages/airflow/example_dags/example_branch_operator.py took 0.112 seconds
[2025-03-17T17:05:31.917+0000] {processor.py:186} INFO - Started process (PID=872) to work on /home/airflow/.local/lib/python3.12/site-packages/airflow/example_dags/example_branch_operator.py
[2025-03-17T17:05:31.918+0000] {processor.py:914} INFO - Processing file /home/airflow/.local/lib/python3.12/site-packages/airflow/example_dags/example_branch_operator.py for tasks to queue
[2025-03-17T17:05:31.919+0000] {logging_mixin.py:190} INFO - [2025-03-17T17:05:31.919+0000] {dagbag.py:588} INFO - Filling up the DagBag from /home/airflow/.local/lib/python3.12/site-packages/airflow/example_dags/example_branch_operator.py
[2025-03-17T17:05:31.943+0000] {processor.py:925} INFO - DAG(s) 'example_branch_operator' retrieved from /home/airflow/.local/lib/python3.12/site-packages/airflow/example_dags/example_branch_operator.py
[2025-03-17T17:05:31.974+0000] {logging_mixin.py:190} INFO - [2025-03-17T17:05:31.974+0000] {dag.py:3239} INFO - Sync 1 DAGs
[2025-03-17T17:05:31.999+0000] {logging_mixin.py:190} INFO - [2025-03-17T17:05:31.999+0000] {dag.py:4180} INFO - Setting next_dagrun for example_branch_operator to 2025-03-16 00:00:00+00:00, run_after=2025-03-17 00:00:00+00:00
[2025-03-17T17:05:32.021+0000] {processor.py:208} INFO - Processing /home/airflow/.local/lib/python3.12/site-packages/airflow/example_dags/example_branch_operator.py took 0.110 seconds
[2025-03-17T17:06:03.258+0000] {processor.py:186} INFO - Started process (PID=941) to work on /home/airflow/.local/lib/python3.12/site-packages/airflow/example_dags/example_branch_operator.py
[2025-03-17T17:06:03.259+0000] {processor.py:914} INFO - Processing file /home/airflow/.local/lib/python3.12/site-packages/airflow/example_dags/example_branch_operator.py for tasks to queue
[2025-03-17T17:06:03.261+0000] {logging_mixin.py:190} INFO - [2025-03-17T17:06:03.261+0000] {dagbag.py:588} INFO - Filling up the DagBag from /home/airflow/.local/lib/python3.12/site-packages/airflow/example_dags/example_branch_operator.py
[2025-03-17T17:06:03.292+0000] {processor.py:925} INFO - DAG(s) 'example_branch_operator' retrieved from /home/airflow/.local/lib/python3.12/site-packages/airflow/example_dags/example_branch_operator.py
[2025-03-17T17:06:03.326+0000] {logging_mixin.py:190} INFO - [2025-03-17T17:06:03.325+0000] {dag.py:3239} INFO - Sync 1 DAGs
[2025-03-17T17:06:03.354+0000] {logging_mixin.py:190} INFO - [2025-03-17T17:06:03.354+0000] {dag.py:4180} INFO - Setting next_dagrun for example_branch_operator to 2025-03-16 00:00:00+00:00, run_after=2025-03-17 00:00:00+00:00
[2025-03-17T17:06:03.375+0000] {processor.py:208} INFO - Processing /home/airflow/.local/lib/python3.12/site-packages/airflow/example_dags/example_branch_operator.py took 0.125 seconds
[2025-03-17T17:06:36.012+0000] {processor.py:186} INFO - Started process (PID=1005) to work on /home/airflow/.local/lib/python3.12/site-packages/airflow/example_dags/example_branch_operator.py
[2025-03-17T17:06:36.013+0000] {processor.py:914} INFO - Processing file /home/airflow/.local/lib/python3.12/site-packages/airflow/example_dags/example_branch_operator.py for tasks to queue
[2025-03-17T17:06:36.014+0000] {logging_mixin.py:190} INFO - [2025-03-17T17:06:36.014+0000] {dagbag.py:588} INFO - Filling up the DagBag from /home/airflow/.local/lib/python3.12/site-packages/airflow/example_dags/example_branch_operator.py
[2025-03-17T17:06:36.035+0000] {processor.py:925} INFO - DAG(s) 'example_branch_operator' retrieved from /home/airflow/.local/lib/python3.12/site-packages/airflow/example_dags/example_branch_operator.py
[2025-03-17T17:06:36.065+0000] {logging_mixin.py:190} INFO - [2025-03-17T17:06:36.064+0000] {dag.py:3239} INFO - Sync 1 DAGs
[2025-03-17T17:06:36.092+0000] {logging_mixin.py:190} INFO - [2025-03-17T17:06:36.092+0000] {dag.py:4180} INFO - Setting next_dagrun for example_branch_operator to 2025-03-16 00:00:00+00:00, run_after=2025-03-17 00:00:00+00:00
[2025-03-17T17:06:36.116+0000] {processor.py:208} INFO - Processing /home/airflow/.local/lib/python3.12/site-packages/airflow/example_dags/example_branch_operator.py took 0.110 seconds
[2025-03-17T17:07:06.949+0000] {processor.py:186} INFO - Started process (PID=1068) to work on /home/airflow/.local/lib/python3.12/site-packages/airflow/example_dags/example_branch_operator.py
[2025-03-17T17:07:06.950+0000] {processor.py:914} INFO - Processing file /home/airflow/.local/lib/python3.12/site-packages/airflow/example_dags/example_branch_operator.py for tasks to queue
[2025-03-17T17:07:06.951+0000] {logging_mixin.py:190} INFO - [2025-03-17T17:07:06.951+0000] {dagbag.py:588} INFO - Filling up the DagBag from /home/airflow/.local/lib/python3.12/site-packages/airflow/example_dags/example_branch_operator.py
[2025-03-17T17:07:06.974+0000] {processor.py:925} INFO - DAG(s) 'example_branch_operator' retrieved from /home/airflow/.local/lib/python3.12/site-packages/airflow/example_dags/example_branch_operator.py
[2025-03-17T17:07:07.004+0000] {logging_mixin.py:190} INFO - [2025-03-17T17:07:07.003+0000] {dag.py:3239} INFO - Sync 1 DAGs
[2025-03-17T17:07:07.030+0000] {logging_mixin.py:190} INFO - [2025-03-17T17:07:07.030+0000] {dag.py:4180} INFO - Setting next_dagrun for example_branch_operator to 2025-03-16 00:00:00+00:00, run_after=2025-03-17 00:00:00+00:00
[2025-03-17T17:07:07.050+0000] {processor.py:208} INFO - Processing /home/airflow/.local/lib/python3.12/site-packages/airflow/example_dags/example_branch_operator.py took 0.109 seconds
[2025-03-17T17:07:38.237+0000] {processor.py:186} INFO - Started process (PID=1130) to work on /home/airflow/.local/lib/python3.12/site-packages/airflow/example_dags/example_branch_operator.py
[2025-03-17T17:07:38.238+0000] {processor.py:914} INFO - Processing file /home/airflow/.local/lib/python3.12/site-packages/airflow/example_dags/example_branch_operator.py for tasks to queue
[2025-03-17T17:07:38.239+0000] {logging_mixin.py:190} INFO - [2025-03-17T17:07:38.239+0000] {dagbag.py:588} INFO - Filling up the DagBag from /home/airflow/.local/lib/python3.12/site-packages/airflow/example_dags/example_branch_operator.py
[2025-03-17T17:07:38.261+0000] {processor.py:925} INFO - DAG(s) 'example_branch_operator' retrieved from /home/airflow/.local/lib/python3.12/site-packages/airflow/example_dags/example_branch_operator.py
[2025-03-17T17:07:38.291+0000] {logging_mixin.py:190} INFO - [2025-03-17T17:07:38.290+0000] {dag.py:3239} INFO - Sync 1 DAGs
[2025-03-17T17:07:38.318+0000] {logging_mixin.py:190} INFO - [2025-03-17T17:07:38.318+0000] {dag.py:4180} INFO - Setting next_dagrun for example_branch_operator to 2025-03-16 00:00:00+00:00, run_after=2025-03-17 00:00:00+00:00
[2025-03-17T17:07:38.339+0000] {processor.py:208} INFO - Processing /home/airflow/.local/lib/python3.12/site-packages/airflow/example_dags/example_branch_operator.py took 0.108 seconds
[2025-03-17T17:08:09.581+0000] {processor.py:186} INFO - Started process (PID=1187) to work on /home/airflow/.local/lib/python3.12/site-packages/airflow/example_dags/example_branch_operator.py
[2025-03-17T17:08:09.582+0000] {processor.py:914} INFO - Processing file /home/airflow/.local/lib/python3.12/site-packages/airflow/example_dags/example_branch_operator.py for tasks to queue
[2025-03-17T17:08:09.584+0000] {logging_mixin.py:190} INFO - [2025-03-17T17:08:09.584+0000] {dagbag.py:588} INFO - Filling up the DagBag from /home/airflow/.local/lib/python3.12/site-packages/airflow/example_dags/example_branch_operator.py
[2025-03-17T17:08:09.609+0000] {processor.py:925} INFO - DAG(s) 'example_branch_operator' retrieved from /home/airflow/.local/lib/python3.12/site-packages/airflow/example_dags/example_branch_operator.py
[2025-03-17T17:08:09.640+0000] {logging_mixin.py:190} INFO - [2025-03-17T17:08:09.640+0000] {dag.py:3239} INFO - Sync 1 DAGs
[2025-03-17T17:08:09.671+0000] {logging_mixin.py:190} INFO - [2025-03-17T17:08:09.671+0000] {dag.py:4180} INFO - Setting next_dagrun for example_branch_operator to 2025-03-16 00:00:00+00:00, run_after=2025-03-17 00:00:00+00:00
[2025-03-17T17:08:09.692+0000] {processor.py:208} INFO - Processing /home/airflow/.local/lib/python3.12/site-packages/airflow/example_dags/example_branch_operator.py took 0.117 seconds
