[2025-03-17T13:32:30.310+0000] {processor.py:186} INFO - Started process (PID=90) to work on /home/airflow/.local/lib/python3.12/site-packages/airflow/example_dags/example_sla_dag.py
[2025-03-17T13:32:30.329+0000] {processor.py:914} INFO - Processing file /home/airflow/.local/lib/python3.12/site-packages/airflow/example_dags/example_sla_dag.py for tasks to queue
[2025-03-17T13:32:30.340+0000] {logging_mixin.py:190} INFO - [2025-03-17T13:32:30.338+0000] {dagbag.py:588} INFO - Filling up the DagBag from /home/airflow/.local/lib/python3.12/site-packages/airflow/example_dags/example_sla_dag.py
[2025-03-17T13:32:30.403+0000] {processor.py:925} INFO - DAG(s) 'example_sla_dag' retrieved from /home/airflow/.local/lib/python3.12/site-packages/airflow/example_dags/example_sla_dag.py
[2025-03-17T13:32:31.135+0000] {logging_mixin.py:190} INFO - [2025-03-17T13:32:31.129+0000] {override.py:1912} INFO - Created Permission View: can read on DAG:example_sla_dag
[2025-03-17T13:32:31.156+0000] {logging_mixin.py:190} INFO - [2025-03-17T13:32:31.155+0000] {override.py:1912} INFO - Created Permission View: can edit on DAG:example_sla_dag
[2025-03-17T13:32:31.167+0000] {logging_mixin.py:190} INFO - [2025-03-17T13:32:31.166+0000] {override.py:1912} INFO - Created Permission View: can delete on DAG:example_sla_dag
[2025-03-17T13:32:31.180+0000] {logging_mixin.py:190} INFO - [2025-03-17T13:32:31.180+0000] {override.py:1912} INFO - Created Permission View: can read on DAG Run:example_sla_dag
[2025-03-17T13:32:31.192+0000] {logging_mixin.py:190} INFO - [2025-03-17T13:32:31.192+0000] {override.py:1912} INFO - Created Permission View: can delete on DAG Run:example_sla_dag
[2025-03-17T13:32:31.202+0000] {logging_mixin.py:190} INFO - [2025-03-17T13:32:31.201+0000] {override.py:1912} INFO - Created Permission View: can create on DAG Run:example_sla_dag
[2025-03-17T13:32:31.212+0000] {logging_mixin.py:190} INFO - [2025-03-17T13:32:31.211+0000] {override.py:1912} INFO - Created Permission View: menu access on DAG Run:example_sla_dag
[2025-03-17T13:32:31.213+0000] {logging_mixin.py:190} INFO - [2025-03-17T13:32:31.213+0000] {dag.py:3239} INFO - Sync 1 DAGs
[2025-03-17T13:32:31.262+0000] {logging_mixin.py:190} INFO - [2025-03-17T13:32:31.262+0000] {dag.py:3262} INFO - Creating ORM DAG for example_sla_dag
[2025-03-17T13:32:31.306+0000] {logging_mixin.py:190} INFO - [2025-03-17T13:32:31.305+0000] {dag.py:4180} INFO - Setting next_dagrun for example_sla_dag to 2025-03-17 13:30:00+00:00, run_after=2025-03-17 13:32:00+00:00
[2025-03-17T13:32:31.356+0000] {processor.py:208} INFO - Processing /home/airflow/.local/lib/python3.12/site-packages/airflow/example_dags/example_sla_dag.py took 1.073 seconds
[2025-03-17T13:33:01.469+0000] {processor.py:186} INFO - Started process (PID=152) to work on /home/airflow/.local/lib/python3.12/site-packages/airflow/example_dags/example_sla_dag.py
[2025-03-17T13:33:01.554+0000] {processor.py:914} INFO - Processing file /home/airflow/.local/lib/python3.12/site-packages/airflow/example_dags/example_sla_dag.py for tasks to queue
[2025-03-17T13:33:01.556+0000] {logging_mixin.py:190} INFO - [2025-03-17T13:33:01.556+0000] {dagbag.py:588} INFO - Filling up the DagBag from /home/airflow/.local/lib/python3.12/site-packages/airflow/example_dags/example_sla_dag.py
[2025-03-17T13:33:01.569+0000] {processor.py:925} INFO - DAG(s) 'example_sla_dag' retrieved from /home/airflow/.local/lib/python3.12/site-packages/airflow/example_dags/example_sla_dag.py
[2025-03-17T13:33:01.593+0000] {logging_mixin.py:190} INFO - [2025-03-17T13:33:01.593+0000] {dag.py:3239} INFO - Sync 1 DAGs
[2025-03-17T13:33:01.626+0000] {logging_mixin.py:190} INFO - [2025-03-17T13:33:01.626+0000] {dag.py:4180} INFO - Setting next_dagrun for example_sla_dag to 2025-03-17 13:30:00+00:00, run_after=2025-03-17 13:32:00+00:00
[2025-03-17T13:33:01.654+0000] {processor.py:208} INFO - Processing /home/airflow/.local/lib/python3.12/site-packages/airflow/example_dags/example_sla_dag.py took 0.191 seconds
[2025-03-17T13:33:32.267+0000] {processor.py:186} INFO - Started process (PID=215) to work on /home/airflow/.local/lib/python3.12/site-packages/airflow/example_dags/example_sla_dag.py
[2025-03-17T13:33:32.375+0000] {processor.py:914} INFO - Processing file /home/airflow/.local/lib/python3.12/site-packages/airflow/example_dags/example_sla_dag.py for tasks to queue
[2025-03-17T13:33:32.379+0000] {logging_mixin.py:190} INFO - [2025-03-17T13:33:32.379+0000] {dagbag.py:588} INFO - Filling up the DagBag from /home/airflow/.local/lib/python3.12/site-packages/airflow/example_dags/example_sla_dag.py
[2025-03-17T13:33:32.390+0000] {processor.py:925} INFO - DAG(s) 'example_sla_dag' retrieved from /home/airflow/.local/lib/python3.12/site-packages/airflow/example_dags/example_sla_dag.py
[2025-03-17T13:33:32.412+0000] {logging_mixin.py:190} INFO - [2025-03-17T13:33:32.412+0000] {dag.py:3239} INFO - Sync 1 DAGs
[2025-03-17T13:33:32.441+0000] {logging_mixin.py:190} INFO - [2025-03-17T13:33:32.440+0000] {dag.py:4180} INFO - Setting next_dagrun for example_sla_dag to 2025-03-17 13:30:00+00:00, run_after=2025-03-17 13:32:00+00:00
[2025-03-17T13:33:32.459+0000] {processor.py:208} INFO - Processing /home/airflow/.local/lib/python3.12/site-packages/airflow/example_dags/example_sla_dag.py took 0.198 seconds
[2025-03-17T13:34:03.412+0000] {processor.py:186} INFO - Started process (PID=278) to work on /home/airflow/.local/lib/python3.12/site-packages/airflow/example_dags/example_sla_dag.py
[2025-03-17T13:34:03.414+0000] {processor.py:914} INFO - Processing file /home/airflow/.local/lib/python3.12/site-packages/airflow/example_dags/example_sla_dag.py for tasks to queue
[2025-03-17T13:34:03.418+0000] {logging_mixin.py:190} INFO - [2025-03-17T13:34:03.417+0000] {dagbag.py:588} INFO - Filling up the DagBag from /home/airflow/.local/lib/python3.12/site-packages/airflow/example_dags/example_sla_dag.py
[2025-03-17T13:34:03.446+0000] {processor.py:925} INFO - DAG(s) 'example_sla_dag' retrieved from /home/airflow/.local/lib/python3.12/site-packages/airflow/example_dags/example_sla_dag.py
[2025-03-17T13:34:04.371+0000] {logging_mixin.py:190} INFO - [2025-03-17T13:34:04.364+0000] {dag.py:3239} INFO - Sync 1 DAGs
[2025-03-17T13:34:04.462+0000] {logging_mixin.py:190} INFO - [2025-03-17T13:34:04.454+0000] {dag.py:4180} INFO - Setting next_dagrun for example_sla_dag to 2025-03-17 13:32:00+00:00, run_after=2025-03-17 13:34:00+00:00
[2025-03-17T13:34:04.852+0000] {processor.py:208} INFO - Processing /home/airflow/.local/lib/python3.12/site-packages/airflow/example_dags/example_sla_dag.py took 1.452 seconds
[2025-03-17T13:34:34.941+0000] {processor.py:186} INFO - Started process (PID=340) to work on /home/airflow/.local/lib/python3.12/site-packages/airflow/example_dags/example_sla_dag.py
[2025-03-17T13:34:34.943+0000] {processor.py:914} INFO - Processing file /home/airflow/.local/lib/python3.12/site-packages/airflow/example_dags/example_sla_dag.py for tasks to queue
[2025-03-17T13:34:34.947+0000] {logging_mixin.py:190} INFO - [2025-03-17T13:34:34.946+0000] {dagbag.py:588} INFO - Filling up the DagBag from /home/airflow/.local/lib/python3.12/site-packages/airflow/example_dags/example_sla_dag.py
[2025-03-17T13:34:34.962+0000] {processor.py:925} INFO - DAG(s) 'example_sla_dag' retrieved from /home/airflow/.local/lib/python3.12/site-packages/airflow/example_dags/example_sla_dag.py
[2025-03-17T13:34:34.986+0000] {logging_mixin.py:190} INFO - [2025-03-17T13:34:34.986+0000] {dag.py:3239} INFO - Sync 1 DAGs
[2025-03-17T13:34:35.018+0000] {logging_mixin.py:190} INFO - [2025-03-17T13:34:35.018+0000] {dag.py:4180} INFO - Setting next_dagrun for example_sla_dag to 2025-03-17 13:32:00+00:00, run_after=2025-03-17 13:34:00+00:00
[2025-03-17T13:34:35.038+0000] {processor.py:208} INFO - Processing /home/airflow/.local/lib/python3.12/site-packages/airflow/example_dags/example_sla_dag.py took 0.105 seconds
[2025-03-17T13:35:05.503+0000] {processor.py:186} INFO - Started process (PID=403) to work on /home/airflow/.local/lib/python3.12/site-packages/airflow/example_dags/example_sla_dag.py
[2025-03-17T13:35:05.505+0000] {processor.py:914} INFO - Processing file /home/airflow/.local/lib/python3.12/site-packages/airflow/example_dags/example_sla_dag.py for tasks to queue
[2025-03-17T13:35:05.508+0000] {logging_mixin.py:190} INFO - [2025-03-17T13:35:05.507+0000] {dagbag.py:588} INFO - Filling up the DagBag from /home/airflow/.local/lib/python3.12/site-packages/airflow/example_dags/example_sla_dag.py
[2025-03-17T13:35:05.524+0000] {processor.py:925} INFO - DAG(s) 'example_sla_dag' retrieved from /home/airflow/.local/lib/python3.12/site-packages/airflow/example_dags/example_sla_dag.py
[2025-03-17T13:35:05.545+0000] {logging_mixin.py:190} INFO - [2025-03-17T13:35:05.545+0000] {dag.py:3239} INFO - Sync 1 DAGs
[2025-03-17T13:35:05.576+0000] {logging_mixin.py:190} INFO - [2025-03-17T13:35:05.576+0000] {dag.py:4180} INFO - Setting next_dagrun for example_sla_dag to 2025-03-17 13:32:00+00:00, run_after=2025-03-17 13:34:00+00:00
[2025-03-17T13:35:05.596+0000] {processor.py:208} INFO - Processing /home/airflow/.local/lib/python3.12/site-packages/airflow/example_dags/example_sla_dag.py took 0.101 seconds
[2025-03-17T13:35:42.068+0000] {processor.py:186} INFO - Started process (PID=442) to work on /home/airflow/.local/lib/python3.12/site-packages/airflow/example_dags/example_sla_dag.py
[2025-03-17T13:35:42.165+0000] {processor.py:914} INFO - Processing file /home/airflow/.local/lib/python3.12/site-packages/airflow/example_dags/example_sla_dag.py for tasks to queue
[2025-03-17T13:35:42.168+0000] {logging_mixin.py:190} INFO - [2025-03-17T13:35:42.168+0000] {dagbag.py:588} INFO - Filling up the DagBag from /home/airflow/.local/lib/python3.12/site-packages/airflow/example_dags/example_sla_dag.py
[2025-03-17T13:35:42.185+0000] {processor.py:925} INFO - DAG(s) 'example_sla_dag' retrieved from /home/airflow/.local/lib/python3.12/site-packages/airflow/example_dags/example_sla_dag.py
[2025-03-17T13:35:42.213+0000] {logging_mixin.py:190} INFO - [2025-03-17T13:35:42.212+0000] {dag.py:3239} INFO - Sync 1 DAGs
[2025-03-17T13:35:42.247+0000] {logging_mixin.py:190} INFO - [2025-03-17T13:35:42.247+0000] {dag.py:4180} INFO - Setting next_dagrun for example_sla_dag to 2025-03-17 13:32:00+00:00, run_after=2025-03-17 13:34:00+00:00
[2025-03-17T13:35:42.274+0000] {processor.py:208} INFO - Processing /home/airflow/.local/lib/python3.12/site-packages/airflow/example_dags/example_sla_dag.py took 0.219 seconds
[2025-03-17T13:36:50.176+0000] {processor.py:186} INFO - Started process (PID=493) to work on /home/airflow/.local/lib/python3.12/site-packages/airflow/example_dags/example_sla_dag.py
[2025-03-17T13:36:50.192+0000] {processor.py:914} INFO - Processing file /home/airflow/.local/lib/python3.12/site-packages/airflow/example_dags/example_sla_dag.py for tasks to queue
[2025-03-17T13:36:50.193+0000] {logging_mixin.py:190} INFO - [2025-03-17T13:36:50.193+0000] {dagbag.py:588} INFO - Filling up the DagBag from /home/airflow/.local/lib/python3.12/site-packages/airflow/example_dags/example_sla_dag.py
[2025-03-17T13:36:50.206+0000] {processor.py:925} INFO - DAG(s) 'example_sla_dag' retrieved from /home/airflow/.local/lib/python3.12/site-packages/airflow/example_dags/example_sla_dag.py
[2025-03-17T13:36:50.228+0000] {logging_mixin.py:190} INFO - [2025-03-17T13:36:50.227+0000] {dag.py:3239} INFO - Sync 1 DAGs
[2025-03-17T13:36:50.259+0000] {logging_mixin.py:190} INFO - [2025-03-17T13:36:50.259+0000] {dag.py:4180} INFO - Setting next_dagrun for example_sla_dag to 2025-03-17 13:34:00+00:00, run_after=2025-03-17 13:36:00+00:00
[2025-03-17T13:36:50.285+0000] {processor.py:208} INFO - Processing /home/airflow/.local/lib/python3.12/site-packages/airflow/example_dags/example_sla_dag.py took 0.116 seconds
[2025-03-17T13:37:20.414+0000] {processor.py:186} INFO - Started process (PID=557) to work on /home/airflow/.local/lib/python3.12/site-packages/airflow/example_dags/example_sla_dag.py
[2025-03-17T13:37:20.415+0000] {processor.py:914} INFO - Processing file /home/airflow/.local/lib/python3.12/site-packages/airflow/example_dags/example_sla_dag.py for tasks to queue
[2025-03-17T13:37:20.416+0000] {logging_mixin.py:190} INFO - [2025-03-17T13:37:20.416+0000] {dagbag.py:588} INFO - Filling up the DagBag from /home/airflow/.local/lib/python3.12/site-packages/airflow/example_dags/example_sla_dag.py
[2025-03-17T13:37:20.427+0000] {processor.py:925} INFO - DAG(s) 'example_sla_dag' retrieved from /home/airflow/.local/lib/python3.12/site-packages/airflow/example_dags/example_sla_dag.py
[2025-03-17T13:37:20.446+0000] {logging_mixin.py:190} INFO - [2025-03-17T13:37:20.446+0000] {dag.py:3239} INFO - Sync 1 DAGs
[2025-03-17T13:37:20.474+0000] {logging_mixin.py:190} INFO - [2025-03-17T13:37:20.474+0000] {dag.py:4180} INFO - Setting next_dagrun for example_sla_dag to 2025-03-17 13:34:00+00:00, run_after=2025-03-17 13:36:00+00:00
[2025-03-17T13:37:20.496+0000] {processor.py:208} INFO - Processing /home/airflow/.local/lib/python3.12/site-packages/airflow/example_dags/example_sla_dag.py took 0.088 seconds
[2025-03-17T13:37:51.625+0000] {processor.py:186} INFO - Started process (PID=617) to work on /home/airflow/.local/lib/python3.12/site-packages/airflow/example_dags/example_sla_dag.py
[2025-03-17T13:37:51.626+0000] {processor.py:914} INFO - Processing file /home/airflow/.local/lib/python3.12/site-packages/airflow/example_dags/example_sla_dag.py for tasks to queue
[2025-03-17T13:37:51.628+0000] {logging_mixin.py:190} INFO - [2025-03-17T13:37:51.627+0000] {dagbag.py:588} INFO - Filling up the DagBag from /home/airflow/.local/lib/python3.12/site-packages/airflow/example_dags/example_sla_dag.py
[2025-03-17T13:37:51.639+0000] {processor.py:925} INFO - DAG(s) 'example_sla_dag' retrieved from /home/airflow/.local/lib/python3.12/site-packages/airflow/example_dags/example_sla_dag.py
[2025-03-17T13:37:51.659+0000] {logging_mixin.py:190} INFO - [2025-03-17T13:37:51.659+0000] {dag.py:3239} INFO - Sync 1 DAGs
[2025-03-17T13:37:51.692+0000] {logging_mixin.py:190} INFO - [2025-03-17T13:37:51.692+0000] {dag.py:4180} INFO - Setting next_dagrun for example_sla_dag to 2025-03-17 13:34:00+00:00, run_after=2025-03-17 13:36:00+00:00
[2025-03-17T13:37:51.713+0000] {processor.py:208} INFO - Processing /home/airflow/.local/lib/python3.12/site-packages/airflow/example_dags/example_sla_dag.py took 0.094 seconds
[2025-03-17T13:38:21.988+0000] {processor.py:186} INFO - Started process (PID=673) to work on /home/airflow/.local/lib/python3.12/site-packages/airflow/example_dags/example_sla_dag.py
[2025-03-17T13:38:21.989+0000] {processor.py:914} INFO - Processing file /home/airflow/.local/lib/python3.12/site-packages/airflow/example_dags/example_sla_dag.py for tasks to queue
[2025-03-17T13:38:21.990+0000] {logging_mixin.py:190} INFO - [2025-03-17T13:38:21.990+0000] {dagbag.py:588} INFO - Filling up the DagBag from /home/airflow/.local/lib/python3.12/site-packages/airflow/example_dags/example_sla_dag.py
[2025-03-17T13:38:22.002+0000] {processor.py:925} INFO - DAG(s) 'example_sla_dag' retrieved from /home/airflow/.local/lib/python3.12/site-packages/airflow/example_dags/example_sla_dag.py
[2025-03-17T13:38:22.022+0000] {logging_mixin.py:190} INFO - [2025-03-17T13:38:22.021+0000] {dag.py:3239} INFO - Sync 1 DAGs
[2025-03-17T13:38:22.049+0000] {logging_mixin.py:190} INFO - [2025-03-17T13:38:22.049+0000] {dag.py:4180} INFO - Setting next_dagrun for example_sla_dag to 2025-03-17 13:36:00+00:00, run_after=2025-03-17 13:38:00+00:00
[2025-03-17T13:38:22.071+0000] {processor.py:208} INFO - Processing /home/airflow/.local/lib/python3.12/site-packages/airflow/example_dags/example_sla_dag.py took 0.089 seconds
[2025-03-17T13:38:52.996+0000] {processor.py:186} INFO - Started process (PID=736) to work on /home/airflow/.local/lib/python3.12/site-packages/airflow/example_dags/example_sla_dag.py
[2025-03-17T13:38:52.997+0000] {processor.py:914} INFO - Processing file /home/airflow/.local/lib/python3.12/site-packages/airflow/example_dags/example_sla_dag.py for tasks to queue
[2025-03-17T13:38:52.999+0000] {logging_mixin.py:190} INFO - [2025-03-17T13:38:52.998+0000] {dagbag.py:588} INFO - Filling up the DagBag from /home/airflow/.local/lib/python3.12/site-packages/airflow/example_dags/example_sla_dag.py
[2025-03-17T13:38:53.013+0000] {processor.py:925} INFO - DAG(s) 'example_sla_dag' retrieved from /home/airflow/.local/lib/python3.12/site-packages/airflow/example_dags/example_sla_dag.py
[2025-03-17T13:38:53.034+0000] {logging_mixin.py:190} INFO - [2025-03-17T13:38:53.033+0000] {dag.py:3239} INFO - Sync 1 DAGs
[2025-03-17T13:38:53.066+0000] {logging_mixin.py:190} INFO - [2025-03-17T13:38:53.065+0000] {dag.py:4180} INFO - Setting next_dagrun for example_sla_dag to 2025-03-17 13:36:00+00:00, run_after=2025-03-17 13:38:00+00:00
[2025-03-17T13:38:53.090+0000] {processor.py:208} INFO - Processing /home/airflow/.local/lib/python3.12/site-packages/airflow/example_dags/example_sla_dag.py took 0.101 seconds
[2025-03-17T13:39:23.412+0000] {processor.py:186} INFO - Started process (PID=794) to work on /home/airflow/.local/lib/python3.12/site-packages/airflow/example_dags/example_sla_dag.py
[2025-03-17T13:39:23.413+0000] {processor.py:914} INFO - Processing file /home/airflow/.local/lib/python3.12/site-packages/airflow/example_dags/example_sla_dag.py for tasks to queue
[2025-03-17T13:39:23.414+0000] {logging_mixin.py:190} INFO - [2025-03-17T13:39:23.413+0000] {dagbag.py:588} INFO - Filling up the DagBag from /home/airflow/.local/lib/python3.12/site-packages/airflow/example_dags/example_sla_dag.py
[2025-03-17T13:39:23.423+0000] {processor.py:925} INFO - DAG(s) 'example_sla_dag' retrieved from /home/airflow/.local/lib/python3.12/site-packages/airflow/example_dags/example_sla_dag.py
[2025-03-17T13:39:23.442+0000] {logging_mixin.py:190} INFO - [2025-03-17T13:39:23.441+0000] {dag.py:3239} INFO - Sync 1 DAGs
[2025-03-17T13:39:23.467+0000] {logging_mixin.py:190} INFO - [2025-03-17T13:39:23.467+0000] {dag.py:4180} INFO - Setting next_dagrun for example_sla_dag to 2025-03-17 13:36:00+00:00, run_after=2025-03-17 13:38:00+00:00
[2025-03-17T13:39:23.486+0000] {processor.py:208} INFO - Processing /home/airflow/.local/lib/python3.12/site-packages/airflow/example_dags/example_sla_dag.py took 0.080 seconds
[2025-03-17T13:39:54.340+0000] {processor.py:186} INFO - Started process (PID=853) to work on /home/airflow/.local/lib/python3.12/site-packages/airflow/example_dags/example_sla_dag.py
[2025-03-17T13:39:54.341+0000] {processor.py:914} INFO - Processing file /home/airflow/.local/lib/python3.12/site-packages/airflow/example_dags/example_sla_dag.py for tasks to queue
[2025-03-17T13:39:54.342+0000] {logging_mixin.py:190} INFO - [2025-03-17T13:39:54.341+0000] {dagbag.py:588} INFO - Filling up the DagBag from /home/airflow/.local/lib/python3.12/site-packages/airflow/example_dags/example_sla_dag.py
[2025-03-17T13:39:54.353+0000] {processor.py:925} INFO - DAG(s) 'example_sla_dag' retrieved from /home/airflow/.local/lib/python3.12/site-packages/airflow/example_dags/example_sla_dag.py
[2025-03-17T13:39:54.373+0000] {logging_mixin.py:190} INFO - [2025-03-17T13:39:54.373+0000] {dag.py:3239} INFO - Sync 1 DAGs
[2025-03-17T13:39:54.401+0000] {logging_mixin.py:190} INFO - [2025-03-17T13:39:54.401+0000] {dag.py:4180} INFO - Setting next_dagrun for example_sla_dag to 2025-03-17 13:36:00+00:00, run_after=2025-03-17 13:38:00+00:00
[2025-03-17T13:39:54.419+0000] {processor.py:208} INFO - Processing /home/airflow/.local/lib/python3.12/site-packages/airflow/example_dags/example_sla_dag.py took 0.086 seconds
[2025-03-17T13:40:25.126+0000] {processor.py:186} INFO - Started process (PID=916) to work on /home/airflow/.local/lib/python3.12/site-packages/airflow/example_dags/example_sla_dag.py
[2025-03-17T13:40:25.133+0000] {processor.py:914} INFO - Processing file /home/airflow/.local/lib/python3.12/site-packages/airflow/example_dags/example_sla_dag.py for tasks to queue
[2025-03-17T13:40:25.135+0000] {logging_mixin.py:190} INFO - [2025-03-17T13:40:25.134+0000] {dagbag.py:588} INFO - Filling up the DagBag from /home/airflow/.local/lib/python3.12/site-packages/airflow/example_dags/example_sla_dag.py
[2025-03-17T13:40:25.146+0000] {processor.py:925} INFO - DAG(s) 'example_sla_dag' retrieved from /home/airflow/.local/lib/python3.12/site-packages/airflow/example_dags/example_sla_dag.py
[2025-03-17T13:40:25.167+0000] {logging_mixin.py:190} INFO - [2025-03-17T13:40:25.167+0000] {dag.py:3239} INFO - Sync 1 DAGs
[2025-03-17T13:40:25.201+0000] {logging_mixin.py:190} INFO - [2025-03-17T13:40:25.200+0000] {dag.py:4180} INFO - Setting next_dagrun for example_sla_dag to 2025-03-17 13:38:00+00:00, run_after=2025-03-17 13:40:00+00:00
[2025-03-17T13:40:25.232+0000] {processor.py:208} INFO - Processing /home/airflow/.local/lib/python3.12/site-packages/airflow/example_dags/example_sla_dag.py took 0.112 seconds
[2025-03-17T13:40:55.802+0000] {processor.py:186} INFO - Started process (PID=978) to work on /home/airflow/.local/lib/python3.12/site-packages/airflow/example_dags/example_sla_dag.py
[2025-03-17T13:40:55.804+0000] {processor.py:914} INFO - Processing file /home/airflow/.local/lib/python3.12/site-packages/airflow/example_dags/example_sla_dag.py for tasks to queue
[2025-03-17T13:40:55.805+0000] {logging_mixin.py:190} INFO - [2025-03-17T13:40:55.805+0000] {dagbag.py:588} INFO - Filling up the DagBag from /home/airflow/.local/lib/python3.12/site-packages/airflow/example_dags/example_sla_dag.py
[2025-03-17T13:40:55.819+0000] {processor.py:925} INFO - DAG(s) 'example_sla_dag' retrieved from /home/airflow/.local/lib/python3.12/site-packages/airflow/example_dags/example_sla_dag.py
[2025-03-17T13:40:55.844+0000] {logging_mixin.py:190} INFO - [2025-03-17T13:40:55.843+0000] {dag.py:3239} INFO - Sync 1 DAGs
[2025-03-17T13:40:55.885+0000] {logging_mixin.py:190} INFO - [2025-03-17T13:40:55.884+0000] {dag.py:4180} INFO - Setting next_dagrun for example_sla_dag to 2025-03-17 13:38:00+00:00, run_after=2025-03-17 13:40:00+00:00
[2025-03-17T13:40:55.910+0000] {processor.py:208} INFO - Processing /home/airflow/.local/lib/python3.12/site-packages/airflow/example_dags/example_sla_dag.py took 0.115 seconds
[2025-03-17T13:41:26.404+0000] {processor.py:186} INFO - Started process (PID=1041) to work on /home/airflow/.local/lib/python3.12/site-packages/airflow/example_dags/example_sla_dag.py
[2025-03-17T13:41:26.405+0000] {processor.py:914} INFO - Processing file /home/airflow/.local/lib/python3.12/site-packages/airflow/example_dags/example_sla_dag.py for tasks to queue
[2025-03-17T13:41:26.407+0000] {logging_mixin.py:190} INFO - [2025-03-17T13:41:26.406+0000] {dagbag.py:588} INFO - Filling up the DagBag from /home/airflow/.local/lib/python3.12/site-packages/airflow/example_dags/example_sla_dag.py
[2025-03-17T13:41:26.421+0000] {processor.py:925} INFO - DAG(s) 'example_sla_dag' retrieved from /home/airflow/.local/lib/python3.12/site-packages/airflow/example_dags/example_sla_dag.py
[2025-03-17T13:41:26.450+0000] {logging_mixin.py:190} INFO - [2025-03-17T13:41:26.450+0000] {dag.py:3239} INFO - Sync 1 DAGs
[2025-03-17T13:41:26.490+0000] {logging_mixin.py:190} INFO - [2025-03-17T13:41:26.490+0000] {dag.py:4180} INFO - Setting next_dagrun for example_sla_dag to 2025-03-17 13:38:00+00:00, run_after=2025-03-17 13:40:00+00:00
[2025-03-17T13:41:26.516+0000] {processor.py:208} INFO - Processing /home/airflow/.local/lib/python3.12/site-packages/airflow/example_dags/example_sla_dag.py took 0.119 seconds
[2025-03-17T13:41:56.935+0000] {processor.py:186} INFO - Started process (PID=1106) to work on /home/airflow/.local/lib/python3.12/site-packages/airflow/example_dags/example_sla_dag.py
[2025-03-17T13:41:56.936+0000] {processor.py:914} INFO - Processing file /home/airflow/.local/lib/python3.12/site-packages/airflow/example_dags/example_sla_dag.py for tasks to queue
[2025-03-17T13:41:56.938+0000] {logging_mixin.py:190} INFO - [2025-03-17T13:41:56.937+0000] {dagbag.py:588} INFO - Filling up the DagBag from /home/airflow/.local/lib/python3.12/site-packages/airflow/example_dags/example_sla_dag.py
[2025-03-17T13:41:56.951+0000] {processor.py:925} INFO - DAG(s) 'example_sla_dag' retrieved from /home/airflow/.local/lib/python3.12/site-packages/airflow/example_dags/example_sla_dag.py
[2025-03-17T13:41:56.978+0000] {logging_mixin.py:190} INFO - [2025-03-17T13:41:56.977+0000] {dag.py:3239} INFO - Sync 1 DAGs
[2025-03-17T13:41:57.016+0000] {logging_mixin.py:190} INFO - [2025-03-17T13:41:57.015+0000] {dag.py:4180} INFO - Setting next_dagrun for example_sla_dag to 2025-03-17 13:38:00+00:00, run_after=2025-03-17 13:40:00+00:00
[2025-03-17T13:41:57.048+0000] {processor.py:208} INFO - Processing /home/airflow/.local/lib/python3.12/site-packages/airflow/example_dags/example_sla_dag.py took 0.120 seconds
[2025-03-17T13:43:59.574+0000] {processor.py:186} INFO - Started process (PID=91) to work on /home/airflow/.local/lib/python3.12/site-packages/airflow/example_dags/example_sla_dag.py
[2025-03-17T13:43:59.585+0000] {processor.py:914} INFO - Processing file /home/airflow/.local/lib/python3.12/site-packages/airflow/example_dags/example_sla_dag.py for tasks to queue
[2025-03-17T13:43:59.589+0000] {logging_mixin.py:190} INFO - [2025-03-17T13:43:59.589+0000] {dagbag.py:588} INFO - Filling up the DagBag from /home/airflow/.local/lib/python3.12/site-packages/airflow/example_dags/example_sla_dag.py
[2025-03-17T13:43:59.611+0000] {processor.py:925} INFO - DAG(s) 'example_sla_dag' retrieved from /home/airflow/.local/lib/python3.12/site-packages/airflow/example_dags/example_sla_dag.py
[2025-03-17T13:43:59.660+0000] {logging_mixin.py:190} INFO - [2025-03-17T13:43:59.660+0000] {dag.py:3239} INFO - Sync 1 DAGs
[2025-03-17T13:43:59.711+0000] {logging_mixin.py:190} INFO - [2025-03-17T13:43:59.710+0000] {dag.py:4180} INFO - Setting next_dagrun for example_sla_dag to 2025-03-17 13:40:00+00:00, run_after=2025-03-17 13:42:00+00:00
[2025-03-17T13:43:59.739+0000] {processor.py:208} INFO - Processing /home/airflow/.local/lib/python3.12/site-packages/airflow/example_dags/example_sla_dag.py took 0.173 seconds
[2025-03-17T13:44:30.658+0000] {processor.py:186} INFO - Started process (PID=154) to work on /home/airflow/.local/lib/python3.12/site-packages/airflow/example_dags/example_sla_dag.py
[2025-03-17T13:44:30.665+0000] {processor.py:914} INFO - Processing file /home/airflow/.local/lib/python3.12/site-packages/airflow/example_dags/example_sla_dag.py for tasks to queue
[2025-03-17T13:44:30.667+0000] {logging_mixin.py:190} INFO - [2025-03-17T13:44:30.667+0000] {dagbag.py:588} INFO - Filling up the DagBag from /home/airflow/.local/lib/python3.12/site-packages/airflow/example_dags/example_sla_dag.py
[2025-03-17T13:44:30.679+0000] {processor.py:925} INFO - DAG(s) 'example_sla_dag' retrieved from /home/airflow/.local/lib/python3.12/site-packages/airflow/example_dags/example_sla_dag.py
[2025-03-17T13:44:30.700+0000] {logging_mixin.py:190} INFO - [2025-03-17T13:44:30.700+0000] {dag.py:3239} INFO - Sync 1 DAGs
[2025-03-17T13:44:30.730+0000] {logging_mixin.py:190} INFO - [2025-03-17T13:44:30.730+0000] {dag.py:4180} INFO - Setting next_dagrun for example_sla_dag to 2025-03-17 13:42:00+00:00, run_after=2025-03-17 13:44:00+00:00
[2025-03-17T13:44:30.753+0000] {processor.py:208} INFO - Processing /home/airflow/.local/lib/python3.12/site-packages/airflow/example_dags/example_sla_dag.py took 0.102 seconds
[2025-03-17T13:45:01.421+0000] {processor.py:186} INFO - Started process (PID=217) to work on /home/airflow/.local/lib/python3.12/site-packages/airflow/example_dags/example_sla_dag.py
[2025-03-17T13:45:01.423+0000] {processor.py:914} INFO - Processing file /home/airflow/.local/lib/python3.12/site-packages/airflow/example_dags/example_sla_dag.py for tasks to queue
[2025-03-17T13:45:01.425+0000] {logging_mixin.py:190} INFO - [2025-03-17T13:45:01.425+0000] {dagbag.py:588} INFO - Filling up the DagBag from /home/airflow/.local/lib/python3.12/site-packages/airflow/example_dags/example_sla_dag.py
[2025-03-17T13:45:01.437+0000] {processor.py:925} INFO - DAG(s) 'example_sla_dag' retrieved from /home/airflow/.local/lib/python3.12/site-packages/airflow/example_dags/example_sla_dag.py
[2025-03-17T13:45:01.459+0000] {logging_mixin.py:190} INFO - [2025-03-17T13:45:01.459+0000] {dag.py:3239} INFO - Sync 1 DAGs
[2025-03-17T13:45:01.487+0000] {logging_mixin.py:190} INFO - [2025-03-17T13:45:01.487+0000] {dag.py:4180} INFO - Setting next_dagrun for example_sla_dag to 2025-03-17 13:42:00+00:00, run_after=2025-03-17 13:44:00+00:00
[2025-03-17T13:45:01.512+0000] {processor.py:208} INFO - Processing /home/airflow/.local/lib/python3.12/site-packages/airflow/example_dags/example_sla_dag.py took 0.097 seconds
[2025-03-17T13:45:31.701+0000] {processor.py:186} INFO - Started process (PID=279) to work on /home/airflow/.local/lib/python3.12/site-packages/airflow/example_dags/example_sla_dag.py
[2025-03-17T13:45:31.712+0000] {processor.py:914} INFO - Processing file /home/airflow/.local/lib/python3.12/site-packages/airflow/example_dags/example_sla_dag.py for tasks to queue
[2025-03-17T13:45:31.715+0000] {logging_mixin.py:190} INFO - [2025-03-17T13:45:31.715+0000] {dagbag.py:588} INFO - Filling up the DagBag from /home/airflow/.local/lib/python3.12/site-packages/airflow/example_dags/example_sla_dag.py
[2025-03-17T13:45:31.727+0000] {processor.py:925} INFO - DAG(s) 'example_sla_dag' retrieved from /home/airflow/.local/lib/python3.12/site-packages/airflow/example_dags/example_sla_dag.py
[2025-03-17T13:45:31.748+0000] {logging_mixin.py:190} INFO - [2025-03-17T13:45:31.747+0000] {dag.py:3239} INFO - Sync 1 DAGs
[2025-03-17T13:45:31.775+0000] {logging_mixin.py:190} INFO - [2025-03-17T13:45:31.774+0000] {dag.py:4180} INFO - Setting next_dagrun for example_sla_dag to 2025-03-17 13:42:00+00:00, run_after=2025-03-17 13:44:00+00:00
[2025-03-17T13:45:31.796+0000] {processor.py:208} INFO - Processing /home/airflow/.local/lib/python3.12/site-packages/airflow/example_dags/example_sla_dag.py took 0.101 seconds
[2025-03-17T13:46:01.863+0000] {processor.py:186} INFO - Started process (PID=342) to work on /home/airflow/.local/lib/python3.12/site-packages/airflow/example_dags/example_sla_dag.py
[2025-03-17T13:46:01.864+0000] {processor.py:914} INFO - Processing file /home/airflow/.local/lib/python3.12/site-packages/airflow/example_dags/example_sla_dag.py for tasks to queue
[2025-03-17T13:46:01.867+0000] {logging_mixin.py:190} INFO - [2025-03-17T13:46:01.867+0000] {dagbag.py:588} INFO - Filling up the DagBag from /home/airflow/.local/lib/python3.12/site-packages/airflow/example_dags/example_sla_dag.py
[2025-03-17T13:46:01.879+0000] {processor.py:925} INFO - DAG(s) 'example_sla_dag' retrieved from /home/airflow/.local/lib/python3.12/site-packages/airflow/example_dags/example_sla_dag.py
[2025-03-17T13:46:01.900+0000] {logging_mixin.py:190} INFO - [2025-03-17T13:46:01.900+0000] {dag.py:3239} INFO - Sync 1 DAGs
[2025-03-17T13:46:01.928+0000] {logging_mixin.py:190} INFO - [2025-03-17T13:46:01.928+0000] {dag.py:4180} INFO - Setting next_dagrun for example_sla_dag to 2025-03-17 13:44:00+00:00, run_after=2025-03-17 13:46:00+00:00
[2025-03-17T13:46:01.951+0000] {processor.py:208} INFO - Processing /home/airflow/.local/lib/python3.12/site-packages/airflow/example_dags/example_sla_dag.py took 0.098 seconds
[2025-03-17T13:46:32.478+0000] {processor.py:186} INFO - Started process (PID=405) to work on /home/airflow/.local/lib/python3.12/site-packages/airflow/example_dags/example_sla_dag.py
[2025-03-17T13:46:32.486+0000] {processor.py:914} INFO - Processing file /home/airflow/.local/lib/python3.12/site-packages/airflow/example_dags/example_sla_dag.py for tasks to queue
[2025-03-17T13:46:32.489+0000] {logging_mixin.py:190} INFO - [2025-03-17T13:46:32.489+0000] {dagbag.py:588} INFO - Filling up the DagBag from /home/airflow/.local/lib/python3.12/site-packages/airflow/example_dags/example_sla_dag.py
[2025-03-17T13:46:32.501+0000] {processor.py:925} INFO - DAG(s) 'example_sla_dag' retrieved from /home/airflow/.local/lib/python3.12/site-packages/airflow/example_dags/example_sla_dag.py
[2025-03-17T13:46:32.522+0000] {logging_mixin.py:190} INFO - [2025-03-17T13:46:32.521+0000] {dag.py:3239} INFO - Sync 1 DAGs
[2025-03-17T13:46:32.550+0000] {logging_mixin.py:190} INFO - [2025-03-17T13:46:32.549+0000] {dag.py:4180} INFO - Setting next_dagrun for example_sla_dag to 2025-03-17 13:44:00+00:00, run_after=2025-03-17 13:46:00+00:00
[2025-03-17T13:46:32.572+0000] {processor.py:208} INFO - Processing /home/airflow/.local/lib/python3.12/site-packages/airflow/example_dags/example_sla_dag.py took 0.102 seconds
[2025-03-17T13:47:01.283+0000] {processor.py:186} INFO - Started process (PID=468) to work on /home/airflow/.local/lib/python3.12/site-packages/airflow/example_dags/example_sla_dag.py
[2025-03-17T13:47:01.284+0000] {processor.py:914} INFO - Processing file /home/airflow/.local/lib/python3.12/site-packages/airflow/example_dags/example_sla_dag.py for tasks to queue
[2025-03-17T13:47:01.286+0000] {logging_mixin.py:190} INFO - [2025-03-17T13:47:01.286+0000] {dagbag.py:588} INFO - Filling up the DagBag from /home/airflow/.local/lib/python3.12/site-packages/airflow/example_dags/example_sla_dag.py
[2025-03-17T13:47:01.298+0000] {processor.py:925} INFO - DAG(s) 'example_sla_dag' retrieved from /home/airflow/.local/lib/python3.12/site-packages/airflow/example_dags/example_sla_dag.py
[2025-03-17T13:47:01.319+0000] {logging_mixin.py:190} INFO - [2025-03-17T13:47:01.319+0000] {dag.py:3239} INFO - Sync 1 DAGs
[2025-03-17T13:47:01.346+0000] {logging_mixin.py:190} INFO - [2025-03-17T13:47:01.346+0000] {dag.py:4180} INFO - Setting next_dagrun for example_sla_dag to 2025-03-17 13:44:00+00:00, run_after=2025-03-17 13:46:00+00:00
[2025-03-17T13:47:01.368+0000] {processor.py:208} INFO - Processing /home/airflow/.local/lib/python3.12/site-packages/airflow/example_dags/example_sla_dag.py took 0.092 seconds
[2025-03-17T13:47:31.867+0000] {processor.py:186} INFO - Started process (PID=530) to work on /home/airflow/.local/lib/python3.12/site-packages/airflow/example_dags/example_sla_dag.py
[2025-03-17T13:47:31.868+0000] {processor.py:914} INFO - Processing file /home/airflow/.local/lib/python3.12/site-packages/airflow/example_dags/example_sla_dag.py for tasks to queue
[2025-03-17T13:47:31.870+0000] {logging_mixin.py:190} INFO - [2025-03-17T13:47:31.870+0000] {dagbag.py:588} INFO - Filling up the DagBag from /home/airflow/.local/lib/python3.12/site-packages/airflow/example_dags/example_sla_dag.py
[2025-03-17T13:47:31.881+0000] {processor.py:925} INFO - DAG(s) 'example_sla_dag' retrieved from /home/airflow/.local/lib/python3.12/site-packages/airflow/example_dags/example_sla_dag.py
[2025-03-17T13:47:31.899+0000] {logging_mixin.py:190} INFO - [2025-03-17T13:47:31.898+0000] {dag.py:3239} INFO - Sync 1 DAGs
[2025-03-17T13:47:31.923+0000] {logging_mixin.py:190} INFO - [2025-03-17T13:47:31.923+0000] {dag.py:4180} INFO - Setting next_dagrun for example_sla_dag to 2025-03-17 13:44:00+00:00, run_after=2025-03-17 13:46:00+00:00
[2025-03-17T13:47:31.942+0000] {processor.py:208} INFO - Processing /home/airflow/.local/lib/python3.12/site-packages/airflow/example_dags/example_sla_dag.py took 0.080 seconds
[2025-03-17T13:48:02.310+0000] {processor.py:186} INFO - Started process (PID=593) to work on /home/airflow/.local/lib/python3.12/site-packages/airflow/example_dags/example_sla_dag.py
[2025-03-17T13:48:02.311+0000] {processor.py:914} INFO - Processing file /home/airflow/.local/lib/python3.12/site-packages/airflow/example_dags/example_sla_dag.py for tasks to queue
[2025-03-17T13:48:02.313+0000] {logging_mixin.py:190} INFO - [2025-03-17T13:48:02.313+0000] {dagbag.py:588} INFO - Filling up the DagBag from /home/airflow/.local/lib/python3.12/site-packages/airflow/example_dags/example_sla_dag.py
[2025-03-17T13:48:02.323+0000] {processor.py:925} INFO - DAG(s) 'example_sla_dag' retrieved from /home/airflow/.local/lib/python3.12/site-packages/airflow/example_dags/example_sla_dag.py
[2025-03-17T13:48:02.341+0000] {logging_mixin.py:190} INFO - [2025-03-17T13:48:02.341+0000] {dag.py:3239} INFO - Sync 1 DAGs
[2025-03-17T13:48:02.367+0000] {logging_mixin.py:190} INFO - [2025-03-17T13:48:02.367+0000] {dag.py:4180} INFO - Setting next_dagrun for example_sla_dag to 2025-03-17 13:46:00+00:00, run_after=2025-03-17 13:48:00+00:00
[2025-03-17T13:48:02.386+0000] {processor.py:208} INFO - Processing /home/airflow/.local/lib/python3.12/site-packages/airflow/example_dags/example_sla_dag.py took 0.082 seconds
[2025-03-17T13:48:33.173+0000] {processor.py:186} INFO - Started process (PID=656) to work on /home/airflow/.local/lib/python3.12/site-packages/airflow/example_dags/example_sla_dag.py
[2025-03-17T13:48:33.274+0000] {processor.py:914} INFO - Processing file /home/airflow/.local/lib/python3.12/site-packages/airflow/example_dags/example_sla_dag.py for tasks to queue
[2025-03-17T13:48:33.279+0000] {logging_mixin.py:190} INFO - [2025-03-17T13:48:33.278+0000] {dagbag.py:588} INFO - Filling up the DagBag from /home/airflow/.local/lib/python3.12/site-packages/airflow/example_dags/example_sla_dag.py
[2025-03-17T13:48:33.302+0000] {processor.py:925} INFO - DAG(s) 'example_sla_dag' retrieved from /home/airflow/.local/lib/python3.12/site-packages/airflow/example_dags/example_sla_dag.py
[2025-03-17T13:48:33.351+0000] {logging_mixin.py:190} INFO - [2025-03-17T13:48:33.350+0000] {dag.py:3239} INFO - Sync 1 DAGs
[2025-03-17T13:48:33.394+0000] {logging_mixin.py:190} INFO - [2025-03-17T13:48:33.394+0000] {dag.py:4180} INFO - Setting next_dagrun for example_sla_dag to 2025-03-17 13:46:00+00:00, run_after=2025-03-17 13:48:00+00:00
[2025-03-17T13:48:33.424+0000] {processor.py:208} INFO - Processing /home/airflow/.local/lib/python3.12/site-packages/airflow/example_dags/example_sla_dag.py took 0.260 seconds
[2025-03-17T13:49:03.874+0000] {processor.py:186} INFO - Started process (PID=720) to work on /home/airflow/.local/lib/python3.12/site-packages/airflow/example_dags/example_sla_dag.py
[2025-03-17T13:49:03.885+0000] {processor.py:914} INFO - Processing file /home/airflow/.local/lib/python3.12/site-packages/airflow/example_dags/example_sla_dag.py for tasks to queue
[2025-03-17T13:49:03.888+0000] {logging_mixin.py:190} INFO - [2025-03-17T13:49:03.887+0000] {dagbag.py:588} INFO - Filling up the DagBag from /home/airflow/.local/lib/python3.12/site-packages/airflow/example_dags/example_sla_dag.py
[2025-03-17T13:49:03.899+0000] {processor.py:925} INFO - DAG(s) 'example_sla_dag' retrieved from /home/airflow/.local/lib/python3.12/site-packages/airflow/example_dags/example_sla_dag.py
[2025-03-17T13:49:03.919+0000] {logging_mixin.py:190} INFO - [2025-03-17T13:49:03.918+0000] {dag.py:3239} INFO - Sync 1 DAGs
[2025-03-17T13:49:03.957+0000] {logging_mixin.py:190} INFO - [2025-03-17T13:49:03.957+0000] {dag.py:4180} INFO - Setting next_dagrun for example_sla_dag to 2025-03-17 13:46:00+00:00, run_after=2025-03-17 13:48:00+00:00
[2025-03-17T13:49:03.982+0000] {processor.py:208} INFO - Processing /home/airflow/.local/lib/python3.12/site-packages/airflow/example_dags/example_sla_dag.py took 0.115 seconds
[2025-03-17T13:49:34.104+0000] {processor.py:186} INFO - Started process (PID=789) to work on /home/airflow/.local/lib/python3.12/site-packages/airflow/example_dags/example_sla_dag.py
[2025-03-17T13:49:34.105+0000] {processor.py:914} INFO - Processing file /home/airflow/.local/lib/python3.12/site-packages/airflow/example_dags/example_sla_dag.py for tasks to queue
[2025-03-17T13:49:34.107+0000] {logging_mixin.py:190} INFO - [2025-03-17T13:49:34.107+0000] {dagbag.py:588} INFO - Filling up the DagBag from /home/airflow/.local/lib/python3.12/site-packages/airflow/example_dags/example_sla_dag.py
[2025-03-17T13:49:34.118+0000] {processor.py:925} INFO - DAG(s) 'example_sla_dag' retrieved from /home/airflow/.local/lib/python3.12/site-packages/airflow/example_dags/example_sla_dag.py
[2025-03-17T13:49:34.141+0000] {logging_mixin.py:190} INFO - [2025-03-17T13:49:34.141+0000] {dag.py:3239} INFO - Sync 1 DAGs
[2025-03-17T13:49:34.167+0000] {logging_mixin.py:190} INFO - [2025-03-17T13:49:34.166+0000] {dag.py:4180} INFO - Setting next_dagrun for example_sla_dag to 2025-03-17 13:46:00+00:00, run_after=2025-03-17 13:48:00+00:00
[2025-03-17T13:49:34.187+0000] {processor.py:208} INFO - Processing /home/airflow/.local/lib/python3.12/site-packages/airflow/example_dags/example_sla_dag.py took 0.092 seconds
[2025-03-17T13:50:04.837+0000] {processor.py:186} INFO - Started process (PID=852) to work on /home/airflow/.local/lib/python3.12/site-packages/airflow/example_dags/example_sla_dag.py
[2025-03-17T13:50:04.838+0000] {processor.py:914} INFO - Processing file /home/airflow/.local/lib/python3.12/site-packages/airflow/example_dags/example_sla_dag.py for tasks to queue
[2025-03-17T13:50:04.841+0000] {logging_mixin.py:190} INFO - [2025-03-17T13:50:04.840+0000] {dagbag.py:588} INFO - Filling up the DagBag from /home/airflow/.local/lib/python3.12/site-packages/airflow/example_dags/example_sla_dag.py
[2025-03-17T13:50:04.854+0000] {processor.py:925} INFO - DAG(s) 'example_sla_dag' retrieved from /home/airflow/.local/lib/python3.12/site-packages/airflow/example_dags/example_sla_dag.py
[2025-03-17T13:50:04.875+0000] {logging_mixin.py:190} INFO - [2025-03-17T13:50:04.875+0000] {dag.py:3239} INFO - Sync 1 DAGs
[2025-03-17T13:50:04.903+0000] {logging_mixin.py:190} INFO - [2025-03-17T13:50:04.903+0000] {dag.py:4180} INFO - Setting next_dagrun for example_sla_dag to 2025-03-17 13:48:00+00:00, run_after=2025-03-17 13:50:00+00:00
[2025-03-17T13:50:04.926+0000] {processor.py:208} INFO - Processing /home/airflow/.local/lib/python3.12/site-packages/airflow/example_dags/example_sla_dag.py took 0.096 seconds
[2025-03-17T13:50:35.618+0000] {processor.py:186} INFO - Started process (PID=915) to work on /home/airflow/.local/lib/python3.12/site-packages/airflow/example_dags/example_sla_dag.py
[2025-03-17T13:50:35.619+0000] {processor.py:914} INFO - Processing file /home/airflow/.local/lib/python3.12/site-packages/airflow/example_dags/example_sla_dag.py for tasks to queue
[2025-03-17T13:50:35.622+0000] {logging_mixin.py:190} INFO - [2025-03-17T13:50:35.622+0000] {dagbag.py:588} INFO - Filling up the DagBag from /home/airflow/.local/lib/python3.12/site-packages/airflow/example_dags/example_sla_dag.py
[2025-03-17T13:50:35.636+0000] {processor.py:925} INFO - DAG(s) 'example_sla_dag' retrieved from /home/airflow/.local/lib/python3.12/site-packages/airflow/example_dags/example_sla_dag.py
[2025-03-17T13:50:35.659+0000] {logging_mixin.py:190} INFO - [2025-03-17T13:50:35.659+0000] {dag.py:3239} INFO - Sync 1 DAGs
[2025-03-17T13:50:35.692+0000] {logging_mixin.py:190} INFO - [2025-03-17T13:50:35.691+0000] {dag.py:4180} INFO - Setting next_dagrun for example_sla_dag to 2025-03-17 13:48:00+00:00, run_after=2025-03-17 13:50:00+00:00
[2025-03-17T13:50:35.717+0000] {processor.py:208} INFO - Processing /home/airflow/.local/lib/python3.12/site-packages/airflow/example_dags/example_sla_dag.py took 0.107 seconds
[2025-03-17T13:51:05.858+0000] {processor.py:186} INFO - Started process (PID=978) to work on /home/airflow/.local/lib/python3.12/site-packages/airflow/example_dags/example_sla_dag.py
[2025-03-17T13:51:05.859+0000] {processor.py:914} INFO - Processing file /home/airflow/.local/lib/python3.12/site-packages/airflow/example_dags/example_sla_dag.py for tasks to queue
[2025-03-17T13:51:05.862+0000] {logging_mixin.py:190} INFO - [2025-03-17T13:51:05.862+0000] {dagbag.py:588} INFO - Filling up the DagBag from /home/airflow/.local/lib/python3.12/site-packages/airflow/example_dags/example_sla_dag.py
[2025-03-17T13:51:05.874+0000] {processor.py:925} INFO - DAG(s) 'example_sla_dag' retrieved from /home/airflow/.local/lib/python3.12/site-packages/airflow/example_dags/example_sla_dag.py
[2025-03-17T13:51:05.895+0000] {logging_mixin.py:190} INFO - [2025-03-17T13:51:05.895+0000] {dag.py:3239} INFO - Sync 1 DAGs
[2025-03-17T13:51:05.925+0000] {logging_mixin.py:190} INFO - [2025-03-17T13:51:05.925+0000] {dag.py:4180} INFO - Setting next_dagrun for example_sla_dag to 2025-03-17 13:48:00+00:00, run_after=2025-03-17 13:50:00+00:00
[2025-03-17T13:51:05.945+0000] {processor.py:208} INFO - Processing /home/airflow/.local/lib/python3.12/site-packages/airflow/example_dags/example_sla_dag.py took 0.093 seconds
[2025-03-17T13:51:36.191+0000] {processor.py:186} INFO - Started process (PID=1041) to work on /home/airflow/.local/lib/python3.12/site-packages/airflow/example_dags/example_sla_dag.py
[2025-03-17T13:51:36.192+0000] {processor.py:914} INFO - Processing file /home/airflow/.local/lib/python3.12/site-packages/airflow/example_dags/example_sla_dag.py for tasks to queue
[2025-03-17T13:51:36.194+0000] {logging_mixin.py:190} INFO - [2025-03-17T13:51:36.194+0000] {dagbag.py:588} INFO - Filling up the DagBag from /home/airflow/.local/lib/python3.12/site-packages/airflow/example_dags/example_sla_dag.py
[2025-03-17T13:51:36.207+0000] {processor.py:925} INFO - DAG(s) 'example_sla_dag' retrieved from /home/airflow/.local/lib/python3.12/site-packages/airflow/example_dags/example_sla_dag.py
[2025-03-17T13:51:36.227+0000] {logging_mixin.py:190} INFO - [2025-03-17T13:51:36.227+0000] {dag.py:3239} INFO - Sync 1 DAGs
[2025-03-17T13:51:36.254+0000] {logging_mixin.py:190} INFO - [2025-03-17T13:51:36.254+0000] {dag.py:4180} INFO - Setting next_dagrun for example_sla_dag to 2025-03-17 13:48:00+00:00, run_after=2025-03-17 13:50:00+00:00
[2025-03-17T13:51:36.275+0000] {processor.py:208} INFO - Processing /home/airflow/.local/lib/python3.12/site-packages/airflow/example_dags/example_sla_dag.py took 0.091 seconds
[2025-03-17T13:52:06.961+0000] {processor.py:186} INFO - Started process (PID=1104) to work on /home/airflow/.local/lib/python3.12/site-packages/airflow/example_dags/example_sla_dag.py
[2025-03-17T13:52:06.962+0000] {processor.py:914} INFO - Processing file /home/airflow/.local/lib/python3.12/site-packages/airflow/example_dags/example_sla_dag.py for tasks to queue
[2025-03-17T13:52:06.965+0000] {logging_mixin.py:190} INFO - [2025-03-17T13:52:06.964+0000] {dagbag.py:588} INFO - Filling up the DagBag from /home/airflow/.local/lib/python3.12/site-packages/airflow/example_dags/example_sla_dag.py
[2025-03-17T13:52:06.978+0000] {processor.py:925} INFO - DAG(s) 'example_sla_dag' retrieved from /home/airflow/.local/lib/python3.12/site-packages/airflow/example_dags/example_sla_dag.py
[2025-03-17T13:52:06.996+0000] {logging_mixin.py:190} INFO - [2025-03-17T13:52:06.996+0000] {dag.py:3239} INFO - Sync 1 DAGs
[2025-03-17T13:52:07.024+0000] {logging_mixin.py:190} INFO - [2025-03-17T13:52:07.023+0000] {dag.py:4180} INFO - Setting next_dagrun for example_sla_dag to 2025-03-17 13:50:00+00:00, run_after=2025-03-17 13:52:00+00:00
[2025-03-17T13:52:07.044+0000] {processor.py:208} INFO - Processing /home/airflow/.local/lib/python3.12/site-packages/airflow/example_dags/example_sla_dag.py took 0.089 seconds
[2025-03-17T13:52:38.009+0000] {processor.py:186} INFO - Started process (PID=1167) to work on /home/airflow/.local/lib/python3.12/site-packages/airflow/example_dags/example_sla_dag.py
[2025-03-17T13:52:38.010+0000] {processor.py:914} INFO - Processing file /home/airflow/.local/lib/python3.12/site-packages/airflow/example_dags/example_sla_dag.py for tasks to queue
[2025-03-17T13:52:38.013+0000] {logging_mixin.py:190} INFO - [2025-03-17T13:52:38.013+0000] {dagbag.py:588} INFO - Filling up the DagBag from /home/airflow/.local/lib/python3.12/site-packages/airflow/example_dags/example_sla_dag.py
[2025-03-17T13:52:38.023+0000] {processor.py:925} INFO - DAG(s) 'example_sla_dag' retrieved from /home/airflow/.local/lib/python3.12/site-packages/airflow/example_dags/example_sla_dag.py
[2025-03-17T13:52:38.041+0000] {logging_mixin.py:190} INFO - [2025-03-17T13:52:38.041+0000] {dag.py:3239} INFO - Sync 1 DAGs
[2025-03-17T13:52:38.065+0000] {logging_mixin.py:190} INFO - [2025-03-17T13:52:38.065+0000] {dag.py:4180} INFO - Setting next_dagrun for example_sla_dag to 2025-03-17 13:50:00+00:00, run_after=2025-03-17 13:52:00+00:00
[2025-03-17T13:52:38.085+0000] {processor.py:208} INFO - Processing /home/airflow/.local/lib/python3.12/site-packages/airflow/example_dags/example_sla_dag.py took 0.082 seconds
[2025-03-17T13:53:08.655+0000] {processor.py:186} INFO - Started process (PID=1230) to work on /home/airflow/.local/lib/python3.12/site-packages/airflow/example_dags/example_sla_dag.py
[2025-03-17T13:53:08.656+0000] {processor.py:914} INFO - Processing file /home/airflow/.local/lib/python3.12/site-packages/airflow/example_dags/example_sla_dag.py for tasks to queue
[2025-03-17T13:53:08.658+0000] {logging_mixin.py:190} INFO - [2025-03-17T13:53:08.658+0000] {dagbag.py:588} INFO - Filling up the DagBag from /home/airflow/.local/lib/python3.12/site-packages/airflow/example_dags/example_sla_dag.py
[2025-03-17T13:53:08.669+0000] {processor.py:925} INFO - DAG(s) 'example_sla_dag' retrieved from /home/airflow/.local/lib/python3.12/site-packages/airflow/example_dags/example_sla_dag.py
[2025-03-17T13:53:08.687+0000] {logging_mixin.py:190} INFO - [2025-03-17T13:53:08.687+0000] {dag.py:3239} INFO - Sync 1 DAGs
[2025-03-17T13:53:08.711+0000] {logging_mixin.py:190} INFO - [2025-03-17T13:53:08.711+0000] {dag.py:4180} INFO - Setting next_dagrun for example_sla_dag to 2025-03-17 13:50:00+00:00, run_after=2025-03-17 13:52:00+00:00
[2025-03-17T13:53:08.729+0000] {processor.py:208} INFO - Processing /home/airflow/.local/lib/python3.12/site-packages/airflow/example_dags/example_sla_dag.py took 0.080 seconds
[2025-03-17T13:53:39.186+0000] {processor.py:186} INFO - Started process (PID=1293) to work on /home/airflow/.local/lib/python3.12/site-packages/airflow/example_dags/example_sla_dag.py
[2025-03-17T13:53:39.186+0000] {processor.py:914} INFO - Processing file /home/airflow/.local/lib/python3.12/site-packages/airflow/example_dags/example_sla_dag.py for tasks to queue
[2025-03-17T13:53:39.189+0000] {logging_mixin.py:190} INFO - [2025-03-17T13:53:39.189+0000] {dagbag.py:588} INFO - Filling up the DagBag from /home/airflow/.local/lib/python3.12/site-packages/airflow/example_dags/example_sla_dag.py
[2025-03-17T13:53:39.199+0000] {processor.py:925} INFO - DAG(s) 'example_sla_dag' retrieved from /home/airflow/.local/lib/python3.12/site-packages/airflow/example_dags/example_sla_dag.py
[2025-03-17T13:53:39.217+0000] {logging_mixin.py:190} INFO - [2025-03-17T13:53:39.217+0000] {dag.py:3239} INFO - Sync 1 DAGs
[2025-03-17T13:53:39.241+0000] {logging_mixin.py:190} INFO - [2025-03-17T13:53:39.241+0000] {dag.py:4180} INFO - Setting next_dagrun for example_sla_dag to 2025-03-17 13:50:00+00:00, run_after=2025-03-17 13:52:00+00:00
[2025-03-17T13:53:39.258+0000] {processor.py:208} INFO - Processing /home/airflow/.local/lib/python3.12/site-packages/airflow/example_dags/example_sla_dag.py took 0.078 seconds
[2025-03-17T16:58:38.896+0000] {processor.py:186} INFO - Started process (PID=85) to work on /home/airflow/.local/lib/python3.12/site-packages/airflow/example_dags/example_sla_dag.py
[2025-03-17T16:58:38.912+0000] {processor.py:914} INFO - Processing file /home/airflow/.local/lib/python3.12/site-packages/airflow/example_dags/example_sla_dag.py for tasks to queue
[2025-03-17T16:58:38.916+0000] {logging_mixin.py:190} INFO - [2025-03-17T16:58:38.915+0000] {dagbag.py:588} INFO - Filling up the DagBag from /home/airflow/.local/lib/python3.12/site-packages/airflow/example_dags/example_sla_dag.py
[2025-03-17T16:58:38.932+0000] {processor.py:925} INFO - DAG(s) 'example_sla_dag' retrieved from /home/airflow/.local/lib/python3.12/site-packages/airflow/example_dags/example_sla_dag.py
[2025-03-17T16:58:39.008+0000] {logging_mixin.py:190} INFO - [2025-03-17T16:58:39.007+0000] {dag.py:3239} INFO - Sync 1 DAGs
[2025-03-17T16:58:39.120+0000] {logging_mixin.py:190} INFO - [2025-03-17T16:58:39.120+0000] {dag.py:4180} INFO - Setting next_dagrun for example_sla_dag to 2025-03-17 16:56:00+00:00, run_after=2025-03-17 16:58:00+00:00
[2025-03-17T16:58:39.161+0000] {processor.py:208} INFO - Processing /home/airflow/.local/lib/python3.12/site-packages/airflow/example_dags/example_sla_dag.py took 0.277 seconds
[2025-03-17T16:59:09.969+0000] {processor.py:186} INFO - Started process (PID=148) to work on /home/airflow/.local/lib/python3.12/site-packages/airflow/example_dags/example_sla_dag.py
[2025-03-17T16:59:10.065+0000] {processor.py:914} INFO - Processing file /home/airflow/.local/lib/python3.12/site-packages/airflow/example_dags/example_sla_dag.py for tasks to queue
[2025-03-17T16:59:10.067+0000] {logging_mixin.py:190} INFO - [2025-03-17T16:59:10.067+0000] {dagbag.py:588} INFO - Filling up the DagBag from /home/airflow/.local/lib/python3.12/site-packages/airflow/example_dags/example_sla_dag.py
[2025-03-17T16:59:10.079+0000] {processor.py:925} INFO - DAG(s) 'example_sla_dag' retrieved from /home/airflow/.local/lib/python3.12/site-packages/airflow/example_dags/example_sla_dag.py
[2025-03-17T16:59:10.099+0000] {logging_mixin.py:190} INFO - [2025-03-17T16:59:10.099+0000] {dag.py:3239} INFO - Sync 1 DAGs
[2025-03-17T16:59:10.132+0000] {logging_mixin.py:190} INFO - [2025-03-17T16:59:10.132+0000] {dag.py:4180} INFO - Setting next_dagrun for example_sla_dag to 2025-03-17 16:56:00+00:00, run_after=2025-03-17 16:58:00+00:00
[2025-03-17T16:59:10.154+0000] {processor.py:208} INFO - Processing /home/airflow/.local/lib/python3.12/site-packages/airflow/example_dags/example_sla_dag.py took 0.205 seconds
[2025-03-17T16:59:40.253+0000] {processor.py:186} INFO - Started process (PID=211) to work on /home/airflow/.local/lib/python3.12/site-packages/airflow/example_dags/example_sla_dag.py
[2025-03-17T16:59:40.270+0000] {processor.py:914} INFO - Processing file /home/airflow/.local/lib/python3.12/site-packages/airflow/example_dags/example_sla_dag.py for tasks to queue
[2025-03-17T16:59:40.273+0000] {logging_mixin.py:190} INFO - [2025-03-17T16:59:40.272+0000] {dagbag.py:588} INFO - Filling up the DagBag from /home/airflow/.local/lib/python3.12/site-packages/airflow/example_dags/example_sla_dag.py
[2025-03-17T16:59:40.286+0000] {processor.py:925} INFO - DAG(s) 'example_sla_dag' retrieved from /home/airflow/.local/lib/python3.12/site-packages/airflow/example_dags/example_sla_dag.py
[2025-03-17T16:59:40.309+0000] {logging_mixin.py:190} INFO - [2025-03-17T16:59:40.309+0000] {dag.py:3239} INFO - Sync 1 DAGs
[2025-03-17T16:59:40.337+0000] {logging_mixin.py:190} INFO - [2025-03-17T16:59:40.337+0000] {dag.py:4180} INFO - Setting next_dagrun for example_sla_dag to 2025-03-17 16:56:00+00:00, run_after=2025-03-17 16:58:00+00:00
[2025-03-17T16:59:40.357+0000] {processor.py:208} INFO - Processing /home/airflow/.local/lib/python3.12/site-packages/airflow/example_dags/example_sla_dag.py took 0.110 seconds
[2025-03-17T17:00:10.639+0000] {processor.py:186} INFO - Started process (PID=273) to work on /home/airflow/.local/lib/python3.12/site-packages/airflow/example_dags/example_sla_dag.py
[2025-03-17T17:00:10.641+0000] {processor.py:914} INFO - Processing file /home/airflow/.local/lib/python3.12/site-packages/airflow/example_dags/example_sla_dag.py for tasks to queue
[2025-03-17T17:00:10.647+0000] {logging_mixin.py:190} INFO - [2025-03-17T17:00:10.646+0000] {dagbag.py:588} INFO - Filling up the DagBag from /home/airflow/.local/lib/python3.12/site-packages/airflow/example_dags/example_sla_dag.py
[2025-03-17T17:00:10.661+0000] {processor.py:925} INFO - DAG(s) 'example_sla_dag' retrieved from /home/airflow/.local/lib/python3.12/site-packages/airflow/example_dags/example_sla_dag.py
[2025-03-17T17:00:10.693+0000] {logging_mixin.py:190} INFO - [2025-03-17T17:00:10.692+0000] {dag.py:3239} INFO - Sync 1 DAGs
[2025-03-17T17:00:10.724+0000] {logging_mixin.py:190} INFO - [2025-03-17T17:00:10.724+0000] {dag.py:4180} INFO - Setting next_dagrun for example_sla_dag to 2025-03-17 16:58:00+00:00, run_after=2025-03-17 17:00:00+00:00
[2025-03-17T17:00:10.746+0000] {processor.py:208} INFO - Processing /home/airflow/.local/lib/python3.12/site-packages/airflow/example_dags/example_sla_dag.py took 0.113 seconds
[2025-03-17T17:00:41.129+0000] {processor.py:186} INFO - Started process (PID=336) to work on /home/airflow/.local/lib/python3.12/site-packages/airflow/example_dags/example_sla_dag.py
[2025-03-17T17:00:41.130+0000] {processor.py:914} INFO - Processing file /home/airflow/.local/lib/python3.12/site-packages/airflow/example_dags/example_sla_dag.py for tasks to queue
[2025-03-17T17:00:41.132+0000] {logging_mixin.py:190} INFO - [2025-03-17T17:00:41.132+0000] {dagbag.py:588} INFO - Filling up the DagBag from /home/airflow/.local/lib/python3.12/site-packages/airflow/example_dags/example_sla_dag.py
[2025-03-17T17:00:41.144+0000] {processor.py:925} INFO - DAG(s) 'example_sla_dag' retrieved from /home/airflow/.local/lib/python3.12/site-packages/airflow/example_dags/example_sla_dag.py
[2025-03-17T17:00:41.165+0000] {logging_mixin.py:190} INFO - [2025-03-17T17:00:41.164+0000] {dag.py:3239} INFO - Sync 1 DAGs
[2025-03-17T17:00:41.192+0000] {logging_mixin.py:190} INFO - [2025-03-17T17:00:41.192+0000] {dag.py:4180} INFO - Setting next_dagrun for example_sla_dag to 2025-03-17 16:58:00+00:00, run_after=2025-03-17 17:00:00+00:00
[2025-03-17T17:00:41.212+0000] {processor.py:208} INFO - Processing /home/airflow/.local/lib/python3.12/site-packages/airflow/example_dags/example_sla_dag.py took 0.090 seconds
[2025-03-17T17:01:11.273+0000] {processor.py:186} INFO - Started process (PID=405) to work on /home/airflow/.local/lib/python3.12/site-packages/airflow/example_dags/example_sla_dag.py
[2025-03-17T17:01:11.274+0000] {processor.py:914} INFO - Processing file /home/airflow/.local/lib/python3.12/site-packages/airflow/example_dags/example_sla_dag.py for tasks to queue
[2025-03-17T17:01:11.276+0000] {logging_mixin.py:190} INFO - [2025-03-17T17:01:11.276+0000] {dagbag.py:588} INFO - Filling up the DagBag from /home/airflow/.local/lib/python3.12/site-packages/airflow/example_dags/example_sla_dag.py
[2025-03-17T17:01:11.287+0000] {processor.py:925} INFO - DAG(s) 'example_sla_dag' retrieved from /home/airflow/.local/lib/python3.12/site-packages/airflow/example_dags/example_sla_dag.py
[2025-03-17T17:01:11.306+0000] {logging_mixin.py:190} INFO - [2025-03-17T17:01:11.306+0000] {dag.py:3239} INFO - Sync 1 DAGs
[2025-03-17T17:01:11.330+0000] {logging_mixin.py:190} INFO - [2025-03-17T17:01:11.329+0000] {dag.py:4180} INFO - Setting next_dagrun for example_sla_dag to 2025-03-17 16:58:00+00:00, run_after=2025-03-17 17:00:00+00:00
[2025-03-17T17:01:11.350+0000] {processor.py:208} INFO - Processing /home/airflow/.local/lib/python3.12/site-packages/airflow/example_dags/example_sla_dag.py took 0.083 seconds
[2025-03-17T17:02:23.017+0000] {processor.py:186} INFO - Started process (PID=481) to work on /home/airflow/.local/lib/python3.12/site-packages/airflow/example_dags/example_sla_dag.py
[2025-03-17T17:02:23.018+0000] {processor.py:914} INFO - Processing file /home/airflow/.local/lib/python3.12/site-packages/airflow/example_dags/example_sla_dag.py for tasks to queue
[2025-03-17T17:02:23.020+0000] {logging_mixin.py:190} INFO - [2025-03-17T17:02:23.020+0000] {dagbag.py:588} INFO - Filling up the DagBag from /home/airflow/.local/lib/python3.12/site-packages/airflow/example_dags/example_sla_dag.py
[2025-03-17T17:02:23.034+0000] {processor.py:925} INFO - DAG(s) 'example_sla_dag' retrieved from /home/airflow/.local/lib/python3.12/site-packages/airflow/example_dags/example_sla_dag.py
[2025-03-17T17:02:23.061+0000] {logging_mixin.py:190} INFO - [2025-03-17T17:02:23.060+0000] {dag.py:3239} INFO - Sync 1 DAGs
[2025-03-17T17:02:23.095+0000] {logging_mixin.py:190} INFO - [2025-03-17T17:02:23.094+0000] {dag.py:4180} INFO - Setting next_dagrun for example_sla_dag to 2025-03-17 17:00:00+00:00, run_after=2025-03-17 17:02:00+00:00
[2025-03-17T17:02:23.118+0000] {processor.py:208} INFO - Processing /home/airflow/.local/lib/python3.12/site-packages/airflow/example_dags/example_sla_dag.py took 0.109 seconds
[2025-03-17T17:02:55.549+0000] {processor.py:186} INFO - Started process (PID=544) to work on /home/airflow/.local/lib/python3.12/site-packages/airflow/example_dags/example_sla_dag.py
[2025-03-17T17:02:55.550+0000] {processor.py:914} INFO - Processing file /home/airflow/.local/lib/python3.12/site-packages/airflow/example_dags/example_sla_dag.py for tasks to queue
[2025-03-17T17:02:55.551+0000] {logging_mixin.py:190} INFO - [2025-03-17T17:02:55.551+0000] {dagbag.py:588} INFO - Filling up the DagBag from /home/airflow/.local/lib/python3.12/site-packages/airflow/example_dags/example_sla_dag.py
[2025-03-17T17:02:55.563+0000] {processor.py:925} INFO - DAG(s) 'example_sla_dag' retrieved from /home/airflow/.local/lib/python3.12/site-packages/airflow/example_dags/example_sla_dag.py
[2025-03-17T17:02:55.583+0000] {logging_mixin.py:190} INFO - [2025-03-17T17:02:55.582+0000] {dag.py:3239} INFO - Sync 1 DAGs
[2025-03-17T17:02:55.614+0000] {logging_mixin.py:190} INFO - [2025-03-17T17:02:55.614+0000] {dag.py:4180} INFO - Setting next_dagrun for example_sla_dag to 2025-03-17 17:00:00+00:00, run_after=2025-03-17 17:02:00+00:00
[2025-03-17T17:02:55.636+0000] {processor.py:208} INFO - Processing /home/airflow/.local/lib/python3.12/site-packages/airflow/example_dags/example_sla_dag.py took 0.093 seconds
[2025-03-17T17:03:26.562+0000] {processor.py:186} INFO - Started process (PID=601) to work on /home/airflow/.local/lib/python3.12/site-packages/airflow/example_dags/example_sla_dag.py
[2025-03-17T17:03:26.564+0000] {processor.py:914} INFO - Processing file /home/airflow/.local/lib/python3.12/site-packages/airflow/example_dags/example_sla_dag.py for tasks to queue
[2025-03-17T17:03:26.565+0000] {logging_mixin.py:190} INFO - [2025-03-17T17:03:26.565+0000] {dagbag.py:588} INFO - Filling up the DagBag from /home/airflow/.local/lib/python3.12/site-packages/airflow/example_dags/example_sla_dag.py
[2025-03-17T17:03:26.584+0000] {processor.py:925} INFO - DAG(s) 'example_sla_dag' retrieved from /home/airflow/.local/lib/python3.12/site-packages/airflow/example_dags/example_sla_dag.py
[2025-03-17T17:03:26.618+0000] {logging_mixin.py:190} INFO - [2025-03-17T17:03:26.618+0000] {dag.py:3239} INFO - Sync 1 DAGs
[2025-03-17T17:03:26.652+0000] {logging_mixin.py:190} INFO - [2025-03-17T17:03:26.651+0000] {dag.py:4180} INFO - Setting next_dagrun for example_sla_dag to 2025-03-17 17:00:00+00:00, run_after=2025-03-17 17:02:00+00:00
[2025-03-17T17:03:26.679+0000] {processor.py:208} INFO - Processing /home/airflow/.local/lib/python3.12/site-packages/airflow/example_dags/example_sla_dag.py took 0.125 seconds
[2025-03-17T17:03:56.864+0000] {processor.py:186} INFO - Started process (PID=663) to work on /home/airflow/.local/lib/python3.12/site-packages/airflow/example_dags/example_sla_dag.py
[2025-03-17T17:03:56.865+0000] {processor.py:914} INFO - Processing file /home/airflow/.local/lib/python3.12/site-packages/airflow/example_dags/example_sla_dag.py for tasks to queue
[2025-03-17T17:03:56.866+0000] {logging_mixin.py:190} INFO - [2025-03-17T17:03:56.866+0000] {dagbag.py:588} INFO - Filling up the DagBag from /home/airflow/.local/lib/python3.12/site-packages/airflow/example_dags/example_sla_dag.py
[2025-03-17T17:03:56.879+0000] {processor.py:925} INFO - DAG(s) 'example_sla_dag' retrieved from /home/airflow/.local/lib/python3.12/site-packages/airflow/example_dags/example_sla_dag.py
[2025-03-17T17:03:56.901+0000] {logging_mixin.py:190} INFO - [2025-03-17T17:03:56.900+0000] {dag.py:3239} INFO - Sync 1 DAGs
[2025-03-17T17:03:56.930+0000] {logging_mixin.py:190} INFO - [2025-03-17T17:03:56.929+0000] {dag.py:4180} INFO - Setting next_dagrun for example_sla_dag to 2025-03-17 17:00:00+00:00, run_after=2025-03-17 17:02:00+00:00
[2025-03-17T17:03:56.950+0000] {processor.py:208} INFO - Processing /home/airflow/.local/lib/python3.12/site-packages/airflow/example_dags/example_sla_dag.py took 0.093 seconds
[2025-03-17T17:04:27.303+0000] {processor.py:186} INFO - Started process (PID=726) to work on /home/airflow/.local/lib/python3.12/site-packages/airflow/example_dags/example_sla_dag.py
[2025-03-17T17:04:27.304+0000] {processor.py:914} INFO - Processing file /home/airflow/.local/lib/python3.12/site-packages/airflow/example_dags/example_sla_dag.py for tasks to queue
[2025-03-17T17:04:27.306+0000] {logging_mixin.py:190} INFO - [2025-03-17T17:04:27.305+0000] {dagbag.py:588} INFO - Filling up the DagBag from /home/airflow/.local/lib/python3.12/site-packages/airflow/example_dags/example_sla_dag.py
[2025-03-17T17:04:27.318+0000] {processor.py:925} INFO - DAG(s) 'example_sla_dag' retrieved from /home/airflow/.local/lib/python3.12/site-packages/airflow/example_dags/example_sla_dag.py
[2025-03-17T17:04:27.337+0000] {logging_mixin.py:190} INFO - [2025-03-17T17:04:27.336+0000] {dag.py:3239} INFO - Sync 1 DAGs
[2025-03-17T17:04:27.363+0000] {logging_mixin.py:190} INFO - [2025-03-17T17:04:27.362+0000] {dag.py:4180} INFO - Setting next_dagrun for example_sla_dag to 2025-03-17 17:02:00+00:00, run_after=2025-03-17 17:04:00+00:00
[2025-03-17T17:04:27.382+0000] {processor.py:208} INFO - Processing /home/airflow/.local/lib/python3.12/site-packages/airflow/example_dags/example_sla_dag.py took 0.085 seconds
[2025-03-17T17:04:58.465+0000] {processor.py:186} INFO - Started process (PID=785) to work on /home/airflow/.local/lib/python3.12/site-packages/airflow/example_dags/example_sla_dag.py
[2025-03-17T17:04:58.605+0000] {processor.py:914} INFO - Processing file /home/airflow/.local/lib/python3.12/site-packages/airflow/example_dags/example_sla_dag.py for tasks to queue
[2025-03-17T17:04:58.606+0000] {logging_mixin.py:190} INFO - [2025-03-17T17:04:58.606+0000] {dagbag.py:588} INFO - Filling up the DagBag from /home/airflow/.local/lib/python3.12/site-packages/airflow/example_dags/example_sla_dag.py
[2025-03-17T17:04:58.618+0000] {processor.py:925} INFO - DAG(s) 'example_sla_dag' retrieved from /home/airflow/.local/lib/python3.12/site-packages/airflow/example_dags/example_sla_dag.py
[2025-03-17T17:04:58.637+0000] {logging_mixin.py:190} INFO - [2025-03-17T17:04:58.637+0000] {dag.py:3239} INFO - Sync 1 DAGs
[2025-03-17T17:04:58.665+0000] {logging_mixin.py:190} INFO - [2025-03-17T17:04:58.665+0000] {dag.py:4180} INFO - Setting next_dagrun for example_sla_dag to 2025-03-17 17:02:00+00:00, run_after=2025-03-17 17:04:00+00:00
[2025-03-17T17:04:58.685+0000] {processor.py:208} INFO - Processing /home/airflow/.local/lib/python3.12/site-packages/airflow/example_dags/example_sla_dag.py took 0.226 seconds
[2025-03-17T17:05:29.579+0000] {processor.py:186} INFO - Started process (PID=847) to work on /home/airflow/.local/lib/python3.12/site-packages/airflow/example_dags/example_sla_dag.py
[2025-03-17T17:05:29.579+0000] {processor.py:914} INFO - Processing file /home/airflow/.local/lib/python3.12/site-packages/airflow/example_dags/example_sla_dag.py for tasks to queue
[2025-03-17T17:05:29.581+0000] {logging_mixin.py:190} INFO - [2025-03-17T17:05:29.580+0000] {dagbag.py:588} INFO - Filling up the DagBag from /home/airflow/.local/lib/python3.12/site-packages/airflow/example_dags/example_sla_dag.py
[2025-03-17T17:05:29.591+0000] {processor.py:925} INFO - DAG(s) 'example_sla_dag' retrieved from /home/airflow/.local/lib/python3.12/site-packages/airflow/example_dags/example_sla_dag.py
[2025-03-17T17:05:29.610+0000] {logging_mixin.py:190} INFO - [2025-03-17T17:05:29.609+0000] {dag.py:3239} INFO - Sync 1 DAGs
[2025-03-17T17:05:29.637+0000] {logging_mixin.py:190} INFO - [2025-03-17T17:05:29.636+0000] {dag.py:4180} INFO - Setting next_dagrun for example_sla_dag to 2025-03-17 17:02:00+00:00, run_after=2025-03-17 17:04:00+00:00
[2025-03-17T17:05:29.656+0000] {processor.py:208} INFO - Processing /home/airflow/.local/lib/python3.12/site-packages/airflow/example_dags/example_sla_dag.py took 0.084 seconds
[2025-03-17T17:06:00.827+0000] {processor.py:186} INFO - Started process (PID=909) to work on /home/airflow/.local/lib/python3.12/site-packages/airflow/example_dags/example_sla_dag.py
[2025-03-17T17:06:00.828+0000] {processor.py:914} INFO - Processing file /home/airflow/.local/lib/python3.12/site-packages/airflow/example_dags/example_sla_dag.py for tasks to queue
[2025-03-17T17:06:00.830+0000] {logging_mixin.py:190} INFO - [2025-03-17T17:06:00.829+0000] {dagbag.py:588} INFO - Filling up the DagBag from /home/airflow/.local/lib/python3.12/site-packages/airflow/example_dags/example_sla_dag.py
[2025-03-17T17:06:00.842+0000] {processor.py:925} INFO - DAG(s) 'example_sla_dag' retrieved from /home/airflow/.local/lib/python3.12/site-packages/airflow/example_dags/example_sla_dag.py
[2025-03-17T17:06:00.861+0000] {logging_mixin.py:190} INFO - [2025-03-17T17:06:00.861+0000] {dag.py:3239} INFO - Sync 1 DAGs
[2025-03-17T17:06:00.887+0000] {logging_mixin.py:190} INFO - [2025-03-17T17:06:00.887+0000] {dag.py:4180} INFO - Setting next_dagrun for example_sla_dag to 2025-03-17 17:04:00+00:00, run_after=2025-03-17 17:06:00+00:00
[2025-03-17T17:06:00.906+0000] {processor.py:208} INFO - Processing /home/airflow/.local/lib/python3.12/site-packages/airflow/example_dags/example_sla_dag.py took 0.084 seconds
[2025-03-17T17:06:31.503+0000] {processor.py:186} INFO - Started process (PID=975) to work on /home/airflow/.local/lib/python3.12/site-packages/airflow/example_dags/example_sla_dag.py
[2025-03-17T17:06:31.504+0000] {processor.py:914} INFO - Processing file /home/airflow/.local/lib/python3.12/site-packages/airflow/example_dags/example_sla_dag.py for tasks to queue
[2025-03-17T17:06:31.505+0000] {logging_mixin.py:190} INFO - [2025-03-17T17:06:31.505+0000] {dagbag.py:588} INFO - Filling up the DagBag from /home/airflow/.local/lib/python3.12/site-packages/airflow/example_dags/example_sla_dag.py
[2025-03-17T17:06:31.516+0000] {processor.py:925} INFO - DAG(s) 'example_sla_dag' retrieved from /home/airflow/.local/lib/python3.12/site-packages/airflow/example_dags/example_sla_dag.py
[2025-03-17T17:06:31.535+0000] {logging_mixin.py:190} INFO - [2025-03-17T17:06:31.534+0000] {dag.py:3239} INFO - Sync 1 DAGs
[2025-03-17T17:06:31.561+0000] {logging_mixin.py:190} INFO - [2025-03-17T17:06:31.560+0000] {dag.py:4180} INFO - Setting next_dagrun for example_sla_dag to 2025-03-17 17:04:00+00:00, run_after=2025-03-17 17:06:00+00:00
[2025-03-17T17:06:31.580+0000] {processor.py:208} INFO - Processing /home/airflow/.local/lib/python3.12/site-packages/airflow/example_dags/example_sla_dag.py took 0.083 seconds
[2025-03-17T17:07:02.265+0000] {processor.py:186} INFO - Started process (PID=1038) to work on /home/airflow/.local/lib/python3.12/site-packages/airflow/example_dags/example_sla_dag.py
[2025-03-17T17:07:02.266+0000] {processor.py:914} INFO - Processing file /home/airflow/.local/lib/python3.12/site-packages/airflow/example_dags/example_sla_dag.py for tasks to queue
[2025-03-17T17:07:02.268+0000] {logging_mixin.py:190} INFO - [2025-03-17T17:07:02.267+0000] {dagbag.py:588} INFO - Filling up the DagBag from /home/airflow/.local/lib/python3.12/site-packages/airflow/example_dags/example_sla_dag.py
[2025-03-17T17:07:02.278+0000] {processor.py:925} INFO - DAG(s) 'example_sla_dag' retrieved from /home/airflow/.local/lib/python3.12/site-packages/airflow/example_dags/example_sla_dag.py
[2025-03-17T17:07:02.296+0000] {logging_mixin.py:190} INFO - [2025-03-17T17:07:02.296+0000] {dag.py:3239} INFO - Sync 1 DAGs
[2025-03-17T17:07:02.322+0000] {logging_mixin.py:190} INFO - [2025-03-17T17:07:02.321+0000] {dag.py:4180} INFO - Setting next_dagrun for example_sla_dag to 2025-03-17 17:04:00+00:00, run_after=2025-03-17 17:06:00+00:00
[2025-03-17T17:07:02.339+0000] {processor.py:208} INFO - Processing /home/airflow/.local/lib/python3.12/site-packages/airflow/example_dags/example_sla_dag.py took 0.080 seconds
[2025-03-17T17:07:33.238+0000] {processor.py:186} INFO - Started process (PID=1101) to work on /home/airflow/.local/lib/python3.12/site-packages/airflow/example_dags/example_sla_dag.py
[2025-03-17T17:07:33.240+0000] {processor.py:914} INFO - Processing file /home/airflow/.local/lib/python3.12/site-packages/airflow/example_dags/example_sla_dag.py for tasks to queue
[2025-03-17T17:07:33.241+0000] {logging_mixin.py:190} INFO - [2025-03-17T17:07:33.240+0000] {dagbag.py:588} INFO - Filling up the DagBag from /home/airflow/.local/lib/python3.12/site-packages/airflow/example_dags/example_sla_dag.py
[2025-03-17T17:07:33.252+0000] {processor.py:925} INFO - DAG(s) 'example_sla_dag' retrieved from /home/airflow/.local/lib/python3.12/site-packages/airflow/example_dags/example_sla_dag.py
[2025-03-17T17:07:33.270+0000] {logging_mixin.py:190} INFO - [2025-03-17T17:07:33.269+0000] {dag.py:3239} INFO - Sync 1 DAGs
[2025-03-17T17:07:33.298+0000] {logging_mixin.py:190} INFO - [2025-03-17T17:07:33.298+0000] {dag.py:4180} INFO - Setting next_dagrun for example_sla_dag to 2025-03-17 17:04:00+00:00, run_after=2025-03-17 17:06:00+00:00
[2025-03-17T17:07:33.317+0000] {processor.py:208} INFO - Processing /home/airflow/.local/lib/python3.12/site-packages/airflow/example_dags/example_sla_dag.py took 0.084 seconds
[2025-03-17T17:08:03.681+0000] {processor.py:186} INFO - Started process (PID=1165) to work on /home/airflow/.local/lib/python3.12/site-packages/airflow/example_dags/example_sla_dag.py
[2025-03-17T17:08:03.683+0000] {processor.py:914} INFO - Processing file /home/airflow/.local/lib/python3.12/site-packages/airflow/example_dags/example_sla_dag.py for tasks to queue
[2025-03-17T17:08:03.684+0000] {logging_mixin.py:190} INFO - [2025-03-17T17:08:03.684+0000] {dagbag.py:588} INFO - Filling up the DagBag from /home/airflow/.local/lib/python3.12/site-packages/airflow/example_dags/example_sla_dag.py
[2025-03-17T17:08:03.696+0000] {processor.py:925} INFO - DAG(s) 'example_sla_dag' retrieved from /home/airflow/.local/lib/python3.12/site-packages/airflow/example_dags/example_sla_dag.py
[2025-03-17T17:08:03.717+0000] {logging_mixin.py:190} INFO - [2025-03-17T17:08:03.717+0000] {dag.py:3239} INFO - Sync 1 DAGs
[2025-03-17T17:08:03.752+0000] {logging_mixin.py:190} INFO - [2025-03-17T17:08:03.752+0000] {dag.py:4180} INFO - Setting next_dagrun for example_sla_dag to 2025-03-17 17:06:00+00:00, run_after=2025-03-17 17:08:00+00:00
[2025-03-17T17:08:03.773+0000] {processor.py:208} INFO - Processing /home/airflow/.local/lib/python3.12/site-packages/airflow/example_dags/example_sla_dag.py took 0.098 seconds
