[2025-03-17T13:32:31.576+0000] {processor.py:186} INFO - Started process (PID=91) to work on /home/airflow/.local/lib/python3.12/site-packages/airflow/example_dags/example_branch_python_dop_operator_3.py
[2025-03-17T13:32:31.581+0000] {processor.py:914} INFO - Processing file /home/airflow/.local/lib/python3.12/site-packages/airflow/example_dags/example_branch_python_dop_operator_3.py for tasks to queue
[2025-03-17T13:32:31.588+0000] {logging_mixin.py:190} INFO - [2025-03-17T13:32:31.587+0000] {dagbag.py:588} INFO - Filling up the DagBag from /home/airflow/.local/lib/python3.12/site-packages/airflow/example_dags/example_branch_python_dop_operator_3.py
[2025-03-17T13:32:31.635+0000] {processor.py:925} INFO - DAG(s) 'example_branch_dop_operator_v3' retrieved from /home/airflow/.local/lib/python3.12/site-packages/airflow/example_dags/example_branch_python_dop_operator_3.py
[2025-03-17T13:32:33.405+0000] {logging_mixin.py:190} INFO - [2025-03-17T13:32:33.404+0000] {override.py:1912} INFO - Created Permission View: can read on DAG:example_branch_dop_operator_v3
[2025-03-17T13:32:33.473+0000] {logging_mixin.py:190} INFO - [2025-03-17T13:32:33.472+0000] {override.py:1912} INFO - Created Permission View: can edit on DAG:example_branch_dop_operator_v3
[2025-03-17T13:32:33.508+0000] {logging_mixin.py:190} INFO - [2025-03-17T13:32:33.508+0000] {override.py:1912} INFO - Created Permission View: can delete on DAG:example_branch_dop_operator_v3
[2025-03-17T13:32:33.612+0000] {logging_mixin.py:190} INFO - [2025-03-17T13:32:33.612+0000] {override.py:1912} INFO - Created Permission View: can read on DAG Run:example_branch_dop_operator_v3
[2025-03-17T13:32:33.689+0000] {logging_mixin.py:190} INFO - [2025-03-17T13:32:33.689+0000] {override.py:1912} INFO - Created Permission View: can delete on DAG Run:example_branch_dop_operator_v3
[2025-03-17T13:32:33.730+0000] {logging_mixin.py:190} INFO - [2025-03-17T13:32:33.730+0000] {override.py:1912} INFO - Created Permission View: can create on DAG Run:example_branch_dop_operator_v3
[2025-03-17T13:32:33.740+0000] {logging_mixin.py:190} INFO - [2025-03-17T13:32:33.739+0000] {override.py:1912} INFO - Created Permission View: menu access on DAG Run:example_branch_dop_operator_v3
[2025-03-17T13:32:33.741+0000] {logging_mixin.py:190} INFO - [2025-03-17T13:32:33.740+0000] {dag.py:3239} INFO - Sync 1 DAGs
[2025-03-17T13:32:33.776+0000] {logging_mixin.py:190} INFO - [2025-03-17T13:32:33.775+0000] {dag.py:3262} INFO - Creating ORM DAG for example_branch_dop_operator_v3
[2025-03-17T13:32:33.824+0000] {logging_mixin.py:190} INFO - [2025-03-17T13:32:33.823+0000] {dag.py:4180} INFO - Setting next_dagrun for example_branch_dop_operator_v3 to 2025-03-17 13:31:00+00:00, run_after=2025-03-17 13:32:00+00:00
[2025-03-17T13:32:33.864+0000] {processor.py:208} INFO - Processing /home/airflow/.local/lib/python3.12/site-packages/airflow/example_dags/example_branch_python_dop_operator_3.py took 2.318 seconds
[2025-03-17T13:33:03.983+0000] {processor.py:186} INFO - Started process (PID=154) to work on /home/airflow/.local/lib/python3.12/site-packages/airflow/example_dags/example_branch_python_dop_operator_3.py
[2025-03-17T13:33:04.085+0000] {processor.py:914} INFO - Processing file /home/airflow/.local/lib/python3.12/site-packages/airflow/example_dags/example_branch_python_dop_operator_3.py for tasks to queue
[2025-03-17T13:33:04.088+0000] {logging_mixin.py:190} INFO - [2025-03-17T13:33:04.087+0000] {dagbag.py:588} INFO - Filling up the DagBag from /home/airflow/.local/lib/python3.12/site-packages/airflow/example_dags/example_branch_python_dop_operator_3.py
[2025-03-17T13:33:04.100+0000] {processor.py:925} INFO - DAG(s) 'example_branch_dop_operator_v3' retrieved from /home/airflow/.local/lib/python3.12/site-packages/airflow/example_dags/example_branch_python_dop_operator_3.py
[2025-03-17T13:33:04.122+0000] {logging_mixin.py:190} INFO - [2025-03-17T13:33:04.121+0000] {dag.py:3239} INFO - Sync 1 DAGs
[2025-03-17T13:33:04.151+0000] {logging_mixin.py:190} INFO - [2025-03-17T13:33:04.150+0000] {dag.py:4180} INFO - Setting next_dagrun for example_branch_dop_operator_v3 to 2025-03-17 13:32:00+00:00, run_after=2025-03-17 13:33:00+00:00
[2025-03-17T13:33:04.172+0000] {processor.py:208} INFO - Processing /home/airflow/.local/lib/python3.12/site-packages/airflow/example_dags/example_branch_python_dop_operator_3.py took 0.196 seconds
[2025-03-17T13:33:34.519+0000] {processor.py:186} INFO - Started process (PID=216) to work on /home/airflow/.local/lib/python3.12/site-packages/airflow/example_dags/example_branch_python_dop_operator_3.py
[2025-03-17T13:33:34.620+0000] {processor.py:914} INFO - Processing file /home/airflow/.local/lib/python3.12/site-packages/airflow/example_dags/example_branch_python_dop_operator_3.py for tasks to queue
[2025-03-17T13:33:34.623+0000] {logging_mixin.py:190} INFO - [2025-03-17T13:33:34.622+0000] {dagbag.py:588} INFO - Filling up the DagBag from /home/airflow/.local/lib/python3.12/site-packages/airflow/example_dags/example_branch_python_dop_operator_3.py
[2025-03-17T13:33:34.634+0000] {processor.py:925} INFO - DAG(s) 'example_branch_dop_operator_v3' retrieved from /home/airflow/.local/lib/python3.12/site-packages/airflow/example_dags/example_branch_python_dop_operator_3.py
[2025-03-17T13:33:34.657+0000] {logging_mixin.py:190} INFO - [2025-03-17T13:33:34.656+0000] {dag.py:3239} INFO - Sync 1 DAGs
[2025-03-17T13:33:34.689+0000] {logging_mixin.py:190} INFO - [2025-03-17T13:33:34.689+0000] {dag.py:4180} INFO - Setting next_dagrun for example_branch_dop_operator_v3 to 2025-03-17 13:32:00+00:00, run_after=2025-03-17 13:33:00+00:00
[2025-03-17T13:33:34.712+0000] {processor.py:208} INFO - Processing /home/airflow/.local/lib/python3.12/site-packages/airflow/example_dags/example_branch_python_dop_operator_3.py took 0.205 seconds
[2025-03-17T13:34:04.940+0000] {processor.py:186} INFO - Started process (PID=279) to work on /home/airflow/.local/lib/python3.12/site-packages/airflow/example_dags/example_branch_python_dop_operator_3.py
[2025-03-17T13:34:04.943+0000] {processor.py:914} INFO - Processing file /home/airflow/.local/lib/python3.12/site-packages/airflow/example_dags/example_branch_python_dop_operator_3.py for tasks to queue
[2025-03-17T13:34:04.945+0000] {logging_mixin.py:190} INFO - [2025-03-17T13:34:04.945+0000] {dagbag.py:588} INFO - Filling up the DagBag from /home/airflow/.local/lib/python3.12/site-packages/airflow/example_dags/example_branch_python_dop_operator_3.py
[2025-03-17T13:34:04.988+0000] {processor.py:925} INFO - DAG(s) 'example_branch_dop_operator_v3' retrieved from /home/airflow/.local/lib/python3.12/site-packages/airflow/example_dags/example_branch_python_dop_operator_3.py
[2025-03-17T13:34:05.429+0000] {logging_mixin.py:190} INFO - [2025-03-17T13:34:05.423+0000] {dag.py:3239} INFO - Sync 1 DAGs
[2025-03-17T13:34:05.469+0000] {logging_mixin.py:190} INFO - [2025-03-17T13:34:05.469+0000] {dag.py:4180} INFO - Setting next_dagrun for example_branch_dop_operator_v3 to 2025-03-17 13:33:00+00:00, run_after=2025-03-17 13:34:00+00:00
[2025-03-17T13:34:05.508+0000] {processor.py:208} INFO - Processing /home/airflow/.local/lib/python3.12/site-packages/airflow/example_dags/example_branch_python_dop_operator_3.py took 0.591 seconds
[2025-03-17T13:34:36.089+0000] {processor.py:186} INFO - Started process (PID=342) to work on /home/airflow/.local/lib/python3.12/site-packages/airflow/example_dags/example_branch_python_dop_operator_3.py
[2025-03-17T13:34:36.090+0000] {processor.py:914} INFO - Processing file /home/airflow/.local/lib/python3.12/site-packages/airflow/example_dags/example_branch_python_dop_operator_3.py for tasks to queue
[2025-03-17T13:34:36.092+0000] {logging_mixin.py:190} INFO - [2025-03-17T13:34:36.092+0000] {dagbag.py:588} INFO - Filling up the DagBag from /home/airflow/.local/lib/python3.12/site-packages/airflow/example_dags/example_branch_python_dop_operator_3.py
[2025-03-17T13:34:36.104+0000] {processor.py:925} INFO - DAG(s) 'example_branch_dop_operator_v3' retrieved from /home/airflow/.local/lib/python3.12/site-packages/airflow/example_dags/example_branch_python_dop_operator_3.py
[2025-03-17T13:34:36.125+0000] {logging_mixin.py:190} INFO - [2025-03-17T13:34:36.125+0000] {dag.py:3239} INFO - Sync 1 DAGs
[2025-03-17T13:34:36.158+0000] {logging_mixin.py:190} INFO - [2025-03-17T13:34:36.157+0000] {dag.py:4180} INFO - Setting next_dagrun for example_branch_dop_operator_v3 to 2025-03-17 13:33:00+00:00, run_after=2025-03-17 13:34:00+00:00
[2025-03-17T13:34:36.179+0000] {processor.py:208} INFO - Processing /home/airflow/.local/lib/python3.12/site-packages/airflow/example_dags/example_branch_python_dop_operator_3.py took 0.096 seconds
[2025-03-17T13:35:06.642+0000] {processor.py:186} INFO - Started process (PID=405) to work on /home/airflow/.local/lib/python3.12/site-packages/airflow/example_dags/example_branch_python_dop_operator_3.py
[2025-03-17T13:35:06.643+0000] {processor.py:914} INFO - Processing file /home/airflow/.local/lib/python3.12/site-packages/airflow/example_dags/example_branch_python_dop_operator_3.py for tasks to queue
[2025-03-17T13:35:06.645+0000] {logging_mixin.py:190} INFO - [2025-03-17T13:35:06.645+0000] {dagbag.py:588} INFO - Filling up the DagBag from /home/airflow/.local/lib/python3.12/site-packages/airflow/example_dags/example_branch_python_dop_operator_3.py
[2025-03-17T13:35:06.661+0000] {processor.py:925} INFO - DAG(s) 'example_branch_dop_operator_v3' retrieved from /home/airflow/.local/lib/python3.12/site-packages/airflow/example_dags/example_branch_python_dop_operator_3.py
[2025-03-17T13:35:06.681+0000] {logging_mixin.py:190} INFO - [2025-03-17T13:35:06.681+0000] {dag.py:3239} INFO - Sync 1 DAGs
[2025-03-17T13:35:06.707+0000] {logging_mixin.py:190} INFO - [2025-03-17T13:35:06.706+0000] {dag.py:4180} INFO - Setting next_dagrun for example_branch_dop_operator_v3 to 2025-03-17 13:34:00+00:00, run_after=2025-03-17 13:35:00+00:00
[2025-03-17T13:35:06.728+0000] {processor.py:208} INFO - Processing /home/airflow/.local/lib/python3.12/site-packages/airflow/example_dags/example_branch_python_dop_operator_3.py took 0.092 seconds
[2025-03-17T13:35:42.220+0000] {processor.py:186} INFO - Started process (PID=443) to work on /home/airflow/.local/lib/python3.12/site-packages/airflow/example_dags/example_branch_python_dop_operator_3.py
[2025-03-17T13:35:42.227+0000] {processor.py:914} INFO - Processing file /home/airflow/.local/lib/python3.12/site-packages/airflow/example_dags/example_branch_python_dop_operator_3.py for tasks to queue
[2025-03-17T13:35:42.230+0000] {logging_mixin.py:190} INFO - [2025-03-17T13:35:42.229+0000] {dagbag.py:588} INFO - Filling up the DagBag from /home/airflow/.local/lib/python3.12/site-packages/airflow/example_dags/example_branch_python_dop_operator_3.py
[2025-03-17T13:35:42.243+0000] {processor.py:925} INFO - DAG(s) 'example_branch_dop_operator_v3' retrieved from /home/airflow/.local/lib/python3.12/site-packages/airflow/example_dags/example_branch_python_dop_operator_3.py
[2025-03-17T13:35:42.267+0000] {logging_mixin.py:190} INFO - [2025-03-17T13:35:42.267+0000] {dag.py:3239} INFO - Sync 1 DAGs
[2025-03-17T13:35:42.301+0000] {logging_mixin.py:190} INFO - [2025-03-17T13:35:42.301+0000] {dag.py:4180} INFO - Setting next_dagrun for example_branch_dop_operator_v3 to 2025-03-17 13:34:00+00:00, run_after=2025-03-17 13:35:00+00:00
[2025-03-17T13:35:42.330+0000] {processor.py:208} INFO - Processing /home/airflow/.local/lib/python3.12/site-packages/airflow/example_dags/example_branch_python_dop_operator_3.py took 0.117 seconds
[2025-03-17T13:36:50.214+0000] {processor.py:186} INFO - Started process (PID=494) to work on /home/airflow/.local/lib/python3.12/site-packages/airflow/example_dags/example_branch_python_dop_operator_3.py
[2025-03-17T13:36:50.218+0000] {processor.py:914} INFO - Processing file /home/airflow/.local/lib/python3.12/site-packages/airflow/example_dags/example_branch_python_dop_operator_3.py for tasks to queue
[2025-03-17T13:36:50.219+0000] {logging_mixin.py:190} INFO - [2025-03-17T13:36:50.219+0000] {dagbag.py:588} INFO - Filling up the DagBag from /home/airflow/.local/lib/python3.12/site-packages/airflow/example_dags/example_branch_python_dop_operator_3.py
[2025-03-17T13:36:50.232+0000] {processor.py:925} INFO - DAG(s) 'example_branch_dop_operator_v3' retrieved from /home/airflow/.local/lib/python3.12/site-packages/airflow/example_dags/example_branch_python_dop_operator_3.py
[2025-03-17T13:36:50.255+0000] {logging_mixin.py:190} INFO - [2025-03-17T13:36:50.255+0000] {dag.py:3239} INFO - Sync 1 DAGs
[2025-03-17T13:36:50.288+0000] {logging_mixin.py:190} INFO - [2025-03-17T13:36:50.288+0000] {dag.py:4180} INFO - Setting next_dagrun for example_branch_dop_operator_v3 to 2025-03-17 13:35:00+00:00, run_after=2025-03-17 13:36:00+00:00
[2025-03-17T13:36:50.309+0000] {processor.py:208} INFO - Processing /home/airflow/.local/lib/python3.12/site-packages/airflow/example_dags/example_branch_python_dop_operator_3.py took 0.103 seconds
[2025-03-17T13:37:20.527+0000] {processor.py:186} INFO - Started process (PID=558) to work on /home/airflow/.local/lib/python3.12/site-packages/airflow/example_dags/example_branch_python_dop_operator_3.py
[2025-03-17T13:37:20.528+0000] {processor.py:914} INFO - Processing file /home/airflow/.local/lib/python3.12/site-packages/airflow/example_dags/example_branch_python_dop_operator_3.py for tasks to queue
[2025-03-17T13:37:20.530+0000] {logging_mixin.py:190} INFO - [2025-03-17T13:37:20.529+0000] {dagbag.py:588} INFO - Filling up the DagBag from /home/airflow/.local/lib/python3.12/site-packages/airflow/example_dags/example_branch_python_dop_operator_3.py
[2025-03-17T13:37:20.542+0000] {processor.py:925} INFO - DAG(s) 'example_branch_dop_operator_v3' retrieved from /home/airflow/.local/lib/python3.12/site-packages/airflow/example_dags/example_branch_python_dop_operator_3.py
[2025-03-17T13:37:20.563+0000] {logging_mixin.py:190} INFO - [2025-03-17T13:37:20.562+0000] {dag.py:3239} INFO - Sync 1 DAGs
[2025-03-17T13:37:20.591+0000] {logging_mixin.py:190} INFO - [2025-03-17T13:37:20.591+0000] {dag.py:4180} INFO - Setting next_dagrun for example_branch_dop_operator_v3 to 2025-03-17 13:36:00+00:00, run_after=2025-03-17 13:37:00+00:00
[2025-03-17T13:37:20.615+0000] {processor.py:208} INFO - Processing /home/airflow/.local/lib/python3.12/site-packages/airflow/example_dags/example_branch_python_dop_operator_3.py took 0.095 seconds
[2025-03-17T13:37:51.745+0000] {processor.py:186} INFO - Started process (PID=618) to work on /home/airflow/.local/lib/python3.12/site-packages/airflow/example_dags/example_branch_python_dop_operator_3.py
[2025-03-17T13:37:51.746+0000] {processor.py:914} INFO - Processing file /home/airflow/.local/lib/python3.12/site-packages/airflow/example_dags/example_branch_python_dop_operator_3.py for tasks to queue
[2025-03-17T13:37:51.747+0000] {logging_mixin.py:190} INFO - [2025-03-17T13:37:51.747+0000] {dagbag.py:588} INFO - Filling up the DagBag from /home/airflow/.local/lib/python3.12/site-packages/airflow/example_dags/example_branch_python_dop_operator_3.py
[2025-03-17T13:37:51.759+0000] {processor.py:925} INFO - DAG(s) 'example_branch_dop_operator_v3' retrieved from /home/airflow/.local/lib/python3.12/site-packages/airflow/example_dags/example_branch_python_dop_operator_3.py
[2025-03-17T13:37:51.779+0000] {logging_mixin.py:190} INFO - [2025-03-17T13:37:51.778+0000] {dag.py:3239} INFO - Sync 1 DAGs
[2025-03-17T13:37:51.816+0000] {logging_mixin.py:190} INFO - [2025-03-17T13:37:51.815+0000] {dag.py:4180} INFO - Setting next_dagrun for example_branch_dop_operator_v3 to 2025-03-17 13:36:00+00:00, run_after=2025-03-17 13:37:00+00:00
[2025-03-17T13:37:51.837+0000] {processor.py:208} INFO - Processing /home/airflow/.local/lib/python3.12/site-packages/airflow/example_dags/example_branch_python_dop_operator_3.py took 0.099 seconds
[2025-03-17T13:38:22.758+0000] {processor.py:186} INFO - Started process (PID=681) to work on /home/airflow/.local/lib/python3.12/site-packages/airflow/example_dags/example_branch_python_dop_operator_3.py
[2025-03-17T13:38:22.759+0000] {processor.py:914} INFO - Processing file /home/airflow/.local/lib/python3.12/site-packages/airflow/example_dags/example_branch_python_dop_operator_3.py for tasks to queue
[2025-03-17T13:38:22.761+0000] {logging_mixin.py:190} INFO - [2025-03-17T13:38:22.760+0000] {dagbag.py:588} INFO - Filling up the DagBag from /home/airflow/.local/lib/python3.12/site-packages/airflow/example_dags/example_branch_python_dop_operator_3.py
[2025-03-17T13:38:22.772+0000] {processor.py:925} INFO - DAG(s) 'example_branch_dop_operator_v3' retrieved from /home/airflow/.local/lib/python3.12/site-packages/airflow/example_dags/example_branch_python_dop_operator_3.py
[2025-03-17T13:38:22.793+0000] {logging_mixin.py:190} INFO - [2025-03-17T13:38:22.793+0000] {dag.py:3239} INFO - Sync 1 DAGs
[2025-03-17T13:38:22.823+0000] {logging_mixin.py:190} INFO - [2025-03-17T13:38:22.823+0000] {dag.py:4180} INFO - Setting next_dagrun for example_branch_dop_operator_v3 to 2025-03-17 13:37:00+00:00, run_after=2025-03-17 13:38:00+00:00
[2025-03-17T13:38:22.844+0000] {processor.py:208} INFO - Processing /home/airflow/.local/lib/python3.12/site-packages/airflow/example_dags/example_branch_python_dop_operator_3.py took 0.092 seconds
[2025-03-17T13:38:53.362+0000] {processor.py:186} INFO - Started process (PID=743) to work on /home/airflow/.local/lib/python3.12/site-packages/airflow/example_dags/example_branch_python_dop_operator_3.py
[2025-03-17T13:38:53.363+0000] {processor.py:914} INFO - Processing file /home/airflow/.local/lib/python3.12/site-packages/airflow/example_dags/example_branch_python_dop_operator_3.py for tasks to queue
[2025-03-17T13:38:53.364+0000] {logging_mixin.py:190} INFO - [2025-03-17T13:38:53.364+0000] {dagbag.py:588} INFO - Filling up the DagBag from /home/airflow/.local/lib/python3.12/site-packages/airflow/example_dags/example_branch_python_dop_operator_3.py
[2025-03-17T13:38:53.377+0000] {processor.py:925} INFO - DAG(s) 'example_branch_dop_operator_v3' retrieved from /home/airflow/.local/lib/python3.12/site-packages/airflow/example_dags/example_branch_python_dop_operator_3.py
[2025-03-17T13:38:53.400+0000] {logging_mixin.py:190} INFO - [2025-03-17T13:38:53.399+0000] {dag.py:3239} INFO - Sync 1 DAGs
[2025-03-17T13:38:53.430+0000] {logging_mixin.py:190} INFO - [2025-03-17T13:38:53.430+0000] {dag.py:4180} INFO - Setting next_dagrun for example_branch_dop_operator_v3 to 2025-03-17 13:37:00+00:00, run_after=2025-03-17 13:38:00+00:00
[2025-03-17T13:38:53.454+0000] {processor.py:208} INFO - Processing /home/airflow/.local/lib/python3.12/site-packages/airflow/example_dags/example_branch_python_dop_operator_3.py took 0.099 seconds
[2025-03-17T13:39:23.874+0000] {processor.py:186} INFO - Started process (PID=800) to work on /home/airflow/.local/lib/python3.12/site-packages/airflow/example_dags/example_branch_python_dop_operator_3.py
[2025-03-17T13:39:23.875+0000] {processor.py:914} INFO - Processing file /home/airflow/.local/lib/python3.12/site-packages/airflow/example_dags/example_branch_python_dop_operator_3.py for tasks to queue
[2025-03-17T13:39:23.876+0000] {logging_mixin.py:190} INFO - [2025-03-17T13:39:23.876+0000] {dagbag.py:588} INFO - Filling up the DagBag from /home/airflow/.local/lib/python3.12/site-packages/airflow/example_dags/example_branch_python_dop_operator_3.py
[2025-03-17T13:39:23.891+0000] {processor.py:925} INFO - DAG(s) 'example_branch_dop_operator_v3' retrieved from /home/airflow/.local/lib/python3.12/site-packages/airflow/example_dags/example_branch_python_dop_operator_3.py
[2025-03-17T13:39:23.917+0000] {logging_mixin.py:190} INFO - [2025-03-17T13:39:23.916+0000] {dag.py:3239} INFO - Sync 1 DAGs
[2025-03-17T13:39:23.957+0000] {logging_mixin.py:190} INFO - [2025-03-17T13:39:23.956+0000] {dag.py:4180} INFO - Setting next_dagrun for example_branch_dop_operator_v3 to 2025-03-17 13:38:00+00:00, run_after=2025-03-17 13:39:00+00:00
[2025-03-17T13:39:23.981+0000] {processor.py:208} INFO - Processing /home/airflow/.local/lib/python3.12/site-packages/airflow/example_dags/example_branch_python_dop_operator_3.py took 0.116 seconds
[2025-03-17T13:39:54.962+0000] {processor.py:186} INFO - Started process (PID=863) to work on /home/airflow/.local/lib/python3.12/site-packages/airflow/example_dags/example_branch_python_dop_operator_3.py
[2025-03-17T13:39:54.963+0000] {processor.py:914} INFO - Processing file /home/airflow/.local/lib/python3.12/site-packages/airflow/example_dags/example_branch_python_dop_operator_3.py for tasks to queue
[2025-03-17T13:39:54.965+0000] {logging_mixin.py:190} INFO - [2025-03-17T13:39:54.965+0000] {dagbag.py:588} INFO - Filling up the DagBag from /home/airflow/.local/lib/python3.12/site-packages/airflow/example_dags/example_branch_python_dop_operator_3.py
[2025-03-17T13:39:54.978+0000] {processor.py:925} INFO - DAG(s) 'example_branch_dop_operator_v3' retrieved from /home/airflow/.local/lib/python3.12/site-packages/airflow/example_dags/example_branch_python_dop_operator_3.py
[2025-03-17T13:39:55.003+0000] {logging_mixin.py:190} INFO - [2025-03-17T13:39:55.003+0000] {dag.py:3239} INFO - Sync 1 DAGs
[2025-03-17T13:39:55.037+0000] {logging_mixin.py:190} INFO - [2025-03-17T13:39:55.037+0000] {dag.py:4180} INFO - Setting next_dagrun for example_branch_dop_operator_v3 to 2025-03-17 13:38:00+00:00, run_after=2025-03-17 13:39:00+00:00
[2025-03-17T13:39:55.058+0000] {processor.py:208} INFO - Processing /home/airflow/.local/lib/python3.12/site-packages/airflow/example_dags/example_branch_python_dop_operator_3.py took 0.104 seconds
[2025-03-17T13:40:25.939+0000] {processor.py:186} INFO - Started process (PID=924) to work on /home/airflow/.local/lib/python3.12/site-packages/airflow/example_dags/example_branch_python_dop_operator_3.py
[2025-03-17T13:40:25.949+0000] {processor.py:914} INFO - Processing file /home/airflow/.local/lib/python3.12/site-packages/airflow/example_dags/example_branch_python_dop_operator_3.py for tasks to queue
[2025-03-17T13:40:25.950+0000] {logging_mixin.py:190} INFO - [2025-03-17T13:40:25.950+0000] {dagbag.py:588} INFO - Filling up the DagBag from /home/airflow/.local/lib/python3.12/site-packages/airflow/example_dags/example_branch_python_dop_operator_3.py
[2025-03-17T13:40:25.961+0000] {processor.py:925} INFO - DAG(s) 'example_branch_dop_operator_v3' retrieved from /home/airflow/.local/lib/python3.12/site-packages/airflow/example_dags/example_branch_python_dop_operator_3.py
[2025-03-17T13:40:25.981+0000] {logging_mixin.py:190} INFO - [2025-03-17T13:40:25.981+0000] {dag.py:3239} INFO - Sync 1 DAGs
[2025-03-17T13:40:26.012+0000] {logging_mixin.py:190} INFO - [2025-03-17T13:40:26.012+0000] {dag.py:4180} INFO - Setting next_dagrun for example_branch_dop_operator_v3 to 2025-03-17 13:39:00+00:00, run_after=2025-03-17 13:40:00+00:00
[2025-03-17T13:40:26.034+0000] {processor.py:208} INFO - Processing /home/airflow/.local/lib/python3.12/site-packages/airflow/example_dags/example_branch_python_dop_operator_3.py took 0.103 seconds
[2025-03-17T13:40:56.211+0000] {processor.py:186} INFO - Started process (PID=981) to work on /home/airflow/.local/lib/python3.12/site-packages/airflow/example_dags/example_branch_python_dop_operator_3.py
[2025-03-17T13:40:56.213+0000] {processor.py:914} INFO - Processing file /home/airflow/.local/lib/python3.12/site-packages/airflow/example_dags/example_branch_python_dop_operator_3.py for tasks to queue
[2025-03-17T13:40:56.214+0000] {logging_mixin.py:190} INFO - [2025-03-17T13:40:56.214+0000] {dagbag.py:588} INFO - Filling up the DagBag from /home/airflow/.local/lib/python3.12/site-packages/airflow/example_dags/example_branch_python_dop_operator_3.py
[2025-03-17T13:40:56.226+0000] {processor.py:925} INFO - DAG(s) 'example_branch_dop_operator_v3' retrieved from /home/airflow/.local/lib/python3.12/site-packages/airflow/example_dags/example_branch_python_dop_operator_3.py
[2025-03-17T13:40:56.247+0000] {logging_mixin.py:190} INFO - [2025-03-17T13:40:56.247+0000] {dag.py:3239} INFO - Sync 1 DAGs
[2025-03-17T13:40:56.280+0000] {logging_mixin.py:190} INFO - [2025-03-17T13:40:56.280+0000] {dag.py:4180} INFO - Setting next_dagrun for example_branch_dop_operator_v3 to 2025-03-17 13:39:00+00:00, run_after=2025-03-17 13:40:00+00:00
[2025-03-17T13:40:56.302+0000] {processor.py:208} INFO - Processing /home/airflow/.local/lib/python3.12/site-packages/airflow/example_dags/example_branch_python_dop_operator_3.py took 0.101 seconds
[2025-03-17T13:41:26.551+0000] {processor.py:186} INFO - Started process (PID=1042) to work on /home/airflow/.local/lib/python3.12/site-packages/airflow/example_dags/example_branch_python_dop_operator_3.py
[2025-03-17T13:41:26.553+0000] {processor.py:914} INFO - Processing file /home/airflow/.local/lib/python3.12/site-packages/airflow/example_dags/example_branch_python_dop_operator_3.py for tasks to queue
[2025-03-17T13:41:26.554+0000] {logging_mixin.py:190} INFO - [2025-03-17T13:41:26.554+0000] {dagbag.py:588} INFO - Filling up the DagBag from /home/airflow/.local/lib/python3.12/site-packages/airflow/example_dags/example_branch_python_dop_operator_3.py
[2025-03-17T13:41:26.568+0000] {processor.py:925} INFO - DAG(s) 'example_branch_dop_operator_v3' retrieved from /home/airflow/.local/lib/python3.12/site-packages/airflow/example_dags/example_branch_python_dop_operator_3.py
[2025-03-17T13:41:26.592+0000] {logging_mixin.py:190} INFO - [2025-03-17T13:41:26.592+0000] {dag.py:3239} INFO - Sync 1 DAGs
[2025-03-17T13:41:26.627+0000] {logging_mixin.py:190} INFO - [2025-03-17T13:41:26.627+0000] {dag.py:4180} INFO - Setting next_dagrun for example_branch_dop_operator_v3 to 2025-03-17 13:40:00+00:00, run_after=2025-03-17 13:41:00+00:00
[2025-03-17T13:41:26.646+0000] {processor.py:208} INFO - Processing /home/airflow/.local/lib/python3.12/site-packages/airflow/example_dags/example_branch_python_dop_operator_3.py took 0.107 seconds
[2025-03-17T13:41:57.098+0000] {processor.py:186} INFO - Started process (PID=1107) to work on /home/airflow/.local/lib/python3.12/site-packages/airflow/example_dags/example_branch_python_dop_operator_3.py
[2025-03-17T13:41:57.100+0000] {processor.py:914} INFO - Processing file /home/airflow/.local/lib/python3.12/site-packages/airflow/example_dags/example_branch_python_dop_operator_3.py for tasks to queue
[2025-03-17T13:41:57.102+0000] {logging_mixin.py:190} INFO - [2025-03-17T13:41:57.101+0000] {dagbag.py:588} INFO - Filling up the DagBag from /home/airflow/.local/lib/python3.12/site-packages/airflow/example_dags/example_branch_python_dop_operator_3.py
[2025-03-17T13:41:57.119+0000] {processor.py:925} INFO - DAG(s) 'example_branch_dop_operator_v3' retrieved from /home/airflow/.local/lib/python3.12/site-packages/airflow/example_dags/example_branch_python_dop_operator_3.py
[2025-03-17T13:41:57.150+0000] {logging_mixin.py:190} INFO - [2025-03-17T13:41:57.149+0000] {dag.py:3239} INFO - Sync 1 DAGs
[2025-03-17T13:41:57.188+0000] {logging_mixin.py:190} INFO - [2025-03-17T13:41:57.187+0000] {dag.py:4180} INFO - Setting next_dagrun for example_branch_dop_operator_v3 to 2025-03-17 13:40:00+00:00, run_after=2025-03-17 13:41:00+00:00
[2025-03-17T13:41:57.210+0000] {processor.py:208} INFO - Processing /home/airflow/.local/lib/python3.12/site-packages/airflow/example_dags/example_branch_python_dop_operator_3.py took 0.122 seconds
[2025-03-17T13:43:59.785+0000] {processor.py:186} INFO - Started process (PID=92) to work on /home/airflow/.local/lib/python3.12/site-packages/airflow/example_dags/example_branch_python_dop_operator_3.py
[2025-03-17T13:43:59.790+0000] {processor.py:914} INFO - Processing file /home/airflow/.local/lib/python3.12/site-packages/airflow/example_dags/example_branch_python_dop_operator_3.py for tasks to queue
[2025-03-17T13:43:59.795+0000] {logging_mixin.py:190} INFO - [2025-03-17T13:43:59.794+0000] {dagbag.py:588} INFO - Filling up the DagBag from /home/airflow/.local/lib/python3.12/site-packages/airflow/example_dags/example_branch_python_dop_operator_3.py
[2025-03-17T13:43:59.812+0000] {processor.py:925} INFO - DAG(s) 'example_branch_dop_operator_v3' retrieved from /home/airflow/.local/lib/python3.12/site-packages/airflow/example_dags/example_branch_python_dop_operator_3.py
[2025-03-17T13:43:59.855+0000] {logging_mixin.py:190} INFO - [2025-03-17T13:43:59.855+0000] {dag.py:3239} INFO - Sync 1 DAGs
[2025-03-17T13:43:59.911+0000] {logging_mixin.py:190} INFO - [2025-03-17T13:43:59.910+0000] {dag.py:4180} INFO - Setting next_dagrun for example_branch_dop_operator_v3 to 2025-03-17 13:42:00+00:00, run_after=2025-03-17 13:43:00+00:00
[2025-03-17T13:43:59.952+0000] {processor.py:208} INFO - Processing /home/airflow/.local/lib/python3.12/site-packages/airflow/example_dags/example_branch_python_dop_operator_3.py took 0.175 seconds
[2025-03-17T13:44:30.758+0000] {processor.py:186} INFO - Started process (PID=155) to work on /home/airflow/.local/lib/python3.12/site-packages/airflow/example_dags/example_branch_python_dop_operator_3.py
[2025-03-17T13:44:30.763+0000] {processor.py:914} INFO - Processing file /home/airflow/.local/lib/python3.12/site-packages/airflow/example_dags/example_branch_python_dop_operator_3.py for tasks to queue
[2025-03-17T13:44:30.765+0000] {logging_mixin.py:190} INFO - [2025-03-17T13:44:30.765+0000] {dagbag.py:588} INFO - Filling up the DagBag from /home/airflow/.local/lib/python3.12/site-packages/airflow/example_dags/example_branch_python_dop_operator_3.py
[2025-03-17T13:44:30.777+0000] {processor.py:925} INFO - DAG(s) 'example_branch_dop_operator_v3' retrieved from /home/airflow/.local/lib/python3.12/site-packages/airflow/example_dags/example_branch_python_dop_operator_3.py
[2025-03-17T13:44:30.799+0000] {logging_mixin.py:190} INFO - [2025-03-17T13:44:30.799+0000] {dag.py:3239} INFO - Sync 1 DAGs
[2025-03-17T13:44:30.829+0000] {logging_mixin.py:190} INFO - [2025-03-17T13:44:30.828+0000] {dag.py:4180} INFO - Setting next_dagrun for example_branch_dop_operator_v3 to 2025-03-17 13:43:00+00:00, run_after=2025-03-17 13:44:00+00:00
[2025-03-17T13:44:30.851+0000] {processor.py:208} INFO - Processing /home/airflow/.local/lib/python3.12/site-packages/airflow/example_dags/example_branch_python_dop_operator_3.py took 0.099 seconds
[2025-03-17T13:45:01.546+0000] {processor.py:186} INFO - Started process (PID=218) to work on /home/airflow/.local/lib/python3.12/site-packages/airflow/example_dags/example_branch_python_dop_operator_3.py
[2025-03-17T13:45:01.547+0000] {processor.py:914} INFO - Processing file /home/airflow/.local/lib/python3.12/site-packages/airflow/example_dags/example_branch_python_dop_operator_3.py for tasks to queue
[2025-03-17T13:45:01.551+0000] {logging_mixin.py:190} INFO - [2025-03-17T13:45:01.550+0000] {dagbag.py:588} INFO - Filling up the DagBag from /home/airflow/.local/lib/python3.12/site-packages/airflow/example_dags/example_branch_python_dop_operator_3.py
[2025-03-17T13:45:01.565+0000] {processor.py:925} INFO - DAG(s) 'example_branch_dop_operator_v3' retrieved from /home/airflow/.local/lib/python3.12/site-packages/airflow/example_dags/example_branch_python_dop_operator_3.py
[2025-03-17T13:45:01.591+0000] {logging_mixin.py:190} INFO - [2025-03-17T13:45:01.590+0000] {dag.py:3239} INFO - Sync 1 DAGs
[2025-03-17T13:45:01.626+0000] {logging_mixin.py:190} INFO - [2025-03-17T13:45:01.626+0000] {dag.py:4180} INFO - Setting next_dagrun for example_branch_dop_operator_v3 to 2025-03-17 13:44:00+00:00, run_after=2025-03-17 13:45:00+00:00
[2025-03-17T13:45:01.649+0000] {processor.py:208} INFO - Processing /home/airflow/.local/lib/python3.12/site-packages/airflow/example_dags/example_branch_python_dop_operator_3.py took 0.110 seconds
[2025-03-17T13:45:31.701+0000] {processor.py:186} INFO - Started process (PID=280) to work on /home/airflow/.local/lib/python3.12/site-packages/airflow/example_dags/example_branch_python_dop_operator_3.py
[2025-03-17T13:45:31.721+0000] {processor.py:914} INFO - Processing file /home/airflow/.local/lib/python3.12/site-packages/airflow/example_dags/example_branch_python_dop_operator_3.py for tasks to queue
[2025-03-17T13:45:31.724+0000] {logging_mixin.py:190} INFO - [2025-03-17T13:45:31.724+0000] {dagbag.py:588} INFO - Filling up the DagBag from /home/airflow/.local/lib/python3.12/site-packages/airflow/example_dags/example_branch_python_dop_operator_3.py
[2025-03-17T13:45:31.736+0000] {processor.py:925} INFO - DAG(s) 'example_branch_dop_operator_v3' retrieved from /home/airflow/.local/lib/python3.12/site-packages/airflow/example_dags/example_branch_python_dop_operator_3.py
[2025-03-17T13:45:31.759+0000] {logging_mixin.py:190} INFO - [2025-03-17T13:45:31.758+0000] {dag.py:3239} INFO - Sync 1 DAGs
[2025-03-17T13:45:31.788+0000] {logging_mixin.py:190} INFO - [2025-03-17T13:45:31.787+0000] {dag.py:4180} INFO - Setting next_dagrun for example_branch_dop_operator_v3 to 2025-03-17 13:44:00+00:00, run_after=2025-03-17 13:45:00+00:00
[2025-03-17T13:45:31.810+0000] {processor.py:208} INFO - Processing /home/airflow/.local/lib/python3.12/site-packages/airflow/example_dags/example_branch_python_dop_operator_3.py took 0.115 seconds
[2025-03-17T13:46:01.987+0000] {processor.py:186} INFO - Started process (PID=343) to work on /home/airflow/.local/lib/python3.12/site-packages/airflow/example_dags/example_branch_python_dop_operator_3.py
[2025-03-17T13:46:01.988+0000] {processor.py:914} INFO - Processing file /home/airflow/.local/lib/python3.12/site-packages/airflow/example_dags/example_branch_python_dop_operator_3.py for tasks to queue
[2025-03-17T13:46:01.990+0000] {logging_mixin.py:190} INFO - [2025-03-17T13:46:01.990+0000] {dagbag.py:588} INFO - Filling up the DagBag from /home/airflow/.local/lib/python3.12/site-packages/airflow/example_dags/example_branch_python_dop_operator_3.py
[2025-03-17T13:46:02.002+0000] {processor.py:925} INFO - DAG(s) 'example_branch_dop_operator_v3' retrieved from /home/airflow/.local/lib/python3.12/site-packages/airflow/example_dags/example_branch_python_dop_operator_3.py
[2025-03-17T13:46:02.022+0000] {logging_mixin.py:190} INFO - [2025-03-17T13:46:02.021+0000] {dag.py:3239} INFO - Sync 1 DAGs
[2025-03-17T13:46:02.050+0000] {logging_mixin.py:190} INFO - [2025-03-17T13:46:02.050+0000] {dag.py:4180} INFO - Setting next_dagrun for example_branch_dop_operator_v3 to 2025-03-17 13:45:00+00:00, run_after=2025-03-17 13:46:00+00:00
[2025-03-17T13:46:02.072+0000] {processor.py:208} INFO - Processing /home/airflow/.local/lib/python3.12/site-packages/airflow/example_dags/example_branch_python_dop_operator_3.py took 0.091 seconds
[2025-03-17T13:46:32.612+0000] {processor.py:186} INFO - Started process (PID=406) to work on /home/airflow/.local/lib/python3.12/site-packages/airflow/example_dags/example_branch_python_dop_operator_3.py
[2025-03-17T13:46:32.619+0000] {processor.py:914} INFO - Processing file /home/airflow/.local/lib/python3.12/site-packages/airflow/example_dags/example_branch_python_dop_operator_3.py for tasks to queue
[2025-03-17T13:46:32.622+0000] {logging_mixin.py:190} INFO - [2025-03-17T13:46:32.621+0000] {dagbag.py:588} INFO - Filling up the DagBag from /home/airflow/.local/lib/python3.12/site-packages/airflow/example_dags/example_branch_python_dop_operator_3.py
[2025-03-17T13:46:32.634+0000] {processor.py:925} INFO - DAG(s) 'example_branch_dop_operator_v3' retrieved from /home/airflow/.local/lib/python3.12/site-packages/airflow/example_dags/example_branch_python_dop_operator_3.py
[2025-03-17T13:46:32.656+0000] {logging_mixin.py:190} INFO - [2025-03-17T13:46:32.656+0000] {dag.py:3239} INFO - Sync 1 DAGs
[2025-03-17T13:46:32.685+0000] {logging_mixin.py:190} INFO - [2025-03-17T13:46:32.684+0000] {dag.py:4180} INFO - Setting next_dagrun for example_branch_dop_operator_v3 to 2025-03-17 13:45:00+00:00, run_after=2025-03-17 13:46:00+00:00
[2025-03-17T13:46:32.710+0000] {processor.py:208} INFO - Processing /home/airflow/.local/lib/python3.12/site-packages/airflow/example_dags/example_branch_python_dop_operator_3.py took 0.105 seconds
[2025-03-17T13:47:01.423+0000] {processor.py:186} INFO - Started process (PID=469) to work on /home/airflow/.local/lib/python3.12/site-packages/airflow/example_dags/example_branch_python_dop_operator_3.py
[2025-03-17T13:47:01.427+0000] {processor.py:914} INFO - Processing file /home/airflow/.local/lib/python3.12/site-packages/airflow/example_dags/example_branch_python_dop_operator_3.py for tasks to queue
[2025-03-17T13:47:01.430+0000] {logging_mixin.py:190} INFO - [2025-03-17T13:47:01.430+0000] {dagbag.py:588} INFO - Filling up the DagBag from /home/airflow/.local/lib/python3.12/site-packages/airflow/example_dags/example_branch_python_dop_operator_3.py
[2025-03-17T13:47:01.443+0000] {processor.py:925} INFO - DAG(s) 'example_branch_dop_operator_v3' retrieved from /home/airflow/.local/lib/python3.12/site-packages/airflow/example_dags/example_branch_python_dop_operator_3.py
[2025-03-17T13:47:01.463+0000] {logging_mixin.py:190} INFO - [2025-03-17T13:47:01.463+0000] {dag.py:3239} INFO - Sync 1 DAGs
[2025-03-17T13:47:01.494+0000] {logging_mixin.py:190} INFO - [2025-03-17T13:47:01.493+0000] {dag.py:4180} INFO - Setting next_dagrun for example_branch_dop_operator_v3 to 2025-03-17 13:46:00+00:00, run_after=2025-03-17 13:47:00+00:00
[2025-03-17T13:47:01.514+0000] {processor.py:208} INFO - Processing /home/airflow/.local/lib/python3.12/site-packages/airflow/example_dags/example_branch_python_dop_operator_3.py took 0.103 seconds
[2025-03-17T13:47:31.970+0000] {processor.py:186} INFO - Started process (PID=531) to work on /home/airflow/.local/lib/python3.12/site-packages/airflow/example_dags/example_branch_python_dop_operator_3.py
[2025-03-17T13:47:31.971+0000] {processor.py:914} INFO - Processing file /home/airflow/.local/lib/python3.12/site-packages/airflow/example_dags/example_branch_python_dop_operator_3.py for tasks to queue
[2025-03-17T13:47:31.973+0000] {logging_mixin.py:190} INFO - [2025-03-17T13:47:31.973+0000] {dagbag.py:588} INFO - Filling up the DagBag from /home/airflow/.local/lib/python3.12/site-packages/airflow/example_dags/example_branch_python_dop_operator_3.py
[2025-03-17T13:47:31.984+0000] {processor.py:925} INFO - DAG(s) 'example_branch_dop_operator_v3' retrieved from /home/airflow/.local/lib/python3.12/site-packages/airflow/example_dags/example_branch_python_dop_operator_3.py
[2025-03-17T13:47:32.003+0000] {logging_mixin.py:190} INFO - [2025-03-17T13:47:32.003+0000] {dag.py:3239} INFO - Sync 1 DAGs
[2025-03-17T13:47:32.030+0000] {logging_mixin.py:190} INFO - [2025-03-17T13:47:32.030+0000] {dag.py:4180} INFO - Setting next_dagrun for example_branch_dop_operator_v3 to 2025-03-17 13:46:00+00:00, run_after=2025-03-17 13:47:00+00:00
[2025-03-17T13:47:32.050+0000] {processor.py:208} INFO - Processing /home/airflow/.local/lib/python3.12/site-packages/airflow/example_dags/example_branch_python_dop_operator_3.py took 0.085 seconds
[2025-03-17T13:48:02.348+0000] {processor.py:186} INFO - Started process (PID=594) to work on /home/airflow/.local/lib/python3.12/site-packages/airflow/example_dags/example_branch_python_dop_operator_3.py
[2025-03-17T13:48:02.349+0000] {processor.py:914} INFO - Processing file /home/airflow/.local/lib/python3.12/site-packages/airflow/example_dags/example_branch_python_dop_operator_3.py for tasks to queue
[2025-03-17T13:48:02.351+0000] {logging_mixin.py:190} INFO - [2025-03-17T13:48:02.350+0000] {dagbag.py:588} INFO - Filling up the DagBag from /home/airflow/.local/lib/python3.12/site-packages/airflow/example_dags/example_branch_python_dop_operator_3.py
[2025-03-17T13:48:02.361+0000] {processor.py:925} INFO - DAG(s) 'example_branch_dop_operator_v3' retrieved from /home/airflow/.local/lib/python3.12/site-packages/airflow/example_dags/example_branch_python_dop_operator_3.py
[2025-03-17T13:48:02.380+0000] {logging_mixin.py:190} INFO - [2025-03-17T13:48:02.379+0000] {dag.py:3239} INFO - Sync 1 DAGs
[2025-03-17T13:48:02.406+0000] {logging_mixin.py:190} INFO - [2025-03-17T13:48:02.405+0000] {dag.py:4180} INFO - Setting next_dagrun for example_branch_dop_operator_v3 to 2025-03-17 13:47:00+00:00, run_after=2025-03-17 13:48:00+00:00
[2025-03-17T13:48:02.425+0000] {processor.py:208} INFO - Processing /home/airflow/.local/lib/python3.12/site-packages/airflow/example_dags/example_branch_python_dop_operator_3.py took 0.083 seconds
[2025-03-17T13:48:33.362+0000] {processor.py:186} INFO - Started process (PID=657) to work on /home/airflow/.local/lib/python3.12/site-packages/airflow/example_dags/example_branch_python_dop_operator_3.py
[2025-03-17T13:48:33.380+0000] {processor.py:914} INFO - Processing file /home/airflow/.local/lib/python3.12/site-packages/airflow/example_dags/example_branch_python_dop_operator_3.py for tasks to queue
[2025-03-17T13:48:33.383+0000] {logging_mixin.py:190} INFO - [2025-03-17T13:48:33.383+0000] {dagbag.py:588} INFO - Filling up the DagBag from /home/airflow/.local/lib/python3.12/site-packages/airflow/example_dags/example_branch_python_dop_operator_3.py
[2025-03-17T13:48:33.399+0000] {processor.py:925} INFO - DAG(s) 'example_branch_dop_operator_v3' retrieved from /home/airflow/.local/lib/python3.12/site-packages/airflow/example_dags/example_branch_python_dop_operator_3.py
[2025-03-17T13:48:33.429+0000] {logging_mixin.py:190} INFO - [2025-03-17T13:48:33.428+0000] {dag.py:3239} INFO - Sync 1 DAGs
[2025-03-17T13:48:33.470+0000] {logging_mixin.py:190} INFO - [2025-03-17T13:48:33.470+0000] {dag.py:4180} INFO - Setting next_dagrun for example_branch_dop_operator_v3 to 2025-03-17 13:47:00+00:00, run_after=2025-03-17 13:48:00+00:00
[2025-03-17T13:48:33.512+0000] {processor.py:208} INFO - Processing /home/airflow/.local/lib/python3.12/site-packages/airflow/example_dags/example_branch_python_dop_operator_3.py took 0.164 seconds
[2025-03-17T13:49:03.905+0000] {processor.py:186} INFO - Started process (PID=721) to work on /home/airflow/.local/lib/python3.12/site-packages/airflow/example_dags/example_branch_python_dop_operator_3.py
[2025-03-17T13:49:03.912+0000] {processor.py:914} INFO - Processing file /home/airflow/.local/lib/python3.12/site-packages/airflow/example_dags/example_branch_python_dop_operator_3.py for tasks to queue
[2025-03-17T13:49:03.916+0000] {logging_mixin.py:190} INFO - [2025-03-17T13:49:03.916+0000] {dagbag.py:588} INFO - Filling up the DagBag from /home/airflow/.local/lib/python3.12/site-packages/airflow/example_dags/example_branch_python_dop_operator_3.py
[2025-03-17T13:49:03.928+0000] {processor.py:925} INFO - DAG(s) 'example_branch_dop_operator_v3' retrieved from /home/airflow/.local/lib/python3.12/site-packages/airflow/example_dags/example_branch_python_dop_operator_3.py
[2025-03-17T13:49:03.973+0000] {logging_mixin.py:190} INFO - [2025-03-17T13:49:03.973+0000] {dag.py:3239} INFO - Sync 1 DAGs
[2025-03-17T13:49:04.004+0000] {logging_mixin.py:190} INFO - [2025-03-17T13:49:04.004+0000] {dag.py:4180} INFO - Setting next_dagrun for example_branch_dop_operator_v3 to 2025-03-17 13:48:00+00:00, run_after=2025-03-17 13:49:00+00:00
[2025-03-17T13:49:04.024+0000] {processor.py:208} INFO - Processing /home/airflow/.local/lib/python3.12/site-packages/airflow/example_dags/example_branch_python_dop_operator_3.py took 0.126 seconds
[2025-03-17T13:49:34.219+0000] {processor.py:186} INFO - Started process (PID=790) to work on /home/airflow/.local/lib/python3.12/site-packages/airflow/example_dags/example_branch_python_dop_operator_3.py
[2025-03-17T13:49:34.220+0000] {processor.py:914} INFO - Processing file /home/airflow/.local/lib/python3.12/site-packages/airflow/example_dags/example_branch_python_dop_operator_3.py for tasks to queue
[2025-03-17T13:49:34.223+0000] {logging_mixin.py:190} INFO - [2025-03-17T13:49:34.222+0000] {dagbag.py:588} INFO - Filling up the DagBag from /home/airflow/.local/lib/python3.12/site-packages/airflow/example_dags/example_branch_python_dop_operator_3.py
[2025-03-17T13:49:34.234+0000] {processor.py:925} INFO - DAG(s) 'example_branch_dop_operator_v3' retrieved from /home/airflow/.local/lib/python3.12/site-packages/airflow/example_dags/example_branch_python_dop_operator_3.py
[2025-03-17T13:49:34.256+0000] {logging_mixin.py:190} INFO - [2025-03-17T13:49:34.256+0000] {dag.py:3239} INFO - Sync 1 DAGs
[2025-03-17T13:49:34.285+0000] {logging_mixin.py:190} INFO - [2025-03-17T13:49:34.285+0000] {dag.py:4180} INFO - Setting next_dagrun for example_branch_dop_operator_v3 to 2025-03-17 13:48:00+00:00, run_after=2025-03-17 13:49:00+00:00
[2025-03-17T13:49:34.307+0000] {processor.py:208} INFO - Processing /home/airflow/.local/lib/python3.12/site-packages/airflow/example_dags/example_branch_python_dop_operator_3.py took 0.095 seconds
[2025-03-17T13:50:04.839+0000] {processor.py:186} INFO - Started process (PID=853) to work on /home/airflow/.local/lib/python3.12/site-packages/airflow/example_dags/example_branch_python_dop_operator_3.py
[2025-03-17T13:50:04.840+0000] {processor.py:914} INFO - Processing file /home/airflow/.local/lib/python3.12/site-packages/airflow/example_dags/example_branch_python_dop_operator_3.py for tasks to queue
[2025-03-17T13:50:04.843+0000] {logging_mixin.py:190} INFO - [2025-03-17T13:50:04.843+0000] {dagbag.py:588} INFO - Filling up the DagBag from /home/airflow/.local/lib/python3.12/site-packages/airflow/example_dags/example_branch_python_dop_operator_3.py
[2025-03-17T13:50:04.856+0000] {processor.py:925} INFO - DAG(s) 'example_branch_dop_operator_v3' retrieved from /home/airflow/.local/lib/python3.12/site-packages/airflow/example_dags/example_branch_python_dop_operator_3.py
[2025-03-17T13:50:04.876+0000] {logging_mixin.py:190} INFO - [2025-03-17T13:50:04.875+0000] {dag.py:3239} INFO - Sync 1 DAGs
[2025-03-17T13:50:04.905+0000] {logging_mixin.py:190} INFO - [2025-03-17T13:50:04.905+0000] {dag.py:4180} INFO - Setting next_dagrun for example_branch_dop_operator_v3 to 2025-03-17 13:49:00+00:00, run_after=2025-03-17 13:50:00+00:00
[2025-03-17T13:50:04.928+0000] {processor.py:208} INFO - Processing /home/airflow/.local/lib/python3.12/site-packages/airflow/example_dags/example_branch_python_dop_operator_3.py took 0.094 seconds
[2025-03-17T13:50:35.708+0000] {processor.py:186} INFO - Started process (PID=916) to work on /home/airflow/.local/lib/python3.12/site-packages/airflow/example_dags/example_branch_python_dop_operator_3.py
[2025-03-17T13:50:35.709+0000] {processor.py:914} INFO - Processing file /home/airflow/.local/lib/python3.12/site-packages/airflow/example_dags/example_branch_python_dop_operator_3.py for tasks to queue
[2025-03-17T13:50:35.713+0000] {logging_mixin.py:190} INFO - [2025-03-17T13:50:35.712+0000] {dagbag.py:588} INFO - Filling up the DagBag from /home/airflow/.local/lib/python3.12/site-packages/airflow/example_dags/example_branch_python_dop_operator_3.py
[2025-03-17T13:50:35.727+0000] {processor.py:925} INFO - DAG(s) 'example_branch_dop_operator_v3' retrieved from /home/airflow/.local/lib/python3.12/site-packages/airflow/example_dags/example_branch_python_dop_operator_3.py
[2025-03-17T13:50:35.754+0000] {logging_mixin.py:190} INFO - [2025-03-17T13:50:35.753+0000] {dag.py:3239} INFO - Sync 1 DAGs
[2025-03-17T13:50:35.784+0000] {logging_mixin.py:190} INFO - [2025-03-17T13:50:35.784+0000] {dag.py:4180} INFO - Setting next_dagrun for example_branch_dop_operator_v3 to 2025-03-17 13:49:00+00:00, run_after=2025-03-17 13:50:00+00:00
[2025-03-17T13:50:35.802+0000] {processor.py:208} INFO - Processing /home/airflow/.local/lib/python3.12/site-packages/airflow/example_dags/example_branch_python_dop_operator_3.py took 0.102 seconds
[2025-03-17T13:51:05.978+0000] {processor.py:186} INFO - Started process (PID=979) to work on /home/airflow/.local/lib/python3.12/site-packages/airflow/example_dags/example_branch_python_dop_operator_3.py
[2025-03-17T13:51:05.980+0000] {processor.py:914} INFO - Processing file /home/airflow/.local/lib/python3.12/site-packages/airflow/example_dags/example_branch_python_dop_operator_3.py for tasks to queue
[2025-03-17T13:51:05.982+0000] {logging_mixin.py:190} INFO - [2025-03-17T13:51:05.982+0000] {dagbag.py:588} INFO - Filling up the DagBag from /home/airflow/.local/lib/python3.12/site-packages/airflow/example_dags/example_branch_python_dop_operator_3.py
[2025-03-17T13:51:05.993+0000] {processor.py:925} INFO - DAG(s) 'example_branch_dop_operator_v3' retrieved from /home/airflow/.local/lib/python3.12/site-packages/airflow/example_dags/example_branch_python_dop_operator_3.py
[2025-03-17T13:51:06.013+0000] {logging_mixin.py:190} INFO - [2025-03-17T13:51:06.013+0000] {dag.py:3239} INFO - Sync 1 DAGs
[2025-03-17T13:51:06.040+0000] {logging_mixin.py:190} INFO - [2025-03-17T13:51:06.040+0000] {dag.py:4180} INFO - Setting next_dagrun for example_branch_dop_operator_v3 to 2025-03-17 13:50:00+00:00, run_after=2025-03-17 13:51:00+00:00
[2025-03-17T13:51:06.059+0000] {processor.py:208} INFO - Processing /home/airflow/.local/lib/python3.12/site-packages/airflow/example_dags/example_branch_python_dop_operator_3.py took 0.087 seconds
[2025-03-17T13:51:36.312+0000] {processor.py:186} INFO - Started process (PID=1042) to work on /home/airflow/.local/lib/python3.12/site-packages/airflow/example_dags/example_branch_python_dop_operator_3.py
[2025-03-17T13:51:36.313+0000] {processor.py:914} INFO - Processing file /home/airflow/.local/lib/python3.12/site-packages/airflow/example_dags/example_branch_python_dop_operator_3.py for tasks to queue
[2025-03-17T13:51:36.316+0000] {logging_mixin.py:190} INFO - [2025-03-17T13:51:36.315+0000] {dagbag.py:588} INFO - Filling up the DagBag from /home/airflow/.local/lib/python3.12/site-packages/airflow/example_dags/example_branch_python_dop_operator_3.py
[2025-03-17T13:51:36.327+0000] {processor.py:925} INFO - DAG(s) 'example_branch_dop_operator_v3' retrieved from /home/airflow/.local/lib/python3.12/site-packages/airflow/example_dags/example_branch_python_dop_operator_3.py
[2025-03-17T13:51:36.350+0000] {logging_mixin.py:190} INFO - [2025-03-17T13:51:36.349+0000] {dag.py:3239} INFO - Sync 1 DAGs
[2025-03-17T13:51:36.388+0000] {logging_mixin.py:190} INFO - [2025-03-17T13:51:36.387+0000] {dag.py:4180} INFO - Setting next_dagrun for example_branch_dop_operator_v3 to 2025-03-17 13:50:00+00:00, run_after=2025-03-17 13:51:00+00:00
[2025-03-17T13:51:36.407+0000] {processor.py:208} INFO - Processing /home/airflow/.local/lib/python3.12/site-packages/airflow/example_dags/example_branch_python_dop_operator_3.py took 0.102 seconds
[2025-03-17T13:52:06.982+0000] {processor.py:186} INFO - Started process (PID=1105) to work on /home/airflow/.local/lib/python3.12/site-packages/airflow/example_dags/example_branch_python_dop_operator_3.py
[2025-03-17T13:52:06.983+0000] {processor.py:914} INFO - Processing file /home/airflow/.local/lib/python3.12/site-packages/airflow/example_dags/example_branch_python_dop_operator_3.py for tasks to queue
[2025-03-17T13:52:06.986+0000] {logging_mixin.py:190} INFO - [2025-03-17T13:52:06.986+0000] {dagbag.py:588} INFO - Filling up the DagBag from /home/airflow/.local/lib/python3.12/site-packages/airflow/example_dags/example_branch_python_dop_operator_3.py
[2025-03-17T13:52:06.998+0000] {processor.py:925} INFO - DAG(s) 'example_branch_dop_operator_v3' retrieved from /home/airflow/.local/lib/python3.12/site-packages/airflow/example_dags/example_branch_python_dop_operator_3.py
[2025-03-17T13:52:07.019+0000] {logging_mixin.py:190} INFO - [2025-03-17T13:52:07.019+0000] {dag.py:3239} INFO - Sync 1 DAGs
[2025-03-17T13:52:07.047+0000] {logging_mixin.py:190} INFO - [2025-03-17T13:52:07.047+0000] {dag.py:4180} INFO - Setting next_dagrun for example_branch_dop_operator_v3 to 2025-03-17 13:51:00+00:00, run_after=2025-03-17 13:52:00+00:00
[2025-03-17T13:52:07.068+0000] {processor.py:208} INFO - Processing /home/airflow/.local/lib/python3.12/site-packages/airflow/example_dags/example_branch_python_dop_operator_3.py took 0.092 seconds
[2025-03-17T13:52:38.115+0000] {processor.py:186} INFO - Started process (PID=1168) to work on /home/airflow/.local/lib/python3.12/site-packages/airflow/example_dags/example_branch_python_dop_operator_3.py
[2025-03-17T13:52:38.116+0000] {processor.py:914} INFO - Processing file /home/airflow/.local/lib/python3.12/site-packages/airflow/example_dags/example_branch_python_dop_operator_3.py for tasks to queue
[2025-03-17T13:52:38.118+0000] {logging_mixin.py:190} INFO - [2025-03-17T13:52:38.118+0000] {dagbag.py:588} INFO - Filling up the DagBag from /home/airflow/.local/lib/python3.12/site-packages/airflow/example_dags/example_branch_python_dop_operator_3.py
[2025-03-17T13:52:38.129+0000] {processor.py:925} INFO - DAG(s) 'example_branch_dop_operator_v3' retrieved from /home/airflow/.local/lib/python3.12/site-packages/airflow/example_dags/example_branch_python_dop_operator_3.py
[2025-03-17T13:52:38.148+0000] {logging_mixin.py:190} INFO - [2025-03-17T13:52:38.147+0000] {dag.py:3239} INFO - Sync 1 DAGs
[2025-03-17T13:52:38.173+0000] {logging_mixin.py:190} INFO - [2025-03-17T13:52:38.173+0000] {dag.py:4180} INFO - Setting next_dagrun for example_branch_dop_operator_v3 to 2025-03-17 13:51:00+00:00, run_after=2025-03-17 13:52:00+00:00
[2025-03-17T13:52:38.192+0000] {processor.py:208} INFO - Processing /home/airflow/.local/lib/python3.12/site-packages/airflow/example_dags/example_branch_python_dop_operator_3.py took 0.083 seconds
[2025-03-17T13:53:08.760+0000] {processor.py:186} INFO - Started process (PID=1231) to work on /home/airflow/.local/lib/python3.12/site-packages/airflow/example_dags/example_branch_python_dop_operator_3.py
[2025-03-17T13:53:08.761+0000] {processor.py:914} INFO - Processing file /home/airflow/.local/lib/python3.12/site-packages/airflow/example_dags/example_branch_python_dop_operator_3.py for tasks to queue
[2025-03-17T13:53:08.763+0000] {logging_mixin.py:190} INFO - [2025-03-17T13:53:08.763+0000] {dagbag.py:588} INFO - Filling up the DagBag from /home/airflow/.local/lib/python3.12/site-packages/airflow/example_dags/example_branch_python_dop_operator_3.py
[2025-03-17T13:53:08.773+0000] {processor.py:925} INFO - DAG(s) 'example_branch_dop_operator_v3' retrieved from /home/airflow/.local/lib/python3.12/site-packages/airflow/example_dags/example_branch_python_dop_operator_3.py
[2025-03-17T13:53:08.792+0000] {logging_mixin.py:190} INFO - [2025-03-17T13:53:08.792+0000] {dag.py:3239} INFO - Sync 1 DAGs
[2025-03-17T13:53:08.817+0000] {logging_mixin.py:190} INFO - [2025-03-17T13:53:08.817+0000] {dag.py:4180} INFO - Setting next_dagrun for example_branch_dop_operator_v3 to 2025-03-17 13:52:00+00:00, run_after=2025-03-17 13:53:00+00:00
[2025-03-17T13:53:08.836+0000] {processor.py:208} INFO - Processing /home/airflow/.local/lib/python3.12/site-packages/airflow/example_dags/example_branch_python_dop_operator_3.py took 0.082 seconds
[2025-03-17T13:53:39.288+0000] {processor.py:186} INFO - Started process (PID=1294) to work on /home/airflow/.local/lib/python3.12/site-packages/airflow/example_dags/example_branch_python_dop_operator_3.py
[2025-03-17T13:53:39.289+0000] {processor.py:914} INFO - Processing file /home/airflow/.local/lib/python3.12/site-packages/airflow/example_dags/example_branch_python_dop_operator_3.py for tasks to queue
[2025-03-17T13:53:39.291+0000] {logging_mixin.py:190} INFO - [2025-03-17T13:53:39.291+0000] {dagbag.py:588} INFO - Filling up the DagBag from /home/airflow/.local/lib/python3.12/site-packages/airflow/example_dags/example_branch_python_dop_operator_3.py
[2025-03-17T13:53:39.301+0000] {processor.py:925} INFO - DAG(s) 'example_branch_dop_operator_v3' retrieved from /home/airflow/.local/lib/python3.12/site-packages/airflow/example_dags/example_branch_python_dop_operator_3.py
[2025-03-17T13:53:39.320+0000] {logging_mixin.py:190} INFO - [2025-03-17T13:53:39.320+0000] {dag.py:3239} INFO - Sync 1 DAGs
[2025-03-17T13:53:39.345+0000] {logging_mixin.py:190} INFO - [2025-03-17T13:53:39.345+0000] {dag.py:4180} INFO - Setting next_dagrun for example_branch_dop_operator_v3 to 2025-03-17 13:52:00+00:00, run_after=2025-03-17 13:53:00+00:00
[2025-03-17T13:53:39.362+0000] {processor.py:208} INFO - Processing /home/airflow/.local/lib/python3.12/site-packages/airflow/example_dags/example_branch_python_dop_operator_3.py took 0.079 seconds
[2025-03-17T16:58:38.896+0000] {processor.py:186} INFO - Started process (PID=86) to work on /home/airflow/.local/lib/python3.12/site-packages/airflow/example_dags/example_branch_python_dop_operator_3.py
[2025-03-17T16:58:38.906+0000] {processor.py:914} INFO - Processing file /home/airflow/.local/lib/python3.12/site-packages/airflow/example_dags/example_branch_python_dop_operator_3.py for tasks to queue
[2025-03-17T16:58:38.915+0000] {logging_mixin.py:190} INFO - [2025-03-17T16:58:38.915+0000] {dagbag.py:588} INFO - Filling up the DagBag from /home/airflow/.local/lib/python3.12/site-packages/airflow/example_dags/example_branch_python_dop_operator_3.py
[2025-03-17T16:58:38.934+0000] {processor.py:925} INFO - DAG(s) 'example_branch_dop_operator_v3' retrieved from /home/airflow/.local/lib/python3.12/site-packages/airflow/example_dags/example_branch_python_dop_operator_3.py
[2025-03-17T16:58:39.009+0000] {logging_mixin.py:190} INFO - [2025-03-17T16:58:39.009+0000] {dag.py:3239} INFO - Sync 1 DAGs
[2025-03-17T16:58:39.132+0000] {logging_mixin.py:190} INFO - [2025-03-17T16:58:39.132+0000] {dag.py:4180} INFO - Setting next_dagrun for example_branch_dop_operator_v3 to 2025-03-17 16:57:00+00:00, run_after=2025-03-17 16:58:00+00:00
[2025-03-17T16:58:39.178+0000] {processor.py:208} INFO - Processing /home/airflow/.local/lib/python3.12/site-packages/airflow/example_dags/example_branch_python_dop_operator_3.py took 0.291 seconds
[2025-03-17T16:59:10.100+0000] {processor.py:186} INFO - Started process (PID=149) to work on /home/airflow/.local/lib/python3.12/site-packages/airflow/example_dags/example_branch_python_dop_operator_3.py
[2025-03-17T16:59:10.105+0000] {processor.py:914} INFO - Processing file /home/airflow/.local/lib/python3.12/site-packages/airflow/example_dags/example_branch_python_dop_operator_3.py for tasks to queue
[2025-03-17T16:59:10.108+0000] {logging_mixin.py:190} INFO - [2025-03-17T16:59:10.108+0000] {dagbag.py:588} INFO - Filling up the DagBag from /home/airflow/.local/lib/python3.12/site-packages/airflow/example_dags/example_branch_python_dop_operator_3.py
[2025-03-17T16:59:10.121+0000] {processor.py:925} INFO - DAG(s) 'example_branch_dop_operator_v3' retrieved from /home/airflow/.local/lib/python3.12/site-packages/airflow/example_dags/example_branch_python_dop_operator_3.py
[2025-03-17T16:59:10.143+0000] {logging_mixin.py:190} INFO - [2025-03-17T16:59:10.143+0000] {dag.py:3239} INFO - Sync 1 DAGs
[2025-03-17T16:59:10.174+0000] {logging_mixin.py:190} INFO - [2025-03-17T16:59:10.173+0000] {dag.py:4180} INFO - Setting next_dagrun for example_branch_dop_operator_v3 to 2025-03-17 16:58:00+00:00, run_after=2025-03-17 16:59:00+00:00
[2025-03-17T16:59:10.195+0000] {processor.py:208} INFO - Processing /home/airflow/.local/lib/python3.12/site-packages/airflow/example_dags/example_branch_python_dop_operator_3.py took 0.102 seconds
[2025-03-17T16:59:40.387+0000] {processor.py:186} INFO - Started process (PID=212) to work on /home/airflow/.local/lib/python3.12/site-packages/airflow/example_dags/example_branch_python_dop_operator_3.py
[2025-03-17T16:59:40.395+0000] {processor.py:914} INFO - Processing file /home/airflow/.local/lib/python3.12/site-packages/airflow/example_dags/example_branch_python_dop_operator_3.py for tasks to queue
[2025-03-17T16:59:40.397+0000] {logging_mixin.py:190} INFO - [2025-03-17T16:59:40.397+0000] {dagbag.py:588} INFO - Filling up the DagBag from /home/airflow/.local/lib/python3.12/site-packages/airflow/example_dags/example_branch_python_dop_operator_3.py
[2025-03-17T16:59:40.408+0000] {processor.py:925} INFO - DAG(s) 'example_branch_dop_operator_v3' retrieved from /home/airflow/.local/lib/python3.12/site-packages/airflow/example_dags/example_branch_python_dop_operator_3.py
[2025-03-17T16:59:40.427+0000] {logging_mixin.py:190} INFO - [2025-03-17T16:59:40.427+0000] {dag.py:3239} INFO - Sync 1 DAGs
[2025-03-17T16:59:40.451+0000] {logging_mixin.py:190} INFO - [2025-03-17T16:59:40.451+0000] {dag.py:4180} INFO - Setting next_dagrun for example_branch_dop_operator_v3 to 2025-03-17 16:58:00+00:00, run_after=2025-03-17 16:59:00+00:00
[2025-03-17T16:59:40.471+0000] {processor.py:208} INFO - Processing /home/airflow/.local/lib/python3.12/site-packages/airflow/example_dags/example_branch_python_dop_operator_3.py took 0.090 seconds
[2025-03-17T17:00:10.645+0000] {processor.py:186} INFO - Started process (PID=274) to work on /home/airflow/.local/lib/python3.12/site-packages/airflow/example_dags/example_branch_python_dop_operator_3.py
[2025-03-17T17:00:10.646+0000] {processor.py:914} INFO - Processing file /home/airflow/.local/lib/python3.12/site-packages/airflow/example_dags/example_branch_python_dop_operator_3.py for tasks to queue
[2025-03-17T17:00:10.649+0000] {logging_mixin.py:190} INFO - [2025-03-17T17:00:10.649+0000] {dagbag.py:588} INFO - Filling up the DagBag from /home/airflow/.local/lib/python3.12/site-packages/airflow/example_dags/example_branch_python_dop_operator_3.py
[2025-03-17T17:00:10.666+0000] {processor.py:925} INFO - DAG(s) 'example_branch_dop_operator_v3' retrieved from /home/airflow/.local/lib/python3.12/site-packages/airflow/example_dags/example_branch_python_dop_operator_3.py
[2025-03-17T17:00:10.697+0000] {logging_mixin.py:190} INFO - [2025-03-17T17:00:10.696+0000] {dag.py:3239} INFO - Sync 1 DAGs
[2025-03-17T17:00:10.728+0000] {logging_mixin.py:190} INFO - [2025-03-17T17:00:10.728+0000] {dag.py:4180} INFO - Setting next_dagrun for example_branch_dop_operator_v3 to 2025-03-17 16:59:00+00:00, run_after=2025-03-17 17:00:00+00:00
[2025-03-17T17:00:10.753+0000] {processor.py:208} INFO - Processing /home/airflow/.local/lib/python3.12/site-packages/airflow/example_dags/example_branch_python_dop_operator_3.py took 0.119 seconds
[2025-03-17T17:00:41.130+0000] {processor.py:186} INFO - Started process (PID=337) to work on /home/airflow/.local/lib/python3.12/site-packages/airflow/example_dags/example_branch_python_dop_operator_3.py
[2025-03-17T17:00:41.131+0000] {processor.py:914} INFO - Processing file /home/airflow/.local/lib/python3.12/site-packages/airflow/example_dags/example_branch_python_dop_operator_3.py for tasks to queue
[2025-03-17T17:00:41.134+0000] {logging_mixin.py:190} INFO - [2025-03-17T17:00:41.133+0000] {dagbag.py:588} INFO - Filling up the DagBag from /home/airflow/.local/lib/python3.12/site-packages/airflow/example_dags/example_branch_python_dop_operator_3.py
[2025-03-17T17:00:41.145+0000] {processor.py:925} INFO - DAG(s) 'example_branch_dop_operator_v3' retrieved from /home/airflow/.local/lib/python3.12/site-packages/airflow/example_dags/example_branch_python_dop_operator_3.py
[2025-03-17T17:00:41.165+0000] {logging_mixin.py:190} INFO - [2025-03-17T17:00:41.164+0000] {dag.py:3239} INFO - Sync 1 DAGs
[2025-03-17T17:00:41.193+0000] {logging_mixin.py:190} INFO - [2025-03-17T17:00:41.192+0000] {dag.py:4180} INFO - Setting next_dagrun for example_branch_dop_operator_v3 to 2025-03-17 16:59:00+00:00, run_after=2025-03-17 17:00:00+00:00
[2025-03-17T17:00:41.215+0000] {processor.py:208} INFO - Processing /home/airflow/.local/lib/python3.12/site-packages/airflow/example_dags/example_branch_python_dop_operator_3.py took 0.091 seconds
[2025-03-17T17:01:11.276+0000] {processor.py:186} INFO - Started process (PID=406) to work on /home/airflow/.local/lib/python3.12/site-packages/airflow/example_dags/example_branch_python_dop_operator_3.py
[2025-03-17T17:01:11.277+0000] {processor.py:914} INFO - Processing file /home/airflow/.local/lib/python3.12/site-packages/airflow/example_dags/example_branch_python_dop_operator_3.py for tasks to queue
[2025-03-17T17:01:11.279+0000] {logging_mixin.py:190} INFO - [2025-03-17T17:01:11.279+0000] {dagbag.py:588} INFO - Filling up the DagBag from /home/airflow/.local/lib/python3.12/site-packages/airflow/example_dags/example_branch_python_dop_operator_3.py
[2025-03-17T17:01:11.290+0000] {processor.py:925} INFO - DAG(s) 'example_branch_dop_operator_v3' retrieved from /home/airflow/.local/lib/python3.12/site-packages/airflow/example_dags/example_branch_python_dop_operator_3.py
[2025-03-17T17:01:11.309+0000] {logging_mixin.py:190} INFO - [2025-03-17T17:01:11.308+0000] {dag.py:3239} INFO - Sync 1 DAGs
[2025-03-17T17:01:11.332+0000] {logging_mixin.py:190} INFO - [2025-03-17T17:01:11.332+0000] {dag.py:4180} INFO - Setting next_dagrun for example_branch_dop_operator_v3 to 2025-03-17 17:00:00+00:00, run_after=2025-03-17 17:01:00+00:00
[2025-03-17T17:01:11.354+0000] {processor.py:208} INFO - Processing /home/airflow/.local/lib/python3.12/site-packages/airflow/example_dags/example_branch_python_dop_operator_3.py took 0.084 seconds
[2025-03-17T17:02:23.094+0000] {processor.py:186} INFO - Started process (PID=482) to work on /home/airflow/.local/lib/python3.12/site-packages/airflow/example_dags/example_branch_python_dop_operator_3.py
[2025-03-17T17:02:23.095+0000] {processor.py:914} INFO - Processing file /home/airflow/.local/lib/python3.12/site-packages/airflow/example_dags/example_branch_python_dop_operator_3.py for tasks to queue
[2025-03-17T17:02:23.098+0000] {logging_mixin.py:190} INFO - [2025-03-17T17:02:23.097+0000] {dagbag.py:588} INFO - Filling up the DagBag from /home/airflow/.local/lib/python3.12/site-packages/airflow/example_dags/example_branch_python_dop_operator_3.py
[2025-03-17T17:02:23.112+0000] {processor.py:925} INFO - DAG(s) 'example_branch_dop_operator_v3' retrieved from /home/airflow/.local/lib/python3.12/site-packages/airflow/example_dags/example_branch_python_dop_operator_3.py
[2025-03-17T17:02:23.134+0000] {logging_mixin.py:190} INFO - [2025-03-17T17:02:23.134+0000] {dag.py:3239} INFO - Sync 1 DAGs
[2025-03-17T17:02:23.170+0000] {logging_mixin.py:190} INFO - [2025-03-17T17:02:23.170+0000] {dag.py:4180} INFO - Setting next_dagrun for example_branch_dop_operator_v3 to 2025-03-17 17:01:00+00:00, run_after=2025-03-17 17:02:00+00:00
[2025-03-17T17:02:23.195+0000] {processor.py:208} INFO - Processing /home/airflow/.local/lib/python3.12/site-packages/airflow/example_dags/example_branch_python_dop_operator_3.py took 0.109 seconds
[2025-03-17T17:02:55.676+0000] {processor.py:186} INFO - Started process (PID=545) to work on /home/airflow/.local/lib/python3.12/site-packages/airflow/example_dags/example_branch_python_dop_operator_3.py
[2025-03-17T17:02:55.677+0000] {processor.py:914} INFO - Processing file /home/airflow/.local/lib/python3.12/site-packages/airflow/example_dags/example_branch_python_dop_operator_3.py for tasks to queue
[2025-03-17T17:02:55.678+0000] {logging_mixin.py:190} INFO - [2025-03-17T17:02:55.678+0000] {dagbag.py:588} INFO - Filling up the DagBag from /home/airflow/.local/lib/python3.12/site-packages/airflow/example_dags/example_branch_python_dop_operator_3.py
[2025-03-17T17:02:55.690+0000] {processor.py:925} INFO - DAG(s) 'example_branch_dop_operator_v3' retrieved from /home/airflow/.local/lib/python3.12/site-packages/airflow/example_dags/example_branch_python_dop_operator_3.py
[2025-03-17T17:02:55.713+0000] {logging_mixin.py:190} INFO - [2025-03-17T17:02:55.713+0000] {dag.py:3239} INFO - Sync 1 DAGs
[2025-03-17T17:02:55.746+0000] {logging_mixin.py:190} INFO - [2025-03-17T17:02:55.745+0000] {dag.py:4180} INFO - Setting next_dagrun for example_branch_dop_operator_v3 to 2025-03-17 17:01:00+00:00, run_after=2025-03-17 17:02:00+00:00
[2025-03-17T17:02:55.767+0000] {processor.py:208} INFO - Processing /home/airflow/.local/lib/python3.12/site-packages/airflow/example_dags/example_branch_python_dop_operator_3.py took 0.099 seconds
[2025-03-17T17:03:27.001+0000] {processor.py:186} INFO - Started process (PID=608) to work on /home/airflow/.local/lib/python3.12/site-packages/airflow/example_dags/example_branch_python_dop_operator_3.py
[2025-03-17T17:03:27.002+0000] {processor.py:914} INFO - Processing file /home/airflow/.local/lib/python3.12/site-packages/airflow/example_dags/example_branch_python_dop_operator_3.py for tasks to queue
[2025-03-17T17:03:27.004+0000] {logging_mixin.py:190} INFO - [2025-03-17T17:03:27.003+0000] {dagbag.py:588} INFO - Filling up the DagBag from /home/airflow/.local/lib/python3.12/site-packages/airflow/example_dags/example_branch_python_dop_operator_3.py
[2025-03-17T17:03:27.015+0000] {processor.py:925} INFO - DAG(s) 'example_branch_dop_operator_v3' retrieved from /home/airflow/.local/lib/python3.12/site-packages/airflow/example_dags/example_branch_python_dop_operator_3.py
[2025-03-17T17:03:27.035+0000] {logging_mixin.py:190} INFO - [2025-03-17T17:03:27.035+0000] {dag.py:3239} INFO - Sync 1 DAGs
[2025-03-17T17:03:27.062+0000] {logging_mixin.py:190} INFO - [2025-03-17T17:03:27.062+0000] {dag.py:4180} INFO - Setting next_dagrun for example_branch_dop_operator_v3 to 2025-03-17 17:02:00+00:00, run_after=2025-03-17 17:03:00+00:00
[2025-03-17T17:03:27.084+0000] {processor.py:208} INFO - Processing /home/airflow/.local/lib/python3.12/site-packages/airflow/example_dags/example_branch_python_dop_operator_3.py took 0.090 seconds
[2025-03-17T17:03:57.156+0000] {processor.py:186} INFO - Started process (PID=669) to work on /home/airflow/.local/lib/python3.12/site-packages/airflow/example_dags/example_branch_python_dop_operator_3.py
[2025-03-17T17:03:57.157+0000] {processor.py:914} INFO - Processing file /home/airflow/.local/lib/python3.12/site-packages/airflow/example_dags/example_branch_python_dop_operator_3.py for tasks to queue
[2025-03-17T17:03:57.158+0000] {logging_mixin.py:190} INFO - [2025-03-17T17:03:57.158+0000] {dagbag.py:588} INFO - Filling up the DagBag from /home/airflow/.local/lib/python3.12/site-packages/airflow/example_dags/example_branch_python_dop_operator_3.py
[2025-03-17T17:03:57.169+0000] {processor.py:925} INFO - DAG(s) 'example_branch_dop_operator_v3' retrieved from /home/airflow/.local/lib/python3.12/site-packages/airflow/example_dags/example_branch_python_dop_operator_3.py
[2025-03-17T17:03:57.190+0000] {logging_mixin.py:190} INFO - [2025-03-17T17:03:57.190+0000] {dag.py:3239} INFO - Sync 1 DAGs
[2025-03-17T17:03:57.218+0000] {logging_mixin.py:190} INFO - [2025-03-17T17:03:57.217+0000] {dag.py:4180} INFO - Setting next_dagrun for example_branch_dop_operator_v3 to 2025-03-17 17:02:00+00:00, run_after=2025-03-17 17:03:00+00:00
[2025-03-17T17:03:57.239+0000] {processor.py:208} INFO - Processing /home/airflow/.local/lib/python3.12/site-packages/airflow/example_dags/example_branch_python_dop_operator_3.py took 0.089 seconds
[2025-03-17T17:04:27.683+0000] {processor.py:186} INFO - Started process (PID=731) to work on /home/airflow/.local/lib/python3.12/site-packages/airflow/example_dags/example_branch_python_dop_operator_3.py
[2025-03-17T17:04:27.684+0000] {processor.py:914} INFO - Processing file /home/airflow/.local/lib/python3.12/site-packages/airflow/example_dags/example_branch_python_dop_operator_3.py for tasks to queue
[2025-03-17T17:04:27.685+0000] {logging_mixin.py:190} INFO - [2025-03-17T17:04:27.685+0000] {dagbag.py:588} INFO - Filling up the DagBag from /home/airflow/.local/lib/python3.12/site-packages/airflow/example_dags/example_branch_python_dop_operator_3.py
[2025-03-17T17:04:27.697+0000] {processor.py:925} INFO - DAG(s) 'example_branch_dop_operator_v3' retrieved from /home/airflow/.local/lib/python3.12/site-packages/airflow/example_dags/example_branch_python_dop_operator_3.py
[2025-03-17T17:04:27.717+0000] {logging_mixin.py:190} INFO - [2025-03-17T17:04:27.716+0000] {dag.py:3239} INFO - Sync 1 DAGs
[2025-03-17T17:04:27.744+0000] {logging_mixin.py:190} INFO - [2025-03-17T17:04:27.744+0000] {dag.py:4180} INFO - Setting next_dagrun for example_branch_dop_operator_v3 to 2025-03-17 17:03:00+00:00, run_after=2025-03-17 17:04:00+00:00
[2025-03-17T17:04:27.765+0000] {processor.py:208} INFO - Processing /home/airflow/.local/lib/python3.12/site-packages/airflow/example_dags/example_branch_python_dop_operator_3.py took 0.088 seconds
[2025-03-17T17:04:58.718+0000] {processor.py:186} INFO - Started process (PID=786) to work on /home/airflow/.local/lib/python3.12/site-packages/airflow/example_dags/example_branch_python_dop_operator_3.py
[2025-03-17T17:04:58.719+0000] {processor.py:914} INFO - Processing file /home/airflow/.local/lib/python3.12/site-packages/airflow/example_dags/example_branch_python_dop_operator_3.py for tasks to queue
[2025-03-17T17:04:58.720+0000] {logging_mixin.py:190} INFO - [2025-03-17T17:04:58.720+0000] {dagbag.py:588} INFO - Filling up the DagBag from /home/airflow/.local/lib/python3.12/site-packages/airflow/example_dags/example_branch_python_dop_operator_3.py
[2025-03-17T17:04:58.731+0000] {processor.py:925} INFO - DAG(s) 'example_branch_dop_operator_v3' retrieved from /home/airflow/.local/lib/python3.12/site-packages/airflow/example_dags/example_branch_python_dop_operator_3.py
[2025-03-17T17:04:58.752+0000] {logging_mixin.py:190} INFO - [2025-03-17T17:04:58.751+0000] {dag.py:3239} INFO - Sync 1 DAGs
[2025-03-17T17:04:58.779+0000] {logging_mixin.py:190} INFO - [2025-03-17T17:04:58.779+0000] {dag.py:4180} INFO - Setting next_dagrun for example_branch_dop_operator_v3 to 2025-03-17 17:03:00+00:00, run_after=2025-03-17 17:04:00+00:00
[2025-03-17T17:04:58.799+0000] {processor.py:208} INFO - Processing /home/airflow/.local/lib/python3.12/site-packages/airflow/example_dags/example_branch_python_dop_operator_3.py took 0.088 seconds
[2025-03-17T17:05:29.674+0000] {processor.py:186} INFO - Started process (PID=848) to work on /home/airflow/.local/lib/python3.12/site-packages/airflow/example_dags/example_branch_python_dop_operator_3.py
[2025-03-17T17:05:29.675+0000] {processor.py:914} INFO - Processing file /home/airflow/.local/lib/python3.12/site-packages/airflow/example_dags/example_branch_python_dop_operator_3.py for tasks to queue
[2025-03-17T17:05:29.676+0000] {logging_mixin.py:190} INFO - [2025-03-17T17:05:29.676+0000] {dagbag.py:588} INFO - Filling up the DagBag from /home/airflow/.local/lib/python3.12/site-packages/airflow/example_dags/example_branch_python_dop_operator_3.py
[2025-03-17T17:05:29.687+0000] {processor.py:925} INFO - DAG(s) 'example_branch_dop_operator_v3' retrieved from /home/airflow/.local/lib/python3.12/site-packages/airflow/example_dags/example_branch_python_dop_operator_3.py
[2025-03-17T17:05:29.705+0000] {logging_mixin.py:190} INFO - [2025-03-17T17:05:29.704+0000] {dag.py:3239} INFO - Sync 1 DAGs
[2025-03-17T17:05:29.730+0000] {logging_mixin.py:190} INFO - [2025-03-17T17:05:29.730+0000] {dag.py:4180} INFO - Setting next_dagrun for example_branch_dop_operator_v3 to 2025-03-17 17:04:00+00:00, run_after=2025-03-17 17:05:00+00:00
[2025-03-17T17:05:29.750+0000] {processor.py:208} INFO - Processing /home/airflow/.local/lib/python3.12/site-packages/airflow/example_dags/example_branch_python_dop_operator_3.py took 0.081 seconds
[2025-03-17T17:06:00.935+0000] {processor.py:186} INFO - Started process (PID=910) to work on /home/airflow/.local/lib/python3.12/site-packages/airflow/example_dags/example_branch_python_dop_operator_3.py
[2025-03-17T17:06:00.935+0000] {processor.py:914} INFO - Processing file /home/airflow/.local/lib/python3.12/site-packages/airflow/example_dags/example_branch_python_dop_operator_3.py for tasks to queue
[2025-03-17T17:06:00.937+0000] {logging_mixin.py:190} INFO - [2025-03-17T17:06:00.936+0000] {dagbag.py:588} INFO - Filling up the DagBag from /home/airflow/.local/lib/python3.12/site-packages/airflow/example_dags/example_branch_python_dop_operator_3.py
[2025-03-17T17:06:00.949+0000] {processor.py:925} INFO - DAG(s) 'example_branch_dop_operator_v3' retrieved from /home/airflow/.local/lib/python3.12/site-packages/airflow/example_dags/example_branch_python_dop_operator_3.py
[2025-03-17T17:06:00.978+0000] {logging_mixin.py:190} INFO - [2025-03-17T17:06:00.977+0000] {dag.py:3239} INFO - Sync 1 DAGs
[2025-03-17T17:06:01.018+0000] {logging_mixin.py:190} INFO - [2025-03-17T17:06:01.018+0000] {dag.py:4180} INFO - Setting next_dagrun for example_branch_dop_operator_v3 to 2025-03-17 17:05:00+00:00, run_after=2025-03-17 17:06:00+00:00
[2025-03-17T17:06:01.040+0000] {processor.py:208} INFO - Processing /home/airflow/.local/lib/python3.12/site-packages/airflow/example_dags/example_branch_python_dop_operator_3.py took 0.112 seconds
[2025-03-17T17:06:31.609+0000] {processor.py:186} INFO - Started process (PID=976) to work on /home/airflow/.local/lib/python3.12/site-packages/airflow/example_dags/example_branch_python_dop_operator_3.py
[2025-03-17T17:06:31.610+0000] {processor.py:914} INFO - Processing file /home/airflow/.local/lib/python3.12/site-packages/airflow/example_dags/example_branch_python_dop_operator_3.py for tasks to queue
[2025-03-17T17:06:31.612+0000] {logging_mixin.py:190} INFO - [2025-03-17T17:06:31.611+0000] {dagbag.py:588} INFO - Filling up the DagBag from /home/airflow/.local/lib/python3.12/site-packages/airflow/example_dags/example_branch_python_dop_operator_3.py
[2025-03-17T17:06:31.623+0000] {processor.py:925} INFO - DAG(s) 'example_branch_dop_operator_v3' retrieved from /home/airflow/.local/lib/python3.12/site-packages/airflow/example_dags/example_branch_python_dop_operator_3.py
[2025-03-17T17:06:31.641+0000] {logging_mixin.py:190} INFO - [2025-03-17T17:06:31.641+0000] {dag.py:3239} INFO - Sync 1 DAGs
[2025-03-17T17:06:31.668+0000] {logging_mixin.py:190} INFO - [2025-03-17T17:06:31.667+0000] {dag.py:4180} INFO - Setting next_dagrun for example_branch_dop_operator_v3 to 2025-03-17 17:05:00+00:00, run_after=2025-03-17 17:06:00+00:00
[2025-03-17T17:06:31.688+0000] {processor.py:208} INFO - Processing /home/airflow/.local/lib/python3.12/site-packages/airflow/example_dags/example_branch_python_dop_operator_3.py took 0.084 seconds
[2025-03-17T17:07:02.370+0000] {processor.py:186} INFO - Started process (PID=1039) to work on /home/airflow/.local/lib/python3.12/site-packages/airflow/example_dags/example_branch_python_dop_operator_3.py
[2025-03-17T17:07:02.371+0000] {processor.py:914} INFO - Processing file /home/airflow/.local/lib/python3.12/site-packages/airflow/example_dags/example_branch_python_dop_operator_3.py for tasks to queue
[2025-03-17T17:07:02.372+0000] {logging_mixin.py:190} INFO - [2025-03-17T17:07:02.372+0000] {dagbag.py:588} INFO - Filling up the DagBag from /home/airflow/.local/lib/python3.12/site-packages/airflow/example_dags/example_branch_python_dop_operator_3.py
[2025-03-17T17:07:02.382+0000] {processor.py:925} INFO - DAG(s) 'example_branch_dop_operator_v3' retrieved from /home/airflow/.local/lib/python3.12/site-packages/airflow/example_dags/example_branch_python_dop_operator_3.py
[2025-03-17T17:07:02.401+0000] {logging_mixin.py:190} INFO - [2025-03-17T17:07:02.401+0000] {dag.py:3239} INFO - Sync 1 DAGs
[2025-03-17T17:07:02.428+0000] {logging_mixin.py:190} INFO - [2025-03-17T17:07:02.427+0000] {dag.py:4180} INFO - Setting next_dagrun for example_branch_dop_operator_v3 to 2025-03-17 17:06:00+00:00, run_after=2025-03-17 17:07:00+00:00
[2025-03-17T17:07:02.445+0000] {processor.py:208} INFO - Processing /home/airflow/.local/lib/python3.12/site-packages/airflow/example_dags/example_branch_python_dop_operator_3.py took 0.082 seconds
[2025-03-17T17:07:33.348+0000] {processor.py:186} INFO - Started process (PID=1102) to work on /home/airflow/.local/lib/python3.12/site-packages/airflow/example_dags/example_branch_python_dop_operator_3.py
[2025-03-17T17:07:33.349+0000] {processor.py:914} INFO - Processing file /home/airflow/.local/lib/python3.12/site-packages/airflow/example_dags/example_branch_python_dop_operator_3.py for tasks to queue
[2025-03-17T17:07:33.350+0000] {logging_mixin.py:190} INFO - [2025-03-17T17:07:33.350+0000] {dagbag.py:588} INFO - Filling up the DagBag from /home/airflow/.local/lib/python3.12/site-packages/airflow/example_dags/example_branch_python_dop_operator_3.py
[2025-03-17T17:07:33.362+0000] {processor.py:925} INFO - DAG(s) 'example_branch_dop_operator_v3' retrieved from /home/airflow/.local/lib/python3.12/site-packages/airflow/example_dags/example_branch_python_dop_operator_3.py
[2025-03-17T17:07:33.383+0000] {logging_mixin.py:190} INFO - [2025-03-17T17:07:33.383+0000] {dag.py:3239} INFO - Sync 1 DAGs
[2025-03-17T17:07:33.412+0000] {logging_mixin.py:190} INFO - [2025-03-17T17:07:33.412+0000] {dag.py:4180} INFO - Setting next_dagrun for example_branch_dop_operator_v3 to 2025-03-17 17:06:00+00:00, run_after=2025-03-17 17:07:00+00:00
[2025-03-17T17:07:33.431+0000] {processor.py:208} INFO - Processing /home/airflow/.local/lib/python3.12/site-packages/airflow/example_dags/example_branch_python_dop_operator_3.py took 0.089 seconds
[2025-03-17T17:08:03.804+0000] {processor.py:186} INFO - Started process (PID=1166) to work on /home/airflow/.local/lib/python3.12/site-packages/airflow/example_dags/example_branch_python_dop_operator_3.py
[2025-03-17T17:08:03.805+0000] {processor.py:914} INFO - Processing file /home/airflow/.local/lib/python3.12/site-packages/airflow/example_dags/example_branch_python_dop_operator_3.py for tasks to queue
[2025-03-17T17:08:03.806+0000] {logging_mixin.py:190} INFO - [2025-03-17T17:08:03.806+0000] {dagbag.py:588} INFO - Filling up the DagBag from /home/airflow/.local/lib/python3.12/site-packages/airflow/example_dags/example_branch_python_dop_operator_3.py
[2025-03-17T17:08:03.819+0000] {processor.py:925} INFO - DAG(s) 'example_branch_dop_operator_v3' retrieved from /home/airflow/.local/lib/python3.12/site-packages/airflow/example_dags/example_branch_python_dop_operator_3.py
[2025-03-17T17:08:03.841+0000] {logging_mixin.py:190} INFO - [2025-03-17T17:08:03.841+0000] {dag.py:3239} INFO - Sync 1 DAGs
[2025-03-17T17:08:03.872+0000] {logging_mixin.py:190} INFO - [2025-03-17T17:08:03.872+0000] {dag.py:4180} INFO - Setting next_dagrun for example_branch_dop_operator_v3 to 2025-03-17 17:07:00+00:00, run_after=2025-03-17 17:08:00+00:00
[2025-03-17T17:08:03.897+0000] {processor.py:208} INFO - Processing /home/airflow/.local/lib/python3.12/site-packages/airflow/example_dags/example_branch_python_dop_operator_3.py took 0.099 seconds
