[2025-03-17T13:32:35.077+0000] {processor.py:186} INFO - Started process (PID=96) to work on /home/airflow/.local/lib/python3.12/site-packages/airflow/example_dags/example_python_decorator.py
[2025-03-17T13:32:35.079+0000] {processor.py:914} INFO - Processing file /home/airflow/.local/lib/python3.12/site-packages/airflow/example_dags/example_python_decorator.py for tasks to queue
[2025-03-17T13:32:35.082+0000] {logging_mixin.py:190} INFO - [2025-03-17T13:32:35.081+0000] {dagbag.py:588} INFO - Filling up the DagBag from /home/airflow/.local/lib/python3.12/site-packages/airflow/example_dags/example_python_decorator.py
[2025-03-17T13:32:35.100+0000] {processor.py:925} INFO - DAG(s) 'example_python_decorator' retrieved from /home/airflow/.local/lib/python3.12/site-packages/airflow/example_dags/example_python_decorator.py
[2025-03-17T13:32:35.286+0000] {logging_mixin.py:190} INFO - [2025-03-17T13:32:35.285+0000] {override.py:1912} INFO - Created Permission View: can read on DAG:example_python_decorator
[2025-03-17T13:32:35.302+0000] {logging_mixin.py:190} INFO - [2025-03-17T13:32:35.302+0000] {override.py:1912} INFO - Created Permission View: can edit on DAG:example_python_decorator
[2025-03-17T13:32:35.313+0000] {logging_mixin.py:190} INFO - [2025-03-17T13:32:35.313+0000] {override.py:1912} INFO - Created Permission View: can delete on DAG:example_python_decorator
[2025-03-17T13:32:35.328+0000] {logging_mixin.py:190} INFO - [2025-03-17T13:32:35.327+0000] {override.py:1912} INFO - Created Permission View: can read on DAG Run:example_python_decorator
[2025-03-17T13:32:35.338+0000] {logging_mixin.py:190} INFO - [2025-03-17T13:32:35.337+0000] {override.py:1912} INFO - Created Permission View: can delete on DAG Run:example_python_decorator
[2025-03-17T13:32:35.347+0000] {logging_mixin.py:190} INFO - [2025-03-17T13:32:35.347+0000] {override.py:1912} INFO - Created Permission View: can create on DAG Run:example_python_decorator
[2025-03-17T13:32:35.356+0000] {logging_mixin.py:190} INFO - [2025-03-17T13:32:35.356+0000] {override.py:1912} INFO - Created Permission View: menu access on DAG Run:example_python_decorator
[2025-03-17T13:32:35.357+0000] {logging_mixin.py:190} INFO - [2025-03-17T13:32:35.357+0000] {dag.py:3239} INFO - Sync 1 DAGs
[2025-03-17T13:32:35.393+0000] {logging_mixin.py:190} INFO - [2025-03-17T13:32:35.392+0000] {dag.py:3262} INFO - Creating ORM DAG for example_python_decorator
[2025-03-17T13:32:35.394+0000] {logging_mixin.py:190} INFO - [2025-03-17T13:32:35.394+0000] {dag.py:4180} INFO - Setting next_dagrun for example_python_decorator to None, run_after=None
[2025-03-17T13:32:35.423+0000] {processor.py:208} INFO - Processing /home/airflow/.local/lib/python3.12/site-packages/airflow/example_dags/example_python_decorator.py took 0.352 seconds
[2025-03-17T13:33:05.508+0000] {processor.py:186} INFO - Started process (PID=158) to work on /home/airflow/.local/lib/python3.12/site-packages/airflow/example_dags/example_python_decorator.py
[2025-03-17T13:33:05.513+0000] {processor.py:914} INFO - Processing file /home/airflow/.local/lib/python3.12/site-packages/airflow/example_dags/example_python_decorator.py for tasks to queue
[2025-03-17T13:33:05.517+0000] {logging_mixin.py:190} INFO - [2025-03-17T13:33:05.516+0000] {dagbag.py:588} INFO - Filling up the DagBag from /home/airflow/.local/lib/python3.12/site-packages/airflow/example_dags/example_python_decorator.py
[2025-03-17T13:33:05.535+0000] {processor.py:925} INFO - DAG(s) 'example_python_decorator' retrieved from /home/airflow/.local/lib/python3.12/site-packages/airflow/example_dags/example_python_decorator.py
[2025-03-17T13:33:05.559+0000] {logging_mixin.py:190} INFO - [2025-03-17T13:33:05.558+0000] {dag.py:3239} INFO - Sync 1 DAGs
[2025-03-17T13:33:05.577+0000] {logging_mixin.py:190} INFO - [2025-03-17T13:33:05.577+0000] {dag.py:4180} INFO - Setting next_dagrun for example_python_decorator to None, run_after=None
[2025-03-17T13:33:05.603+0000] {processor.py:208} INFO - Processing /home/airflow/.local/lib/python3.12/site-packages/airflow/example_dags/example_python_decorator.py took 0.103 seconds
[2025-03-17T13:33:36.035+0000] {processor.py:186} INFO - Started process (PID=221) to work on /home/airflow/.local/lib/python3.12/site-packages/airflow/example_dags/example_python_decorator.py
[2025-03-17T13:33:36.043+0000] {processor.py:914} INFO - Processing file /home/airflow/.local/lib/python3.12/site-packages/airflow/example_dags/example_python_decorator.py for tasks to queue
[2025-03-17T13:33:36.046+0000] {logging_mixin.py:190} INFO - [2025-03-17T13:33:36.046+0000] {dagbag.py:588} INFO - Filling up the DagBag from /home/airflow/.local/lib/python3.12/site-packages/airflow/example_dags/example_python_decorator.py
[2025-03-17T13:33:36.063+0000] {processor.py:925} INFO - DAG(s) 'example_python_decorator' retrieved from /home/airflow/.local/lib/python3.12/site-packages/airflow/example_dags/example_python_decorator.py
[2025-03-17T13:33:36.085+0000] {logging_mixin.py:190} INFO - [2025-03-17T13:33:36.085+0000] {dag.py:3239} INFO - Sync 1 DAGs
[2025-03-17T13:33:36.100+0000] {logging_mixin.py:190} INFO - [2025-03-17T13:33:36.099+0000] {dag.py:4180} INFO - Setting next_dagrun for example_python_decorator to None, run_after=None
[2025-03-17T13:33:36.119+0000] {processor.py:208} INFO - Processing /home/airflow/.local/lib/python3.12/site-packages/airflow/example_dags/example_python_decorator.py took 0.091 seconds
[2025-03-17T13:34:06.514+0000] {processor.py:186} INFO - Started process (PID=283) to work on /home/airflow/.local/lib/python3.12/site-packages/airflow/example_dags/example_python_decorator.py
[2025-03-17T13:34:06.515+0000] {processor.py:914} INFO - Processing file /home/airflow/.local/lib/python3.12/site-packages/airflow/example_dags/example_python_decorator.py for tasks to queue
[2025-03-17T13:34:06.518+0000] {logging_mixin.py:190} INFO - [2025-03-17T13:34:06.518+0000] {dagbag.py:588} INFO - Filling up the DagBag from /home/airflow/.local/lib/python3.12/site-packages/airflow/example_dags/example_python_decorator.py
[2025-03-17T13:34:06.533+0000] {processor.py:925} INFO - DAG(s) 'example_python_decorator' retrieved from /home/airflow/.local/lib/python3.12/site-packages/airflow/example_dags/example_python_decorator.py
[2025-03-17T13:34:06.560+0000] {logging_mixin.py:190} INFO - [2025-03-17T13:34:06.560+0000] {dag.py:3239} INFO - Sync 1 DAGs
[2025-03-17T13:34:06.577+0000] {logging_mixin.py:190} INFO - [2025-03-17T13:34:06.577+0000] {dag.py:4180} INFO - Setting next_dagrun for example_python_decorator to None, run_after=None
[2025-03-17T13:34:06.599+0000] {processor.py:208} INFO - Processing /home/airflow/.local/lib/python3.12/site-packages/airflow/example_dags/example_python_decorator.py took 0.091 seconds
[2025-03-17T13:34:37.400+0000] {processor.py:186} INFO - Started process (PID=346) to work on /home/airflow/.local/lib/python3.12/site-packages/airflow/example_dags/example_python_decorator.py
[2025-03-17T13:34:37.401+0000] {processor.py:914} INFO - Processing file /home/airflow/.local/lib/python3.12/site-packages/airflow/example_dags/example_python_decorator.py for tasks to queue
[2025-03-17T13:34:37.405+0000] {logging_mixin.py:190} INFO - [2025-03-17T13:34:37.404+0000] {dagbag.py:588} INFO - Filling up the DagBag from /home/airflow/.local/lib/python3.12/site-packages/airflow/example_dags/example_python_decorator.py
[2025-03-17T13:34:37.423+0000] {processor.py:925} INFO - DAG(s) 'example_python_decorator' retrieved from /home/airflow/.local/lib/python3.12/site-packages/airflow/example_dags/example_python_decorator.py
[2025-03-17T13:34:37.448+0000] {logging_mixin.py:190} INFO - [2025-03-17T13:34:37.448+0000] {dag.py:3239} INFO - Sync 1 DAGs
[2025-03-17T13:34:37.465+0000] {logging_mixin.py:190} INFO - [2025-03-17T13:34:37.464+0000] {dag.py:4180} INFO - Setting next_dagrun for example_python_decorator to None, run_after=None
[2025-03-17T13:34:37.485+0000] {processor.py:208} INFO - Processing /home/airflow/.local/lib/python3.12/site-packages/airflow/example_dags/example_python_decorator.py took 0.092 seconds
[2025-03-17T13:35:08.716+0000] {processor.py:186} INFO - Started process (PID=409) to work on /home/airflow/.local/lib/python3.12/site-packages/airflow/example_dags/example_python_decorator.py
[2025-03-17T13:35:08.717+0000] {processor.py:914} INFO - Processing file /home/airflow/.local/lib/python3.12/site-packages/airflow/example_dags/example_python_decorator.py for tasks to queue
[2025-03-17T13:35:08.720+0000] {logging_mixin.py:190} INFO - [2025-03-17T13:35:08.720+0000] {dagbag.py:588} INFO - Filling up the DagBag from /home/airflow/.local/lib/python3.12/site-packages/airflow/example_dags/example_python_decorator.py
[2025-03-17T13:35:08.735+0000] {processor.py:925} INFO - DAG(s) 'example_python_decorator' retrieved from /home/airflow/.local/lib/python3.12/site-packages/airflow/example_dags/example_python_decorator.py
[2025-03-17T13:35:08.757+0000] {logging_mixin.py:190} INFO - [2025-03-17T13:35:08.757+0000] {dag.py:3239} INFO - Sync 1 DAGs
[2025-03-17T13:35:08.771+0000] {logging_mixin.py:190} INFO - [2025-03-17T13:35:08.771+0000] {dag.py:4180} INFO - Setting next_dagrun for example_python_decorator to None, run_after=None
[2025-03-17T13:35:08.791+0000] {processor.py:208} INFO - Processing /home/airflow/.local/lib/python3.12/site-packages/airflow/example_dags/example_python_decorator.py took 0.082 seconds
[2025-03-17T13:35:42.785+0000] {processor.py:186} INFO - Started process (PID=448) to work on /home/airflow/.local/lib/python3.12/site-packages/airflow/example_dags/example_python_decorator.py
[2025-03-17T13:35:42.792+0000] {processor.py:914} INFO - Processing file /home/airflow/.local/lib/python3.12/site-packages/airflow/example_dags/example_python_decorator.py for tasks to queue
[2025-03-17T13:35:42.795+0000] {logging_mixin.py:190} INFO - [2025-03-17T13:35:42.794+0000] {dagbag.py:588} INFO - Filling up the DagBag from /home/airflow/.local/lib/python3.12/site-packages/airflow/example_dags/example_python_decorator.py
[2025-03-17T13:35:42.813+0000] {processor.py:925} INFO - DAG(s) 'example_python_decorator' retrieved from /home/airflow/.local/lib/python3.12/site-packages/airflow/example_dags/example_python_decorator.py
[2025-03-17T13:35:42.838+0000] {logging_mixin.py:190} INFO - [2025-03-17T13:35:42.837+0000] {dag.py:3239} INFO - Sync 1 DAGs
[2025-03-17T13:35:42.873+0000] {logging_mixin.py:190} INFO - [2025-03-17T13:35:42.871+0000] {dag.py:4180} INFO - Setting next_dagrun for example_python_decorator to None, run_after=None
[2025-03-17T13:35:42.901+0000] {processor.py:208} INFO - Processing /home/airflow/.local/lib/python3.12/site-packages/airflow/example_dags/example_python_decorator.py took 0.124 seconds
[2025-03-17T13:36:50.476+0000] {processor.py:186} INFO - Started process (PID=498) to work on /home/airflow/.local/lib/python3.12/site-packages/airflow/example_dags/example_python_decorator.py
[2025-03-17T13:36:50.484+0000] {processor.py:914} INFO - Processing file /home/airflow/.local/lib/python3.12/site-packages/airflow/example_dags/example_python_decorator.py for tasks to queue
[2025-03-17T13:36:50.485+0000] {logging_mixin.py:190} INFO - [2025-03-17T13:36:50.485+0000] {dagbag.py:588} INFO - Filling up the DagBag from /home/airflow/.local/lib/python3.12/site-packages/airflow/example_dags/example_python_decorator.py
[2025-03-17T13:36:50.506+0000] {processor.py:925} INFO - DAG(s) 'example_python_decorator' retrieved from /home/airflow/.local/lib/python3.12/site-packages/airflow/example_dags/example_python_decorator.py
[2025-03-17T13:36:50.532+0000] {logging_mixin.py:190} INFO - [2025-03-17T13:36:50.532+0000] {dag.py:3239} INFO - Sync 1 DAGs
[2025-03-17T13:36:50.551+0000] {logging_mixin.py:190} INFO - [2025-03-17T13:36:50.551+0000] {dag.py:4180} INFO - Setting next_dagrun for example_python_decorator to None, run_after=None
[2025-03-17T13:36:50.582+0000] {processor.py:208} INFO - Processing /home/airflow/.local/lib/python3.12/site-packages/airflow/example_dags/example_python_decorator.py took 0.113 seconds
[2025-03-17T13:37:20.821+0000] {processor.py:186} INFO - Started process (PID=562) to work on /home/airflow/.local/lib/python3.12/site-packages/airflow/example_dags/example_python_decorator.py
[2025-03-17T13:37:20.822+0000] {processor.py:914} INFO - Processing file /home/airflow/.local/lib/python3.12/site-packages/airflow/example_dags/example_python_decorator.py for tasks to queue
[2025-03-17T13:37:20.823+0000] {logging_mixin.py:190} INFO - [2025-03-17T13:37:20.823+0000] {dagbag.py:588} INFO - Filling up the DagBag from /home/airflow/.local/lib/python3.12/site-packages/airflow/example_dags/example_python_decorator.py
[2025-03-17T13:37:20.838+0000] {processor.py:925} INFO - DAG(s) 'example_python_decorator' retrieved from /home/airflow/.local/lib/python3.12/site-packages/airflow/example_dags/example_python_decorator.py
[2025-03-17T13:37:20.861+0000] {logging_mixin.py:190} INFO - [2025-03-17T13:37:20.861+0000] {dag.py:3239} INFO - Sync 1 DAGs
[2025-03-17T13:37:20.877+0000] {logging_mixin.py:190} INFO - [2025-03-17T13:37:20.876+0000] {dag.py:4180} INFO - Setting next_dagrun for example_python_decorator to None, run_after=None
[2025-03-17T13:37:20.896+0000] {processor.py:208} INFO - Processing /home/airflow/.local/lib/python3.12/site-packages/airflow/example_dags/example_python_decorator.py took 0.082 seconds
[2025-03-17T13:37:51.986+0000] {processor.py:186} INFO - Started process (PID=622) to work on /home/airflow/.local/lib/python3.12/site-packages/airflow/example_dags/example_python_decorator.py
[2025-03-17T13:37:51.987+0000] {processor.py:914} INFO - Processing file /home/airflow/.local/lib/python3.12/site-packages/airflow/example_dags/example_python_decorator.py for tasks to queue
[2025-03-17T13:37:51.989+0000] {logging_mixin.py:190} INFO - [2025-03-17T13:37:51.988+0000] {dagbag.py:588} INFO - Filling up the DagBag from /home/airflow/.local/lib/python3.12/site-packages/airflow/example_dags/example_python_decorator.py
[2025-03-17T13:37:52.005+0000] {processor.py:925} INFO - DAG(s) 'example_python_decorator' retrieved from /home/airflow/.local/lib/python3.12/site-packages/airflow/example_dags/example_python_decorator.py
[2025-03-17T13:37:52.028+0000] {logging_mixin.py:190} INFO - [2025-03-17T13:37:52.027+0000] {dag.py:3239} INFO - Sync 1 DAGs
[2025-03-17T13:37:52.044+0000] {logging_mixin.py:190} INFO - [2025-03-17T13:37:52.044+0000] {dag.py:4180} INFO - Setting next_dagrun for example_python_decorator to None, run_after=None
[2025-03-17T13:37:52.066+0000] {processor.py:208} INFO - Processing /home/airflow/.local/lib/python3.12/site-packages/airflow/example_dags/example_python_decorator.py took 0.087 seconds
[2025-03-17T13:38:23.210+0000] {processor.py:186} INFO - Started process (PID=685) to work on /home/airflow/.local/lib/python3.12/site-packages/airflow/example_dags/example_python_decorator.py
[2025-03-17T13:38:23.211+0000] {processor.py:914} INFO - Processing file /home/airflow/.local/lib/python3.12/site-packages/airflow/example_dags/example_python_decorator.py for tasks to queue
[2025-03-17T13:38:23.212+0000] {logging_mixin.py:190} INFO - [2025-03-17T13:38:23.212+0000] {dagbag.py:588} INFO - Filling up the DagBag from /home/airflow/.local/lib/python3.12/site-packages/airflow/example_dags/example_python_decorator.py
[2025-03-17T13:38:23.227+0000] {processor.py:925} INFO - DAG(s) 'example_python_decorator' retrieved from /home/airflow/.local/lib/python3.12/site-packages/airflow/example_dags/example_python_decorator.py
[2025-03-17T13:38:23.249+0000] {logging_mixin.py:190} INFO - [2025-03-17T13:38:23.249+0000] {dag.py:3239} INFO - Sync 1 DAGs
[2025-03-17T13:38:23.266+0000] {logging_mixin.py:190} INFO - [2025-03-17T13:38:23.265+0000] {dag.py:4180} INFO - Setting next_dagrun for example_python_decorator to None, run_after=None
[2025-03-17T13:38:23.287+0000] {processor.py:208} INFO - Processing /home/airflow/.local/lib/python3.12/site-packages/airflow/example_dags/example_python_decorator.py took 0.083 seconds
[2025-03-17T13:38:53.990+0000] {processor.py:186} INFO - Started process (PID=747) to work on /home/airflow/.local/lib/python3.12/site-packages/airflow/example_dags/example_python_decorator.py
[2025-03-17T13:38:53.992+0000] {processor.py:914} INFO - Processing file /home/airflow/.local/lib/python3.12/site-packages/airflow/example_dags/example_python_decorator.py for tasks to queue
[2025-03-17T13:38:53.993+0000] {logging_mixin.py:190} INFO - [2025-03-17T13:38:53.993+0000] {dagbag.py:588} INFO - Filling up the DagBag from /home/airflow/.local/lib/python3.12/site-packages/airflow/example_dags/example_python_decorator.py
[2025-03-17T13:38:54.018+0000] {processor.py:925} INFO - DAG(s) 'example_python_decorator' retrieved from /home/airflow/.local/lib/python3.12/site-packages/airflow/example_dags/example_python_decorator.py
[2025-03-17T13:38:54.049+0000] {logging_mixin.py:190} INFO - [2025-03-17T13:38:54.049+0000] {dag.py:3239} INFO - Sync 1 DAGs
[2025-03-17T13:38:54.076+0000] {logging_mixin.py:190} INFO - [2025-03-17T13:38:54.076+0000] {dag.py:4180} INFO - Setting next_dagrun for example_python_decorator to None, run_after=None
[2025-03-17T13:38:54.108+0000] {processor.py:208} INFO - Processing /home/airflow/.local/lib/python3.12/site-packages/airflow/example_dags/example_python_decorator.py took 0.127 seconds
[2025-03-17T13:39:24.503+0000] {processor.py:186} INFO - Started process (PID=809) to work on /home/airflow/.local/lib/python3.12/site-packages/airflow/example_dags/example_python_decorator.py
[2025-03-17T13:39:24.504+0000] {processor.py:914} INFO - Processing file /home/airflow/.local/lib/python3.12/site-packages/airflow/example_dags/example_python_decorator.py for tasks to queue
[2025-03-17T13:39:24.506+0000] {logging_mixin.py:190} INFO - [2025-03-17T13:39:24.505+0000] {dagbag.py:588} INFO - Filling up the DagBag from /home/airflow/.local/lib/python3.12/site-packages/airflow/example_dags/example_python_decorator.py
[2025-03-17T13:39:24.526+0000] {processor.py:925} INFO - DAG(s) 'example_python_decorator' retrieved from /home/airflow/.local/lib/python3.12/site-packages/airflow/example_dags/example_python_decorator.py
[2025-03-17T13:39:24.555+0000] {logging_mixin.py:190} INFO - [2025-03-17T13:39:24.555+0000] {dag.py:3239} INFO - Sync 1 DAGs
[2025-03-17T13:39:24.579+0000] {logging_mixin.py:190} INFO - [2025-03-17T13:39:24.578+0000] {dag.py:4180} INFO - Setting next_dagrun for example_python_decorator to None, run_after=None
[2025-03-17T13:39:24.618+0000] {processor.py:208} INFO - Processing /home/airflow/.local/lib/python3.12/site-packages/airflow/example_dags/example_python_decorator.py took 0.124 seconds
[2025-03-17T13:39:55.256+0000] {processor.py:186} INFO - Started process (PID=867) to work on /home/airflow/.local/lib/python3.12/site-packages/airflow/example_dags/example_python_decorator.py
[2025-03-17T13:39:55.257+0000] {processor.py:914} INFO - Processing file /home/airflow/.local/lib/python3.12/site-packages/airflow/example_dags/example_python_decorator.py for tasks to queue
[2025-03-17T13:39:55.259+0000] {logging_mixin.py:190} INFO - [2025-03-17T13:39:55.258+0000] {dagbag.py:588} INFO - Filling up the DagBag from /home/airflow/.local/lib/python3.12/site-packages/airflow/example_dags/example_python_decorator.py
[2025-03-17T13:39:55.274+0000] {processor.py:925} INFO - DAG(s) 'example_python_decorator' retrieved from /home/airflow/.local/lib/python3.12/site-packages/airflow/example_dags/example_python_decorator.py
[2025-03-17T13:39:55.297+0000] {logging_mixin.py:190} INFO - [2025-03-17T13:39:55.296+0000] {dag.py:3239} INFO - Sync 1 DAGs
[2025-03-17T13:39:55.313+0000] {logging_mixin.py:190} INFO - [2025-03-17T13:39:55.313+0000] {dag.py:4180} INFO - Setting next_dagrun for example_python_decorator to None, run_after=None
[2025-03-17T13:39:55.331+0000] {processor.py:208} INFO - Processing /home/airflow/.local/lib/python3.12/site-packages/airflow/example_dags/example_python_decorator.py took 0.081 seconds
[2025-03-17T13:40:26.190+0000] {processor.py:186} INFO - Started process (PID=928) to work on /home/airflow/.local/lib/python3.12/site-packages/airflow/example_dags/example_python_decorator.py
[2025-03-17T13:40:26.194+0000] {processor.py:914} INFO - Processing file /home/airflow/.local/lib/python3.12/site-packages/airflow/example_dags/example_python_decorator.py for tasks to queue
[2025-03-17T13:40:26.195+0000] {logging_mixin.py:190} INFO - [2025-03-17T13:40:26.195+0000] {dagbag.py:588} INFO - Filling up the DagBag from /home/airflow/.local/lib/python3.12/site-packages/airflow/example_dags/example_python_decorator.py
[2025-03-17T13:40:26.210+0000] {processor.py:925} INFO - DAG(s) 'example_python_decorator' retrieved from /home/airflow/.local/lib/python3.12/site-packages/airflow/example_dags/example_python_decorator.py
[2025-03-17T13:40:26.234+0000] {logging_mixin.py:190} INFO - [2025-03-17T13:40:26.234+0000] {dag.py:3239} INFO - Sync 1 DAGs
[2025-03-17T13:40:26.252+0000] {logging_mixin.py:190} INFO - [2025-03-17T13:40:26.252+0000] {dag.py:4180} INFO - Setting next_dagrun for example_python_decorator to None, run_after=None
[2025-03-17T13:40:26.274+0000] {processor.py:208} INFO - Processing /home/airflow/.local/lib/python3.12/site-packages/airflow/example_dags/example_python_decorator.py took 0.089 seconds
[2025-03-17T13:40:57.550+0000] {processor.py:186} INFO - Started process (PID=992) to work on /home/airflow/.local/lib/python3.12/site-packages/airflow/example_dags/example_python_decorator.py
[2025-03-17T13:40:57.552+0000] {processor.py:914} INFO - Processing file /home/airflow/.local/lib/python3.12/site-packages/airflow/example_dags/example_python_decorator.py for tasks to queue
[2025-03-17T13:40:57.553+0000] {logging_mixin.py:190} INFO - [2025-03-17T13:40:57.553+0000] {dagbag.py:588} INFO - Filling up the DagBag from /home/airflow/.local/lib/python3.12/site-packages/airflow/example_dags/example_python_decorator.py
[2025-03-17T13:40:57.577+0000] {processor.py:925} INFO - DAG(s) 'example_python_decorator' retrieved from /home/airflow/.local/lib/python3.12/site-packages/airflow/example_dags/example_python_decorator.py
[2025-03-17T13:40:57.610+0000] {logging_mixin.py:190} INFO - [2025-03-17T13:40:57.609+0000] {dag.py:3239} INFO - Sync 1 DAGs
[2025-03-17T13:40:57.635+0000] {logging_mixin.py:190} INFO - [2025-03-17T13:40:57.634+0000] {dag.py:4180} INFO - Setting next_dagrun for example_python_decorator to None, run_after=None
[2025-03-17T13:40:57.669+0000] {processor.py:208} INFO - Processing /home/airflow/.local/lib/python3.12/site-packages/airflow/example_dags/example_python_decorator.py took 0.128 seconds
[2025-03-17T13:41:28.539+0000] {processor.py:186} INFO - Started process (PID=1061) to work on /home/airflow/.local/lib/python3.12/site-packages/airflow/example_dags/example_python_decorator.py
[2025-03-17T13:41:28.541+0000] {processor.py:914} INFO - Processing file /home/airflow/.local/lib/python3.12/site-packages/airflow/example_dags/example_python_decorator.py for tasks to queue
[2025-03-17T13:41:28.542+0000] {logging_mixin.py:190} INFO - [2025-03-17T13:41:28.542+0000] {dagbag.py:588} INFO - Filling up the DagBag from /home/airflow/.local/lib/python3.12/site-packages/airflow/example_dags/example_python_decorator.py
[2025-03-17T13:41:28.559+0000] {processor.py:925} INFO - DAG(s) 'example_python_decorator' retrieved from /home/airflow/.local/lib/python3.12/site-packages/airflow/example_dags/example_python_decorator.py
[2025-03-17T13:41:28.583+0000] {logging_mixin.py:190} INFO - [2025-03-17T13:41:28.582+0000] {dag.py:3239} INFO - Sync 1 DAGs
[2025-03-17T13:41:28.600+0000] {logging_mixin.py:190} INFO - [2025-03-17T13:41:28.600+0000] {dag.py:4180} INFO - Setting next_dagrun for example_python_decorator to None, run_after=None
[2025-03-17T13:41:28.624+0000] {processor.py:208} INFO - Processing /home/airflow/.local/lib/python3.12/site-packages/airflow/example_dags/example_python_decorator.py took 0.091 seconds
[2025-03-17T13:41:59.632+0000] {processor.py:186} INFO - Started process (PID=1124) to work on /home/airflow/.local/lib/python3.12/site-packages/airflow/example_dags/example_python_decorator.py
[2025-03-17T13:41:59.633+0000] {processor.py:914} INFO - Processing file /home/airflow/.local/lib/python3.12/site-packages/airflow/example_dags/example_python_decorator.py for tasks to queue
[2025-03-17T13:41:59.635+0000] {logging_mixin.py:190} INFO - [2025-03-17T13:41:59.635+0000] {dagbag.py:588} INFO - Filling up the DagBag from /home/airflow/.local/lib/python3.12/site-packages/airflow/example_dags/example_python_decorator.py
[2025-03-17T13:41:59.658+0000] {processor.py:925} INFO - DAG(s) 'example_python_decorator' retrieved from /home/airflow/.local/lib/python3.12/site-packages/airflow/example_dags/example_python_decorator.py
[2025-03-17T13:41:59.689+0000] {logging_mixin.py:190} INFO - [2025-03-17T13:41:59.688+0000] {dag.py:3239} INFO - Sync 1 DAGs
[2025-03-17T13:41:59.709+0000] {logging_mixin.py:190} INFO - [2025-03-17T13:41:59.709+0000] {dag.py:4180} INFO - Setting next_dagrun for example_python_decorator to None, run_after=None
[2025-03-17T13:41:59.734+0000] {processor.py:208} INFO - Processing /home/airflow/.local/lib/python3.12/site-packages/airflow/example_dags/example_python_decorator.py took 0.109 seconds
[2025-03-17T13:44:00.936+0000] {processor.py:186} INFO - Started process (PID=97) to work on /home/airflow/.local/lib/python3.12/site-packages/airflow/example_dags/example_python_decorator.py
[2025-03-17T13:44:00.989+0000] {processor.py:914} INFO - Processing file /home/airflow/.local/lib/python3.12/site-packages/airflow/example_dags/example_python_decorator.py for tasks to queue
[2025-03-17T13:44:00.998+0000] {logging_mixin.py:190} INFO - [2025-03-17T13:44:00.997+0000] {dagbag.py:588} INFO - Filling up the DagBag from /home/airflow/.local/lib/python3.12/site-packages/airflow/example_dags/example_python_decorator.py
[2025-03-17T13:44:01.040+0000] {processor.py:925} INFO - DAG(s) 'example_python_decorator' retrieved from /home/airflow/.local/lib/python3.12/site-packages/airflow/example_dags/example_python_decorator.py
[2025-03-17T13:44:01.372+0000] {logging_mixin.py:190} INFO - [2025-03-17T13:44:01.372+0000] {dag.py:3239} INFO - Sync 1 DAGs
[2025-03-17T13:44:01.413+0000] {logging_mixin.py:190} INFO - [2025-03-17T13:44:01.413+0000] {dag.py:4180} INFO - Setting next_dagrun for example_python_decorator to None, run_after=None
[2025-03-17T13:44:01.464+0000] {processor.py:208} INFO - Processing /home/airflow/.local/lib/python3.12/site-packages/airflow/example_dags/example_python_decorator.py took 0.538 seconds
[2025-03-17T13:44:32.040+0000] {processor.py:186} INFO - Started process (PID=159) to work on /home/airflow/.local/lib/python3.12/site-packages/airflow/example_dags/example_python_decorator.py
[2025-03-17T13:44:32.088+0000] {processor.py:914} INFO - Processing file /home/airflow/.local/lib/python3.12/site-packages/airflow/example_dags/example_python_decorator.py for tasks to queue
[2025-03-17T13:44:32.093+0000] {logging_mixin.py:190} INFO - [2025-03-17T13:44:32.092+0000] {dagbag.py:588} INFO - Filling up the DagBag from /home/airflow/.local/lib/python3.12/site-packages/airflow/example_dags/example_python_decorator.py
[2025-03-17T13:44:32.109+0000] {processor.py:925} INFO - DAG(s) 'example_python_decorator' retrieved from /home/airflow/.local/lib/python3.12/site-packages/airflow/example_dags/example_python_decorator.py
[2025-03-17T13:44:32.138+0000] {logging_mixin.py:190} INFO - [2025-03-17T13:44:32.138+0000] {dag.py:3239} INFO - Sync 1 DAGs
[2025-03-17T13:44:32.154+0000] {logging_mixin.py:190} INFO - [2025-03-17T13:44:32.154+0000] {dag.py:4180} INFO - Setting next_dagrun for example_python_decorator to None, run_after=None
[2025-03-17T13:44:32.177+0000] {processor.py:208} INFO - Processing /home/airflow/.local/lib/python3.12/site-packages/airflow/example_dags/example_python_decorator.py took 0.144 seconds
[2025-03-17T13:45:02.307+0000] {processor.py:186} INFO - Started process (PID=223) to work on /home/airflow/.local/lib/python3.12/site-packages/airflow/example_dags/example_python_decorator.py
[2025-03-17T13:45:02.308+0000] {processor.py:914} INFO - Processing file /home/airflow/.local/lib/python3.12/site-packages/airflow/example_dags/example_python_decorator.py for tasks to queue
[2025-03-17T13:45:02.310+0000] {logging_mixin.py:190} INFO - [2025-03-17T13:45:02.310+0000] {dagbag.py:588} INFO - Filling up the DagBag from /home/airflow/.local/lib/python3.12/site-packages/airflow/example_dags/example_python_decorator.py
[2025-03-17T13:45:02.328+0000] {processor.py:925} INFO - DAG(s) 'example_python_decorator' retrieved from /home/airflow/.local/lib/python3.12/site-packages/airflow/example_dags/example_python_decorator.py
[2025-03-17T13:45:02.352+0000] {logging_mixin.py:190} INFO - [2025-03-17T13:45:02.352+0000] {dag.py:3239} INFO - Sync 1 DAGs
[2025-03-17T13:45:02.367+0000] {logging_mixin.py:190} INFO - [2025-03-17T13:45:02.367+0000] {dag.py:4180} INFO - Setting next_dagrun for example_python_decorator to None, run_after=None
[2025-03-17T13:45:02.396+0000] {processor.py:208} INFO - Processing /home/airflow/.local/lib/python3.12/site-packages/airflow/example_dags/example_python_decorator.py took 0.095 seconds
[2025-03-17T13:45:33.291+0000] {processor.py:186} INFO - Started process (PID=285) to work on /home/airflow/.local/lib/python3.12/site-packages/airflow/example_dags/example_python_decorator.py
[2025-03-17T13:45:33.299+0000] {processor.py:914} INFO - Processing file /home/airflow/.local/lib/python3.12/site-packages/airflow/example_dags/example_python_decorator.py for tasks to queue
[2025-03-17T13:45:33.302+0000] {logging_mixin.py:190} INFO - [2025-03-17T13:45:33.301+0000] {dagbag.py:588} INFO - Filling up the DagBag from /home/airflow/.local/lib/python3.12/site-packages/airflow/example_dags/example_python_decorator.py
[2025-03-17T13:45:33.316+0000] {processor.py:925} INFO - DAG(s) 'example_python_decorator' retrieved from /home/airflow/.local/lib/python3.12/site-packages/airflow/example_dags/example_python_decorator.py
[2025-03-17T13:45:33.338+0000] {logging_mixin.py:190} INFO - [2025-03-17T13:45:33.338+0000] {dag.py:3239} INFO - Sync 1 DAGs
[2025-03-17T13:45:33.354+0000] {logging_mixin.py:190} INFO - [2025-03-17T13:45:33.353+0000] {dag.py:4180} INFO - Setting next_dagrun for example_python_decorator to None, run_after=None
[2025-03-17T13:45:33.375+0000] {processor.py:208} INFO - Processing /home/airflow/.local/lib/python3.12/site-packages/airflow/example_dags/example_python_decorator.py took 0.089 seconds
[2025-03-17T13:46:04.247+0000] {processor.py:186} INFO - Started process (PID=348) to work on /home/airflow/.local/lib/python3.12/site-packages/airflow/example_dags/example_python_decorator.py
[2025-03-17T13:46:04.248+0000] {processor.py:914} INFO - Processing file /home/airflow/.local/lib/python3.12/site-packages/airflow/example_dags/example_python_decorator.py for tasks to queue
[2025-03-17T13:46:04.250+0000] {logging_mixin.py:190} INFO - [2025-03-17T13:46:04.250+0000] {dagbag.py:588} INFO - Filling up the DagBag from /home/airflow/.local/lib/python3.12/site-packages/airflow/example_dags/example_python_decorator.py
[2025-03-17T13:46:04.264+0000] {processor.py:925} INFO - DAG(s) 'example_python_decorator' retrieved from /home/airflow/.local/lib/python3.12/site-packages/airflow/example_dags/example_python_decorator.py
[2025-03-17T13:46:04.286+0000] {logging_mixin.py:190} INFO - [2025-03-17T13:46:04.285+0000] {dag.py:3239} INFO - Sync 1 DAGs
[2025-03-17T13:46:04.301+0000] {logging_mixin.py:190} INFO - [2025-03-17T13:46:04.301+0000] {dag.py:4180} INFO - Setting next_dagrun for example_python_decorator to None, run_after=None
[2025-03-17T13:46:04.324+0000] {processor.py:208} INFO - Processing /home/airflow/.local/lib/python3.12/site-packages/airflow/example_dags/example_python_decorator.py took 0.084 seconds
[2025-03-17T13:46:35.317+0000] {processor.py:186} INFO - Started process (PID=411) to work on /home/airflow/.local/lib/python3.12/site-packages/airflow/example_dags/example_python_decorator.py
[2025-03-17T13:46:35.334+0000] {processor.py:914} INFO - Processing file /home/airflow/.local/lib/python3.12/site-packages/airflow/example_dags/example_python_decorator.py for tasks to queue
[2025-03-17T13:46:35.336+0000] {logging_mixin.py:190} INFO - [2025-03-17T13:46:35.336+0000] {dagbag.py:588} INFO - Filling up the DagBag from /home/airflow/.local/lib/python3.12/site-packages/airflow/example_dags/example_python_decorator.py
[2025-03-17T13:46:35.352+0000] {processor.py:925} INFO - DAG(s) 'example_python_decorator' retrieved from /home/airflow/.local/lib/python3.12/site-packages/airflow/example_dags/example_python_decorator.py
[2025-03-17T13:46:35.375+0000] {logging_mixin.py:190} INFO - [2025-03-17T13:46:35.374+0000] {dag.py:3239} INFO - Sync 1 DAGs
[2025-03-17T13:46:35.391+0000] {logging_mixin.py:190} INFO - [2025-03-17T13:46:35.390+0000] {dag.py:4180} INFO - Setting next_dagrun for example_python_decorator to None, run_after=None
[2025-03-17T13:46:35.410+0000] {processor.py:208} INFO - Processing /home/airflow/.local/lib/python3.12/site-packages/airflow/example_dags/example_python_decorator.py took 0.099 seconds
[2025-03-17T13:47:05.498+0000] {processor.py:186} INFO - Started process (PID=473) to work on /home/airflow/.local/lib/python3.12/site-packages/airflow/example_dags/example_python_decorator.py
[2025-03-17T13:47:05.499+0000] {processor.py:914} INFO - Processing file /home/airflow/.local/lib/python3.12/site-packages/airflow/example_dags/example_python_decorator.py for tasks to queue
[2025-03-17T13:47:05.501+0000] {logging_mixin.py:190} INFO - [2025-03-17T13:47:05.500+0000] {dagbag.py:588} INFO - Filling up the DagBag from /home/airflow/.local/lib/python3.12/site-packages/airflow/example_dags/example_python_decorator.py
[2025-03-17T13:47:05.516+0000] {processor.py:925} INFO - DAG(s) 'example_python_decorator' retrieved from /home/airflow/.local/lib/python3.12/site-packages/airflow/example_dags/example_python_decorator.py
[2025-03-17T13:47:05.539+0000] {logging_mixin.py:190} INFO - [2025-03-17T13:47:05.539+0000] {dag.py:3239} INFO - Sync 1 DAGs
[2025-03-17T13:47:05.555+0000] {logging_mixin.py:190} INFO - [2025-03-17T13:47:05.555+0000] {dag.py:4180} INFO - Setting next_dagrun for example_python_decorator to None, run_after=None
[2025-03-17T13:47:05.584+0000] {processor.py:208} INFO - Processing /home/airflow/.local/lib/python3.12/site-packages/airflow/example_dags/example_python_decorator.py took 0.092 seconds
[2025-03-17T13:47:36.159+0000] {processor.py:186} INFO - Started process (PID=536) to work on /home/airflow/.local/lib/python3.12/site-packages/airflow/example_dags/example_python_decorator.py
[2025-03-17T13:47:36.160+0000] {processor.py:914} INFO - Processing file /home/airflow/.local/lib/python3.12/site-packages/airflow/example_dags/example_python_decorator.py for tasks to queue
[2025-03-17T13:47:36.164+0000] {logging_mixin.py:190} INFO - [2025-03-17T13:47:36.163+0000] {dagbag.py:588} INFO - Filling up the DagBag from /home/airflow/.local/lib/python3.12/site-packages/airflow/example_dags/example_python_decorator.py
[2025-03-17T13:47:36.181+0000] {processor.py:925} INFO - DAG(s) 'example_python_decorator' retrieved from /home/airflow/.local/lib/python3.12/site-packages/airflow/example_dags/example_python_decorator.py
[2025-03-17T13:47:36.208+0000] {logging_mixin.py:190} INFO - [2025-03-17T13:47:36.208+0000] {dag.py:3239} INFO - Sync 1 DAGs
[2025-03-17T13:47:36.223+0000] {logging_mixin.py:190} INFO - [2025-03-17T13:47:36.223+0000] {dag.py:4180} INFO - Setting next_dagrun for example_python_decorator to None, run_after=None
[2025-03-17T13:47:36.248+0000] {processor.py:208} INFO - Processing /home/airflow/.local/lib/python3.12/site-packages/airflow/example_dags/example_python_decorator.py took 0.095 seconds
[2025-03-17T13:48:06.560+0000] {processor.py:186} INFO - Started process (PID=599) to work on /home/airflow/.local/lib/python3.12/site-packages/airflow/example_dags/example_python_decorator.py
[2025-03-17T13:48:06.562+0000] {processor.py:914} INFO - Processing file /home/airflow/.local/lib/python3.12/site-packages/airflow/example_dags/example_python_decorator.py for tasks to queue
[2025-03-17T13:48:06.565+0000] {logging_mixin.py:190} INFO - [2025-03-17T13:48:06.564+0000] {dagbag.py:588} INFO - Filling up the DagBag from /home/airflow/.local/lib/python3.12/site-packages/airflow/example_dags/example_python_decorator.py
[2025-03-17T13:48:06.580+0000] {processor.py:925} INFO - DAG(s) 'example_python_decorator' retrieved from /home/airflow/.local/lib/python3.12/site-packages/airflow/example_dags/example_python_decorator.py
[2025-03-17T13:48:06.602+0000] {logging_mixin.py:190} INFO - [2025-03-17T13:48:06.601+0000] {dag.py:3239} INFO - Sync 1 DAGs
[2025-03-17T13:48:06.616+0000] {logging_mixin.py:190} INFO - [2025-03-17T13:48:06.616+0000] {dag.py:4180} INFO - Setting next_dagrun for example_python_decorator to None, run_after=None
[2025-03-17T13:48:06.637+0000] {processor.py:208} INFO - Processing /home/airflow/.local/lib/python3.12/site-packages/airflow/example_dags/example_python_decorator.py took 0.083 seconds
[2025-03-17T13:48:37.004+0000] {processor.py:186} INFO - Started process (PID=662) to work on /home/airflow/.local/lib/python3.12/site-packages/airflow/example_dags/example_python_decorator.py
[2025-03-17T13:48:37.049+0000] {processor.py:914} INFO - Processing file /home/airflow/.local/lib/python3.12/site-packages/airflow/example_dags/example_python_decorator.py for tasks to queue
[2025-03-17T13:48:37.051+0000] {logging_mixin.py:190} INFO - [2025-03-17T13:48:37.051+0000] {dagbag.py:588} INFO - Filling up the DagBag from /home/airflow/.local/lib/python3.12/site-packages/airflow/example_dags/example_python_decorator.py
[2025-03-17T13:48:37.068+0000] {processor.py:925} INFO - DAG(s) 'example_python_decorator' retrieved from /home/airflow/.local/lib/python3.12/site-packages/airflow/example_dags/example_python_decorator.py
[2025-03-17T13:48:37.102+0000] {logging_mixin.py:190} INFO - [2025-03-17T13:48:37.102+0000] {dag.py:3239} INFO - Sync 1 DAGs
[2025-03-17T13:48:37.125+0000] {logging_mixin.py:190} INFO - [2025-03-17T13:48:37.125+0000] {dag.py:4180} INFO - Setting next_dagrun for example_python_decorator to None, run_after=None
[2025-03-17T13:48:37.153+0000] {processor.py:208} INFO - Processing /home/airflow/.local/lib/python3.12/site-packages/airflow/example_dags/example_python_decorator.py took 0.154 seconds
[2025-03-17T13:49:07.271+0000] {processor.py:186} INFO - Started process (PID=731) to work on /home/airflow/.local/lib/python3.12/site-packages/airflow/example_dags/example_python_decorator.py
[2025-03-17T13:49:07.378+0000] {processor.py:914} INFO - Processing file /home/airflow/.local/lib/python3.12/site-packages/airflow/example_dags/example_python_decorator.py for tasks to queue
[2025-03-17T13:49:07.381+0000] {logging_mixin.py:190} INFO - [2025-03-17T13:49:07.381+0000] {dagbag.py:588} INFO - Filling up the DagBag from /home/airflow/.local/lib/python3.12/site-packages/airflow/example_dags/example_python_decorator.py
[2025-03-17T13:49:07.398+0000] {processor.py:925} INFO - DAG(s) 'example_python_decorator' retrieved from /home/airflow/.local/lib/python3.12/site-packages/airflow/example_dags/example_python_decorator.py
[2025-03-17T13:49:07.420+0000] {logging_mixin.py:190} INFO - [2025-03-17T13:49:07.420+0000] {dag.py:3239} INFO - Sync 1 DAGs
[2025-03-17T13:49:07.434+0000] {logging_mixin.py:190} INFO - [2025-03-17T13:49:07.434+0000] {dag.py:4180} INFO - Setting next_dagrun for example_python_decorator to None, run_after=None
[2025-03-17T13:49:07.452+0000] {processor.py:208} INFO - Processing /home/airflow/.local/lib/python3.12/site-packages/airflow/example_dags/example_python_decorator.py took 0.186 seconds
[2025-03-17T13:49:38.459+0000] {processor.py:186} INFO - Started process (PID=794) to work on /home/airflow/.local/lib/python3.12/site-packages/airflow/example_dags/example_python_decorator.py
[2025-03-17T13:49:38.460+0000] {processor.py:914} INFO - Processing file /home/airflow/.local/lib/python3.12/site-packages/airflow/example_dags/example_python_decorator.py for tasks to queue
[2025-03-17T13:49:38.463+0000] {logging_mixin.py:190} INFO - [2025-03-17T13:49:38.462+0000] {dagbag.py:588} INFO - Filling up the DagBag from /home/airflow/.local/lib/python3.12/site-packages/airflow/example_dags/example_python_decorator.py
[2025-03-17T13:49:38.476+0000] {processor.py:925} INFO - DAG(s) 'example_python_decorator' retrieved from /home/airflow/.local/lib/python3.12/site-packages/airflow/example_dags/example_python_decorator.py
[2025-03-17T13:49:38.497+0000] {logging_mixin.py:190} INFO - [2025-03-17T13:49:38.496+0000] {dag.py:3239} INFO - Sync 1 DAGs
[2025-03-17T13:49:38.510+0000] {logging_mixin.py:190} INFO - [2025-03-17T13:49:38.510+0000] {dag.py:4180} INFO - Setting next_dagrun for example_python_decorator to None, run_after=None
[2025-03-17T13:49:38.528+0000] {processor.py:208} INFO - Processing /home/airflow/.local/lib/python3.12/site-packages/airflow/example_dags/example_python_decorator.py took 0.074 seconds
[2025-03-17T13:50:08.993+0000] {processor.py:186} INFO - Started process (PID=857) to work on /home/airflow/.local/lib/python3.12/site-packages/airflow/example_dags/example_python_decorator.py
[2025-03-17T13:50:08.994+0000] {processor.py:914} INFO - Processing file /home/airflow/.local/lib/python3.12/site-packages/airflow/example_dags/example_python_decorator.py for tasks to queue
[2025-03-17T13:50:08.996+0000] {logging_mixin.py:190} INFO - [2025-03-17T13:50:08.996+0000] {dagbag.py:588} INFO - Filling up the DagBag from /home/airflow/.local/lib/python3.12/site-packages/airflow/example_dags/example_python_decorator.py
[2025-03-17T13:50:09.010+0000] {processor.py:925} INFO - DAG(s) 'example_python_decorator' retrieved from /home/airflow/.local/lib/python3.12/site-packages/airflow/example_dags/example_python_decorator.py
[2025-03-17T13:50:09.032+0000] {logging_mixin.py:190} INFO - [2025-03-17T13:50:09.032+0000] {dag.py:3239} INFO - Sync 1 DAGs
[2025-03-17T13:50:09.048+0000] {logging_mixin.py:190} INFO - [2025-03-17T13:50:09.047+0000] {dag.py:4180} INFO - Setting next_dagrun for example_python_decorator to None, run_after=None
[2025-03-17T13:50:09.067+0000] {processor.py:208} INFO - Processing /home/airflow/.local/lib/python3.12/site-packages/airflow/example_dags/example_python_decorator.py took 0.079 seconds
[2025-03-17T13:50:39.874+0000] {processor.py:186} INFO - Started process (PID=920) to work on /home/airflow/.local/lib/python3.12/site-packages/airflow/example_dags/example_python_decorator.py
[2025-03-17T13:50:39.875+0000] {processor.py:914} INFO - Processing file /home/airflow/.local/lib/python3.12/site-packages/airflow/example_dags/example_python_decorator.py for tasks to queue
[2025-03-17T13:50:39.878+0000] {logging_mixin.py:190} INFO - [2025-03-17T13:50:39.877+0000] {dagbag.py:588} INFO - Filling up the DagBag from /home/airflow/.local/lib/python3.12/site-packages/airflow/example_dags/example_python_decorator.py
[2025-03-17T13:50:39.896+0000] {processor.py:925} INFO - DAG(s) 'example_python_decorator' retrieved from /home/airflow/.local/lib/python3.12/site-packages/airflow/example_dags/example_python_decorator.py
[2025-03-17T13:50:39.930+0000] {logging_mixin.py:190} INFO - [2025-03-17T13:50:39.929+0000] {dag.py:3239} INFO - Sync 1 DAGs
[2025-03-17T13:50:39.948+0000] {logging_mixin.py:190} INFO - [2025-03-17T13:50:39.947+0000] {dag.py:4180} INFO - Setting next_dagrun for example_python_decorator to None, run_after=None
[2025-03-17T13:50:39.971+0000] {processor.py:208} INFO - Processing /home/airflow/.local/lib/python3.12/site-packages/airflow/example_dags/example_python_decorator.py took 0.104 seconds
[2025-03-17T13:51:10.131+0000] {processor.py:186} INFO - Started process (PID=983) to work on /home/airflow/.local/lib/python3.12/site-packages/airflow/example_dags/example_python_decorator.py
[2025-03-17T13:51:10.132+0000] {processor.py:914} INFO - Processing file /home/airflow/.local/lib/python3.12/site-packages/airflow/example_dags/example_python_decorator.py for tasks to queue
[2025-03-17T13:51:10.135+0000] {logging_mixin.py:190} INFO - [2025-03-17T13:51:10.135+0000] {dagbag.py:588} INFO - Filling up the DagBag from /home/airflow/.local/lib/python3.12/site-packages/airflow/example_dags/example_python_decorator.py
[2025-03-17T13:51:10.150+0000] {processor.py:925} INFO - DAG(s) 'example_python_decorator' retrieved from /home/airflow/.local/lib/python3.12/site-packages/airflow/example_dags/example_python_decorator.py
[2025-03-17T13:51:10.173+0000] {logging_mixin.py:190} INFO - [2025-03-17T13:51:10.173+0000] {dag.py:3239} INFO - Sync 1 DAGs
[2025-03-17T13:51:10.189+0000] {logging_mixin.py:190} INFO - [2025-03-17T13:51:10.189+0000] {dag.py:4180} INFO - Setting next_dagrun for example_python_decorator to None, run_after=None
[2025-03-17T13:51:10.208+0000] {processor.py:208} INFO - Processing /home/airflow/.local/lib/python3.12/site-packages/airflow/example_dags/example_python_decorator.py took 0.082 seconds
[2025-03-17T13:51:40.541+0000] {processor.py:186} INFO - Started process (PID=1046) to work on /home/airflow/.local/lib/python3.12/site-packages/airflow/example_dags/example_python_decorator.py
[2025-03-17T13:51:40.542+0000] {processor.py:914} INFO - Processing file /home/airflow/.local/lib/python3.12/site-packages/airflow/example_dags/example_python_decorator.py for tasks to queue
[2025-03-17T13:51:40.544+0000] {logging_mixin.py:190} INFO - [2025-03-17T13:51:40.544+0000] {dagbag.py:588} INFO - Filling up the DagBag from /home/airflow/.local/lib/python3.12/site-packages/airflow/example_dags/example_python_decorator.py
[2025-03-17T13:51:40.559+0000] {processor.py:925} INFO - DAG(s) 'example_python_decorator' retrieved from /home/airflow/.local/lib/python3.12/site-packages/airflow/example_dags/example_python_decorator.py
[2025-03-17T13:51:40.582+0000] {logging_mixin.py:190} INFO - [2025-03-17T13:51:40.582+0000] {dag.py:3239} INFO - Sync 1 DAGs
[2025-03-17T13:51:40.598+0000] {logging_mixin.py:190} INFO - [2025-03-17T13:51:40.598+0000] {dag.py:4180} INFO - Setting next_dagrun for example_python_decorator to None, run_after=None
[2025-03-17T13:51:40.618+0000] {processor.py:208} INFO - Processing /home/airflow/.local/lib/python3.12/site-packages/airflow/example_dags/example_python_decorator.py took 0.083 seconds
[2025-03-17T13:52:11.214+0000] {processor.py:186} INFO - Started process (PID=1109) to work on /home/airflow/.local/lib/python3.12/site-packages/airflow/example_dags/example_python_decorator.py
[2025-03-17T13:52:11.215+0000] {processor.py:914} INFO - Processing file /home/airflow/.local/lib/python3.12/site-packages/airflow/example_dags/example_python_decorator.py for tasks to queue
[2025-03-17T13:52:11.217+0000] {logging_mixin.py:190} INFO - [2025-03-17T13:52:11.216+0000] {dagbag.py:588} INFO - Filling up the DagBag from /home/airflow/.local/lib/python3.12/site-packages/airflow/example_dags/example_python_decorator.py
[2025-03-17T13:52:11.230+0000] {processor.py:925} INFO - DAG(s) 'example_python_decorator' retrieved from /home/airflow/.local/lib/python3.12/site-packages/airflow/example_dags/example_python_decorator.py
[2025-03-17T13:52:11.250+0000] {logging_mixin.py:190} INFO - [2025-03-17T13:52:11.250+0000] {dag.py:3239} INFO - Sync 1 DAGs
[2025-03-17T13:52:11.264+0000] {logging_mixin.py:190} INFO - [2025-03-17T13:52:11.264+0000] {dag.py:4180} INFO - Setting next_dagrun for example_python_decorator to None, run_after=None
[2025-03-17T13:52:11.283+0000] {processor.py:208} INFO - Processing /home/airflow/.local/lib/python3.12/site-packages/airflow/example_dags/example_python_decorator.py took 0.074 seconds
[2025-03-17T13:52:41.547+0000] {processor.py:186} INFO - Started process (PID=1172) to work on /home/airflow/.local/lib/python3.12/site-packages/airflow/example_dags/example_python_decorator.py
[2025-03-17T13:52:41.548+0000] {processor.py:914} INFO - Processing file /home/airflow/.local/lib/python3.12/site-packages/airflow/example_dags/example_python_decorator.py for tasks to queue
[2025-03-17T13:52:41.551+0000] {logging_mixin.py:190} INFO - [2025-03-17T13:52:41.551+0000] {dagbag.py:588} INFO - Filling up the DagBag from /home/airflow/.local/lib/python3.12/site-packages/airflow/example_dags/example_python_decorator.py
[2025-03-17T13:52:41.569+0000] {processor.py:925} INFO - DAG(s) 'example_python_decorator' retrieved from /home/airflow/.local/lib/python3.12/site-packages/airflow/example_dags/example_python_decorator.py
[2025-03-17T13:52:41.595+0000] {logging_mixin.py:190} INFO - [2025-03-17T13:52:41.595+0000] {dag.py:3239} INFO - Sync 1 DAGs
[2025-03-17T13:52:41.613+0000] {logging_mixin.py:190} INFO - [2025-03-17T13:52:41.612+0000] {dag.py:4180} INFO - Setting next_dagrun for example_python_decorator to None, run_after=None
[2025-03-17T13:52:41.635+0000] {processor.py:208} INFO - Processing /home/airflow/.local/lib/python3.12/site-packages/airflow/example_dags/example_python_decorator.py took 0.094 seconds
[2025-03-17T13:53:12.184+0000] {processor.py:186} INFO - Started process (PID=1235) to work on /home/airflow/.local/lib/python3.12/site-packages/airflow/example_dags/example_python_decorator.py
[2025-03-17T13:53:12.184+0000] {processor.py:914} INFO - Processing file /home/airflow/.local/lib/python3.12/site-packages/airflow/example_dags/example_python_decorator.py for tasks to queue
[2025-03-17T13:53:12.187+0000] {logging_mixin.py:190} INFO - [2025-03-17T13:53:12.186+0000] {dagbag.py:588} INFO - Filling up the DagBag from /home/airflow/.local/lib/python3.12/site-packages/airflow/example_dags/example_python_decorator.py
[2025-03-17T13:53:12.202+0000] {processor.py:925} INFO - DAG(s) 'example_python_decorator' retrieved from /home/airflow/.local/lib/python3.12/site-packages/airflow/example_dags/example_python_decorator.py
[2025-03-17T13:53:12.230+0000] {logging_mixin.py:190} INFO - [2025-03-17T13:53:12.230+0000] {dag.py:3239} INFO - Sync 1 DAGs
[2025-03-17T13:53:12.244+0000] {logging_mixin.py:190} INFO - [2025-03-17T13:53:12.244+0000] {dag.py:4180} INFO - Setting next_dagrun for example_python_decorator to None, run_after=None
[2025-03-17T13:53:12.267+0000] {processor.py:208} INFO - Processing /home/airflow/.local/lib/python3.12/site-packages/airflow/example_dags/example_python_decorator.py took 0.089 seconds
[2025-03-17T13:53:42.474+0000] {processor.py:186} INFO - Started process (PID=1298) to work on /home/airflow/.local/lib/python3.12/site-packages/airflow/example_dags/example_python_decorator.py
[2025-03-17T13:53:42.475+0000] {processor.py:914} INFO - Processing file /home/airflow/.local/lib/python3.12/site-packages/airflow/example_dags/example_python_decorator.py for tasks to queue
[2025-03-17T13:53:42.477+0000] {logging_mixin.py:190} INFO - [2025-03-17T13:53:42.477+0000] {dagbag.py:588} INFO - Filling up the DagBag from /home/airflow/.local/lib/python3.12/site-packages/airflow/example_dags/example_python_decorator.py
[2025-03-17T13:53:42.491+0000] {processor.py:925} INFO - DAG(s) 'example_python_decorator' retrieved from /home/airflow/.local/lib/python3.12/site-packages/airflow/example_dags/example_python_decorator.py
[2025-03-17T13:53:42.511+0000] {logging_mixin.py:190} INFO - [2025-03-17T13:53:42.511+0000] {dag.py:3239} INFO - Sync 1 DAGs
[2025-03-17T13:53:42.529+0000] {logging_mixin.py:190} INFO - [2025-03-17T13:53:42.529+0000] {dag.py:4180} INFO - Setting next_dagrun for example_python_decorator to None, run_after=None
[2025-03-17T13:53:42.547+0000] {processor.py:208} INFO - Processing /home/airflow/.local/lib/python3.12/site-packages/airflow/example_dags/example_python_decorator.py took 0.078 seconds
[2025-03-17T16:58:40.014+0000] {processor.py:186} INFO - Started process (PID=91) to work on /home/airflow/.local/lib/python3.12/site-packages/airflow/example_dags/example_python_decorator.py
[2025-03-17T16:58:40.019+0000] {processor.py:914} INFO - Processing file /home/airflow/.local/lib/python3.12/site-packages/airflow/example_dags/example_python_decorator.py for tasks to queue
[2025-03-17T16:58:40.024+0000] {logging_mixin.py:190} INFO - [2025-03-17T16:58:40.024+0000] {dagbag.py:588} INFO - Filling up the DagBag from /home/airflow/.local/lib/python3.12/site-packages/airflow/example_dags/example_python_decorator.py
[2025-03-17T16:58:40.068+0000] {processor.py:925} INFO - DAG(s) 'example_python_decorator' retrieved from /home/airflow/.local/lib/python3.12/site-packages/airflow/example_dags/example_python_decorator.py
[2025-03-17T16:58:40.310+0000] {logging_mixin.py:190} INFO - [2025-03-17T16:58:40.309+0000] {dag.py:3239} INFO - Sync 1 DAGs
[2025-03-17T16:58:40.328+0000] {logging_mixin.py:190} INFO - [2025-03-17T16:58:40.328+0000] {dag.py:4180} INFO - Setting next_dagrun for example_python_decorator to None, run_after=None
[2025-03-17T16:58:40.353+0000] {processor.py:208} INFO - Processing /home/airflow/.local/lib/python3.12/site-packages/airflow/example_dags/example_python_decorator.py took 0.346 seconds
[2025-03-17T16:59:10.442+0000] {processor.py:186} INFO - Started process (PID=153) to work on /home/airflow/.local/lib/python3.12/site-packages/airflow/example_dags/example_python_decorator.py
[2025-03-17T16:59:10.444+0000] {processor.py:914} INFO - Processing file /home/airflow/.local/lib/python3.12/site-packages/airflow/example_dags/example_python_decorator.py for tasks to queue
[2025-03-17T16:59:10.447+0000] {logging_mixin.py:190} INFO - [2025-03-17T16:59:10.446+0000] {dagbag.py:588} INFO - Filling up the DagBag from /home/airflow/.local/lib/python3.12/site-packages/airflow/example_dags/example_python_decorator.py
[2025-03-17T16:59:10.462+0000] {processor.py:925} INFO - DAG(s) 'example_python_decorator' retrieved from /home/airflow/.local/lib/python3.12/site-packages/airflow/example_dags/example_python_decorator.py
[2025-03-17T16:59:10.484+0000] {logging_mixin.py:190} INFO - [2025-03-17T16:59:10.483+0000] {dag.py:3239} INFO - Sync 1 DAGs
[2025-03-17T16:59:10.499+0000] {logging_mixin.py:190} INFO - [2025-03-17T16:59:10.499+0000] {dag.py:4180} INFO - Setting next_dagrun for example_python_decorator to None, run_after=None
[2025-03-17T16:59:10.520+0000] {processor.py:208} INFO - Processing /home/airflow/.local/lib/python3.12/site-packages/airflow/example_dags/example_python_decorator.py took 0.083 seconds
[2025-03-17T16:59:40.888+0000] {processor.py:186} INFO - Started process (PID=216) to work on /home/airflow/.local/lib/python3.12/site-packages/airflow/example_dags/example_python_decorator.py
[2025-03-17T16:59:40.899+0000] {processor.py:914} INFO - Processing file /home/airflow/.local/lib/python3.12/site-packages/airflow/example_dags/example_python_decorator.py for tasks to queue
[2025-03-17T16:59:40.902+0000] {logging_mixin.py:190} INFO - [2025-03-17T16:59:40.901+0000] {dagbag.py:588} INFO - Filling up the DagBag from /home/airflow/.local/lib/python3.12/site-packages/airflow/example_dags/example_python_decorator.py
[2025-03-17T16:59:40.918+0000] {processor.py:925} INFO - DAG(s) 'example_python_decorator' retrieved from /home/airflow/.local/lib/python3.12/site-packages/airflow/example_dags/example_python_decorator.py
[2025-03-17T16:59:40.941+0000] {logging_mixin.py:190} INFO - [2025-03-17T16:59:40.941+0000] {dag.py:3239} INFO - Sync 1 DAGs
[2025-03-17T16:59:40.956+0000] {logging_mixin.py:190} INFO - [2025-03-17T16:59:40.956+0000] {dag.py:4180} INFO - Setting next_dagrun for example_python_decorator to None, run_after=None
[2025-03-17T16:59:40.977+0000] {processor.py:208} INFO - Processing /home/airflow/.local/lib/python3.12/site-packages/airflow/example_dags/example_python_decorator.py took 0.095 seconds
[2025-03-17T17:00:11.049+0000] {processor.py:186} INFO - Started process (PID=278) to work on /home/airflow/.local/lib/python3.12/site-packages/airflow/example_dags/example_python_decorator.py
[2025-03-17T17:00:11.050+0000] {processor.py:914} INFO - Processing file /home/airflow/.local/lib/python3.12/site-packages/airflow/example_dags/example_python_decorator.py for tasks to queue
[2025-03-17T17:00:11.053+0000] {logging_mixin.py:190} INFO - [2025-03-17T17:00:11.052+0000] {dagbag.py:588} INFO - Filling up the DagBag from /home/airflow/.local/lib/python3.12/site-packages/airflow/example_dags/example_python_decorator.py
[2025-03-17T17:00:11.070+0000] {processor.py:925} INFO - DAG(s) 'example_python_decorator' retrieved from /home/airflow/.local/lib/python3.12/site-packages/airflow/example_dags/example_python_decorator.py
[2025-03-17T17:00:11.095+0000] {logging_mixin.py:190} INFO - [2025-03-17T17:00:11.094+0000] {dag.py:3239} INFO - Sync 1 DAGs
[2025-03-17T17:00:11.112+0000] {logging_mixin.py:190} INFO - [2025-03-17T17:00:11.112+0000] {dag.py:4180} INFO - Setting next_dagrun for example_python_decorator to None, run_after=None
[2025-03-17T17:00:11.134+0000] {processor.py:208} INFO - Processing /home/airflow/.local/lib/python3.12/site-packages/airflow/example_dags/example_python_decorator.py took 0.091 seconds
[2025-03-17T17:00:41.473+0000] {processor.py:186} INFO - Started process (PID=341) to work on /home/airflow/.local/lib/python3.12/site-packages/airflow/example_dags/example_python_decorator.py
[2025-03-17T17:00:41.474+0000] {processor.py:914} INFO - Processing file /home/airflow/.local/lib/python3.12/site-packages/airflow/example_dags/example_python_decorator.py for tasks to queue
[2025-03-17T17:00:41.477+0000] {logging_mixin.py:190} INFO - [2025-03-17T17:00:41.476+0000] {dagbag.py:588} INFO - Filling up the DagBag from /home/airflow/.local/lib/python3.12/site-packages/airflow/example_dags/example_python_decorator.py
[2025-03-17T17:00:41.494+0000] {processor.py:925} INFO - DAG(s) 'example_python_decorator' retrieved from /home/airflow/.local/lib/python3.12/site-packages/airflow/example_dags/example_python_decorator.py
[2025-03-17T17:00:41.515+0000] {logging_mixin.py:190} INFO - [2025-03-17T17:00:41.515+0000] {dag.py:3239} INFO - Sync 1 DAGs
[2025-03-17T17:00:41.530+0000] {logging_mixin.py:190} INFO - [2025-03-17T17:00:41.530+0000] {dag.py:4180} INFO - Setting next_dagrun for example_python_decorator to None, run_after=None
[2025-03-17T17:00:41.551+0000] {processor.py:208} INFO - Processing /home/airflow/.local/lib/python3.12/site-packages/airflow/example_dags/example_python_decorator.py took 0.085 seconds
[2025-03-17T17:01:11.610+0000] {processor.py:186} INFO - Started process (PID=410) to work on /home/airflow/.local/lib/python3.12/site-packages/airflow/example_dags/example_python_decorator.py
[2025-03-17T17:01:11.611+0000] {processor.py:914} INFO - Processing file /home/airflow/.local/lib/python3.12/site-packages/airflow/example_dags/example_python_decorator.py for tasks to queue
[2025-03-17T17:01:11.613+0000] {logging_mixin.py:190} INFO - [2025-03-17T17:01:11.613+0000] {dagbag.py:588} INFO - Filling up the DagBag from /home/airflow/.local/lib/python3.12/site-packages/airflow/example_dags/example_python_decorator.py
[2025-03-17T17:01:11.628+0000] {processor.py:925} INFO - DAG(s) 'example_python_decorator' retrieved from /home/airflow/.local/lib/python3.12/site-packages/airflow/example_dags/example_python_decorator.py
[2025-03-17T17:01:11.650+0000] {logging_mixin.py:190} INFO - [2025-03-17T17:01:11.650+0000] {dag.py:3239} INFO - Sync 1 DAGs
[2025-03-17T17:01:11.667+0000] {logging_mixin.py:190} INFO - [2025-03-17T17:01:11.666+0000] {dag.py:4180} INFO - Setting next_dagrun for example_python_decorator to None, run_after=None
[2025-03-17T17:01:11.686+0000] {processor.py:208} INFO - Processing /home/airflow/.local/lib/python3.12/site-packages/airflow/example_dags/example_python_decorator.py took 0.082 seconds
[2025-03-17T17:02:23.602+0000] {processor.py:186} INFO - Started process (PID=487) to work on /home/airflow/.local/lib/python3.12/site-packages/airflow/example_dags/example_python_decorator.py
[2025-03-17T17:02:23.603+0000] {processor.py:914} INFO - Processing file /home/airflow/.local/lib/python3.12/site-packages/airflow/example_dags/example_python_decorator.py for tasks to queue
[2025-03-17T17:02:23.606+0000] {logging_mixin.py:190} INFO - [2025-03-17T17:02:23.605+0000] {dagbag.py:588} INFO - Filling up the DagBag from /home/airflow/.local/lib/python3.12/site-packages/airflow/example_dags/example_python_decorator.py
[2025-03-17T17:02:23.622+0000] {processor.py:925} INFO - DAG(s) 'example_python_decorator' retrieved from /home/airflow/.local/lib/python3.12/site-packages/airflow/example_dags/example_python_decorator.py
[2025-03-17T17:02:23.645+0000] {logging_mixin.py:190} INFO - [2025-03-17T17:02:23.644+0000] {dag.py:3239} INFO - Sync 1 DAGs
[2025-03-17T17:02:23.660+0000] {logging_mixin.py:190} INFO - [2025-03-17T17:02:23.660+0000] {dag.py:4180} INFO - Setting next_dagrun for example_python_decorator to None, run_after=None
[2025-03-17T17:02:23.682+0000] {processor.py:208} INFO - Processing /home/airflow/.local/lib/python3.12/site-packages/airflow/example_dags/example_python_decorator.py took 0.086 seconds
[2025-03-17T17:02:56.163+0000] {processor.py:186} INFO - Started process (PID=550) to work on /home/airflow/.local/lib/python3.12/site-packages/airflow/example_dags/example_python_decorator.py
[2025-03-17T17:02:56.164+0000] {processor.py:914} INFO - Processing file /home/airflow/.local/lib/python3.12/site-packages/airflow/example_dags/example_python_decorator.py for tasks to queue
[2025-03-17T17:02:56.166+0000] {logging_mixin.py:190} INFO - [2025-03-17T17:02:56.166+0000] {dagbag.py:588} INFO - Filling up the DagBag from /home/airflow/.local/lib/python3.12/site-packages/airflow/example_dags/example_python_decorator.py
[2025-03-17T17:02:56.181+0000] {processor.py:925} INFO - DAG(s) 'example_python_decorator' retrieved from /home/airflow/.local/lib/python3.12/site-packages/airflow/example_dags/example_python_decorator.py
[2025-03-17T17:02:56.205+0000] {logging_mixin.py:190} INFO - [2025-03-17T17:02:56.205+0000] {dag.py:3239} INFO - Sync 1 DAGs
[2025-03-17T17:02:56.223+0000] {logging_mixin.py:190} INFO - [2025-03-17T17:02:56.222+0000] {dag.py:4180} INFO - Setting next_dagrun for example_python_decorator to None, run_after=None
[2025-03-17T17:02:56.244+0000] {processor.py:208} INFO - Processing /home/airflow/.local/lib/python3.12/site-packages/airflow/example_dags/example_python_decorator.py took 0.087 seconds
[2025-03-17T17:03:27.391+0000] {processor.py:186} INFO - Started process (PID=613) to work on /home/airflow/.local/lib/python3.12/site-packages/airflow/example_dags/example_python_decorator.py
[2025-03-17T17:03:27.392+0000] {processor.py:914} INFO - Processing file /home/airflow/.local/lib/python3.12/site-packages/airflow/example_dags/example_python_decorator.py for tasks to queue
[2025-03-17T17:03:27.394+0000] {logging_mixin.py:190} INFO - [2025-03-17T17:03:27.393+0000] {dagbag.py:588} INFO - Filling up the DagBag from /home/airflow/.local/lib/python3.12/site-packages/airflow/example_dags/example_python_decorator.py
[2025-03-17T17:03:27.409+0000] {processor.py:925} INFO - DAG(s) 'example_python_decorator' retrieved from /home/airflow/.local/lib/python3.12/site-packages/airflow/example_dags/example_python_decorator.py
[2025-03-17T17:03:27.431+0000] {logging_mixin.py:190} INFO - [2025-03-17T17:03:27.431+0000] {dag.py:3239} INFO - Sync 1 DAGs
[2025-03-17T17:03:27.448+0000] {logging_mixin.py:190} INFO - [2025-03-17T17:03:27.448+0000] {dag.py:4180} INFO - Setting next_dagrun for example_python_decorator to None, run_after=None
[2025-03-17T17:03:27.469+0000] {processor.py:208} INFO - Processing /home/airflow/.local/lib/python3.12/site-packages/airflow/example_dags/example_python_decorator.py took 0.083 seconds
[2025-03-17T17:03:57.697+0000] {processor.py:186} INFO - Started process (PID=675) to work on /home/airflow/.local/lib/python3.12/site-packages/airflow/example_dags/example_python_decorator.py
[2025-03-17T17:03:57.698+0000] {processor.py:914} INFO - Processing file /home/airflow/.local/lib/python3.12/site-packages/airflow/example_dags/example_python_decorator.py for tasks to queue
[2025-03-17T17:03:57.700+0000] {logging_mixin.py:190} INFO - [2025-03-17T17:03:57.699+0000] {dagbag.py:588} INFO - Filling up the DagBag from /home/airflow/.local/lib/python3.12/site-packages/airflow/example_dags/example_python_decorator.py
[2025-03-17T17:03:57.719+0000] {processor.py:925} INFO - DAG(s) 'example_python_decorator' retrieved from /home/airflow/.local/lib/python3.12/site-packages/airflow/example_dags/example_python_decorator.py
[2025-03-17T17:03:57.742+0000] {logging_mixin.py:190} INFO - [2025-03-17T17:03:57.742+0000] {dag.py:3239} INFO - Sync 1 DAGs
[2025-03-17T17:03:57.758+0000] {logging_mixin.py:190} INFO - [2025-03-17T17:03:57.758+0000] {dag.py:4180} INFO - Setting next_dagrun for example_python_decorator to None, run_after=None
[2025-03-17T17:03:57.781+0000] {processor.py:208} INFO - Processing /home/airflow/.local/lib/python3.12/site-packages/airflow/example_dags/example_python_decorator.py took 0.089 seconds
[2025-03-17T17:04:28.157+0000] {processor.py:186} INFO - Started process (PID=738) to work on /home/airflow/.local/lib/python3.12/site-packages/airflow/example_dags/example_python_decorator.py
[2025-03-17T17:04:28.158+0000] {processor.py:914} INFO - Processing file /home/airflow/.local/lib/python3.12/site-packages/airflow/example_dags/example_python_decorator.py for tasks to queue
[2025-03-17T17:04:28.159+0000] {logging_mixin.py:190} INFO - [2025-03-17T17:04:28.159+0000] {dagbag.py:588} INFO - Filling up the DagBag from /home/airflow/.local/lib/python3.12/site-packages/airflow/example_dags/example_python_decorator.py
[2025-03-17T17:04:28.175+0000] {processor.py:925} INFO - DAG(s) 'example_python_decorator' retrieved from /home/airflow/.local/lib/python3.12/site-packages/airflow/example_dags/example_python_decorator.py
[2025-03-17T17:04:28.199+0000] {logging_mixin.py:190} INFO - [2025-03-17T17:04:28.198+0000] {dag.py:3239} INFO - Sync 1 DAGs
[2025-03-17T17:04:28.215+0000] {logging_mixin.py:190} INFO - [2025-03-17T17:04:28.215+0000] {dag.py:4180} INFO - Setting next_dagrun for example_python_decorator to None, run_after=None
[2025-03-17T17:04:28.237+0000] {processor.py:208} INFO - Processing /home/airflow/.local/lib/python3.12/site-packages/airflow/example_dags/example_python_decorator.py took 0.087 seconds
[2025-03-17T17:04:59.082+0000] {processor.py:186} INFO - Started process (PID=790) to work on /home/airflow/.local/lib/python3.12/site-packages/airflow/example_dags/example_python_decorator.py
[2025-03-17T17:04:59.083+0000] {processor.py:914} INFO - Processing file /home/airflow/.local/lib/python3.12/site-packages/airflow/example_dags/example_python_decorator.py for tasks to queue
[2025-03-17T17:04:59.084+0000] {logging_mixin.py:190} INFO - [2025-03-17T17:04:59.084+0000] {dagbag.py:588} INFO - Filling up the DagBag from /home/airflow/.local/lib/python3.12/site-packages/airflow/example_dags/example_python_decorator.py
[2025-03-17T17:04:59.102+0000] {processor.py:925} INFO - DAG(s) 'example_python_decorator' retrieved from /home/airflow/.local/lib/python3.12/site-packages/airflow/example_dags/example_python_decorator.py
[2025-03-17T17:04:59.124+0000] {logging_mixin.py:190} INFO - [2025-03-17T17:04:59.123+0000] {dag.py:3239} INFO - Sync 1 DAGs
[2025-03-17T17:04:59.140+0000] {logging_mixin.py:190} INFO - [2025-03-17T17:04:59.139+0000] {dag.py:4180} INFO - Setting next_dagrun for example_python_decorator to None, run_after=None
[2025-03-17T17:04:59.162+0000] {processor.py:208} INFO - Processing /home/airflow/.local/lib/python3.12/site-packages/airflow/example_dags/example_python_decorator.py took 0.086 seconds
[2025-03-17T17:05:29.888+0000] {processor.py:186} INFO - Started process (PID=852) to work on /home/airflow/.local/lib/python3.12/site-packages/airflow/example_dags/example_python_decorator.py
[2025-03-17T17:05:29.889+0000] {processor.py:914} INFO - Processing file /home/airflow/.local/lib/python3.12/site-packages/airflow/example_dags/example_python_decorator.py for tasks to queue
[2025-03-17T17:05:29.890+0000] {logging_mixin.py:190} INFO - [2025-03-17T17:05:29.890+0000] {dagbag.py:588} INFO - Filling up the DagBag from /home/airflow/.local/lib/python3.12/site-packages/airflow/example_dags/example_python_decorator.py
[2025-03-17T17:05:29.906+0000] {processor.py:925} INFO - DAG(s) 'example_python_decorator' retrieved from /home/airflow/.local/lib/python3.12/site-packages/airflow/example_dags/example_python_decorator.py
[2025-03-17T17:05:29.927+0000] {logging_mixin.py:190} INFO - [2025-03-17T17:05:29.927+0000] {dag.py:3239} INFO - Sync 1 DAGs
[2025-03-17T17:05:29.941+0000] {logging_mixin.py:190} INFO - [2025-03-17T17:05:29.941+0000] {dag.py:4180} INFO - Setting next_dagrun for example_python_decorator to None, run_after=None
[2025-03-17T17:05:29.962+0000] {processor.py:208} INFO - Processing /home/airflow/.local/lib/python3.12/site-packages/airflow/example_dags/example_python_decorator.py took 0.080 seconds
[2025-03-17T17:06:01.180+0000] {processor.py:186} INFO - Started process (PID=914) to work on /home/airflow/.local/lib/python3.12/site-packages/airflow/example_dags/example_python_decorator.py
[2025-03-17T17:06:01.181+0000] {processor.py:914} INFO - Processing file /home/airflow/.local/lib/python3.12/site-packages/airflow/example_dags/example_python_decorator.py for tasks to queue
[2025-03-17T17:06:01.182+0000] {logging_mixin.py:190} INFO - [2025-03-17T17:06:01.182+0000] {dagbag.py:588} INFO - Filling up the DagBag from /home/airflow/.local/lib/python3.12/site-packages/airflow/example_dags/example_python_decorator.py
[2025-03-17T17:06:01.198+0000] {processor.py:925} INFO - DAG(s) 'example_python_decorator' retrieved from /home/airflow/.local/lib/python3.12/site-packages/airflow/example_dags/example_python_decorator.py
[2025-03-17T17:06:01.222+0000] {logging_mixin.py:190} INFO - [2025-03-17T17:06:01.221+0000] {dag.py:3239} INFO - Sync 1 DAGs
[2025-03-17T17:06:01.239+0000] {logging_mixin.py:190} INFO - [2025-03-17T17:06:01.239+0000] {dag.py:4180} INFO - Setting next_dagrun for example_python_decorator to None, run_after=None
[2025-03-17T17:06:01.262+0000] {processor.py:208} INFO - Processing /home/airflow/.local/lib/python3.12/site-packages/airflow/example_dags/example_python_decorator.py took 0.087 seconds
[2025-03-17T17:06:31.897+0000] {processor.py:186} INFO - Started process (PID=980) to work on /home/airflow/.local/lib/python3.12/site-packages/airflow/example_dags/example_python_decorator.py
[2025-03-17T17:06:31.898+0000] {processor.py:914} INFO - Processing file /home/airflow/.local/lib/python3.12/site-packages/airflow/example_dags/example_python_decorator.py for tasks to queue
[2025-03-17T17:06:31.899+0000] {logging_mixin.py:190} INFO - [2025-03-17T17:06:31.899+0000] {dagbag.py:588} INFO - Filling up the DagBag from /home/airflow/.local/lib/python3.12/site-packages/airflow/example_dags/example_python_decorator.py
[2025-03-17T17:06:31.916+0000] {processor.py:925} INFO - DAG(s) 'example_python_decorator' retrieved from /home/airflow/.local/lib/python3.12/site-packages/airflow/example_dags/example_python_decorator.py
[2025-03-17T17:06:31.940+0000] {logging_mixin.py:190} INFO - [2025-03-17T17:06:31.940+0000] {dag.py:3239} INFO - Sync 1 DAGs
[2025-03-17T17:06:31.956+0000] {logging_mixin.py:190} INFO - [2025-03-17T17:06:31.956+0000] {dag.py:4180} INFO - Setting next_dagrun for example_python_decorator to None, run_after=None
[2025-03-17T17:06:31.976+0000] {processor.py:208} INFO - Processing /home/airflow/.local/lib/python3.12/site-packages/airflow/example_dags/example_python_decorator.py took 0.085 seconds
[2025-03-17T17:07:02.582+0000] {processor.py:186} INFO - Started process (PID=1043) to work on /home/airflow/.local/lib/python3.12/site-packages/airflow/example_dags/example_python_decorator.py
[2025-03-17T17:07:02.583+0000] {processor.py:914} INFO - Processing file /home/airflow/.local/lib/python3.12/site-packages/airflow/example_dags/example_python_decorator.py for tasks to queue
[2025-03-17T17:07:02.584+0000] {logging_mixin.py:190} INFO - [2025-03-17T17:07:02.584+0000] {dagbag.py:588} INFO - Filling up the DagBag from /home/airflow/.local/lib/python3.12/site-packages/airflow/example_dags/example_python_decorator.py
[2025-03-17T17:07:02.600+0000] {processor.py:925} INFO - DAG(s) 'example_python_decorator' retrieved from /home/airflow/.local/lib/python3.12/site-packages/airflow/example_dags/example_python_decorator.py
[2025-03-17T17:07:02.622+0000] {logging_mixin.py:190} INFO - [2025-03-17T17:07:02.621+0000] {dag.py:3239} INFO - Sync 1 DAGs
[2025-03-17T17:07:02.638+0000] {logging_mixin.py:190} INFO - [2025-03-17T17:07:02.637+0000] {dag.py:4180} INFO - Setting next_dagrun for example_python_decorator to None, run_after=None
[2025-03-17T17:07:02.657+0000] {processor.py:208} INFO - Processing /home/airflow/.local/lib/python3.12/site-packages/airflow/example_dags/example_python_decorator.py took 0.081 seconds
[2025-03-17T17:07:33.621+0000] {processor.py:186} INFO - Started process (PID=1106) to work on /home/airflow/.local/lib/python3.12/site-packages/airflow/example_dags/example_python_decorator.py
[2025-03-17T17:07:33.622+0000] {processor.py:914} INFO - Processing file /home/airflow/.local/lib/python3.12/site-packages/airflow/example_dags/example_python_decorator.py for tasks to queue
[2025-03-17T17:07:33.623+0000] {logging_mixin.py:190} INFO - [2025-03-17T17:07:33.623+0000] {dagbag.py:588} INFO - Filling up the DagBag from /home/airflow/.local/lib/python3.12/site-packages/airflow/example_dags/example_python_decorator.py
[2025-03-17T17:07:33.759+0000] {processor.py:925} INFO - DAG(s) 'example_python_decorator' retrieved from /home/airflow/.local/lib/python3.12/site-packages/airflow/example_dags/example_python_decorator.py
[2025-03-17T17:07:33.782+0000] {logging_mixin.py:190} INFO - [2025-03-17T17:07:33.782+0000] {dag.py:3239} INFO - Sync 1 DAGs
[2025-03-17T17:07:33.797+0000] {logging_mixin.py:190} INFO - [2025-03-17T17:07:33.797+0000] {dag.py:4180} INFO - Setting next_dagrun for example_python_decorator to None, run_after=None
[2025-03-17T17:07:33.814+0000] {processor.py:208} INFO - Processing /home/airflow/.local/lib/python3.12/site-packages/airflow/example_dags/example_python_decorator.py took 0.200 seconds
[2025-03-17T17:08:04.110+0000] {processor.py:186} INFO - Started process (PID=1170) to work on /home/airflow/.local/lib/python3.12/site-packages/airflow/example_dags/example_python_decorator.py
[2025-03-17T17:08:04.111+0000] {processor.py:914} INFO - Processing file /home/airflow/.local/lib/python3.12/site-packages/airflow/example_dags/example_python_decorator.py for tasks to queue
[2025-03-17T17:08:04.113+0000] {logging_mixin.py:190} INFO - [2025-03-17T17:08:04.113+0000] {dagbag.py:588} INFO - Filling up the DagBag from /home/airflow/.local/lib/python3.12/site-packages/airflow/example_dags/example_python_decorator.py
[2025-03-17T17:08:04.131+0000] {processor.py:925} INFO - DAG(s) 'example_python_decorator' retrieved from /home/airflow/.local/lib/python3.12/site-packages/airflow/example_dags/example_python_decorator.py
[2025-03-17T17:08:04.155+0000] {logging_mixin.py:190} INFO - [2025-03-17T17:08:04.155+0000] {dag.py:3239} INFO - Sync 1 DAGs
[2025-03-17T17:08:04.174+0000] {logging_mixin.py:190} INFO - [2025-03-17T17:08:04.174+0000] {dag.py:4180} INFO - Setting next_dagrun for example_python_decorator to None, run_after=None
[2025-03-17T17:08:04.200+0000] {processor.py:208} INFO - Processing /home/airflow/.local/lib/python3.12/site-packages/airflow/example_dags/example_python_decorator.py took 0.097 seconds
