[2025-03-17T13:32:34.729+0000] {processor.py:186} INFO - Started process (PID=95) to work on /home/airflow/.local/lib/python3.12/site-packages/airflow/example_dags/example_params_ui_tutorial.py
[2025-03-17T13:32:34.730+0000] {processor.py:914} INFO - Processing file /home/airflow/.local/lib/python3.12/site-packages/airflow/example_dags/example_params_ui_tutorial.py for tasks to queue
[2025-03-17T13:32:34.732+0000] {logging_mixin.py:190} INFO - [2025-03-17T13:32:34.732+0000] {dagbag.py:588} INFO - Filling up the DagBag from /home/airflow/.local/lib/python3.12/site-packages/airflow/example_dags/example_params_ui_tutorial.py
[2025-03-17T13:32:34.746+0000] {processor.py:925} INFO - DAG(s) 'example_params_ui_tutorial' retrieved from /home/airflow/.local/lib/python3.12/site-packages/airflow/example_dags/example_params_ui_tutorial.py
[2025-03-17T13:32:34.944+0000] {logging_mixin.py:190} INFO - [2025-03-17T13:32:34.943+0000] {override.py:1912} INFO - Created Permission View: can read on DAG:example_params_ui_tutorial
[2025-03-17T13:32:34.957+0000] {logging_mixin.py:190} INFO - [2025-03-17T13:32:34.957+0000] {override.py:1912} INFO - Created Permission View: can edit on DAG:example_params_ui_tutorial
[2025-03-17T13:32:34.966+0000] {logging_mixin.py:190} INFO - [2025-03-17T13:32:34.965+0000] {override.py:1912} INFO - Created Permission View: can delete on DAG:example_params_ui_tutorial
[2025-03-17T13:32:34.977+0000] {logging_mixin.py:190} INFO - [2025-03-17T13:32:34.976+0000] {override.py:1912} INFO - Created Permission View: can read on DAG Run:example_params_ui_tutorial
[2025-03-17T13:32:34.985+0000] {logging_mixin.py:190} INFO - [2025-03-17T13:32:34.984+0000] {override.py:1912} INFO - Created Permission View: can delete on DAG Run:example_params_ui_tutorial
[2025-03-17T13:32:34.993+0000] {logging_mixin.py:190} INFO - [2025-03-17T13:32:34.992+0000] {override.py:1912} INFO - Created Permission View: can create on DAG Run:example_params_ui_tutorial
[2025-03-17T13:32:35.001+0000] {logging_mixin.py:190} INFO - [2025-03-17T13:32:35.000+0000] {override.py:1912} INFO - Created Permission View: menu access on DAG Run:example_params_ui_tutorial
[2025-03-17T13:32:35.001+0000] {logging_mixin.py:190} INFO - [2025-03-17T13:32:35.001+0000] {dag.py:3239} INFO - Sync 1 DAGs
[2025-03-17T13:32:35.016+0000] {logging_mixin.py:190} INFO - [2025-03-17T13:32:35.016+0000] {dag.py:3262} INFO - Creating ORM DAG for example_params_ui_tutorial
[2025-03-17T13:32:35.017+0000] {logging_mixin.py:190} INFO - [2025-03-17T13:32:35.017+0000] {dag.py:4180} INFO - Setting next_dagrun for example_params_ui_tutorial to None, run_after=None
[2025-03-17T13:32:35.041+0000] {processor.py:208} INFO - Processing /home/airflow/.local/lib/python3.12/site-packages/airflow/example_dags/example_params_ui_tutorial.py took 0.319 seconds
[2025-03-17T13:33:05.353+0000] {processor.py:186} INFO - Started process (PID=157) to work on /home/airflow/.local/lib/python3.12/site-packages/airflow/example_dags/example_params_ui_tutorial.py
[2025-03-17T13:33:05.362+0000] {processor.py:914} INFO - Processing file /home/airflow/.local/lib/python3.12/site-packages/airflow/example_dags/example_params_ui_tutorial.py for tasks to queue
[2025-03-17T13:33:05.364+0000] {logging_mixin.py:190} INFO - [2025-03-17T13:33:05.364+0000] {dagbag.py:588} INFO - Filling up the DagBag from /home/airflow/.local/lib/python3.12/site-packages/airflow/example_dags/example_params_ui_tutorial.py
[2025-03-17T13:33:05.374+0000] {processor.py:925} INFO - DAG(s) 'example_params_ui_tutorial' retrieved from /home/airflow/.local/lib/python3.12/site-packages/airflow/example_dags/example_params_ui_tutorial.py
[2025-03-17T13:33:05.422+0000] {logging_mixin.py:190} INFO - [2025-03-17T13:33:05.422+0000] {dag.py:3239} INFO - Sync 1 DAGs
[2025-03-17T13:33:05.440+0000] {logging_mixin.py:190} INFO - [2025-03-17T13:33:05.439+0000] {dag.py:4180} INFO - Setting next_dagrun for example_params_ui_tutorial to None, run_after=None
[2025-03-17T13:33:05.462+0000] {processor.py:208} INFO - Processing /home/airflow/.local/lib/python3.12/site-packages/airflow/example_dags/example_params_ui_tutorial.py took 0.115 seconds
[2025-03-17T13:33:35.882+0000] {processor.py:186} INFO - Started process (PID=220) to work on /home/airflow/.local/lib/python3.12/site-packages/airflow/example_dags/example_params_ui_tutorial.py
[2025-03-17T13:33:35.893+0000] {processor.py:914} INFO - Processing file /home/airflow/.local/lib/python3.12/site-packages/airflow/example_dags/example_params_ui_tutorial.py for tasks to queue
[2025-03-17T13:33:35.895+0000] {logging_mixin.py:190} INFO - [2025-03-17T13:33:35.895+0000] {dagbag.py:588} INFO - Filling up the DagBag from /home/airflow/.local/lib/python3.12/site-packages/airflow/example_dags/example_params_ui_tutorial.py
[2025-03-17T13:33:35.906+0000] {processor.py:925} INFO - DAG(s) 'example_params_ui_tutorial' retrieved from /home/airflow/.local/lib/python3.12/site-packages/airflow/example_dags/example_params_ui_tutorial.py
[2025-03-17T13:33:35.957+0000] {logging_mixin.py:190} INFO - [2025-03-17T13:33:35.957+0000] {dag.py:3239} INFO - Sync 1 DAGs
[2025-03-17T13:33:35.974+0000] {logging_mixin.py:190} INFO - [2025-03-17T13:33:35.974+0000] {dag.py:4180} INFO - Setting next_dagrun for example_params_ui_tutorial to None, run_after=None
[2025-03-17T13:33:35.999+0000] {processor.py:208} INFO - Processing /home/airflow/.local/lib/python3.12/site-packages/airflow/example_dags/example_params_ui_tutorial.py took 0.124 seconds
[2025-03-17T13:34:06.376+0000] {processor.py:186} INFO - Started process (PID=282) to work on /home/airflow/.local/lib/python3.12/site-packages/airflow/example_dags/example_params_ui_tutorial.py
[2025-03-17T13:34:06.377+0000] {processor.py:914} INFO - Processing file /home/airflow/.local/lib/python3.12/site-packages/airflow/example_dags/example_params_ui_tutorial.py for tasks to queue
[2025-03-17T13:34:06.379+0000] {logging_mixin.py:190} INFO - [2025-03-17T13:34:06.379+0000] {dagbag.py:588} INFO - Filling up the DagBag from /home/airflow/.local/lib/python3.12/site-packages/airflow/example_dags/example_params_ui_tutorial.py
[2025-03-17T13:34:06.390+0000] {processor.py:925} INFO - DAG(s) 'example_params_ui_tutorial' retrieved from /home/airflow/.local/lib/python3.12/site-packages/airflow/example_dags/example_params_ui_tutorial.py
[2025-03-17T13:34:06.442+0000] {logging_mixin.py:190} INFO - [2025-03-17T13:34:06.442+0000] {dag.py:3239} INFO - Sync 1 DAGs
[2025-03-17T13:34:06.459+0000] {logging_mixin.py:190} INFO - [2025-03-17T13:34:06.458+0000] {dag.py:4180} INFO - Setting next_dagrun for example_params_ui_tutorial to None, run_after=None
[2025-03-17T13:34:06.479+0000] {processor.py:208} INFO - Processing /home/airflow/.local/lib/python3.12/site-packages/airflow/example_dags/example_params_ui_tutorial.py took 0.110 seconds
[2025-03-17T13:34:37.246+0000] {processor.py:186} INFO - Started process (PID=345) to work on /home/airflow/.local/lib/python3.12/site-packages/airflow/example_dags/example_params_ui_tutorial.py
[2025-03-17T13:34:37.247+0000] {processor.py:914} INFO - Processing file /home/airflow/.local/lib/python3.12/site-packages/airflow/example_dags/example_params_ui_tutorial.py for tasks to queue
[2025-03-17T13:34:37.250+0000] {logging_mixin.py:190} INFO - [2025-03-17T13:34:37.249+0000] {dagbag.py:588} INFO - Filling up the DagBag from /home/airflow/.local/lib/python3.12/site-packages/airflow/example_dags/example_params_ui_tutorial.py
[2025-03-17T13:34:37.261+0000] {processor.py:925} INFO - DAG(s) 'example_params_ui_tutorial' retrieved from /home/airflow/.local/lib/python3.12/site-packages/airflow/example_dags/example_params_ui_tutorial.py
[2025-03-17T13:34:37.321+0000] {logging_mixin.py:190} INFO - [2025-03-17T13:34:37.320+0000] {dag.py:3239} INFO - Sync 1 DAGs
[2025-03-17T13:34:37.338+0000] {logging_mixin.py:190} INFO - [2025-03-17T13:34:37.338+0000] {dag.py:4180} INFO - Setting next_dagrun for example_params_ui_tutorial to None, run_after=None
[2025-03-17T13:34:37.362+0000] {processor.py:208} INFO - Processing /home/airflow/.local/lib/python3.12/site-packages/airflow/example_dags/example_params_ui_tutorial.py took 0.123 seconds
[2025-03-17T13:35:08.714+0000] {processor.py:186} INFO - Started process (PID=408) to work on /home/airflow/.local/lib/python3.12/site-packages/airflow/example_dags/example_params_ui_tutorial.py
[2025-03-17T13:35:08.715+0000] {processor.py:914} INFO - Processing file /home/airflow/.local/lib/python3.12/site-packages/airflow/example_dags/example_params_ui_tutorial.py for tasks to queue
[2025-03-17T13:35:08.717+0000] {logging_mixin.py:190} INFO - [2025-03-17T13:35:08.717+0000] {dagbag.py:588} INFO - Filling up the DagBag from /home/airflow/.local/lib/python3.12/site-packages/airflow/example_dags/example_params_ui_tutorial.py
[2025-03-17T13:35:08.727+0000] {processor.py:925} INFO - DAG(s) 'example_params_ui_tutorial' retrieved from /home/airflow/.local/lib/python3.12/site-packages/airflow/example_dags/example_params_ui_tutorial.py
[2025-03-17T13:35:08.771+0000] {logging_mixin.py:190} INFO - [2025-03-17T13:35:08.771+0000] {dag.py:3239} INFO - Sync 1 DAGs
[2025-03-17T13:35:08.787+0000] {logging_mixin.py:190} INFO - [2025-03-17T13:35:08.786+0000] {dag.py:4180} INFO - Setting next_dagrun for example_params_ui_tutorial to None, run_after=None
[2025-03-17T13:35:08.807+0000] {processor.py:208} INFO - Processing /home/airflow/.local/lib/python3.12/site-packages/airflow/example_dags/example_params_ui_tutorial.py took 0.098 seconds
[2025-03-17T13:35:42.621+0000] {processor.py:186} INFO - Started process (PID=447) to work on /home/airflow/.local/lib/python3.12/site-packages/airflow/example_dags/example_params_ui_tutorial.py
[2025-03-17T13:35:42.632+0000] {processor.py:914} INFO - Processing file /home/airflow/.local/lib/python3.12/site-packages/airflow/example_dags/example_params_ui_tutorial.py for tasks to queue
[2025-03-17T13:35:42.635+0000] {logging_mixin.py:190} INFO - [2025-03-17T13:35:42.634+0000] {dagbag.py:588} INFO - Filling up the DagBag from /home/airflow/.local/lib/python3.12/site-packages/airflow/example_dags/example_params_ui_tutorial.py
[2025-03-17T13:35:42.647+0000] {processor.py:925} INFO - DAG(s) 'example_params_ui_tutorial' retrieved from /home/airflow/.local/lib/python3.12/site-packages/airflow/example_dags/example_params_ui_tutorial.py
[2025-03-17T13:35:42.709+0000] {logging_mixin.py:190} INFO - [2025-03-17T13:35:42.709+0000] {dag.py:3239} INFO - Sync 1 DAGs
[2025-03-17T13:35:42.727+0000] {logging_mixin.py:190} INFO - [2025-03-17T13:35:42.727+0000] {dag.py:4180} INFO - Setting next_dagrun for example_params_ui_tutorial to None, run_after=None
[2025-03-17T13:35:42.751+0000] {processor.py:208} INFO - Processing /home/airflow/.local/lib/python3.12/site-packages/airflow/example_dags/example_params_ui_tutorial.py took 0.138 seconds
[2025-03-17T13:36:50.439+0000] {processor.py:186} INFO - Started process (PID=497) to work on /home/airflow/.local/lib/python3.12/site-packages/airflow/example_dags/example_params_ui_tutorial.py
[2025-03-17T13:36:50.448+0000] {processor.py:914} INFO - Processing file /home/airflow/.local/lib/python3.12/site-packages/airflow/example_dags/example_params_ui_tutorial.py for tasks to queue
[2025-03-17T13:36:50.450+0000] {logging_mixin.py:190} INFO - [2025-03-17T13:36:50.450+0000] {dagbag.py:588} INFO - Filling up the DagBag from /home/airflow/.local/lib/python3.12/site-packages/airflow/example_dags/example_params_ui_tutorial.py
[2025-03-17T13:36:50.462+0000] {processor.py:925} INFO - DAG(s) 'example_params_ui_tutorial' retrieved from /home/airflow/.local/lib/python3.12/site-packages/airflow/example_dags/example_params_ui_tutorial.py
[2025-03-17T13:36:50.512+0000] {logging_mixin.py:190} INFO - [2025-03-17T13:36:50.511+0000] {dag.py:3239} INFO - Sync 1 DAGs
[2025-03-17T13:36:50.530+0000] {logging_mixin.py:190} INFO - [2025-03-17T13:36:50.530+0000] {dag.py:4180} INFO - Setting next_dagrun for example_params_ui_tutorial to None, run_after=None
[2025-03-17T13:36:50.554+0000] {processor.py:208} INFO - Processing /home/airflow/.local/lib/python3.12/site-packages/airflow/example_dags/example_params_ui_tutorial.py took 0.123 seconds
[2025-03-17T13:37:20.764+0000] {processor.py:186} INFO - Started process (PID=561) to work on /home/airflow/.local/lib/python3.12/site-packages/airflow/example_dags/example_params_ui_tutorial.py
[2025-03-17T13:37:20.765+0000] {processor.py:914} INFO - Processing file /home/airflow/.local/lib/python3.12/site-packages/airflow/example_dags/example_params_ui_tutorial.py for tasks to queue
[2025-03-17T13:37:20.767+0000] {logging_mixin.py:190} INFO - [2025-03-17T13:37:20.766+0000] {dagbag.py:588} INFO - Filling up the DagBag from /home/airflow/.local/lib/python3.12/site-packages/airflow/example_dags/example_params_ui_tutorial.py
[2025-03-17T13:37:20.776+0000] {processor.py:925} INFO - DAG(s) 'example_params_ui_tutorial' retrieved from /home/airflow/.local/lib/python3.12/site-packages/airflow/example_dags/example_params_ui_tutorial.py
[2025-03-17T13:37:20.822+0000] {logging_mixin.py:190} INFO - [2025-03-17T13:37:20.822+0000] {dag.py:3239} INFO - Sync 1 DAGs
[2025-03-17T13:37:20.839+0000] {logging_mixin.py:190} INFO - [2025-03-17T13:37:20.839+0000] {dag.py:4180} INFO - Setting next_dagrun for example_params_ui_tutorial to None, run_after=None
[2025-03-17T13:37:20.861+0000] {processor.py:208} INFO - Processing /home/airflow/.local/lib/python3.12/site-packages/airflow/example_dags/example_params_ui_tutorial.py took 0.104 seconds
[2025-03-17T13:37:51.890+0000] {processor.py:186} INFO - Started process (PID=621) to work on /home/airflow/.local/lib/python3.12/site-packages/airflow/example_dags/example_params_ui_tutorial.py
[2025-03-17T13:37:51.891+0000] {processor.py:914} INFO - Processing file /home/airflow/.local/lib/python3.12/site-packages/airflow/example_dags/example_params_ui_tutorial.py for tasks to queue
[2025-03-17T13:37:51.893+0000] {logging_mixin.py:190} INFO - [2025-03-17T13:37:51.892+0000] {dagbag.py:588} INFO - Filling up the DagBag from /home/airflow/.local/lib/python3.12/site-packages/airflow/example_dags/example_params_ui_tutorial.py
[2025-03-17T13:37:51.904+0000] {processor.py:925} INFO - DAG(s) 'example_params_ui_tutorial' retrieved from /home/airflow/.local/lib/python3.12/site-packages/airflow/example_dags/example_params_ui_tutorial.py
[2025-03-17T13:37:51.960+0000] {logging_mixin.py:190} INFO - [2025-03-17T13:37:51.959+0000] {dag.py:3239} INFO - Sync 1 DAGs
[2025-03-17T13:37:51.977+0000] {logging_mixin.py:190} INFO - [2025-03-17T13:37:51.977+0000] {dag.py:4180} INFO - Setting next_dagrun for example_params_ui_tutorial to None, run_after=None
[2025-03-17T13:37:51.998+0000] {processor.py:208} INFO - Processing /home/airflow/.local/lib/python3.12/site-packages/airflow/example_dags/example_params_ui_tutorial.py took 0.116 seconds
[2025-03-17T13:38:23.104+0000] {processor.py:186} INFO - Started process (PID=684) to work on /home/airflow/.local/lib/python3.12/site-packages/airflow/example_dags/example_params_ui_tutorial.py
[2025-03-17T13:38:23.105+0000] {processor.py:914} INFO - Processing file /home/airflow/.local/lib/python3.12/site-packages/airflow/example_dags/example_params_ui_tutorial.py for tasks to queue
[2025-03-17T13:38:23.107+0000] {logging_mixin.py:190} INFO - [2025-03-17T13:38:23.106+0000] {dagbag.py:588} INFO - Filling up the DagBag from /home/airflow/.local/lib/python3.12/site-packages/airflow/example_dags/example_params_ui_tutorial.py
[2025-03-17T13:38:23.116+0000] {processor.py:925} INFO - DAG(s) 'example_params_ui_tutorial' retrieved from /home/airflow/.local/lib/python3.12/site-packages/airflow/example_dags/example_params_ui_tutorial.py
[2025-03-17T13:38:23.161+0000] {logging_mixin.py:190} INFO - [2025-03-17T13:38:23.161+0000] {dag.py:3239} INFO - Sync 1 DAGs
[2025-03-17T13:38:23.178+0000] {logging_mixin.py:190} INFO - [2025-03-17T13:38:23.177+0000] {dag.py:4180} INFO - Setting next_dagrun for example_params_ui_tutorial to None, run_after=None
[2025-03-17T13:38:23.200+0000] {processor.py:208} INFO - Processing /home/airflow/.local/lib/python3.12/site-packages/airflow/example_dags/example_params_ui_tutorial.py took 0.101 seconds
[2025-03-17T13:38:53.778+0000] {processor.py:186} INFO - Started process (PID=746) to work on /home/airflow/.local/lib/python3.12/site-packages/airflow/example_dags/example_params_ui_tutorial.py
[2025-03-17T13:38:53.779+0000] {processor.py:914} INFO - Processing file /home/airflow/.local/lib/python3.12/site-packages/airflow/example_dags/example_params_ui_tutorial.py for tasks to queue
[2025-03-17T13:38:53.781+0000] {logging_mixin.py:190} INFO - [2025-03-17T13:38:53.780+0000] {dagbag.py:588} INFO - Filling up the DagBag from /home/airflow/.local/lib/python3.12/site-packages/airflow/example_dags/example_params_ui_tutorial.py
[2025-03-17T13:38:53.796+0000] {processor.py:925} INFO - DAG(s) 'example_params_ui_tutorial' retrieved from /home/airflow/.local/lib/python3.12/site-packages/airflow/example_dags/example_params_ui_tutorial.py
[2025-03-17T13:38:53.875+0000] {logging_mixin.py:190} INFO - [2025-03-17T13:38:53.875+0000] {dag.py:3239} INFO - Sync 1 DAGs
[2025-03-17T13:38:53.910+0000] {logging_mixin.py:190} INFO - [2025-03-17T13:38:53.909+0000] {dag.py:4180} INFO - Setting next_dagrun for example_params_ui_tutorial to None, run_after=None
[2025-03-17T13:38:53.943+0000] {processor.py:208} INFO - Processing /home/airflow/.local/lib/python3.12/site-packages/airflow/example_dags/example_params_ui_tutorial.py took 0.174 seconds
[2025-03-17T13:39:24.489+0000] {processor.py:186} INFO - Started process (PID=808) to work on /home/airflow/.local/lib/python3.12/site-packages/airflow/example_dags/example_params_ui_tutorial.py
[2025-03-17T13:39:24.491+0000] {processor.py:914} INFO - Processing file /home/airflow/.local/lib/python3.12/site-packages/airflow/example_dags/example_params_ui_tutorial.py for tasks to queue
[2025-03-17T13:39:24.492+0000] {logging_mixin.py:190} INFO - [2025-03-17T13:39:24.492+0000] {dagbag.py:588} INFO - Filling up the DagBag from /home/airflow/.local/lib/python3.12/site-packages/airflow/example_dags/example_params_ui_tutorial.py
[2025-03-17T13:39:24.511+0000] {processor.py:925} INFO - DAG(s) 'example_params_ui_tutorial' retrieved from /home/airflow/.local/lib/python3.12/site-packages/airflow/example_dags/example_params_ui_tutorial.py
[2025-03-17T13:39:24.572+0000] {logging_mixin.py:190} INFO - [2025-03-17T13:39:24.572+0000] {dag.py:3239} INFO - Sync 1 DAGs
[2025-03-17T13:39:24.611+0000] {logging_mixin.py:190} INFO - [2025-03-17T13:39:24.611+0000] {dag.py:4180} INFO - Setting next_dagrun for example_params_ui_tutorial to None, run_after=None
[2025-03-17T13:39:24.645+0000] {processor.py:208} INFO - Processing /home/airflow/.local/lib/python3.12/site-packages/airflow/example_dags/example_params_ui_tutorial.py took 0.164 seconds
[2025-03-17T13:39:55.137+0000] {processor.py:186} INFO - Started process (PID=866) to work on /home/airflow/.local/lib/python3.12/site-packages/airflow/example_dags/example_params_ui_tutorial.py
[2025-03-17T13:39:55.138+0000] {processor.py:914} INFO - Processing file /home/airflow/.local/lib/python3.12/site-packages/airflow/example_dags/example_params_ui_tutorial.py for tasks to queue
[2025-03-17T13:39:55.139+0000] {logging_mixin.py:190} INFO - [2025-03-17T13:39:55.138+0000] {dagbag.py:588} INFO - Filling up the DagBag from /home/airflow/.local/lib/python3.12/site-packages/airflow/example_dags/example_params_ui_tutorial.py
[2025-03-17T13:39:55.148+0000] {processor.py:925} INFO - DAG(s) 'example_params_ui_tutorial' retrieved from /home/airflow/.local/lib/python3.12/site-packages/airflow/example_dags/example_params_ui_tutorial.py
[2025-03-17T13:39:55.192+0000] {logging_mixin.py:190} INFO - [2025-03-17T13:39:55.192+0000] {dag.py:3239} INFO - Sync 1 DAGs
[2025-03-17T13:39:55.208+0000] {logging_mixin.py:190} INFO - [2025-03-17T13:39:55.208+0000] {dag.py:4180} INFO - Setting next_dagrun for example_params_ui_tutorial to None, run_after=None
[2025-03-17T13:39:55.227+0000] {processor.py:208} INFO - Processing /home/airflow/.local/lib/python3.12/site-packages/airflow/example_dags/example_params_ui_tutorial.py took 0.096 seconds
[2025-03-17T13:40:26.151+0000] {processor.py:186} INFO - Started process (PID=927) to work on /home/airflow/.local/lib/python3.12/site-packages/airflow/example_dags/example_params_ui_tutorial.py
[2025-03-17T13:40:26.158+0000] {processor.py:914} INFO - Processing file /home/airflow/.local/lib/python3.12/site-packages/airflow/example_dags/example_params_ui_tutorial.py for tasks to queue
[2025-03-17T13:40:26.160+0000] {logging_mixin.py:190} INFO - [2025-03-17T13:40:26.160+0000] {dagbag.py:588} INFO - Filling up the DagBag from /home/airflow/.local/lib/python3.12/site-packages/airflow/example_dags/example_params_ui_tutorial.py
[2025-03-17T13:40:26.170+0000] {processor.py:925} INFO - DAG(s) 'example_params_ui_tutorial' retrieved from /home/airflow/.local/lib/python3.12/site-packages/airflow/example_dags/example_params_ui_tutorial.py
[2025-03-17T13:40:26.214+0000] {logging_mixin.py:190} INFO - [2025-03-17T13:40:26.214+0000] {dag.py:3239} INFO - Sync 1 DAGs
[2025-03-17T13:40:26.231+0000] {logging_mixin.py:190} INFO - [2025-03-17T13:40:26.230+0000] {dag.py:4180} INFO - Setting next_dagrun for example_params_ui_tutorial to None, run_after=None
[2025-03-17T13:40:26.251+0000] {processor.py:208} INFO - Processing /home/airflow/.local/lib/python3.12/site-packages/airflow/example_dags/example_params_ui_tutorial.py took 0.108 seconds
[2025-03-17T13:40:57.395+0000] {processor.py:186} INFO - Started process (PID=991) to work on /home/airflow/.local/lib/python3.12/site-packages/airflow/example_dags/example_params_ui_tutorial.py
[2025-03-17T13:40:57.396+0000] {processor.py:914} INFO - Processing file /home/airflow/.local/lib/python3.12/site-packages/airflow/example_dags/example_params_ui_tutorial.py for tasks to queue
[2025-03-17T13:40:57.397+0000] {logging_mixin.py:190} INFO - [2025-03-17T13:40:57.397+0000] {dagbag.py:588} INFO - Filling up the DagBag from /home/airflow/.local/lib/python3.12/site-packages/airflow/example_dags/example_params_ui_tutorial.py
[2025-03-17T13:40:57.409+0000] {processor.py:925} INFO - DAG(s) 'example_params_ui_tutorial' retrieved from /home/airflow/.local/lib/python3.12/site-packages/airflow/example_dags/example_params_ui_tutorial.py
[2025-03-17T13:40:57.466+0000] {logging_mixin.py:190} INFO - [2025-03-17T13:40:57.466+0000] {dag.py:3239} INFO - Sync 1 DAGs
[2025-03-17T13:40:57.485+0000] {logging_mixin.py:190} INFO - [2025-03-17T13:40:57.485+0000] {dag.py:4180} INFO - Setting next_dagrun for example_params_ui_tutorial to None, run_after=None
[2025-03-17T13:40:57.509+0000] {processor.py:208} INFO - Processing /home/airflow/.local/lib/python3.12/site-packages/airflow/example_dags/example_params_ui_tutorial.py took 0.122 seconds
[2025-03-17T13:41:28.399+0000] {processor.py:186} INFO - Started process (PID=1060) to work on /home/airflow/.local/lib/python3.12/site-packages/airflow/example_dags/example_params_ui_tutorial.py
[2025-03-17T13:41:28.400+0000] {processor.py:914} INFO - Processing file /home/airflow/.local/lib/python3.12/site-packages/airflow/example_dags/example_params_ui_tutorial.py for tasks to queue
[2025-03-17T13:41:28.402+0000] {logging_mixin.py:190} INFO - [2025-03-17T13:41:28.401+0000] {dagbag.py:588} INFO - Filling up the DagBag from /home/airflow/.local/lib/python3.12/site-packages/airflow/example_dags/example_params_ui_tutorial.py
[2025-03-17T13:41:28.413+0000] {processor.py:925} INFO - DAG(s) 'example_params_ui_tutorial' retrieved from /home/airflow/.local/lib/python3.12/site-packages/airflow/example_dags/example_params_ui_tutorial.py
[2025-03-17T13:41:28.466+0000] {logging_mixin.py:190} INFO - [2025-03-17T13:41:28.466+0000] {dag.py:3239} INFO - Sync 1 DAGs
[2025-03-17T13:41:28.485+0000] {logging_mixin.py:190} INFO - [2025-03-17T13:41:28.485+0000] {dag.py:4180} INFO - Setting next_dagrun for example_params_ui_tutorial to None, run_after=None
[2025-03-17T13:41:28.506+0000] {processor.py:208} INFO - Processing /home/airflow/.local/lib/python3.12/site-packages/airflow/example_dags/example_params_ui_tutorial.py took 0.114 seconds
[2025-03-17T13:41:59.424+0000] {processor.py:186} INFO - Started process (PID=1123) to work on /home/airflow/.local/lib/python3.12/site-packages/airflow/example_dags/example_params_ui_tutorial.py
[2025-03-17T13:41:59.425+0000] {processor.py:914} INFO - Processing file /home/airflow/.local/lib/python3.12/site-packages/airflow/example_dags/example_params_ui_tutorial.py for tasks to queue
[2025-03-17T13:41:59.427+0000] {logging_mixin.py:190} INFO - [2025-03-17T13:41:59.427+0000] {dagbag.py:588} INFO - Filling up the DagBag from /home/airflow/.local/lib/python3.12/site-packages/airflow/example_dags/example_params_ui_tutorial.py
[2025-03-17T13:41:59.442+0000] {processor.py:925} INFO - DAG(s) 'example_params_ui_tutorial' retrieved from /home/airflow/.local/lib/python3.12/site-packages/airflow/example_dags/example_params_ui_tutorial.py
[2025-03-17T13:41:59.539+0000] {logging_mixin.py:190} INFO - [2025-03-17T13:41:59.538+0000] {dag.py:3239} INFO - Sync 1 DAGs
[2025-03-17T13:41:59.564+0000] {logging_mixin.py:190} INFO - [2025-03-17T13:41:59.564+0000] {dag.py:4180} INFO - Setting next_dagrun for example_params_ui_tutorial to None, run_after=None
[2025-03-17T13:41:59.594+0000] {processor.py:208} INFO - Processing /home/airflow/.local/lib/python3.12/site-packages/airflow/example_dags/example_params_ui_tutorial.py took 0.179 seconds
[2025-03-17T13:44:00.625+0000] {processor.py:186} INFO - Started process (PID=96) to work on /home/airflow/.local/lib/python3.12/site-packages/airflow/example_dags/example_params_ui_tutorial.py
[2025-03-17T13:44:00.632+0000] {processor.py:914} INFO - Processing file /home/airflow/.local/lib/python3.12/site-packages/airflow/example_dags/example_params_ui_tutorial.py for tasks to queue
[2025-03-17T13:44:00.635+0000] {logging_mixin.py:190} INFO - [2025-03-17T13:44:00.635+0000] {dagbag.py:588} INFO - Filling up the DagBag from /home/airflow/.local/lib/python3.12/site-packages/airflow/example_dags/example_params_ui_tutorial.py
[2025-03-17T13:44:00.650+0000] {processor.py:925} INFO - DAG(s) 'example_params_ui_tutorial' retrieved from /home/airflow/.local/lib/python3.12/site-packages/airflow/example_dags/example_params_ui_tutorial.py
[2025-03-17T13:44:00.781+0000] {logging_mixin.py:190} INFO - [2025-03-17T13:44:00.780+0000] {dag.py:3239} INFO - Sync 1 DAGs
[2025-03-17T13:44:00.817+0000] {logging_mixin.py:190} INFO - [2025-03-17T13:44:00.817+0000] {dag.py:4180} INFO - Setting next_dagrun for example_params_ui_tutorial to None, run_after=None
[2025-03-17T13:44:00.864+0000] {processor.py:208} INFO - Processing /home/airflow/.local/lib/python3.12/site-packages/airflow/example_dags/example_params_ui_tutorial.py took 0.247 seconds
[2025-03-17T13:44:30.925+0000] {processor.py:186} INFO - Started process (PID=158) to work on /home/airflow/.local/lib/python3.12/site-packages/airflow/example_dags/example_params_ui_tutorial.py
[2025-03-17T13:44:30.944+0000] {processor.py:914} INFO - Processing file /home/airflow/.local/lib/python3.12/site-packages/airflow/example_dags/example_params_ui_tutorial.py for tasks to queue
[2025-03-17T13:44:30.947+0000] {logging_mixin.py:190} INFO - [2025-03-17T13:44:30.946+0000] {dagbag.py:588} INFO - Filling up the DagBag from /home/airflow/.local/lib/python3.12/site-packages/airflow/example_dags/example_params_ui_tutorial.py
[2025-03-17T13:44:30.959+0000] {processor.py:925} INFO - DAG(s) 'example_params_ui_tutorial' retrieved from /home/airflow/.local/lib/python3.12/site-packages/airflow/example_dags/example_params_ui_tutorial.py
[2025-03-17T13:44:31.008+0000] {logging_mixin.py:190} INFO - [2025-03-17T13:44:31.007+0000] {dag.py:3239} INFO - Sync 1 DAGs
[2025-03-17T13:44:31.025+0000] {logging_mixin.py:190} INFO - [2025-03-17T13:44:31.025+0000] {dag.py:4180} INFO - Setting next_dagrun for example_params_ui_tutorial to None, run_after=None
[2025-03-17T13:44:31.050+0000] {processor.py:208} INFO - Processing /home/airflow/.local/lib/python3.12/site-packages/airflow/example_dags/example_params_ui_tutorial.py took 0.132 seconds
[2025-03-17T13:45:01.945+0000] {processor.py:186} INFO - Started process (PID=221) to work on /home/airflow/.local/lib/python3.12/site-packages/airflow/example_dags/example_params_ui_tutorial.py
[2025-03-17T13:45:01.946+0000] {processor.py:914} INFO - Processing file /home/airflow/.local/lib/python3.12/site-packages/airflow/example_dags/example_params_ui_tutorial.py for tasks to queue
[2025-03-17T13:45:01.950+0000] {logging_mixin.py:190} INFO - [2025-03-17T13:45:01.950+0000] {dagbag.py:588} INFO - Filling up the DagBag from /home/airflow/.local/lib/python3.12/site-packages/airflow/example_dags/example_params_ui_tutorial.py
[2025-03-17T13:45:01.966+0000] {processor.py:925} INFO - DAG(s) 'example_params_ui_tutorial' retrieved from /home/airflow/.local/lib/python3.12/site-packages/airflow/example_dags/example_params_ui_tutorial.py
[2025-03-17T13:45:02.027+0000] {logging_mixin.py:190} INFO - [2025-03-17T13:45:02.027+0000] {dag.py:3239} INFO - Sync 1 DAGs
[2025-03-17T13:45:02.046+0000] {logging_mixin.py:190} INFO - [2025-03-17T13:45:02.046+0000] {dag.py:4180} INFO - Setting next_dagrun for example_params_ui_tutorial to None, run_after=None
[2025-03-17T13:45:02.072+0000] {processor.py:208} INFO - Processing /home/airflow/.local/lib/python3.12/site-packages/airflow/example_dags/example_params_ui_tutorial.py took 0.137 seconds
[2025-03-17T13:45:32.964+0000] {processor.py:186} INFO - Started process (PID=284) to work on /home/airflow/.local/lib/python3.12/site-packages/airflow/example_dags/example_params_ui_tutorial.py
[2025-03-17T13:45:33.175+0000] {processor.py:914} INFO - Processing file /home/airflow/.local/lib/python3.12/site-packages/airflow/example_dags/example_params_ui_tutorial.py for tasks to queue
[2025-03-17T13:45:33.178+0000] {logging_mixin.py:190} INFO - [2025-03-17T13:45:33.178+0000] {dagbag.py:588} INFO - Filling up the DagBag from /home/airflow/.local/lib/python3.12/site-packages/airflow/example_dags/example_params_ui_tutorial.py
[2025-03-17T13:45:33.186+0000] {processor.py:925} INFO - DAG(s) 'example_params_ui_tutorial' retrieved from /home/airflow/.local/lib/python3.12/site-packages/airflow/example_dags/example_params_ui_tutorial.py
[2025-03-17T13:45:33.228+0000] {logging_mixin.py:190} INFO - [2025-03-17T13:45:33.228+0000] {dag.py:3239} INFO - Sync 1 DAGs
[2025-03-17T13:45:33.243+0000] {logging_mixin.py:190} INFO - [2025-03-17T13:45:33.242+0000] {dag.py:4180} INFO - Setting next_dagrun for example_params_ui_tutorial to None, run_after=None
[2025-03-17T13:45:33.262+0000] {processor.py:208} INFO - Processing /home/airflow/.local/lib/python3.12/site-packages/airflow/example_dags/example_params_ui_tutorial.py took 0.304 seconds
[2025-03-17T13:46:04.130+0000] {processor.py:186} INFO - Started process (PID=347) to work on /home/airflow/.local/lib/python3.12/site-packages/airflow/example_dags/example_params_ui_tutorial.py
[2025-03-17T13:46:04.131+0000] {processor.py:914} INFO - Processing file /home/airflow/.local/lib/python3.12/site-packages/airflow/example_dags/example_params_ui_tutorial.py for tasks to queue
[2025-03-17T13:46:04.133+0000] {logging_mixin.py:190} INFO - [2025-03-17T13:46:04.133+0000] {dagbag.py:588} INFO - Filling up the DagBag from /home/airflow/.local/lib/python3.12/site-packages/airflow/example_dags/example_params_ui_tutorial.py
[2025-03-17T13:46:04.142+0000] {processor.py:925} INFO - DAG(s) 'example_params_ui_tutorial' retrieved from /home/airflow/.local/lib/python3.12/site-packages/airflow/example_dags/example_params_ui_tutorial.py
[2025-03-17T13:46:04.184+0000] {logging_mixin.py:190} INFO - [2025-03-17T13:46:04.184+0000] {dag.py:3239} INFO - Sync 1 DAGs
[2025-03-17T13:46:04.199+0000] {logging_mixin.py:190} INFO - [2025-03-17T13:46:04.199+0000] {dag.py:4180} INFO - Setting next_dagrun for example_params_ui_tutorial to None, run_after=None
[2025-03-17T13:46:04.219+0000] {processor.py:208} INFO - Processing /home/airflow/.local/lib/python3.12/site-packages/airflow/example_dags/example_params_ui_tutorial.py took 0.094 seconds
[2025-03-17T13:46:35.080+0000] {processor.py:186} INFO - Started process (PID=410) to work on /home/airflow/.local/lib/python3.12/site-packages/airflow/example_dags/example_params_ui_tutorial.py
[2025-03-17T13:46:35.192+0000] {processor.py:914} INFO - Processing file /home/airflow/.local/lib/python3.12/site-packages/airflow/example_dags/example_params_ui_tutorial.py for tasks to queue
[2025-03-17T13:46:35.195+0000] {logging_mixin.py:190} INFO - [2025-03-17T13:46:35.195+0000] {dagbag.py:588} INFO - Filling up the DagBag from /home/airflow/.local/lib/python3.12/site-packages/airflow/example_dags/example_params_ui_tutorial.py
[2025-03-17T13:46:35.205+0000] {processor.py:925} INFO - DAG(s) 'example_params_ui_tutorial' retrieved from /home/airflow/.local/lib/python3.12/site-packages/airflow/example_dags/example_params_ui_tutorial.py
[2025-03-17T13:46:35.251+0000] {logging_mixin.py:190} INFO - [2025-03-17T13:46:35.251+0000] {dag.py:3239} INFO - Sync 1 DAGs
[2025-03-17T13:46:35.266+0000] {logging_mixin.py:190} INFO - [2025-03-17T13:46:35.266+0000] {dag.py:4180} INFO - Setting next_dagrun for example_params_ui_tutorial to None, run_after=None
[2025-03-17T13:46:35.287+0000] {processor.py:208} INFO - Processing /home/airflow/.local/lib/python3.12/site-packages/airflow/example_dags/example_params_ui_tutorial.py took 0.212 seconds
[2025-03-17T13:47:05.492+0000] {processor.py:186} INFO - Started process (PID=472) to work on /home/airflow/.local/lib/python3.12/site-packages/airflow/example_dags/example_params_ui_tutorial.py
[2025-03-17T13:47:05.493+0000] {processor.py:914} INFO - Processing file /home/airflow/.local/lib/python3.12/site-packages/airflow/example_dags/example_params_ui_tutorial.py for tasks to queue
[2025-03-17T13:47:05.495+0000] {logging_mixin.py:190} INFO - [2025-03-17T13:47:05.495+0000] {dagbag.py:588} INFO - Filling up the DagBag from /home/airflow/.local/lib/python3.12/site-packages/airflow/example_dags/example_params_ui_tutorial.py
[2025-03-17T13:47:05.508+0000] {processor.py:925} INFO - DAG(s) 'example_params_ui_tutorial' retrieved from /home/airflow/.local/lib/python3.12/site-packages/airflow/example_dags/example_params_ui_tutorial.py
[2025-03-17T13:47:05.552+0000] {logging_mixin.py:190} INFO - [2025-03-17T13:47:05.552+0000] {dag.py:3239} INFO - Sync 1 DAGs
[2025-03-17T13:47:05.568+0000] {logging_mixin.py:190} INFO - [2025-03-17T13:47:05.567+0000] {dag.py:4180} INFO - Setting next_dagrun for example_params_ui_tutorial to None, run_after=None
[2025-03-17T13:47:05.587+0000] {processor.py:208} INFO - Processing /home/airflow/.local/lib/python3.12/site-packages/airflow/example_dags/example_params_ui_tutorial.py took 0.100 seconds
[2025-03-17T13:47:36.155+0000] {processor.py:186} INFO - Started process (PID=535) to work on /home/airflow/.local/lib/python3.12/site-packages/airflow/example_dags/example_params_ui_tutorial.py
[2025-03-17T13:47:36.156+0000] {processor.py:914} INFO - Processing file /home/airflow/.local/lib/python3.12/site-packages/airflow/example_dags/example_params_ui_tutorial.py for tasks to queue
[2025-03-17T13:47:36.159+0000] {logging_mixin.py:190} INFO - [2025-03-17T13:47:36.158+0000] {dagbag.py:588} INFO - Filling up the DagBag from /home/airflow/.local/lib/python3.12/site-packages/airflow/example_dags/example_params_ui_tutorial.py
[2025-03-17T13:47:36.171+0000] {processor.py:925} INFO - DAG(s) 'example_params_ui_tutorial' retrieved from /home/airflow/.local/lib/python3.12/site-packages/airflow/example_dags/example_params_ui_tutorial.py
[2025-03-17T13:47:36.222+0000] {logging_mixin.py:190} INFO - [2025-03-17T13:47:36.222+0000] {dag.py:3239} INFO - Sync 1 DAGs
[2025-03-17T13:47:36.239+0000] {logging_mixin.py:190} INFO - [2025-03-17T13:47:36.239+0000] {dag.py:4180} INFO - Setting next_dagrun for example_params_ui_tutorial to None, run_after=None
[2025-03-17T13:47:36.266+0000] {processor.py:208} INFO - Processing /home/airflow/.local/lib/python3.12/site-packages/airflow/example_dags/example_params_ui_tutorial.py took 0.118 seconds
[2025-03-17T13:48:06.557+0000] {processor.py:186} INFO - Started process (PID=598) to work on /home/airflow/.local/lib/python3.12/site-packages/airflow/example_dags/example_params_ui_tutorial.py
[2025-03-17T13:48:06.558+0000] {processor.py:914} INFO - Processing file /home/airflow/.local/lib/python3.12/site-packages/airflow/example_dags/example_params_ui_tutorial.py for tasks to queue
[2025-03-17T13:48:06.561+0000] {logging_mixin.py:190} INFO - [2025-03-17T13:48:06.560+0000] {dagbag.py:588} INFO - Filling up the DagBag from /home/airflow/.local/lib/python3.12/site-packages/airflow/example_dags/example_params_ui_tutorial.py
[2025-03-17T13:48:06.570+0000] {processor.py:925} INFO - DAG(s) 'example_params_ui_tutorial' retrieved from /home/airflow/.local/lib/python3.12/site-packages/airflow/example_dags/example_params_ui_tutorial.py
[2025-03-17T13:48:06.614+0000] {logging_mixin.py:190} INFO - [2025-03-17T13:48:06.614+0000] {dag.py:3239} INFO - Sync 1 DAGs
[2025-03-17T13:48:06.629+0000] {logging_mixin.py:190} INFO - [2025-03-17T13:48:06.629+0000] {dag.py:4180} INFO - Setting next_dagrun for example_params_ui_tutorial to None, run_after=None
[2025-03-17T13:48:06.650+0000] {processor.py:208} INFO - Processing /home/airflow/.local/lib/python3.12/site-packages/airflow/example_dags/example_params_ui_tutorial.py took 0.099 seconds
[2025-03-17T13:48:36.999+0000] {processor.py:186} INFO - Started process (PID=661) to work on /home/airflow/.local/lib/python3.12/site-packages/airflow/example_dags/example_params_ui_tutorial.py
[2025-03-17T13:48:37.040+0000] {processor.py:914} INFO - Processing file /home/airflow/.local/lib/python3.12/site-packages/airflow/example_dags/example_params_ui_tutorial.py for tasks to queue
[2025-03-17T13:48:37.042+0000] {logging_mixin.py:190} INFO - [2025-03-17T13:48:37.042+0000] {dagbag.py:588} INFO - Filling up the DagBag from /home/airflow/.local/lib/python3.12/site-packages/airflow/example_dags/example_params_ui_tutorial.py
[2025-03-17T13:48:37.053+0000] {processor.py:925} INFO - DAG(s) 'example_params_ui_tutorial' retrieved from /home/airflow/.local/lib/python3.12/site-packages/airflow/example_dags/example_params_ui_tutorial.py
[2025-03-17T13:48:37.113+0000] {logging_mixin.py:190} INFO - [2025-03-17T13:48:37.113+0000] {dag.py:3239} INFO - Sync 1 DAGs
[2025-03-17T13:48:37.129+0000] {logging_mixin.py:190} INFO - [2025-03-17T13:48:37.129+0000] {dag.py:4180} INFO - Setting next_dagrun for example_params_ui_tutorial to None, run_after=None
[2025-03-17T13:48:37.161+0000] {processor.py:208} INFO - Processing /home/airflow/.local/lib/python3.12/site-packages/airflow/example_dags/example_params_ui_tutorial.py took 0.167 seconds
[2025-03-17T13:49:07.270+0000] {processor.py:186} INFO - Started process (PID=730) to work on /home/airflow/.local/lib/python3.12/site-packages/airflow/example_dags/example_params_ui_tutorial.py
[2025-03-17T13:49:07.387+0000] {processor.py:914} INFO - Processing file /home/airflow/.local/lib/python3.12/site-packages/airflow/example_dags/example_params_ui_tutorial.py for tasks to queue
[2025-03-17T13:49:07.390+0000] {logging_mixin.py:190} INFO - [2025-03-17T13:49:07.390+0000] {dagbag.py:588} INFO - Filling up the DagBag from /home/airflow/.local/lib/python3.12/site-packages/airflow/example_dags/example_params_ui_tutorial.py
[2025-03-17T13:49:07.400+0000] {processor.py:925} INFO - DAG(s) 'example_params_ui_tutorial' retrieved from /home/airflow/.local/lib/python3.12/site-packages/airflow/example_dags/example_params_ui_tutorial.py
[2025-03-17T13:49:07.441+0000] {logging_mixin.py:190} INFO - [2025-03-17T13:49:07.441+0000] {dag.py:3239} INFO - Sync 1 DAGs
[2025-03-17T13:49:07.456+0000] {logging_mixin.py:190} INFO - [2025-03-17T13:49:07.456+0000] {dag.py:4180} INFO - Setting next_dagrun for example_params_ui_tutorial to None, run_after=None
[2025-03-17T13:49:07.474+0000] {processor.py:208} INFO - Processing /home/airflow/.local/lib/python3.12/site-packages/airflow/example_dags/example_params_ui_tutorial.py took 0.209 seconds
[2025-03-17T13:49:38.457+0000] {processor.py:186} INFO - Started process (PID=793) to work on /home/airflow/.local/lib/python3.12/site-packages/airflow/example_dags/example_params_ui_tutorial.py
[2025-03-17T13:49:38.458+0000] {processor.py:914} INFO - Processing file /home/airflow/.local/lib/python3.12/site-packages/airflow/example_dags/example_params_ui_tutorial.py for tasks to queue
[2025-03-17T13:49:38.460+0000] {logging_mixin.py:190} INFO - [2025-03-17T13:49:38.460+0000] {dagbag.py:588} INFO - Filling up the DagBag from /home/airflow/.local/lib/python3.12/site-packages/airflow/example_dags/example_params_ui_tutorial.py
[2025-03-17T13:49:38.469+0000] {processor.py:925} INFO - DAG(s) 'example_params_ui_tutorial' retrieved from /home/airflow/.local/lib/python3.12/site-packages/airflow/example_dags/example_params_ui_tutorial.py
[2025-03-17T13:49:38.511+0000] {logging_mixin.py:190} INFO - [2025-03-17T13:49:38.511+0000] {dag.py:3239} INFO - Sync 1 DAGs
[2025-03-17T13:49:38.525+0000] {logging_mixin.py:190} INFO - [2025-03-17T13:49:38.525+0000] {dag.py:4180} INFO - Setting next_dagrun for example_params_ui_tutorial to None, run_after=None
[2025-03-17T13:49:38.544+0000] {processor.py:208} INFO - Processing /home/airflow/.local/lib/python3.12/site-packages/airflow/example_dags/example_params_ui_tutorial.py took 0.092 seconds
[2025-03-17T13:50:08.991+0000] {processor.py:186} INFO - Started process (PID=856) to work on /home/airflow/.local/lib/python3.12/site-packages/airflow/example_dags/example_params_ui_tutorial.py
[2025-03-17T13:50:08.992+0000] {processor.py:914} INFO - Processing file /home/airflow/.local/lib/python3.12/site-packages/airflow/example_dags/example_params_ui_tutorial.py for tasks to queue
[2025-03-17T13:50:08.994+0000] {logging_mixin.py:190} INFO - [2025-03-17T13:50:08.994+0000] {dagbag.py:588} INFO - Filling up the DagBag from /home/airflow/.local/lib/python3.12/site-packages/airflow/example_dags/example_params_ui_tutorial.py
[2025-03-17T13:50:09.003+0000] {processor.py:925} INFO - DAG(s) 'example_params_ui_tutorial' retrieved from /home/airflow/.local/lib/python3.12/site-packages/airflow/example_dags/example_params_ui_tutorial.py
[2025-03-17T13:50:09.049+0000] {logging_mixin.py:190} INFO - [2025-03-17T13:50:09.049+0000] {dag.py:3239} INFO - Sync 1 DAGs
[2025-03-17T13:50:09.064+0000] {logging_mixin.py:190} INFO - [2025-03-17T13:50:09.064+0000] {dag.py:4180} INFO - Setting next_dagrun for example_params_ui_tutorial to None, run_after=None
[2025-03-17T13:50:09.082+0000] {processor.py:208} INFO - Processing /home/airflow/.local/lib/python3.12/site-packages/airflow/example_dags/example_params_ui_tutorial.py took 0.097 seconds
[2025-03-17T13:50:39.873+0000] {processor.py:186} INFO - Started process (PID=919) to work on /home/airflow/.local/lib/python3.12/site-packages/airflow/example_dags/example_params_ui_tutorial.py
[2025-03-17T13:50:39.874+0000] {processor.py:914} INFO - Processing file /home/airflow/.local/lib/python3.12/site-packages/airflow/example_dags/example_params_ui_tutorial.py for tasks to queue
[2025-03-17T13:50:39.877+0000] {logging_mixin.py:190} INFO - [2025-03-17T13:50:39.877+0000] {dagbag.py:588} INFO - Filling up the DagBag from /home/airflow/.local/lib/python3.12/site-packages/airflow/example_dags/example_params_ui_tutorial.py
[2025-03-17T13:50:39.888+0000] {processor.py:925} INFO - DAG(s) 'example_params_ui_tutorial' retrieved from /home/airflow/.local/lib/python3.12/site-packages/airflow/example_dags/example_params_ui_tutorial.py
[2025-03-17T13:50:39.944+0000] {logging_mixin.py:190} INFO - [2025-03-17T13:50:39.944+0000] {dag.py:3239} INFO - Sync 1 DAGs
[2025-03-17T13:50:39.964+0000] {logging_mixin.py:190} INFO - [2025-03-17T13:50:39.964+0000] {dag.py:4180} INFO - Setting next_dagrun for example_params_ui_tutorial to None, run_after=None
[2025-03-17T13:50:39.988+0000] {processor.py:208} INFO - Processing /home/airflow/.local/lib/python3.12/site-packages/airflow/example_dags/example_params_ui_tutorial.py took 0.122 seconds
[2025-03-17T13:51:10.130+0000] {processor.py:186} INFO - Started process (PID=982) to work on /home/airflow/.local/lib/python3.12/site-packages/airflow/example_dags/example_params_ui_tutorial.py
[2025-03-17T13:51:10.131+0000] {processor.py:914} INFO - Processing file /home/airflow/.local/lib/python3.12/site-packages/airflow/example_dags/example_params_ui_tutorial.py for tasks to queue
[2025-03-17T13:51:10.134+0000] {logging_mixin.py:190} INFO - [2025-03-17T13:51:10.134+0000] {dagbag.py:588} INFO - Filling up the DagBag from /home/airflow/.local/lib/python3.12/site-packages/airflow/example_dags/example_params_ui_tutorial.py
[2025-03-17T13:51:10.145+0000] {processor.py:925} INFO - DAG(s) 'example_params_ui_tutorial' retrieved from /home/airflow/.local/lib/python3.12/site-packages/airflow/example_dags/example_params_ui_tutorial.py
[2025-03-17T13:51:10.190+0000] {logging_mixin.py:190} INFO - [2025-03-17T13:51:10.189+0000] {dag.py:3239} INFO - Sync 1 DAGs
[2025-03-17T13:51:10.204+0000] {logging_mixin.py:190} INFO - [2025-03-17T13:51:10.204+0000] {dag.py:4180} INFO - Setting next_dagrun for example_params_ui_tutorial to None, run_after=None
[2025-03-17T13:51:10.223+0000] {processor.py:208} INFO - Processing /home/airflow/.local/lib/python3.12/site-packages/airflow/example_dags/example_params_ui_tutorial.py took 0.098 seconds
[2025-03-17T13:51:40.539+0000] {processor.py:186} INFO - Started process (PID=1045) to work on /home/airflow/.local/lib/python3.12/site-packages/airflow/example_dags/example_params_ui_tutorial.py
[2025-03-17T13:51:40.540+0000] {processor.py:914} INFO - Processing file /home/airflow/.local/lib/python3.12/site-packages/airflow/example_dags/example_params_ui_tutorial.py for tasks to queue
[2025-03-17T13:51:40.543+0000] {logging_mixin.py:190} INFO - [2025-03-17T13:51:40.543+0000] {dagbag.py:588} INFO - Filling up the DagBag from /home/airflow/.local/lib/python3.12/site-packages/airflow/example_dags/example_params_ui_tutorial.py
[2025-03-17T13:51:40.552+0000] {processor.py:925} INFO - DAG(s) 'example_params_ui_tutorial' retrieved from /home/airflow/.local/lib/python3.12/site-packages/airflow/example_dags/example_params_ui_tutorial.py
[2025-03-17T13:51:40.598+0000] {logging_mixin.py:190} INFO - [2025-03-17T13:51:40.597+0000] {dag.py:3239} INFO - Sync 1 DAGs
[2025-03-17T13:51:40.613+0000] {logging_mixin.py:190} INFO - [2025-03-17T13:51:40.613+0000] {dag.py:4180} INFO - Setting next_dagrun for example_params_ui_tutorial to None, run_after=None
[2025-03-17T13:51:40.633+0000] {processor.py:208} INFO - Processing /home/airflow/.local/lib/python3.12/site-packages/airflow/example_dags/example_params_ui_tutorial.py took 0.099 seconds
[2025-03-17T13:52:11.212+0000] {processor.py:186} INFO - Started process (PID=1108) to work on /home/airflow/.local/lib/python3.12/site-packages/airflow/example_dags/example_params_ui_tutorial.py
[2025-03-17T13:52:11.213+0000] {processor.py:914} INFO - Processing file /home/airflow/.local/lib/python3.12/site-packages/airflow/example_dags/example_params_ui_tutorial.py for tasks to queue
[2025-03-17T13:52:11.215+0000] {logging_mixin.py:190} INFO - [2025-03-17T13:52:11.215+0000] {dagbag.py:588} INFO - Filling up the DagBag from /home/airflow/.local/lib/python3.12/site-packages/airflow/example_dags/example_params_ui_tutorial.py
[2025-03-17T13:52:11.224+0000] {processor.py:925} INFO - DAG(s) 'example_params_ui_tutorial' retrieved from /home/airflow/.local/lib/python3.12/site-packages/airflow/example_dags/example_params_ui_tutorial.py
[2025-03-17T13:52:11.266+0000] {logging_mixin.py:190} INFO - [2025-03-17T13:52:11.266+0000] {dag.py:3239} INFO - Sync 1 DAGs
[2025-03-17T13:52:11.282+0000] {logging_mixin.py:190} INFO - [2025-03-17T13:52:11.282+0000] {dag.py:4180} INFO - Setting next_dagrun for example_params_ui_tutorial to None, run_after=None
[2025-03-17T13:52:11.312+0000] {processor.py:208} INFO - Processing /home/airflow/.local/lib/python3.12/site-packages/airflow/example_dags/example_params_ui_tutorial.py took 0.106 seconds
[2025-03-17T13:52:41.546+0000] {processor.py:186} INFO - Started process (PID=1171) to work on /home/airflow/.local/lib/python3.12/site-packages/airflow/example_dags/example_params_ui_tutorial.py
[2025-03-17T13:52:41.547+0000] {processor.py:914} INFO - Processing file /home/airflow/.local/lib/python3.12/site-packages/airflow/example_dags/example_params_ui_tutorial.py for tasks to queue
[2025-03-17T13:52:41.549+0000] {logging_mixin.py:190} INFO - [2025-03-17T13:52:41.549+0000] {dagbag.py:588} INFO - Filling up the DagBag from /home/airflow/.local/lib/python3.12/site-packages/airflow/example_dags/example_params_ui_tutorial.py
[2025-03-17T13:52:41.560+0000] {processor.py:925} INFO - DAG(s) 'example_params_ui_tutorial' retrieved from /home/airflow/.local/lib/python3.12/site-packages/airflow/example_dags/example_params_ui_tutorial.py
[2025-03-17T13:52:41.610+0000] {logging_mixin.py:190} INFO - [2025-03-17T13:52:41.610+0000] {dag.py:3239} INFO - Sync 1 DAGs
[2025-03-17T13:52:41.627+0000] {logging_mixin.py:190} INFO - [2025-03-17T13:52:41.627+0000] {dag.py:4180} INFO - Setting next_dagrun for example_params_ui_tutorial to None, run_after=None
[2025-03-17T13:52:41.651+0000] {processor.py:208} INFO - Processing /home/airflow/.local/lib/python3.12/site-packages/airflow/example_dags/example_params_ui_tutorial.py took 0.111 seconds
[2025-03-17T13:53:12.182+0000] {processor.py:186} INFO - Started process (PID=1234) to work on /home/airflow/.local/lib/python3.12/site-packages/airflow/example_dags/example_params_ui_tutorial.py
[2025-03-17T13:53:12.183+0000] {processor.py:914} INFO - Processing file /home/airflow/.local/lib/python3.12/site-packages/airflow/example_dags/example_params_ui_tutorial.py for tasks to queue
[2025-03-17T13:53:12.185+0000] {logging_mixin.py:190} INFO - [2025-03-17T13:53:12.184+0000] {dagbag.py:588} INFO - Filling up the DagBag from /home/airflow/.local/lib/python3.12/site-packages/airflow/example_dags/example_params_ui_tutorial.py
[2025-03-17T13:53:12.194+0000] {processor.py:925} INFO - DAG(s) 'example_params_ui_tutorial' retrieved from /home/airflow/.local/lib/python3.12/site-packages/airflow/example_dags/example_params_ui_tutorial.py
[2025-03-17T13:53:12.245+0000] {logging_mixin.py:190} INFO - [2025-03-17T13:53:12.245+0000] {dag.py:3239} INFO - Sync 1 DAGs
[2025-03-17T13:53:12.263+0000] {logging_mixin.py:190} INFO - [2025-03-17T13:53:12.263+0000] {dag.py:4180} INFO - Setting next_dagrun for example_params_ui_tutorial to None, run_after=None
[2025-03-17T13:53:12.282+0000] {processor.py:208} INFO - Processing /home/airflow/.local/lib/python3.12/site-packages/airflow/example_dags/example_params_ui_tutorial.py took 0.107 seconds
[2025-03-17T13:53:42.474+0000] {processor.py:186} INFO - Started process (PID=1297) to work on /home/airflow/.local/lib/python3.12/site-packages/airflow/example_dags/example_params_ui_tutorial.py
[2025-03-17T13:53:42.475+0000] {processor.py:914} INFO - Processing file /home/airflow/.local/lib/python3.12/site-packages/airflow/example_dags/example_params_ui_tutorial.py for tasks to queue
[2025-03-17T13:53:42.477+0000] {logging_mixin.py:190} INFO - [2025-03-17T13:53:42.477+0000] {dagbag.py:588} INFO - Filling up the DagBag from /home/airflow/.local/lib/python3.12/site-packages/airflow/example_dags/example_params_ui_tutorial.py
[2025-03-17T13:53:42.486+0000] {processor.py:925} INFO - DAG(s) 'example_params_ui_tutorial' retrieved from /home/airflow/.local/lib/python3.12/site-packages/airflow/example_dags/example_params_ui_tutorial.py
[2025-03-17T13:53:42.534+0000] {logging_mixin.py:190} INFO - [2025-03-17T13:53:42.533+0000] {dag.py:3239} INFO - Sync 1 DAGs
[2025-03-17T13:53:42.547+0000] {logging_mixin.py:190} INFO - [2025-03-17T13:53:42.547+0000] {dag.py:4180} INFO - Setting next_dagrun for example_params_ui_tutorial to None, run_after=None
[2025-03-17T13:53:42.566+0000] {processor.py:208} INFO - Processing /home/airflow/.local/lib/python3.12/site-packages/airflow/example_dags/example_params_ui_tutorial.py took 0.097 seconds
[2025-03-17T16:58:39.837+0000] {processor.py:186} INFO - Started process (PID=90) to work on /home/airflow/.local/lib/python3.12/site-packages/airflow/example_dags/example_params_ui_tutorial.py
[2025-03-17T16:58:39.839+0000] {processor.py:914} INFO - Processing file /home/airflow/.local/lib/python3.12/site-packages/airflow/example_dags/example_params_ui_tutorial.py for tasks to queue
[2025-03-17T16:58:39.842+0000] {logging_mixin.py:190} INFO - [2025-03-17T16:58:39.842+0000] {dagbag.py:588} INFO - Filling up the DagBag from /home/airflow/.local/lib/python3.12/site-packages/airflow/example_dags/example_params_ui_tutorial.py
[2025-03-17T16:58:39.856+0000] {processor.py:925} INFO - DAG(s) 'example_params_ui_tutorial' retrieved from /home/airflow/.local/lib/python3.12/site-packages/airflow/example_dags/example_params_ui_tutorial.py
[2025-03-17T16:58:39.921+0000] {logging_mixin.py:190} INFO - [2025-03-17T16:58:39.921+0000] {dag.py:3239} INFO - Sync 1 DAGs
[2025-03-17T16:58:39.939+0000] {logging_mixin.py:190} INFO - [2025-03-17T16:58:39.939+0000] {dag.py:4180} INFO - Setting next_dagrun for example_params_ui_tutorial to None, run_after=None
[2025-03-17T16:58:39.976+0000] {processor.py:208} INFO - Processing /home/airflow/.local/lib/python3.12/site-packages/airflow/example_dags/example_params_ui_tutorial.py took 0.153 seconds
[2025-03-17T16:59:10.308+0000] {processor.py:186} INFO - Started process (PID=152) to work on /home/airflow/.local/lib/python3.12/site-packages/airflow/example_dags/example_params_ui_tutorial.py
[2025-03-17T16:59:10.314+0000] {processor.py:914} INFO - Processing file /home/airflow/.local/lib/python3.12/site-packages/airflow/example_dags/example_params_ui_tutorial.py for tasks to queue
[2025-03-17T16:59:10.317+0000] {logging_mixin.py:190} INFO - [2025-03-17T16:59:10.317+0000] {dagbag.py:588} INFO - Filling up the DagBag from /home/airflow/.local/lib/python3.12/site-packages/airflow/example_dags/example_params_ui_tutorial.py
[2025-03-17T16:59:10.328+0000] {processor.py:925} INFO - DAG(s) 'example_params_ui_tutorial' retrieved from /home/airflow/.local/lib/python3.12/site-packages/airflow/example_dags/example_params_ui_tutorial.py
[2025-03-17T16:59:10.373+0000] {logging_mixin.py:190} INFO - [2025-03-17T16:59:10.373+0000] {dag.py:3239} INFO - Sync 1 DAGs
[2025-03-17T16:59:10.388+0000] {logging_mixin.py:190} INFO - [2025-03-17T16:59:10.388+0000] {dag.py:4180} INFO - Setting next_dagrun for example_params_ui_tutorial to None, run_after=None
[2025-03-17T16:59:10.408+0000] {processor.py:208} INFO - Processing /home/airflow/.local/lib/python3.12/site-packages/airflow/example_dags/example_params_ui_tutorial.py took 0.107 seconds
[2025-03-17T16:59:40.742+0000] {processor.py:186} INFO - Started process (PID=215) to work on /home/airflow/.local/lib/python3.12/site-packages/airflow/example_dags/example_params_ui_tutorial.py
[2025-03-17T16:59:40.743+0000] {processor.py:914} INFO - Processing file /home/airflow/.local/lib/python3.12/site-packages/airflow/example_dags/example_params_ui_tutorial.py for tasks to queue
[2025-03-17T16:59:40.746+0000] {logging_mixin.py:190} INFO - [2025-03-17T16:59:40.746+0000] {dagbag.py:588} INFO - Filling up the DagBag from /home/airflow/.local/lib/python3.12/site-packages/airflow/example_dags/example_params_ui_tutorial.py
[2025-03-17T16:59:40.758+0000] {processor.py:925} INFO - DAG(s) 'example_params_ui_tutorial' retrieved from /home/airflow/.local/lib/python3.12/site-packages/airflow/example_dags/example_params_ui_tutorial.py
[2025-03-17T16:59:40.814+0000] {logging_mixin.py:190} INFO - [2025-03-17T16:59:40.814+0000] {dag.py:3239} INFO - Sync 1 DAGs
[2025-03-17T16:59:40.834+0000] {logging_mixin.py:190} INFO - [2025-03-17T16:59:40.834+0000] {dag.py:4180} INFO - Setting next_dagrun for example_params_ui_tutorial to None, run_after=None
[2025-03-17T16:59:40.855+0000] {processor.py:208} INFO - Processing /home/airflow/.local/lib/python3.12/site-packages/airflow/example_dags/example_params_ui_tutorial.py took 0.120 seconds
[2025-03-17T17:00:10.918+0000] {processor.py:186} INFO - Started process (PID=277) to work on /home/airflow/.local/lib/python3.12/site-packages/airflow/example_dags/example_params_ui_tutorial.py
[2025-03-17T17:00:10.919+0000] {processor.py:914} INFO - Processing file /home/airflow/.local/lib/python3.12/site-packages/airflow/example_dags/example_params_ui_tutorial.py for tasks to queue
[2025-03-17T17:00:10.922+0000] {logging_mixin.py:190} INFO - [2025-03-17T17:00:10.921+0000] {dagbag.py:588} INFO - Filling up the DagBag from /home/airflow/.local/lib/python3.12/site-packages/airflow/example_dags/example_params_ui_tutorial.py
[2025-03-17T17:00:10.932+0000] {processor.py:925} INFO - DAG(s) 'example_params_ui_tutorial' retrieved from /home/airflow/.local/lib/python3.12/site-packages/airflow/example_dags/example_params_ui_tutorial.py
[2025-03-17T17:00:10.981+0000] {logging_mixin.py:190} INFO - [2025-03-17T17:00:10.981+0000] {dag.py:3239} INFO - Sync 1 DAGs
[2025-03-17T17:00:10.997+0000] {logging_mixin.py:190} INFO - [2025-03-17T17:00:10.997+0000] {dag.py:4180} INFO - Setting next_dagrun for example_params_ui_tutorial to None, run_after=None
[2025-03-17T17:00:11.022+0000] {processor.py:208} INFO - Processing /home/airflow/.local/lib/python3.12/site-packages/airflow/example_dags/example_params_ui_tutorial.py took 0.109 seconds
[2025-03-17T17:00:41.360+0000] {processor.py:186} INFO - Started process (PID=340) to work on /home/airflow/.local/lib/python3.12/site-packages/airflow/example_dags/example_params_ui_tutorial.py
[2025-03-17T17:00:41.361+0000] {processor.py:914} INFO - Processing file /home/airflow/.local/lib/python3.12/site-packages/airflow/example_dags/example_params_ui_tutorial.py for tasks to queue
[2025-03-17T17:00:41.364+0000] {logging_mixin.py:190} INFO - [2025-03-17T17:00:41.364+0000] {dagbag.py:588} INFO - Filling up the DagBag from /home/airflow/.local/lib/python3.12/site-packages/airflow/example_dags/example_params_ui_tutorial.py
[2025-03-17T17:00:41.375+0000] {processor.py:925} INFO - DAG(s) 'example_params_ui_tutorial' retrieved from /home/airflow/.local/lib/python3.12/site-packages/airflow/example_dags/example_params_ui_tutorial.py
[2025-03-17T17:00:41.438+0000] {logging_mixin.py:190} INFO - [2025-03-17T17:00:41.438+0000] {dag.py:3239} INFO - Sync 1 DAGs
[2025-03-17T17:00:41.455+0000] {logging_mixin.py:190} INFO - [2025-03-17T17:00:41.455+0000] {dag.py:4180} INFO - Setting next_dagrun for example_params_ui_tutorial to None, run_after=None
[2025-03-17T17:00:41.478+0000] {processor.py:208} INFO - Processing /home/airflow/.local/lib/python3.12/site-packages/airflow/example_dags/example_params_ui_tutorial.py took 0.125 seconds
[2025-03-17T17:01:11.608+0000] {processor.py:186} INFO - Started process (PID=409) to work on /home/airflow/.local/lib/python3.12/site-packages/airflow/example_dags/example_params_ui_tutorial.py
[2025-03-17T17:01:11.609+0000] {processor.py:914} INFO - Processing file /home/airflow/.local/lib/python3.12/site-packages/airflow/example_dags/example_params_ui_tutorial.py for tasks to queue
[2025-03-17T17:01:11.611+0000] {logging_mixin.py:190} INFO - [2025-03-17T17:01:11.611+0000] {dagbag.py:588} INFO - Filling up the DagBag from /home/airflow/.local/lib/python3.12/site-packages/airflow/example_dags/example_params_ui_tutorial.py
[2025-03-17T17:01:11.621+0000] {processor.py:925} INFO - DAG(s) 'example_params_ui_tutorial' retrieved from /home/airflow/.local/lib/python3.12/site-packages/airflow/example_dags/example_params_ui_tutorial.py
[2025-03-17T17:01:11.666+0000] {logging_mixin.py:190} INFO - [2025-03-17T17:01:11.666+0000] {dag.py:3239} INFO - Sync 1 DAGs
[2025-03-17T17:01:11.681+0000] {logging_mixin.py:190} INFO - [2025-03-17T17:01:11.681+0000] {dag.py:4180} INFO - Setting next_dagrun for example_params_ui_tutorial to None, run_after=None
[2025-03-17T17:01:11.701+0000] {processor.py:208} INFO - Processing /home/airflow/.local/lib/python3.12/site-packages/airflow/example_dags/example_params_ui_tutorial.py took 0.099 seconds
[2025-03-17T17:02:23.464+0000] {processor.py:186} INFO - Started process (PID=486) to work on /home/airflow/.local/lib/python3.12/site-packages/airflow/example_dags/example_params_ui_tutorial.py
[2025-03-17T17:02:23.465+0000] {processor.py:914} INFO - Processing file /home/airflow/.local/lib/python3.12/site-packages/airflow/example_dags/example_params_ui_tutorial.py for tasks to queue
[2025-03-17T17:02:23.468+0000] {logging_mixin.py:190} INFO - [2025-03-17T17:02:23.468+0000] {dagbag.py:588} INFO - Filling up the DagBag from /home/airflow/.local/lib/python3.12/site-packages/airflow/example_dags/example_params_ui_tutorial.py
[2025-03-17T17:02:23.479+0000] {processor.py:925} INFO - DAG(s) 'example_params_ui_tutorial' retrieved from /home/airflow/.local/lib/python3.12/site-packages/airflow/example_dags/example_params_ui_tutorial.py
[2025-03-17T17:02:23.530+0000] {logging_mixin.py:190} INFO - [2025-03-17T17:02:23.530+0000] {dag.py:3239} INFO - Sync 1 DAGs
[2025-03-17T17:02:23.549+0000] {logging_mixin.py:190} INFO - [2025-03-17T17:02:23.549+0000] {dag.py:4180} INFO - Setting next_dagrun for example_params_ui_tutorial to None, run_after=None
[2025-03-17T17:02:23.571+0000] {processor.py:208} INFO - Processing /home/airflow/.local/lib/python3.12/site-packages/airflow/example_dags/example_params_ui_tutorial.py took 0.114 seconds
[2025-03-17T17:02:56.034+0000] {processor.py:186} INFO - Started process (PID=549) to work on /home/airflow/.local/lib/python3.12/site-packages/airflow/example_dags/example_params_ui_tutorial.py
[2025-03-17T17:02:56.035+0000] {processor.py:914} INFO - Processing file /home/airflow/.local/lib/python3.12/site-packages/airflow/example_dags/example_params_ui_tutorial.py for tasks to queue
[2025-03-17T17:02:56.037+0000] {logging_mixin.py:190} INFO - [2025-03-17T17:02:56.036+0000] {dagbag.py:588} INFO - Filling up the DagBag from /home/airflow/.local/lib/python3.12/site-packages/airflow/example_dags/example_params_ui_tutorial.py
[2025-03-17T17:02:56.047+0000] {processor.py:925} INFO - DAG(s) 'example_params_ui_tutorial' retrieved from /home/airflow/.local/lib/python3.12/site-packages/airflow/example_dags/example_params_ui_tutorial.py
[2025-03-17T17:02:56.096+0000] {logging_mixin.py:190} INFO - [2025-03-17T17:02:56.096+0000] {dag.py:3239} INFO - Sync 1 DAGs
[2025-03-17T17:02:56.112+0000] {logging_mixin.py:190} INFO - [2025-03-17T17:02:56.112+0000] {dag.py:4180} INFO - Setting next_dagrun for example_params_ui_tutorial to None, run_after=None
[2025-03-17T17:02:56.133+0000] {processor.py:208} INFO - Processing /home/airflow/.local/lib/python3.12/site-packages/airflow/example_dags/example_params_ui_tutorial.py took 0.105 seconds
[2025-03-17T17:03:27.256+0000] {processor.py:186} INFO - Started process (PID=612) to work on /home/airflow/.local/lib/python3.12/site-packages/airflow/example_dags/example_params_ui_tutorial.py
[2025-03-17T17:03:27.257+0000] {processor.py:914} INFO - Processing file /home/airflow/.local/lib/python3.12/site-packages/airflow/example_dags/example_params_ui_tutorial.py for tasks to queue
[2025-03-17T17:03:27.258+0000] {logging_mixin.py:190} INFO - [2025-03-17T17:03:27.258+0000] {dagbag.py:588} INFO - Filling up the DagBag from /home/airflow/.local/lib/python3.12/site-packages/airflow/example_dags/example_params_ui_tutorial.py
[2025-03-17T17:03:27.269+0000] {processor.py:925} INFO - DAG(s) 'example_params_ui_tutorial' retrieved from /home/airflow/.local/lib/python3.12/site-packages/airflow/example_dags/example_params_ui_tutorial.py
[2025-03-17T17:03:27.319+0000] {logging_mixin.py:190} INFO - [2025-03-17T17:03:27.319+0000] {dag.py:3239} INFO - Sync 1 DAGs
[2025-03-17T17:03:27.337+0000] {logging_mixin.py:190} INFO - [2025-03-17T17:03:27.336+0000] {dag.py:4180} INFO - Setting next_dagrun for example_params_ui_tutorial to None, run_after=None
[2025-03-17T17:03:27.359+0000] {processor.py:208} INFO - Processing /home/airflow/.local/lib/python3.12/site-packages/airflow/example_dags/example_params_ui_tutorial.py took 0.110 seconds
[2025-03-17T17:03:57.614+0000] {processor.py:186} INFO - Started process (PID=674) to work on /home/airflow/.local/lib/python3.12/site-packages/airflow/example_dags/example_params_ui_tutorial.py
[2025-03-17T17:03:57.615+0000] {processor.py:914} INFO - Processing file /home/airflow/.local/lib/python3.12/site-packages/airflow/example_dags/example_params_ui_tutorial.py for tasks to queue
[2025-03-17T17:03:57.617+0000] {logging_mixin.py:190} INFO - [2025-03-17T17:03:57.616+0000] {dagbag.py:588} INFO - Filling up the DagBag from /home/airflow/.local/lib/python3.12/site-packages/airflow/example_dags/example_params_ui_tutorial.py
[2025-03-17T17:03:57.627+0000] {processor.py:925} INFO - DAG(s) 'example_params_ui_tutorial' retrieved from /home/airflow/.local/lib/python3.12/site-packages/airflow/example_dags/example_params_ui_tutorial.py
[2025-03-17T17:03:57.675+0000] {logging_mixin.py:190} INFO - [2025-03-17T17:03:57.674+0000] {dag.py:3239} INFO - Sync 1 DAGs
[2025-03-17T17:03:57.691+0000] {logging_mixin.py:190} INFO - [2025-03-17T17:03:57.691+0000] {dag.py:4180} INFO - Setting next_dagrun for example_params_ui_tutorial to None, run_after=None
[2025-03-17T17:03:57.713+0000] {processor.py:208} INFO - Processing /home/airflow/.local/lib/python3.12/site-packages/airflow/example_dags/example_params_ui_tutorial.py took 0.105 seconds
[2025-03-17T17:04:28.028+0000] {processor.py:186} INFO - Started process (PID=737) to work on /home/airflow/.local/lib/python3.12/site-packages/airflow/example_dags/example_params_ui_tutorial.py
[2025-03-17T17:04:28.028+0000] {processor.py:914} INFO - Processing file /home/airflow/.local/lib/python3.12/site-packages/airflow/example_dags/example_params_ui_tutorial.py for tasks to queue
[2025-03-17T17:04:28.030+0000] {logging_mixin.py:190} INFO - [2025-03-17T17:04:28.029+0000] {dagbag.py:588} INFO - Filling up the DagBag from /home/airflow/.local/lib/python3.12/site-packages/airflow/example_dags/example_params_ui_tutorial.py
[2025-03-17T17:04:28.040+0000] {processor.py:925} INFO - DAG(s) 'example_params_ui_tutorial' retrieved from /home/airflow/.local/lib/python3.12/site-packages/airflow/example_dags/example_params_ui_tutorial.py
[2025-03-17T17:04:28.088+0000] {logging_mixin.py:190} INFO - [2025-03-17T17:04:28.088+0000] {dag.py:3239} INFO - Sync 1 DAGs
[2025-03-17T17:04:28.106+0000] {logging_mixin.py:190} INFO - [2025-03-17T17:04:28.105+0000] {dag.py:4180} INFO - Setting next_dagrun for example_params_ui_tutorial to None, run_after=None
[2025-03-17T17:04:28.126+0000] {processor.py:208} INFO - Processing /home/airflow/.local/lib/python3.12/site-packages/airflow/example_dags/example_params_ui_tutorial.py took 0.105 seconds
[2025-03-17T17:04:58.953+0000] {processor.py:186} INFO - Started process (PID=789) to work on /home/airflow/.local/lib/python3.12/site-packages/airflow/example_dags/example_params_ui_tutorial.py
[2025-03-17T17:04:58.954+0000] {processor.py:914} INFO - Processing file /home/airflow/.local/lib/python3.12/site-packages/airflow/example_dags/example_params_ui_tutorial.py for tasks to queue
[2025-03-17T17:04:58.955+0000] {logging_mixin.py:190} INFO - [2025-03-17T17:04:58.955+0000] {dagbag.py:588} INFO - Filling up the DagBag from /home/airflow/.local/lib/python3.12/site-packages/airflow/example_dags/example_params_ui_tutorial.py
[2025-03-17T17:04:58.965+0000] {processor.py:925} INFO - DAG(s) 'example_params_ui_tutorial' retrieved from /home/airflow/.local/lib/python3.12/site-packages/airflow/example_dags/example_params_ui_tutorial.py
[2025-03-17T17:04:59.009+0000] {logging_mixin.py:190} INFO - [2025-03-17T17:04:59.009+0000] {dag.py:3239} INFO - Sync 1 DAGs
[2025-03-17T17:04:59.024+0000] {logging_mixin.py:190} INFO - [2025-03-17T17:04:59.024+0000] {dag.py:4180} INFO - Setting next_dagrun for example_params_ui_tutorial to None, run_after=None
[2025-03-17T17:04:59.045+0000] {processor.py:208} INFO - Processing /home/airflow/.local/lib/python3.12/site-packages/airflow/example_dags/example_params_ui_tutorial.py took 0.098 seconds
[2025-03-17T17:05:29.795+0000] {processor.py:186} INFO - Started process (PID=851) to work on /home/airflow/.local/lib/python3.12/site-packages/airflow/example_dags/example_params_ui_tutorial.py
[2025-03-17T17:05:29.796+0000] {processor.py:914} INFO - Processing file /home/airflow/.local/lib/python3.12/site-packages/airflow/example_dags/example_params_ui_tutorial.py for tasks to queue
[2025-03-17T17:05:29.798+0000] {logging_mixin.py:190} INFO - [2025-03-17T17:05:29.797+0000] {dagbag.py:588} INFO - Filling up the DagBag from /home/airflow/.local/lib/python3.12/site-packages/airflow/example_dags/example_params_ui_tutorial.py
[2025-03-17T17:05:29.808+0000] {processor.py:925} INFO - DAG(s) 'example_params_ui_tutorial' retrieved from /home/airflow/.local/lib/python3.12/site-packages/airflow/example_dags/example_params_ui_tutorial.py
[2025-03-17T17:05:29.851+0000] {logging_mixin.py:190} INFO - [2025-03-17T17:05:29.851+0000] {dag.py:3239} INFO - Sync 1 DAGs
[2025-03-17T17:05:29.866+0000] {logging_mixin.py:190} INFO - [2025-03-17T17:05:29.866+0000] {dag.py:4180} INFO - Setting next_dagrun for example_params_ui_tutorial to None, run_after=None
[2025-03-17T17:05:29.886+0000] {processor.py:208} INFO - Processing /home/airflow/.local/lib/python3.12/site-packages/airflow/example_dags/example_params_ui_tutorial.py took 0.097 seconds
[2025-03-17T17:06:01.151+0000] {processor.py:186} INFO - Started process (PID=913) to work on /home/airflow/.local/lib/python3.12/site-packages/airflow/example_dags/example_params_ui_tutorial.py
[2025-03-17T17:06:01.152+0000] {processor.py:914} INFO - Processing file /home/airflow/.local/lib/python3.12/site-packages/airflow/example_dags/example_params_ui_tutorial.py for tasks to queue
[2025-03-17T17:06:01.153+0000] {logging_mixin.py:190} INFO - [2025-03-17T17:06:01.153+0000] {dagbag.py:588} INFO - Filling up the DagBag from /home/airflow/.local/lib/python3.12/site-packages/airflow/example_dags/example_params_ui_tutorial.py
[2025-03-17T17:06:01.163+0000] {processor.py:925} INFO - DAG(s) 'example_params_ui_tutorial' retrieved from /home/airflow/.local/lib/python3.12/site-packages/airflow/example_dags/example_params_ui_tutorial.py
[2025-03-17T17:06:01.209+0000] {logging_mixin.py:190} INFO - [2025-03-17T17:06:01.209+0000] {dag.py:3239} INFO - Sync 1 DAGs
[2025-03-17T17:06:01.225+0000] {logging_mixin.py:190} INFO - [2025-03-17T17:06:01.225+0000] {dag.py:4180} INFO - Setting next_dagrun for example_params_ui_tutorial to None, run_after=None
[2025-03-17T17:06:01.247+0000] {processor.py:208} INFO - Processing /home/airflow/.local/lib/python3.12/site-packages/airflow/example_dags/example_params_ui_tutorial.py took 0.102 seconds
[2025-03-17T17:06:31.840+0000] {processor.py:186} INFO - Started process (PID=979) to work on /home/airflow/.local/lib/python3.12/site-packages/airflow/example_dags/example_params_ui_tutorial.py
[2025-03-17T17:06:31.841+0000] {processor.py:914} INFO - Processing file /home/airflow/.local/lib/python3.12/site-packages/airflow/example_dags/example_params_ui_tutorial.py for tasks to queue
[2025-03-17T17:06:31.842+0000] {logging_mixin.py:190} INFO - [2025-03-17T17:06:31.842+0000] {dagbag.py:588} INFO - Filling up the DagBag from /home/airflow/.local/lib/python3.12/site-packages/airflow/example_dags/example_params_ui_tutorial.py
[2025-03-17T17:06:31.851+0000] {processor.py:925} INFO - DAG(s) 'example_params_ui_tutorial' retrieved from /home/airflow/.local/lib/python3.12/site-packages/airflow/example_dags/example_params_ui_tutorial.py
[2025-03-17T17:06:31.898+0000] {logging_mixin.py:190} INFO - [2025-03-17T17:06:31.898+0000] {dag.py:3239} INFO - Sync 1 DAGs
[2025-03-17T17:06:31.913+0000] {logging_mixin.py:190} INFO - [2025-03-17T17:06:31.913+0000] {dag.py:4180} INFO - Setting next_dagrun for example_params_ui_tutorial to None, run_after=None
[2025-03-17T17:06:31.933+0000] {processor.py:208} INFO - Processing /home/airflow/.local/lib/python3.12/site-packages/airflow/example_dags/example_params_ui_tutorial.py took 0.099 seconds
[2025-03-17T17:07:02.496+0000] {processor.py:186} INFO - Started process (PID=1042) to work on /home/airflow/.local/lib/python3.12/site-packages/airflow/example_dags/example_params_ui_tutorial.py
[2025-03-17T17:07:02.497+0000] {processor.py:914} INFO - Processing file /home/airflow/.local/lib/python3.12/site-packages/airflow/example_dags/example_params_ui_tutorial.py for tasks to queue
[2025-03-17T17:07:02.498+0000] {logging_mixin.py:190} INFO - [2025-03-17T17:07:02.498+0000] {dagbag.py:588} INFO - Filling up the DagBag from /home/airflow/.local/lib/python3.12/site-packages/airflow/example_dags/example_params_ui_tutorial.py
[2025-03-17T17:07:02.508+0000] {processor.py:925} INFO - DAG(s) 'example_params_ui_tutorial' retrieved from /home/airflow/.local/lib/python3.12/site-packages/airflow/example_dags/example_params_ui_tutorial.py
[2025-03-17T17:07:02.555+0000] {logging_mixin.py:190} INFO - [2025-03-17T17:07:02.554+0000] {dag.py:3239} INFO - Sync 1 DAGs
[2025-03-17T17:07:02.570+0000] {logging_mixin.py:190} INFO - [2025-03-17T17:07:02.570+0000] {dag.py:4180} INFO - Setting next_dagrun for example_params_ui_tutorial to None, run_after=None
[2025-03-17T17:07:02.588+0000] {processor.py:208} INFO - Processing /home/airflow/.local/lib/python3.12/site-packages/airflow/example_dags/example_params_ui_tutorial.py took 0.098 seconds
[2025-03-17T17:07:33.565+0000] {processor.py:186} INFO - Started process (PID=1105) to work on /home/airflow/.local/lib/python3.12/site-packages/airflow/example_dags/example_params_ui_tutorial.py
[2025-03-17T17:07:33.566+0000] {processor.py:914} INFO - Processing file /home/airflow/.local/lib/python3.12/site-packages/airflow/example_dags/example_params_ui_tutorial.py for tasks to queue
[2025-03-17T17:07:33.568+0000] {logging_mixin.py:190} INFO - [2025-03-17T17:07:33.567+0000] {dagbag.py:588} INFO - Filling up the DagBag from /home/airflow/.local/lib/python3.12/site-packages/airflow/example_dags/example_params_ui_tutorial.py
[2025-03-17T17:07:33.578+0000] {processor.py:925} INFO - DAG(s) 'example_params_ui_tutorial' retrieved from /home/airflow/.local/lib/python3.12/site-packages/airflow/example_dags/example_params_ui_tutorial.py
[2025-03-17T17:07:33.625+0000] {logging_mixin.py:190} INFO - [2025-03-17T17:07:33.624+0000] {dag.py:3239} INFO - Sync 1 DAGs
[2025-03-17T17:07:33.642+0000] {logging_mixin.py:190} INFO - [2025-03-17T17:07:33.642+0000] {dag.py:4180} INFO - Setting next_dagrun for example_params_ui_tutorial to None, run_after=None
[2025-03-17T17:07:33.660+0000] {processor.py:208} INFO - Processing /home/airflow/.local/lib/python3.12/site-packages/airflow/example_dags/example_params_ui_tutorial.py took 0.101 seconds
[2025-03-17T17:08:04.059+0000] {processor.py:186} INFO - Started process (PID=1169) to work on /home/airflow/.local/lib/python3.12/site-packages/airflow/example_dags/example_params_ui_tutorial.py
[2025-03-17T17:08:04.060+0000] {processor.py:914} INFO - Processing file /home/airflow/.local/lib/python3.12/site-packages/airflow/example_dags/example_params_ui_tutorial.py for tasks to queue
[2025-03-17T17:08:04.062+0000] {logging_mixin.py:190} INFO - [2025-03-17T17:08:04.061+0000] {dagbag.py:588} INFO - Filling up the DagBag from /home/airflow/.local/lib/python3.12/site-packages/airflow/example_dags/example_params_ui_tutorial.py
[2025-03-17T17:08:04.074+0000] {processor.py:925} INFO - DAG(s) 'example_params_ui_tutorial' retrieved from /home/airflow/.local/lib/python3.12/site-packages/airflow/example_dags/example_params_ui_tutorial.py
[2025-03-17T17:08:04.135+0000] {logging_mixin.py:190} INFO - [2025-03-17T17:08:04.134+0000] {dag.py:3239} INFO - Sync 1 DAGs
[2025-03-17T17:08:04.153+0000] {logging_mixin.py:190} INFO - [2025-03-17T17:08:04.152+0000] {dag.py:4180} INFO - Setting next_dagrun for example_params_ui_tutorial to None, run_after=None
[2025-03-17T17:08:04.173+0000] {processor.py:208} INFO - Processing /home/airflow/.local/lib/python3.12/site-packages/airflow/example_dags/example_params_ui_tutorial.py took 0.122 seconds
