[2025-03-17T13:32:38.132+0000] {processor.py:186} INFO - Started process (PID=108) to work on /home/airflow/.local/lib/python3.12/site-packages/airflow/example_dags/example_latest_only.py
[2025-03-17T13:32:38.133+0000] {processor.py:914} INFO - Processing file /home/airflow/.local/lib/python3.12/site-packages/airflow/example_dags/example_latest_only.py for tasks to queue
[2025-03-17T13:32:38.136+0000] {logging_mixin.py:190} INFO - [2025-03-17T13:32:38.135+0000] {dagbag.py:588} INFO - Filling up the DagBag from /home/airflow/.local/lib/python3.12/site-packages/airflow/example_dags/example_latest_only.py
[2025-03-17T13:32:38.145+0000] {processor.py:925} INFO - DAG(s) 'latest_only' retrieved from /home/airflow/.local/lib/python3.12/site-packages/airflow/example_dags/example_latest_only.py
[2025-03-17T13:32:38.272+0000] {logging_mixin.py:190} INFO - [2025-03-17T13:32:38.272+0000] {override.py:1912} INFO - Created Permission View: can read on DAG:latest_only
[2025-03-17T13:32:38.285+0000] {logging_mixin.py:190} INFO - [2025-03-17T13:32:38.285+0000] {override.py:1912} INFO - Created Permission View: can edit on DAG:latest_only
[2025-03-17T13:32:38.293+0000] {logging_mixin.py:190} INFO - [2025-03-17T13:32:38.293+0000] {override.py:1912} INFO - Created Permission View: can delete on DAG:latest_only
[2025-03-17T13:32:38.306+0000] {logging_mixin.py:190} INFO - [2025-03-17T13:32:38.305+0000] {override.py:1912} INFO - Created Permission View: can read on DAG Run:latest_only
[2025-03-17T13:32:38.316+0000] {logging_mixin.py:190} INFO - [2025-03-17T13:32:38.316+0000] {override.py:1912} INFO - Created Permission View: can delete on DAG Run:latest_only
[2025-03-17T13:32:38.325+0000] {logging_mixin.py:190} INFO - [2025-03-17T13:32:38.325+0000] {override.py:1912} INFO - Created Permission View: can create on DAG Run:latest_only
[2025-03-17T13:32:38.334+0000] {logging_mixin.py:190} INFO - [2025-03-17T13:32:38.333+0000] {override.py:1912} INFO - Created Permission View: menu access on DAG Run:latest_only
[2025-03-17T13:32:38.334+0000] {logging_mixin.py:190} INFO - [2025-03-17T13:32:38.334+0000] {dag.py:3239} INFO - Sync 1 DAGs
[2025-03-17T13:32:38.348+0000] {logging_mixin.py:190} INFO - [2025-03-17T13:32:38.348+0000] {dag.py:3262} INFO - Creating ORM DAG for latest_only
[2025-03-17T13:32:38.363+0000] {logging_mixin.py:190} INFO - [2025-03-17T13:32:38.363+0000] {dag.py:4180} INFO - Setting next_dagrun for latest_only to 2025-03-17 08:00:00+00:00, run_after=2025-03-17 12:00:00+00:00
[2025-03-17T13:32:38.387+0000] {processor.py:208} INFO - Processing /home/airflow/.local/lib/python3.12/site-packages/airflow/example_dags/example_latest_only.py took 0.262 seconds
[2025-03-17T13:33:08.872+0000] {processor.py:186} INFO - Started process (PID=171) to work on /home/airflow/.local/lib/python3.12/site-packages/airflow/example_dags/example_latest_only.py
[2025-03-17T13:33:08.885+0000] {processor.py:914} INFO - Processing file /home/airflow/.local/lib/python3.12/site-packages/airflow/example_dags/example_latest_only.py for tasks to queue
[2025-03-17T13:33:08.888+0000] {logging_mixin.py:190} INFO - [2025-03-17T13:33:08.888+0000] {dagbag.py:588} INFO - Filling up the DagBag from /home/airflow/.local/lib/python3.12/site-packages/airflow/example_dags/example_latest_only.py
[2025-03-17T13:33:08.897+0000] {processor.py:925} INFO - DAG(s) 'latest_only' retrieved from /home/airflow/.local/lib/python3.12/site-packages/airflow/example_dags/example_latest_only.py
[2025-03-17T13:33:08.919+0000] {logging_mixin.py:190} INFO - [2025-03-17T13:33:08.919+0000] {dag.py:3239} INFO - Sync 1 DAGs
[2025-03-17T13:33:08.944+0000] {logging_mixin.py:190} INFO - [2025-03-17T13:33:08.944+0000] {dag.py:4180} INFO - Setting next_dagrun for latest_only to 2025-03-17 08:00:00+00:00, run_after=2025-03-17 12:00:00+00:00
[2025-03-17T13:33:08.965+0000] {processor.py:208} INFO - Processing /home/airflow/.local/lib/python3.12/site-packages/airflow/example_dags/example_latest_only.py took 0.099 seconds
[2025-03-17T13:33:39.709+0000] {processor.py:186} INFO - Started process (PID=234) to work on /home/airflow/.local/lib/python3.12/site-packages/airflow/example_dags/example_latest_only.py
[2025-03-17T13:33:39.812+0000] {processor.py:914} INFO - Processing file /home/airflow/.local/lib/python3.12/site-packages/airflow/example_dags/example_latest_only.py for tasks to queue
[2025-03-17T13:33:39.815+0000] {logging_mixin.py:190} INFO - [2025-03-17T13:33:39.815+0000] {dagbag.py:588} INFO - Filling up the DagBag from /home/airflow/.local/lib/python3.12/site-packages/airflow/example_dags/example_latest_only.py
[2025-03-17T13:33:39.827+0000] {processor.py:925} INFO - DAG(s) 'latest_only' retrieved from /home/airflow/.local/lib/python3.12/site-packages/airflow/example_dags/example_latest_only.py
[2025-03-17T13:33:39.859+0000] {logging_mixin.py:190} INFO - [2025-03-17T13:33:39.859+0000] {dag.py:3239} INFO - Sync 1 DAGs
[2025-03-17T13:33:39.907+0000] {logging_mixin.py:190} INFO - [2025-03-17T13:33:39.906+0000] {dag.py:4180} INFO - Setting next_dagrun for latest_only to 2025-03-17 08:00:00+00:00, run_after=2025-03-17 12:00:00+00:00
[2025-03-17T13:33:39.948+0000] {processor.py:208} INFO - Processing /home/airflow/.local/lib/python3.12/site-packages/airflow/example_dags/example_latest_only.py took 0.247 seconds
[2025-03-17T13:34:10.202+0000] {processor.py:186} INFO - Started process (PID=296) to work on /home/airflow/.local/lib/python3.12/site-packages/airflow/example_dags/example_latest_only.py
[2025-03-17T13:34:10.203+0000] {processor.py:914} INFO - Processing file /home/airflow/.local/lib/python3.12/site-packages/airflow/example_dags/example_latest_only.py for tasks to queue
[2025-03-17T13:34:10.205+0000] {logging_mixin.py:190} INFO - [2025-03-17T13:34:10.205+0000] {dagbag.py:588} INFO - Filling up the DagBag from /home/airflow/.local/lib/python3.12/site-packages/airflow/example_dags/example_latest_only.py
[2025-03-17T13:34:10.213+0000] {processor.py:925} INFO - DAG(s) 'latest_only' retrieved from /home/airflow/.local/lib/python3.12/site-packages/airflow/example_dags/example_latest_only.py
[2025-03-17T13:34:10.232+0000] {logging_mixin.py:190} INFO - [2025-03-17T13:34:10.232+0000] {dag.py:3239} INFO - Sync 1 DAGs
[2025-03-17T13:34:10.259+0000] {logging_mixin.py:190} INFO - [2025-03-17T13:34:10.259+0000] {dag.py:4180} INFO - Setting next_dagrun for latest_only to 2025-03-17 08:00:00+00:00, run_after=2025-03-17 12:00:00+00:00
[2025-03-17T13:34:10.278+0000] {processor.py:208} INFO - Processing /home/airflow/.local/lib/python3.12/site-packages/airflow/example_dags/example_latest_only.py took 0.081 seconds
[2025-03-17T13:34:41.589+0000] {processor.py:186} INFO - Started process (PID=358) to work on /home/airflow/.local/lib/python3.12/site-packages/airflow/example_dags/example_latest_only.py
[2025-03-17T13:34:41.591+0000] {processor.py:914} INFO - Processing file /home/airflow/.local/lib/python3.12/site-packages/airflow/example_dags/example_latest_only.py for tasks to queue
[2025-03-17T13:34:41.594+0000] {logging_mixin.py:190} INFO - [2025-03-17T13:34:41.594+0000] {dagbag.py:588} INFO - Filling up the DagBag from /home/airflow/.local/lib/python3.12/site-packages/airflow/example_dags/example_latest_only.py
[2025-03-17T13:34:41.612+0000] {processor.py:925} INFO - DAG(s) 'latest_only' retrieved from /home/airflow/.local/lib/python3.12/site-packages/airflow/example_dags/example_latest_only.py
[2025-03-17T13:34:41.674+0000] {logging_mixin.py:190} INFO - [2025-03-17T13:34:41.674+0000] {dag.py:3239} INFO - Sync 1 DAGs
[2025-03-17T13:34:41.704+0000] {logging_mixin.py:190} INFO - [2025-03-17T13:34:41.704+0000] {dag.py:4180} INFO - Setting next_dagrun for latest_only to 2025-03-17 08:00:00+00:00, run_after=2025-03-17 12:00:00+00:00
[2025-03-17T13:34:41.726+0000] {processor.py:208} INFO - Processing /home/airflow/.local/lib/python3.12/site-packages/airflow/example_dags/example_latest_only.py took 0.150 seconds
[2025-03-17T13:35:12.553+0000] {processor.py:186} INFO - Started process (PID=421) to work on /home/airflow/.local/lib/python3.12/site-packages/airflow/example_dags/example_latest_only.py
[2025-03-17T13:35:12.554+0000] {processor.py:914} INFO - Processing file /home/airflow/.local/lib/python3.12/site-packages/airflow/example_dags/example_latest_only.py for tasks to queue
[2025-03-17T13:35:12.557+0000] {logging_mixin.py:190} INFO - [2025-03-17T13:35:12.556+0000] {dagbag.py:588} INFO - Filling up the DagBag from /home/airflow/.local/lib/python3.12/site-packages/airflow/example_dags/example_latest_only.py
[2025-03-17T13:35:12.569+0000] {processor.py:925} INFO - DAG(s) 'latest_only' retrieved from /home/airflow/.local/lib/python3.12/site-packages/airflow/example_dags/example_latest_only.py
[2025-03-17T13:35:12.653+0000] {logging_mixin.py:190} INFO - [2025-03-17T13:35:12.652+0000] {dag.py:3239} INFO - Sync 1 DAGs
[2025-03-17T13:35:12.695+0000] {logging_mixin.py:190} INFO - [2025-03-17T13:35:12.695+0000] {dag.py:4180} INFO - Setting next_dagrun for latest_only to 2025-03-17 08:00:00+00:00, run_after=2025-03-17 12:00:00+00:00
[2025-03-17T13:35:12.735+0000] {processor.py:208} INFO - Processing /home/airflow/.local/lib/python3.12/site-packages/airflow/example_dags/example_latest_only.py took 0.189 seconds
[2025-03-17T13:36:51.051+0000] {processor.py:186} INFO - Started process (PID=506) to work on /home/airflow/.local/lib/python3.12/site-packages/airflow/example_dags/example_latest_only.py
[2025-03-17T13:36:51.063+0000] {processor.py:914} INFO - Processing file /home/airflow/.local/lib/python3.12/site-packages/airflow/example_dags/example_latest_only.py for tasks to queue
[2025-03-17T13:36:51.064+0000] {logging_mixin.py:190} INFO - [2025-03-17T13:36:51.064+0000] {dagbag.py:588} INFO - Filling up the DagBag from /home/airflow/.local/lib/python3.12/site-packages/airflow/example_dags/example_latest_only.py
[2025-03-17T13:36:51.073+0000] {processor.py:925} INFO - DAG(s) 'latest_only' retrieved from /home/airflow/.local/lib/python3.12/site-packages/airflow/example_dags/example_latest_only.py
[2025-03-17T13:36:51.092+0000] {logging_mixin.py:190} INFO - [2025-03-17T13:36:51.091+0000] {dag.py:3239} INFO - Sync 1 DAGs
[2025-03-17T13:36:51.115+0000] {logging_mixin.py:190} INFO - [2025-03-17T13:36:51.115+0000] {dag.py:4180} INFO - Setting next_dagrun for latest_only to 2025-03-17 08:00:00+00:00, run_after=2025-03-17 12:00:00+00:00
[2025-03-17T13:36:51.136+0000] {processor.py:208} INFO - Processing /home/airflow/.local/lib/python3.12/site-packages/airflow/example_dags/example_latest_only.py took 0.090 seconds
[2025-03-17T13:37:21.389+0000] {processor.py:186} INFO - Started process (PID=570) to work on /home/airflow/.local/lib/python3.12/site-packages/airflow/example_dags/example_latest_only.py
[2025-03-17T13:37:21.390+0000] {processor.py:914} INFO - Processing file /home/airflow/.local/lib/python3.12/site-packages/airflow/example_dags/example_latest_only.py for tasks to queue
[2025-03-17T13:37:21.391+0000] {logging_mixin.py:190} INFO - [2025-03-17T13:37:21.391+0000] {dagbag.py:588} INFO - Filling up the DagBag from /home/airflow/.local/lib/python3.12/site-packages/airflow/example_dags/example_latest_only.py
[2025-03-17T13:37:21.400+0000] {processor.py:925} INFO - DAG(s) 'latest_only' retrieved from /home/airflow/.local/lib/python3.12/site-packages/airflow/example_dags/example_latest_only.py
[2025-03-17T13:37:21.420+0000] {logging_mixin.py:190} INFO - [2025-03-17T13:37:21.420+0000] {dag.py:3239} INFO - Sync 1 DAGs
[2025-03-17T13:37:21.446+0000] {logging_mixin.py:190} INFO - [2025-03-17T13:37:21.446+0000] {dag.py:4180} INFO - Setting next_dagrun for latest_only to 2025-03-17 08:00:00+00:00, run_after=2025-03-17 12:00:00+00:00
[2025-03-17T13:37:21.468+0000] {processor.py:208} INFO - Processing /home/airflow/.local/lib/python3.12/site-packages/airflow/example_dags/example_latest_only.py took 0.085 seconds
[2025-03-17T13:37:52.616+0000] {processor.py:186} INFO - Started process (PID=633) to work on /home/airflow/.local/lib/python3.12/site-packages/airflow/example_dags/example_latest_only.py
[2025-03-17T13:37:52.617+0000] {processor.py:914} INFO - Processing file /home/airflow/.local/lib/python3.12/site-packages/airflow/example_dags/example_latest_only.py for tasks to queue
[2025-03-17T13:37:52.618+0000] {logging_mixin.py:190} INFO - [2025-03-17T13:37:52.618+0000] {dagbag.py:588} INFO - Filling up the DagBag from /home/airflow/.local/lib/python3.12/site-packages/airflow/example_dags/example_latest_only.py
[2025-03-17T13:37:52.627+0000] {processor.py:925} INFO - DAG(s) 'latest_only' retrieved from /home/airflow/.local/lib/python3.12/site-packages/airflow/example_dags/example_latest_only.py
[2025-03-17T13:37:52.647+0000] {logging_mixin.py:190} INFO - [2025-03-17T13:37:52.647+0000] {dag.py:3239} INFO - Sync 1 DAGs
[2025-03-17T13:37:52.672+0000] {logging_mixin.py:190} INFO - [2025-03-17T13:37:52.672+0000] {dag.py:4180} INFO - Setting next_dagrun for latest_only to 2025-03-17 08:00:00+00:00, run_after=2025-03-17 12:00:00+00:00
[2025-03-17T13:37:52.692+0000] {processor.py:208} INFO - Processing /home/airflow/.local/lib/python3.12/site-packages/airflow/example_dags/example_latest_only.py took 0.084 seconds
[2025-03-17T13:38:23.863+0000] {processor.py:186} INFO - Started process (PID=696) to work on /home/airflow/.local/lib/python3.12/site-packages/airflow/example_dags/example_latest_only.py
[2025-03-17T13:38:23.864+0000] {processor.py:914} INFO - Processing file /home/airflow/.local/lib/python3.12/site-packages/airflow/example_dags/example_latest_only.py for tasks to queue
[2025-03-17T13:38:23.865+0000] {logging_mixin.py:190} INFO - [2025-03-17T13:38:23.865+0000] {dagbag.py:588} INFO - Filling up the DagBag from /home/airflow/.local/lib/python3.12/site-packages/airflow/example_dags/example_latest_only.py
[2025-03-17T13:38:23.876+0000] {processor.py:925} INFO - DAG(s) 'latest_only' retrieved from /home/airflow/.local/lib/python3.12/site-packages/airflow/example_dags/example_latest_only.py
[2025-03-17T13:38:23.899+0000] {logging_mixin.py:190} INFO - [2025-03-17T13:38:23.899+0000] {dag.py:3239} INFO - Sync 1 DAGs
[2025-03-17T13:38:23.928+0000] {logging_mixin.py:190} INFO - [2025-03-17T13:38:23.928+0000] {dag.py:4180} INFO - Setting next_dagrun for latest_only to 2025-03-17 08:00:00+00:00, run_after=2025-03-17 12:00:00+00:00
[2025-03-17T13:38:23.952+0000] {processor.py:208} INFO - Processing /home/airflow/.local/lib/python3.12/site-packages/airflow/example_dags/example_latest_only.py took 0.098 seconds
[2025-03-17T13:38:55.390+0000] {processor.py:186} INFO - Started process (PID=756) to work on /home/airflow/.local/lib/python3.12/site-packages/airflow/example_dags/example_latest_only.py
[2025-03-17T13:38:55.391+0000] {processor.py:914} INFO - Processing file /home/airflow/.local/lib/python3.12/site-packages/airflow/example_dags/example_latest_only.py for tasks to queue
[2025-03-17T13:38:55.394+0000] {logging_mixin.py:190} INFO - [2025-03-17T13:38:55.393+0000] {dagbag.py:588} INFO - Filling up the DagBag from /home/airflow/.local/lib/python3.12/site-packages/airflow/example_dags/example_latest_only.py
[2025-03-17T13:38:55.405+0000] {processor.py:925} INFO - DAG(s) 'latest_only' retrieved from /home/airflow/.local/lib/python3.12/site-packages/airflow/example_dags/example_latest_only.py
[2025-03-17T13:38:55.428+0000] {logging_mixin.py:190} INFO - [2025-03-17T13:38:55.428+0000] {dag.py:3239} INFO - Sync 1 DAGs
[2025-03-17T13:38:55.457+0000] {logging_mixin.py:190} INFO - [2025-03-17T13:38:55.457+0000] {dag.py:4180} INFO - Setting next_dagrun for latest_only to 2025-03-17 08:00:00+00:00, run_after=2025-03-17 12:00:00+00:00
[2025-03-17T13:38:55.482+0000] {processor.py:208} INFO - Processing /home/airflow/.local/lib/python3.12/site-packages/airflow/example_dags/example_latest_only.py took 0.101 seconds
[2025-03-17T13:39:25.961+0000] {processor.py:186} INFO - Started process (PID=819) to work on /home/airflow/.local/lib/python3.12/site-packages/airflow/example_dags/example_latest_only.py
[2025-03-17T13:39:25.962+0000] {processor.py:914} INFO - Processing file /home/airflow/.local/lib/python3.12/site-packages/airflow/example_dags/example_latest_only.py for tasks to queue
[2025-03-17T13:39:25.963+0000] {logging_mixin.py:190} INFO - [2025-03-17T13:39:25.963+0000] {dagbag.py:588} INFO - Filling up the DagBag from /home/airflow/.local/lib/python3.12/site-packages/airflow/example_dags/example_latest_only.py
[2025-03-17T13:39:25.972+0000] {processor.py:925} INFO - DAG(s) 'latest_only' retrieved from /home/airflow/.local/lib/python3.12/site-packages/airflow/example_dags/example_latest_only.py
[2025-03-17T13:39:26.000+0000] {logging_mixin.py:190} INFO - [2025-03-17T13:39:26.000+0000] {dag.py:3239} INFO - Sync 1 DAGs
[2025-03-17T13:39:26.026+0000] {logging_mixin.py:190} INFO - [2025-03-17T13:39:26.026+0000] {dag.py:4180} INFO - Setting next_dagrun for latest_only to 2025-03-17 08:00:00+00:00, run_after=2025-03-17 12:00:00+00:00
[2025-03-17T13:39:26.051+0000] {processor.py:208} INFO - Processing /home/airflow/.local/lib/python3.12/site-packages/airflow/example_dags/example_latest_only.py took 0.097 seconds
[2025-03-17T13:39:56.528+0000] {processor.py:186} INFO - Started process (PID=881) to work on /home/airflow/.local/lib/python3.12/site-packages/airflow/example_dags/example_latest_only.py
[2025-03-17T13:39:56.529+0000] {processor.py:914} INFO - Processing file /home/airflow/.local/lib/python3.12/site-packages/airflow/example_dags/example_latest_only.py for tasks to queue
[2025-03-17T13:39:56.531+0000] {logging_mixin.py:190} INFO - [2025-03-17T13:39:56.530+0000] {dagbag.py:588} INFO - Filling up the DagBag from /home/airflow/.local/lib/python3.12/site-packages/airflow/example_dags/example_latest_only.py
[2025-03-17T13:39:56.540+0000] {processor.py:925} INFO - DAG(s) 'latest_only' retrieved from /home/airflow/.local/lib/python3.12/site-packages/airflow/example_dags/example_latest_only.py
[2025-03-17T13:39:56.562+0000] {logging_mixin.py:190} INFO - [2025-03-17T13:39:56.561+0000] {dag.py:3239} INFO - Sync 1 DAGs
[2025-03-17T13:39:56.587+0000] {logging_mixin.py:190} INFO - [2025-03-17T13:39:56.587+0000] {dag.py:4180} INFO - Setting next_dagrun for latest_only to 2025-03-17 08:00:00+00:00, run_after=2025-03-17 12:00:00+00:00
[2025-03-17T13:39:56.606+0000] {processor.py:208} INFO - Processing /home/airflow/.local/lib/python3.12/site-packages/airflow/example_dags/example_latest_only.py took 0.085 seconds
[2025-03-17T13:40:26.851+0000] {processor.py:186} INFO - Started process (PID=944) to work on /home/airflow/.local/lib/python3.12/site-packages/airflow/example_dags/example_latest_only.py
[2025-03-17T13:40:26.861+0000] {processor.py:914} INFO - Processing file /home/airflow/.local/lib/python3.12/site-packages/airflow/example_dags/example_latest_only.py for tasks to queue
[2025-03-17T13:40:26.864+0000] {logging_mixin.py:190} INFO - [2025-03-17T13:40:26.863+0000] {dagbag.py:588} INFO - Filling up the DagBag from /home/airflow/.local/lib/python3.12/site-packages/airflow/example_dags/example_latest_only.py
[2025-03-17T13:40:26.881+0000] {processor.py:925} INFO - DAG(s) 'latest_only' retrieved from /home/airflow/.local/lib/python3.12/site-packages/airflow/example_dags/example_latest_only.py
[2025-03-17T13:40:26.918+0000] {logging_mixin.py:190} INFO - [2025-03-17T13:40:26.918+0000] {dag.py:3239} INFO - Sync 1 DAGs
[2025-03-17T13:40:26.964+0000] {logging_mixin.py:190} INFO - [2025-03-17T13:40:26.963+0000] {dag.py:4180} INFO - Setting next_dagrun for latest_only to 2025-03-17 08:00:00+00:00, run_after=2025-03-17 12:00:00+00:00
[2025-03-17T13:40:27.003+0000] {processor.py:208} INFO - Processing /home/airflow/.local/lib/python3.12/site-packages/airflow/example_dags/example_latest_only.py took 0.160 seconds
[2025-03-17T13:40:58.374+0000] {processor.py:186} INFO - Started process (PID=1000) to work on /home/airflow/.local/lib/python3.12/site-packages/airflow/example_dags/example_latest_only.py
[2025-03-17T13:40:58.376+0000] {processor.py:914} INFO - Processing file /home/airflow/.local/lib/python3.12/site-packages/airflow/example_dags/example_latest_only.py for tasks to queue
[2025-03-17T13:40:58.378+0000] {logging_mixin.py:190} INFO - [2025-03-17T13:40:58.378+0000] {dagbag.py:588} INFO - Filling up the DagBag from /home/airflow/.local/lib/python3.12/site-packages/airflow/example_dags/example_latest_only.py
[2025-03-17T13:40:58.402+0000] {processor.py:925} INFO - DAG(s) 'latest_only' retrieved from /home/airflow/.local/lib/python3.12/site-packages/airflow/example_dags/example_latest_only.py
[2025-03-17T13:40:58.443+0000] {logging_mixin.py:190} INFO - [2025-03-17T13:40:58.442+0000] {dag.py:3239} INFO - Sync 1 DAGs
[2025-03-17T13:40:58.496+0000] {logging_mixin.py:190} INFO - [2025-03-17T13:40:58.495+0000] {dag.py:4180} INFO - Setting next_dagrun for latest_only to 2025-03-17 08:00:00+00:00, run_after=2025-03-17 12:00:00+00:00
[2025-03-17T13:40:58.528+0000] {processor.py:208} INFO - Processing /home/airflow/.local/lib/python3.12/site-packages/airflow/example_dags/example_latest_only.py took 0.166 seconds
[2025-03-17T13:41:29.247+0000] {processor.py:186} INFO - Started process (PID=1069) to work on /home/airflow/.local/lib/python3.12/site-packages/airflow/example_dags/example_latest_only.py
[2025-03-17T13:41:29.248+0000] {processor.py:914} INFO - Processing file /home/airflow/.local/lib/python3.12/site-packages/airflow/example_dags/example_latest_only.py for tasks to queue
[2025-03-17T13:41:29.249+0000] {logging_mixin.py:190} INFO - [2025-03-17T13:41:29.249+0000] {dagbag.py:588} INFO - Filling up the DagBag from /home/airflow/.local/lib/python3.12/site-packages/airflow/example_dags/example_latest_only.py
[2025-03-17T13:41:29.258+0000] {processor.py:925} INFO - DAG(s) 'latest_only' retrieved from /home/airflow/.local/lib/python3.12/site-packages/airflow/example_dags/example_latest_only.py
[2025-03-17T13:41:29.277+0000] {logging_mixin.py:190} INFO - [2025-03-17T13:41:29.277+0000] {dag.py:3239} INFO - Sync 1 DAGs
[2025-03-17T13:41:29.303+0000] {logging_mixin.py:190} INFO - [2025-03-17T13:41:29.302+0000] {dag.py:4180} INFO - Setting next_dagrun for latest_only to 2025-03-17 08:00:00+00:00, run_after=2025-03-17 12:00:00+00:00
[2025-03-17T13:41:29.322+0000] {processor.py:208} INFO - Processing /home/airflow/.local/lib/python3.12/site-packages/airflow/example_dags/example_latest_only.py took 0.082 seconds
[2025-03-17T13:42:00.537+0000] {processor.py:186} INFO - Started process (PID=1132) to work on /home/airflow/.local/lib/python3.12/site-packages/airflow/example_dags/example_latest_only.py
[2025-03-17T13:42:00.538+0000] {processor.py:914} INFO - Processing file /home/airflow/.local/lib/python3.12/site-packages/airflow/example_dags/example_latest_only.py for tasks to queue
[2025-03-17T13:42:00.540+0000] {logging_mixin.py:190} INFO - [2025-03-17T13:42:00.539+0000] {dagbag.py:588} INFO - Filling up the DagBag from /home/airflow/.local/lib/python3.12/site-packages/airflow/example_dags/example_latest_only.py
[2025-03-17T13:42:00.549+0000] {processor.py:925} INFO - DAG(s) 'latest_only' retrieved from /home/airflow/.local/lib/python3.12/site-packages/airflow/example_dags/example_latest_only.py
[2025-03-17T13:42:00.572+0000] {logging_mixin.py:190} INFO - [2025-03-17T13:42:00.571+0000] {dag.py:3239} INFO - Sync 1 DAGs
[2025-03-17T13:42:00.601+0000] {logging_mixin.py:190} INFO - [2025-03-17T13:42:00.601+0000] {dag.py:4180} INFO - Setting next_dagrun for latest_only to 2025-03-17 08:00:00+00:00, run_after=2025-03-17 12:00:00+00:00
[2025-03-17T13:42:00.623+0000] {processor.py:208} INFO - Processing /home/airflow/.local/lib/python3.12/site-packages/airflow/example_dags/example_latest_only.py took 0.093 seconds
[2025-03-17T13:44:05.644+0000] {processor.py:186} INFO - Started process (PID=109) to work on /home/airflow/.local/lib/python3.12/site-packages/airflow/example_dags/example_latest_only.py
[2025-03-17T13:44:05.749+0000] {processor.py:914} INFO - Processing file /home/airflow/.local/lib/python3.12/site-packages/airflow/example_dags/example_latest_only.py for tasks to queue
[2025-03-17T13:44:05.754+0000] {logging_mixin.py:190} INFO - [2025-03-17T13:44:05.753+0000] {dagbag.py:588} INFO - Filling up the DagBag from /home/airflow/.local/lib/python3.12/site-packages/airflow/example_dags/example_latest_only.py
[2025-03-17T13:44:05.771+0000] {processor.py:925} INFO - DAG(s) 'latest_only' retrieved from /home/airflow/.local/lib/python3.12/site-packages/airflow/example_dags/example_latest_only.py
[2025-03-17T13:44:05.821+0000] {logging_mixin.py:190} INFO - [2025-03-17T13:44:05.820+0000] {dag.py:3239} INFO - Sync 1 DAGs
[2025-03-17T13:44:05.872+0000] {logging_mixin.py:190} INFO - [2025-03-17T13:44:05.871+0000] {dag.py:4180} INFO - Setting next_dagrun for latest_only to 2025-03-17 08:00:00+00:00, run_after=2025-03-17 12:00:00+00:00
[2025-03-17T13:44:05.909+0000] {processor.py:208} INFO - Processing /home/airflow/.local/lib/python3.12/site-packages/airflow/example_dags/example_latest_only.py took 0.276 seconds
[2025-03-17T13:44:36.286+0000] {processor.py:186} INFO - Started process (PID=172) to work on /home/airflow/.local/lib/python3.12/site-packages/airflow/example_dags/example_latest_only.py
[2025-03-17T13:44:36.287+0000] {processor.py:914} INFO - Processing file /home/airflow/.local/lib/python3.12/site-packages/airflow/example_dags/example_latest_only.py for tasks to queue
[2025-03-17T13:44:36.290+0000] {logging_mixin.py:190} INFO - [2025-03-17T13:44:36.289+0000] {dagbag.py:588} INFO - Filling up the DagBag from /home/airflow/.local/lib/python3.12/site-packages/airflow/example_dags/example_latest_only.py
[2025-03-17T13:44:36.297+0000] {processor.py:925} INFO - DAG(s) 'latest_only' retrieved from /home/airflow/.local/lib/python3.12/site-packages/airflow/example_dags/example_latest_only.py
[2025-03-17T13:44:36.325+0000] {logging_mixin.py:190} INFO - [2025-03-17T13:44:36.325+0000] {dag.py:3239} INFO - Sync 1 DAGs
[2025-03-17T13:44:36.350+0000] {logging_mixin.py:190} INFO - [2025-03-17T13:44:36.350+0000] {dag.py:4180} INFO - Setting next_dagrun for latest_only to 2025-03-17 08:00:00+00:00, run_after=2025-03-17 12:00:00+00:00
[2025-03-17T13:44:36.372+0000] {processor.py:208} INFO - Processing /home/airflow/.local/lib/python3.12/site-packages/airflow/example_dags/example_latest_only.py took 0.091 seconds
[2025-03-17T13:45:06.590+0000] {processor.py:186} INFO - Started process (PID=234) to work on /home/airflow/.local/lib/python3.12/site-packages/airflow/example_dags/example_latest_only.py
[2025-03-17T13:45:06.591+0000] {processor.py:914} INFO - Processing file /home/airflow/.local/lib/python3.12/site-packages/airflow/example_dags/example_latest_only.py for tasks to queue
[2025-03-17T13:45:06.593+0000] {logging_mixin.py:190} INFO - [2025-03-17T13:45:06.593+0000] {dagbag.py:588} INFO - Filling up the DagBag from /home/airflow/.local/lib/python3.12/site-packages/airflow/example_dags/example_latest_only.py
[2025-03-17T13:45:06.600+0000] {processor.py:925} INFO - DAG(s) 'latest_only' retrieved from /home/airflow/.local/lib/python3.12/site-packages/airflow/example_dags/example_latest_only.py
[2025-03-17T13:45:06.621+0000] {logging_mixin.py:190} INFO - [2025-03-17T13:45:06.621+0000] {dag.py:3239} INFO - Sync 1 DAGs
[2025-03-17T13:45:06.658+0000] {logging_mixin.py:190} INFO - [2025-03-17T13:45:06.657+0000] {dag.py:4180} INFO - Setting next_dagrun for latest_only to 2025-03-17 08:00:00+00:00, run_after=2025-03-17 12:00:00+00:00
[2025-03-17T13:45:06.677+0000] {processor.py:208} INFO - Processing /home/airflow/.local/lib/python3.12/site-packages/airflow/example_dags/example_latest_only.py took 0.092 seconds
[2025-03-17T13:45:37.142+0000] {processor.py:186} INFO - Started process (PID=297) to work on /home/airflow/.local/lib/python3.12/site-packages/airflow/example_dags/example_latest_only.py
[2025-03-17T13:45:37.148+0000] {processor.py:914} INFO - Processing file /home/airflow/.local/lib/python3.12/site-packages/airflow/example_dags/example_latest_only.py for tasks to queue
[2025-03-17T13:45:37.151+0000] {logging_mixin.py:190} INFO - [2025-03-17T13:45:37.150+0000] {dagbag.py:588} INFO - Filling up the DagBag from /home/airflow/.local/lib/python3.12/site-packages/airflow/example_dags/example_latest_only.py
[2025-03-17T13:45:37.160+0000] {processor.py:925} INFO - DAG(s) 'latest_only' retrieved from /home/airflow/.local/lib/python3.12/site-packages/airflow/example_dags/example_latest_only.py
[2025-03-17T13:45:37.185+0000] {logging_mixin.py:190} INFO - [2025-03-17T13:45:37.185+0000] {dag.py:3239} INFO - Sync 1 DAGs
[2025-03-17T13:45:37.383+0000] {logging_mixin.py:190} INFO - [2025-03-17T13:45:37.383+0000] {dag.py:4180} INFO - Setting next_dagrun for latest_only to 2025-03-17 08:00:00+00:00, run_after=2025-03-17 12:00:00+00:00
[2025-03-17T13:45:37.411+0000] {processor.py:208} INFO - Processing /home/airflow/.local/lib/python3.12/site-packages/airflow/example_dags/example_latest_only.py took 0.119 seconds
[2025-03-17T13:46:07.962+0000] {processor.py:186} INFO - Started process (PID=363) to work on /home/airflow/.local/lib/python3.12/site-packages/airflow/example_dags/example_latest_only.py
[2025-03-17T13:46:07.963+0000] {processor.py:914} INFO - Processing file /home/airflow/.local/lib/python3.12/site-packages/airflow/example_dags/example_latest_only.py for tasks to queue
[2025-03-17T13:46:07.965+0000] {logging_mixin.py:190} INFO - [2025-03-17T13:46:07.965+0000] {dagbag.py:588} INFO - Filling up the DagBag from /home/airflow/.local/lib/python3.12/site-packages/airflow/example_dags/example_latest_only.py
[2025-03-17T13:46:07.975+0000] {processor.py:925} INFO - DAG(s) 'latest_only' retrieved from /home/airflow/.local/lib/python3.12/site-packages/airflow/example_dags/example_latest_only.py
[2025-03-17T13:46:07.996+0000] {logging_mixin.py:190} INFO - [2025-03-17T13:46:07.996+0000] {dag.py:3239} INFO - Sync 1 DAGs
[2025-03-17T13:46:08.022+0000] {logging_mixin.py:190} INFO - [2025-03-17T13:46:08.021+0000] {dag.py:4180} INFO - Setting next_dagrun for latest_only to 2025-03-17 08:00:00+00:00, run_after=2025-03-17 12:00:00+00:00
[2025-03-17T13:46:08.044+0000] {processor.py:208} INFO - Processing /home/airflow/.local/lib/python3.12/site-packages/airflow/example_dags/example_latest_only.py took 0.089 seconds
[2025-03-17T13:46:38.782+0000] {processor.py:186} INFO - Started process (PID=426) to work on /home/airflow/.local/lib/python3.12/site-packages/airflow/example_dags/example_latest_only.py
[2025-03-17T13:46:38.787+0000] {processor.py:914} INFO - Processing file /home/airflow/.local/lib/python3.12/site-packages/airflow/example_dags/example_latest_only.py for tasks to queue
[2025-03-17T13:46:38.790+0000] {logging_mixin.py:190} INFO - [2025-03-17T13:46:38.789+0000] {dagbag.py:588} INFO - Filling up the DagBag from /home/airflow/.local/lib/python3.12/site-packages/airflow/example_dags/example_latest_only.py
[2025-03-17T13:46:38.797+0000] {processor.py:925} INFO - DAG(s) 'latest_only' retrieved from /home/airflow/.local/lib/python3.12/site-packages/airflow/example_dags/example_latest_only.py
[2025-03-17T13:46:38.816+0000] {logging_mixin.py:190} INFO - [2025-03-17T13:46:38.816+0000] {dag.py:3239} INFO - Sync 1 DAGs
[2025-03-17T13:46:38.839+0000] {logging_mixin.py:190} INFO - [2025-03-17T13:46:38.838+0000] {dag.py:4180} INFO - Setting next_dagrun for latest_only to 2025-03-17 08:00:00+00:00, run_after=2025-03-17 12:00:00+00:00
[2025-03-17T13:46:38.857+0000] {processor.py:208} INFO - Processing /home/airflow/.local/lib/python3.12/site-packages/airflow/example_dags/example_latest_only.py took 0.080 seconds
[2025-03-17T13:47:09.719+0000] {processor.py:186} INFO - Started process (PID=487) to work on /home/airflow/.local/lib/python3.12/site-packages/airflow/example_dags/example_latest_only.py
[2025-03-17T13:47:09.720+0000] {processor.py:914} INFO - Processing file /home/airflow/.local/lib/python3.12/site-packages/airflow/example_dags/example_latest_only.py for tasks to queue
[2025-03-17T13:47:09.723+0000] {logging_mixin.py:190} INFO - [2025-03-17T13:47:09.723+0000] {dagbag.py:588} INFO - Filling up the DagBag from /home/airflow/.local/lib/python3.12/site-packages/airflow/example_dags/example_latest_only.py
[2025-03-17T13:47:09.732+0000] {processor.py:925} INFO - DAG(s) 'latest_only' retrieved from /home/airflow/.local/lib/python3.12/site-packages/airflow/example_dags/example_latest_only.py
[2025-03-17T13:47:09.756+0000] {logging_mixin.py:190} INFO - [2025-03-17T13:47:09.756+0000] {dag.py:3239} INFO - Sync 1 DAGs
[2025-03-17T13:47:09.781+0000] {logging_mixin.py:190} INFO - [2025-03-17T13:47:09.780+0000] {dag.py:4180} INFO - Setting next_dagrun for latest_only to 2025-03-17 08:00:00+00:00, run_after=2025-03-17 12:00:00+00:00
[2025-03-17T13:47:09.802+0000] {processor.py:208} INFO - Processing /home/airflow/.local/lib/python3.12/site-packages/airflow/example_dags/example_latest_only.py took 0.092 seconds
[2025-03-17T13:47:39.928+0000] {processor.py:186} INFO - Started process (PID=549) to work on /home/airflow/.local/lib/python3.12/site-packages/airflow/example_dags/example_latest_only.py
[2025-03-17T13:47:39.929+0000] {processor.py:914} INFO - Processing file /home/airflow/.local/lib/python3.12/site-packages/airflow/example_dags/example_latest_only.py for tasks to queue
[2025-03-17T13:47:39.931+0000] {logging_mixin.py:190} INFO - [2025-03-17T13:47:39.931+0000] {dagbag.py:588} INFO - Filling up the DagBag from /home/airflow/.local/lib/python3.12/site-packages/airflow/example_dags/example_latest_only.py
[2025-03-17T13:47:39.944+0000] {processor.py:925} INFO - DAG(s) 'latest_only' retrieved from /home/airflow/.local/lib/python3.12/site-packages/airflow/example_dags/example_latest_only.py
[2025-03-17T13:47:39.970+0000] {logging_mixin.py:190} INFO - [2025-03-17T13:47:39.969+0000] {dag.py:3239} INFO - Sync 1 DAGs
[2025-03-17T13:47:39.998+0000] {logging_mixin.py:190} INFO - [2025-03-17T13:47:39.998+0000] {dag.py:4180} INFO - Setting next_dagrun for latest_only to 2025-03-17 08:00:00+00:00, run_after=2025-03-17 12:00:00+00:00
[2025-03-17T13:47:40.021+0000] {processor.py:208} INFO - Processing /home/airflow/.local/lib/python3.12/site-packages/airflow/example_dags/example_latest_only.py took 0.099 seconds
[2025-03-17T13:48:10.466+0000] {processor.py:186} INFO - Started process (PID=618) to work on /home/airflow/.local/lib/python3.12/site-packages/airflow/example_dags/example_latest_only.py
[2025-03-17T13:48:10.467+0000] {processor.py:914} INFO - Processing file /home/airflow/.local/lib/python3.12/site-packages/airflow/example_dags/example_latest_only.py for tasks to queue
[2025-03-17T13:48:10.470+0000] {logging_mixin.py:190} INFO - [2025-03-17T13:48:10.469+0000] {dagbag.py:588} INFO - Filling up the DagBag from /home/airflow/.local/lib/python3.12/site-packages/airflow/example_dags/example_latest_only.py
[2025-03-17T13:48:10.477+0000] {processor.py:925} INFO - DAG(s) 'latest_only' retrieved from /home/airflow/.local/lib/python3.12/site-packages/airflow/example_dags/example_latest_only.py
[2025-03-17T13:48:10.497+0000] {logging_mixin.py:190} INFO - [2025-03-17T13:48:10.496+0000] {dag.py:3239} INFO - Sync 1 DAGs
[2025-03-17T13:48:10.518+0000] {logging_mixin.py:190} INFO - [2025-03-17T13:48:10.518+0000] {dag.py:4180} INFO - Setting next_dagrun for latest_only to 2025-03-17 08:00:00+00:00, run_after=2025-03-17 12:00:00+00:00
[2025-03-17T13:48:10.537+0000] {processor.py:208} INFO - Processing /home/airflow/.local/lib/python3.12/site-packages/airflow/example_dags/example_latest_only.py took 0.077 seconds
[2025-03-17T13:48:41.209+0000] {processor.py:186} INFO - Started process (PID=681) to work on /home/airflow/.local/lib/python3.12/site-packages/airflow/example_dags/example_latest_only.py
[2025-03-17T13:48:41.225+0000] {processor.py:914} INFO - Processing file /home/airflow/.local/lib/python3.12/site-packages/airflow/example_dags/example_latest_only.py for tasks to queue
[2025-03-17T13:48:41.228+0000] {logging_mixin.py:190} INFO - [2025-03-17T13:48:41.227+0000] {dagbag.py:588} INFO - Filling up the DagBag from /home/airflow/.local/lib/python3.12/site-packages/airflow/example_dags/example_latest_only.py
[2025-03-17T13:48:41.235+0000] {processor.py:925} INFO - DAG(s) 'latest_only' retrieved from /home/airflow/.local/lib/python3.12/site-packages/airflow/example_dags/example_latest_only.py
[2025-03-17T13:48:41.260+0000] {logging_mixin.py:190} INFO - [2025-03-17T13:48:41.259+0000] {dag.py:3239} INFO - Sync 1 DAGs
[2025-03-17T13:48:41.283+0000] {logging_mixin.py:190} INFO - [2025-03-17T13:48:41.283+0000] {dag.py:4180} INFO - Setting next_dagrun for latest_only to 2025-03-17 08:00:00+00:00, run_after=2025-03-17 12:00:00+00:00
[2025-03-17T13:48:41.303+0000] {processor.py:208} INFO - Processing /home/airflow/.local/lib/python3.12/site-packages/airflow/example_dags/example_latest_only.py took 0.099 seconds
[2025-03-17T13:49:11.475+0000] {processor.py:186} INFO - Started process (PID=744) to work on /home/airflow/.local/lib/python3.12/site-packages/airflow/example_dags/example_latest_only.py
[2025-03-17T13:49:11.483+0000] {processor.py:914} INFO - Processing file /home/airflow/.local/lib/python3.12/site-packages/airflow/example_dags/example_latest_only.py for tasks to queue
[2025-03-17T13:49:11.486+0000] {logging_mixin.py:190} INFO - [2025-03-17T13:49:11.486+0000] {dagbag.py:588} INFO - Filling up the DagBag from /home/airflow/.local/lib/python3.12/site-packages/airflow/example_dags/example_latest_only.py
[2025-03-17T13:49:11.496+0000] {processor.py:925} INFO - DAG(s) 'latest_only' retrieved from /home/airflow/.local/lib/python3.12/site-packages/airflow/example_dags/example_latest_only.py
[2025-03-17T13:49:11.524+0000] {logging_mixin.py:190} INFO - [2025-03-17T13:49:11.524+0000] {dag.py:3239} INFO - Sync 1 DAGs
[2025-03-17T13:49:11.554+0000] {logging_mixin.py:190} INFO - [2025-03-17T13:49:11.554+0000] {dag.py:4180} INFO - Setting next_dagrun for latest_only to 2025-03-17 08:00:00+00:00, run_after=2025-03-17 12:00:00+00:00
[2025-03-17T13:49:11.578+0000] {processor.py:208} INFO - Processing /home/airflow/.local/lib/python3.12/site-packages/airflow/example_dags/example_latest_only.py took 0.110 seconds
[2025-03-17T13:49:42.301+0000] {processor.py:186} INFO - Started process (PID=806) to work on /home/airflow/.local/lib/python3.12/site-packages/airflow/example_dags/example_latest_only.py
[2025-03-17T13:49:42.302+0000] {processor.py:914} INFO - Processing file /home/airflow/.local/lib/python3.12/site-packages/airflow/example_dags/example_latest_only.py for tasks to queue
[2025-03-17T13:49:42.304+0000] {logging_mixin.py:190} INFO - [2025-03-17T13:49:42.304+0000] {dagbag.py:588} INFO - Filling up the DagBag from /home/airflow/.local/lib/python3.12/site-packages/airflow/example_dags/example_latest_only.py
[2025-03-17T13:49:42.312+0000] {processor.py:925} INFO - DAG(s) 'latest_only' retrieved from /home/airflow/.local/lib/python3.12/site-packages/airflow/example_dags/example_latest_only.py
[2025-03-17T13:49:42.334+0000] {logging_mixin.py:190} INFO - [2025-03-17T13:49:42.334+0000] {dag.py:3239} INFO - Sync 1 DAGs
[2025-03-17T13:49:42.362+0000] {logging_mixin.py:190} INFO - [2025-03-17T13:49:42.362+0000] {dag.py:4180} INFO - Setting next_dagrun for latest_only to 2025-03-17 08:00:00+00:00, run_after=2025-03-17 12:00:00+00:00
[2025-03-17T13:49:42.385+0000] {processor.py:208} INFO - Processing /home/airflow/.local/lib/python3.12/site-packages/airflow/example_dags/example_latest_only.py took 0.092 seconds
[2025-03-17T13:50:12.647+0000] {processor.py:186} INFO - Started process (PID=868) to work on /home/airflow/.local/lib/python3.12/site-packages/airflow/example_dags/example_latest_only.py
[2025-03-17T13:50:12.647+0000] {processor.py:914} INFO - Processing file /home/airflow/.local/lib/python3.12/site-packages/airflow/example_dags/example_latest_only.py for tasks to queue
[2025-03-17T13:50:12.650+0000] {logging_mixin.py:190} INFO - [2025-03-17T13:50:12.649+0000] {dagbag.py:588} INFO - Filling up the DagBag from /home/airflow/.local/lib/python3.12/site-packages/airflow/example_dags/example_latest_only.py
[2025-03-17T13:50:12.658+0000] {processor.py:925} INFO - DAG(s) 'latest_only' retrieved from /home/airflow/.local/lib/python3.12/site-packages/airflow/example_dags/example_latest_only.py
[2025-03-17T13:50:12.679+0000] {logging_mixin.py:190} INFO - [2025-03-17T13:50:12.679+0000] {dag.py:3239} INFO - Sync 1 DAGs
[2025-03-17T13:50:12.705+0000] {logging_mixin.py:190} INFO - [2025-03-17T13:50:12.704+0000] {dag.py:4180} INFO - Setting next_dagrun for latest_only to 2025-03-17 08:00:00+00:00, run_after=2025-03-17 12:00:00+00:00
[2025-03-17T13:50:12.725+0000] {processor.py:208} INFO - Processing /home/airflow/.local/lib/python3.12/site-packages/airflow/example_dags/example_latest_only.py took 0.085 seconds
[2025-03-17T13:50:43.571+0000] {processor.py:186} INFO - Started process (PID=931) to work on /home/airflow/.local/lib/python3.12/site-packages/airflow/example_dags/example_latest_only.py
[2025-03-17T13:50:43.572+0000] {processor.py:914} INFO - Processing file /home/airflow/.local/lib/python3.12/site-packages/airflow/example_dags/example_latest_only.py for tasks to queue
[2025-03-17T13:50:43.574+0000] {logging_mixin.py:190} INFO - [2025-03-17T13:50:43.574+0000] {dagbag.py:588} INFO - Filling up the DagBag from /home/airflow/.local/lib/python3.12/site-packages/airflow/example_dags/example_latest_only.py
[2025-03-17T13:50:43.581+0000] {processor.py:925} INFO - DAG(s) 'latest_only' retrieved from /home/airflow/.local/lib/python3.12/site-packages/airflow/example_dags/example_latest_only.py
[2025-03-17T13:50:43.598+0000] {logging_mixin.py:190} INFO - [2025-03-17T13:50:43.598+0000] {dag.py:3239} INFO - Sync 1 DAGs
[2025-03-17T13:50:43.621+0000] {logging_mixin.py:190} INFO - [2025-03-17T13:50:43.620+0000] {dag.py:4180} INFO - Setting next_dagrun for latest_only to 2025-03-17 08:00:00+00:00, run_after=2025-03-17 12:00:00+00:00
[2025-03-17T13:50:43.637+0000] {processor.py:208} INFO - Processing /home/airflow/.local/lib/python3.12/site-packages/airflow/example_dags/example_latest_only.py took 0.072 seconds
[2025-03-17T13:51:13.764+0000] {processor.py:186} INFO - Started process (PID=994) to work on /home/airflow/.local/lib/python3.12/site-packages/airflow/example_dags/example_latest_only.py
[2025-03-17T13:51:13.765+0000] {processor.py:914} INFO - Processing file /home/airflow/.local/lib/python3.12/site-packages/airflow/example_dags/example_latest_only.py for tasks to queue
[2025-03-17T13:51:13.767+0000] {logging_mixin.py:190} INFO - [2025-03-17T13:51:13.767+0000] {dagbag.py:588} INFO - Filling up the DagBag from /home/airflow/.local/lib/python3.12/site-packages/airflow/example_dags/example_latest_only.py
[2025-03-17T13:51:13.774+0000] {processor.py:925} INFO - DAG(s) 'latest_only' retrieved from /home/airflow/.local/lib/python3.12/site-packages/airflow/example_dags/example_latest_only.py
[2025-03-17T13:51:13.793+0000] {logging_mixin.py:190} INFO - [2025-03-17T13:51:13.793+0000] {dag.py:3239} INFO - Sync 1 DAGs
[2025-03-17T13:51:13.817+0000] {logging_mixin.py:190} INFO - [2025-03-17T13:51:13.817+0000] {dag.py:4180} INFO - Setting next_dagrun for latest_only to 2025-03-17 08:00:00+00:00, run_after=2025-03-17 12:00:00+00:00
[2025-03-17T13:51:13.834+0000] {processor.py:208} INFO - Processing /home/airflow/.local/lib/python3.12/site-packages/airflow/example_dags/example_latest_only.py took 0.076 seconds
[2025-03-17T13:51:44.204+0000] {processor.py:186} INFO - Started process (PID=1057) to work on /home/airflow/.local/lib/python3.12/site-packages/airflow/example_dags/example_latest_only.py
[2025-03-17T13:51:44.205+0000] {processor.py:914} INFO - Processing file /home/airflow/.local/lib/python3.12/site-packages/airflow/example_dags/example_latest_only.py for tasks to queue
[2025-03-17T13:51:44.207+0000] {logging_mixin.py:190} INFO - [2025-03-17T13:51:44.207+0000] {dagbag.py:588} INFO - Filling up the DagBag from /home/airflow/.local/lib/python3.12/site-packages/airflow/example_dags/example_latest_only.py
[2025-03-17T13:51:44.215+0000] {processor.py:925} INFO - DAG(s) 'latest_only' retrieved from /home/airflow/.local/lib/python3.12/site-packages/airflow/example_dags/example_latest_only.py
[2025-03-17T13:51:44.234+0000] {logging_mixin.py:190} INFO - [2025-03-17T13:51:44.234+0000] {dag.py:3239} INFO - Sync 1 DAGs
[2025-03-17T13:51:44.258+0000] {logging_mixin.py:190} INFO - [2025-03-17T13:51:44.257+0000] {dag.py:4180} INFO - Setting next_dagrun for latest_only to 2025-03-17 08:00:00+00:00, run_after=2025-03-17 12:00:00+00:00
[2025-03-17T13:51:44.275+0000] {processor.py:208} INFO - Processing /home/airflow/.local/lib/python3.12/site-packages/airflow/example_dags/example_latest_only.py took 0.076 seconds
[2025-03-17T13:52:15.102+0000] {processor.py:186} INFO - Started process (PID=1120) to work on /home/airflow/.local/lib/python3.12/site-packages/airflow/example_dags/example_latest_only.py
[2025-03-17T13:52:15.103+0000] {processor.py:914} INFO - Processing file /home/airflow/.local/lib/python3.12/site-packages/airflow/example_dags/example_latest_only.py for tasks to queue
[2025-03-17T13:52:15.105+0000] {logging_mixin.py:190} INFO - [2025-03-17T13:52:15.105+0000] {dagbag.py:588} INFO - Filling up the DagBag from /home/airflow/.local/lib/python3.12/site-packages/airflow/example_dags/example_latest_only.py
[2025-03-17T13:52:15.112+0000] {processor.py:925} INFO - DAG(s) 'latest_only' retrieved from /home/airflow/.local/lib/python3.12/site-packages/airflow/example_dags/example_latest_only.py
[2025-03-17T13:52:15.131+0000] {logging_mixin.py:190} INFO - [2025-03-17T13:52:15.131+0000] {dag.py:3239} INFO - Sync 1 DAGs
[2025-03-17T13:52:15.159+0000] {logging_mixin.py:190} INFO - [2025-03-17T13:52:15.159+0000] {dag.py:4180} INFO - Setting next_dagrun for latest_only to 2025-03-17 08:00:00+00:00, run_after=2025-03-17 12:00:00+00:00
[2025-03-17T13:52:15.178+0000] {processor.py:208} INFO - Processing /home/airflow/.local/lib/python3.12/site-packages/airflow/example_dags/example_latest_only.py took 0.081 seconds
[2025-03-17T13:52:46.192+0000] {processor.py:186} INFO - Started process (PID=1183) to work on /home/airflow/.local/lib/python3.12/site-packages/airflow/example_dags/example_latest_only.py
[2025-03-17T13:52:46.195+0000] {processor.py:914} INFO - Processing file /home/airflow/.local/lib/python3.12/site-packages/airflow/example_dags/example_latest_only.py for tasks to queue
[2025-03-17T13:52:46.198+0000] {logging_mixin.py:190} INFO - [2025-03-17T13:52:46.198+0000] {dagbag.py:588} INFO - Filling up the DagBag from /home/airflow/.local/lib/python3.12/site-packages/airflow/example_dags/example_latest_only.py
[2025-03-17T13:52:46.208+0000] {processor.py:925} INFO - DAG(s) 'latest_only' retrieved from /home/airflow/.local/lib/python3.12/site-packages/airflow/example_dags/example_latest_only.py
[2025-03-17T13:52:46.232+0000] {logging_mixin.py:190} INFO - [2025-03-17T13:52:46.231+0000] {dag.py:3239} INFO - Sync 1 DAGs
[2025-03-17T13:52:46.259+0000] {logging_mixin.py:190} INFO - [2025-03-17T13:52:46.258+0000] {dag.py:4180} INFO - Setting next_dagrun for latest_only to 2025-03-17 08:00:00+00:00, run_after=2025-03-17 12:00:00+00:00
[2025-03-17T13:52:46.280+0000] {processor.py:208} INFO - Processing /home/airflow/.local/lib/python3.12/site-packages/airflow/example_dags/example_latest_only.py took 0.097 seconds
[2025-03-17T13:53:16.848+0000] {processor.py:186} INFO - Started process (PID=1246) to work on /home/airflow/.local/lib/python3.12/site-packages/airflow/example_dags/example_latest_only.py
[2025-03-17T13:53:16.849+0000] {processor.py:914} INFO - Processing file /home/airflow/.local/lib/python3.12/site-packages/airflow/example_dags/example_latest_only.py for tasks to queue
[2025-03-17T13:53:16.852+0000] {logging_mixin.py:190} INFO - [2025-03-17T13:53:16.852+0000] {dagbag.py:588} INFO - Filling up the DagBag from /home/airflow/.local/lib/python3.12/site-packages/airflow/example_dags/example_latest_only.py
[2025-03-17T13:53:16.863+0000] {processor.py:925} INFO - DAG(s) 'latest_only' retrieved from /home/airflow/.local/lib/python3.12/site-packages/airflow/example_dags/example_latest_only.py
[2025-03-17T13:53:16.889+0000] {logging_mixin.py:190} INFO - [2025-03-17T13:53:16.889+0000] {dag.py:3239} INFO - Sync 1 DAGs
[2025-03-17T13:53:16.919+0000] {logging_mixin.py:190} INFO - [2025-03-17T13:53:16.918+0000] {dag.py:4180} INFO - Setting next_dagrun for latest_only to 2025-03-17 08:00:00+00:00, run_after=2025-03-17 12:00:00+00:00
[2025-03-17T13:53:16.943+0000] {processor.py:208} INFO - Processing /home/airflow/.local/lib/python3.12/site-packages/airflow/example_dags/example_latest_only.py took 0.103 seconds
[2025-03-17T13:53:47.084+0000] {processor.py:186} INFO - Started process (PID=1309) to work on /home/airflow/.local/lib/python3.12/site-packages/airflow/example_dags/example_latest_only.py
[2025-03-17T13:53:47.085+0000] {processor.py:914} INFO - Processing file /home/airflow/.local/lib/python3.12/site-packages/airflow/example_dags/example_latest_only.py for tasks to queue
[2025-03-17T13:53:47.087+0000] {logging_mixin.py:190} INFO - [2025-03-17T13:53:47.087+0000] {dagbag.py:588} INFO - Filling up the DagBag from /home/airflow/.local/lib/python3.12/site-packages/airflow/example_dags/example_latest_only.py
[2025-03-17T13:53:47.095+0000] {processor.py:925} INFO - DAG(s) 'latest_only' retrieved from /home/airflow/.local/lib/python3.12/site-packages/airflow/example_dags/example_latest_only.py
[2025-03-17T13:53:47.115+0000] {logging_mixin.py:190} INFO - [2025-03-17T13:53:47.115+0000] {dag.py:3239} INFO - Sync 1 DAGs
[2025-03-17T13:53:47.145+0000] {logging_mixin.py:190} INFO - [2025-03-17T13:53:47.145+0000] {dag.py:4180} INFO - Setting next_dagrun for latest_only to 2025-03-17 08:00:00+00:00, run_after=2025-03-17 12:00:00+00:00
[2025-03-17T13:53:47.166+0000] {processor.py:208} INFO - Processing /home/airflow/.local/lib/python3.12/site-packages/airflow/example_dags/example_latest_only.py took 0.088 seconds
[2025-03-17T16:58:42.791+0000] {processor.py:186} INFO - Started process (PID=103) to work on /home/airflow/.local/lib/python3.12/site-packages/airflow/example_dags/example_latest_only.py
[2025-03-17T16:58:42.793+0000] {processor.py:914} INFO - Processing file /home/airflow/.local/lib/python3.12/site-packages/airflow/example_dags/example_latest_only.py for tasks to queue
[2025-03-17T16:58:42.795+0000] {logging_mixin.py:190} INFO - [2025-03-17T16:58:42.795+0000] {dagbag.py:588} INFO - Filling up the DagBag from /home/airflow/.local/lib/python3.12/site-packages/airflow/example_dags/example_latest_only.py
[2025-03-17T16:58:42.805+0000] {processor.py:925} INFO - DAG(s) 'latest_only' retrieved from /home/airflow/.local/lib/python3.12/site-packages/airflow/example_dags/example_latest_only.py
[2025-03-17T16:58:42.832+0000] {logging_mixin.py:190} INFO - [2025-03-17T16:58:42.832+0000] {dag.py:3239} INFO - Sync 1 DAGs
[2025-03-17T16:58:42.858+0000] {logging_mixin.py:190} INFO - [2025-03-17T16:58:42.858+0000] {dag.py:4180} INFO - Setting next_dagrun for latest_only to 2025-03-17 12:00:00+00:00, run_after=2025-03-17 16:00:00+00:00
[2025-03-17T16:58:42.879+0000] {processor.py:208} INFO - Processing /home/airflow/.local/lib/python3.12/site-packages/airflow/example_dags/example_latest_only.py took 0.095 seconds
[2025-03-17T16:59:14.283+0000] {processor.py:186} INFO - Started process (PID=166) to work on /home/airflow/.local/lib/python3.12/site-packages/airflow/example_dags/example_latest_only.py
[2025-03-17T16:59:14.285+0000] {processor.py:914} INFO - Processing file /home/airflow/.local/lib/python3.12/site-packages/airflow/example_dags/example_latest_only.py for tasks to queue
[2025-03-17T16:59:14.287+0000] {logging_mixin.py:190} INFO - [2025-03-17T16:59:14.287+0000] {dagbag.py:588} INFO - Filling up the DagBag from /home/airflow/.local/lib/python3.12/site-packages/airflow/example_dags/example_latest_only.py
[2025-03-17T16:59:14.305+0000] {processor.py:925} INFO - DAG(s) 'latest_only' retrieved from /home/airflow/.local/lib/python3.12/site-packages/airflow/example_dags/example_latest_only.py
[2025-03-17T16:59:14.324+0000] {logging_mixin.py:190} INFO - [2025-03-17T16:59:14.323+0000] {dag.py:3239} INFO - Sync 1 DAGs
[2025-03-17T16:59:14.350+0000] {logging_mixin.py:190} INFO - [2025-03-17T16:59:14.349+0000] {dag.py:4180} INFO - Setting next_dagrun for latest_only to 2025-03-17 12:00:00+00:00, run_after=2025-03-17 16:00:00+00:00
[2025-03-17T16:59:14.437+0000] {processor.py:208} INFO - Processing /home/airflow/.local/lib/python3.12/site-packages/airflow/example_dags/example_latest_only.py took 0.159 seconds
[2025-03-17T16:59:44.807+0000] {processor.py:186} INFO - Started process (PID=229) to work on /home/airflow/.local/lib/python3.12/site-packages/airflow/example_dags/example_latest_only.py
[2025-03-17T16:59:44.808+0000] {processor.py:914} INFO - Processing file /home/airflow/.local/lib/python3.12/site-packages/airflow/example_dags/example_latest_only.py for tasks to queue
[2025-03-17T16:59:44.810+0000] {logging_mixin.py:190} INFO - [2025-03-17T16:59:44.810+0000] {dagbag.py:588} INFO - Filling up the DagBag from /home/airflow/.local/lib/python3.12/site-packages/airflow/example_dags/example_latest_only.py
[2025-03-17T16:59:44.818+0000] {processor.py:925} INFO - DAG(s) 'latest_only' retrieved from /home/airflow/.local/lib/python3.12/site-packages/airflow/example_dags/example_latest_only.py
[2025-03-17T16:59:44.837+0000] {logging_mixin.py:190} INFO - [2025-03-17T16:59:44.837+0000] {dag.py:3239} INFO - Sync 1 DAGs
[2025-03-17T16:59:44.862+0000] {logging_mixin.py:190} INFO - [2025-03-17T16:59:44.862+0000] {dag.py:4180} INFO - Setting next_dagrun for latest_only to 2025-03-17 12:00:00+00:00, run_after=2025-03-17 16:00:00+00:00
[2025-03-17T16:59:44.882+0000] {processor.py:208} INFO - Processing /home/airflow/.local/lib/python3.12/site-packages/airflow/example_dags/example_latest_only.py took 0.081 seconds
[2025-03-17T17:00:15.433+0000] {processor.py:186} INFO - Started process (PID=297) to work on /home/airflow/.local/lib/python3.12/site-packages/airflow/example_dags/example_latest_only.py
[2025-03-17T17:00:15.434+0000] {processor.py:914} INFO - Processing file /home/airflow/.local/lib/python3.12/site-packages/airflow/example_dags/example_latest_only.py for tasks to queue
[2025-03-17T17:00:15.436+0000] {logging_mixin.py:190} INFO - [2025-03-17T17:00:15.436+0000] {dagbag.py:588} INFO - Filling up the DagBag from /home/airflow/.local/lib/python3.12/site-packages/airflow/example_dags/example_latest_only.py
[2025-03-17T17:00:15.444+0000] {processor.py:925} INFO - DAG(s) 'latest_only' retrieved from /home/airflow/.local/lib/python3.12/site-packages/airflow/example_dags/example_latest_only.py
[2025-03-17T17:00:15.463+0000] {logging_mixin.py:190} INFO - [2025-03-17T17:00:15.462+0000] {dag.py:3239} INFO - Sync 1 DAGs
[2025-03-17T17:00:15.487+0000] {logging_mixin.py:190} INFO - [2025-03-17T17:00:15.487+0000] {dag.py:4180} INFO - Setting next_dagrun for latest_only to 2025-03-17 12:00:00+00:00, run_after=2025-03-17 16:00:00+00:00
[2025-03-17T17:00:15.507+0000] {processor.py:208} INFO - Processing /home/airflow/.local/lib/python3.12/site-packages/airflow/example_dags/example_latest_only.py took 0.081 seconds
[2025-03-17T17:00:45.934+0000] {processor.py:186} INFO - Started process (PID=360) to work on /home/airflow/.local/lib/python3.12/site-packages/airflow/example_dags/example_latest_only.py
[2025-03-17T17:00:45.935+0000] {processor.py:914} INFO - Processing file /home/airflow/.local/lib/python3.12/site-packages/airflow/example_dags/example_latest_only.py for tasks to queue
[2025-03-17T17:00:45.939+0000] {logging_mixin.py:190} INFO - [2025-03-17T17:00:45.938+0000] {dagbag.py:588} INFO - Filling up the DagBag from /home/airflow/.local/lib/python3.12/site-packages/airflow/example_dags/example_latest_only.py
[2025-03-17T17:00:45.951+0000] {processor.py:925} INFO - DAG(s) 'latest_only' retrieved from /home/airflow/.local/lib/python3.12/site-packages/airflow/example_dags/example_latest_only.py
[2025-03-17T17:00:45.973+0000] {logging_mixin.py:190} INFO - [2025-03-17T17:00:45.973+0000] {dag.py:3239} INFO - Sync 1 DAGs
[2025-03-17T17:00:46.004+0000] {logging_mixin.py:190} INFO - [2025-03-17T17:00:46.004+0000] {dag.py:4180} INFO - Setting next_dagrun for latest_only to 2025-03-17 12:00:00+00:00, run_after=2025-03-17 16:00:00+00:00
[2025-03-17T17:00:46.026+0000] {processor.py:208} INFO - Processing /home/airflow/.local/lib/python3.12/site-packages/airflow/example_dags/example_latest_only.py took 0.099 seconds
[2025-03-17T17:01:39.099+0000] {processor.py:186} INFO - Started process (PID=423) to work on /home/airflow/.local/lib/python3.12/site-packages/airflow/example_dags/example_latest_only.py
[2025-03-17T17:01:39.101+0000] {processor.py:914} INFO - Processing file /home/airflow/.local/lib/python3.12/site-packages/airflow/example_dags/example_latest_only.py for tasks to queue
[2025-03-17T17:01:39.104+0000] {logging_mixin.py:190} INFO - [2025-03-17T17:01:39.104+0000] {dagbag.py:588} INFO - Filling up the DagBag from /home/airflow/.local/lib/python3.12/site-packages/airflow/example_dags/example_latest_only.py
[2025-03-17T17:01:39.114+0000] {processor.py:925} INFO - DAG(s) 'latest_only' retrieved from /home/airflow/.local/lib/python3.12/site-packages/airflow/example_dags/example_latest_only.py
[2025-03-17T17:01:39.148+0000] {logging_mixin.py:190} INFO - [2025-03-17T17:01:39.148+0000] {dag.py:3239} INFO - Sync 1 DAGs
[2025-03-17T17:01:39.200+0000] {logging_mixin.py:190} INFO - [2025-03-17T17:01:39.200+0000] {dag.py:4180} INFO - Setting next_dagrun for latest_only to 2025-03-17 12:00:00+00:00, run_after=2025-03-17 16:00:00+00:00
[2025-03-17T17:01:39.230+0000] {processor.py:208} INFO - Processing /home/airflow/.local/lib/python3.12/site-packages/airflow/example_dags/example_latest_only.py took 0.139 seconds
[2025-03-17T17:02:24.574+0000] {processor.py:186} INFO - Started process (PID=498) to work on /home/airflow/.local/lib/python3.12/site-packages/airflow/example_dags/example_latest_only.py
[2025-03-17T17:02:24.575+0000] {processor.py:914} INFO - Processing file /home/airflow/.local/lib/python3.12/site-packages/airflow/example_dags/example_latest_only.py for tasks to queue
[2025-03-17T17:02:24.578+0000] {logging_mixin.py:190} INFO - [2025-03-17T17:02:24.578+0000] {dagbag.py:588} INFO - Filling up the DagBag from /home/airflow/.local/lib/python3.12/site-packages/airflow/example_dags/example_latest_only.py
[2025-03-17T17:02:24.588+0000] {processor.py:925} INFO - DAG(s) 'latest_only' retrieved from /home/airflow/.local/lib/python3.12/site-packages/airflow/example_dags/example_latest_only.py
[2025-03-17T17:02:24.611+0000] {logging_mixin.py:190} INFO - [2025-03-17T17:02:24.611+0000] {dag.py:3239} INFO - Sync 1 DAGs
[2025-03-17T17:02:24.638+0000] {logging_mixin.py:190} INFO - [2025-03-17T17:02:24.638+0000] {dag.py:4180} INFO - Setting next_dagrun for latest_only to 2025-03-17 12:00:00+00:00, run_after=2025-03-17 16:00:00+00:00
[2025-03-17T17:02:24.660+0000] {processor.py:208} INFO - Processing /home/airflow/.local/lib/python3.12/site-packages/airflow/example_dags/example_latest_only.py took 0.094 seconds
[2025-03-17T17:02:57.026+0000] {processor.py:186} INFO - Started process (PID=561) to work on /home/airflow/.local/lib/python3.12/site-packages/airflow/example_dags/example_latest_only.py
[2025-03-17T17:02:57.027+0000] {processor.py:914} INFO - Processing file /home/airflow/.local/lib/python3.12/site-packages/airflow/example_dags/example_latest_only.py for tasks to queue
[2025-03-17T17:02:57.029+0000] {logging_mixin.py:190} INFO - [2025-03-17T17:02:57.029+0000] {dagbag.py:588} INFO - Filling up the DagBag from /home/airflow/.local/lib/python3.12/site-packages/airflow/example_dags/example_latest_only.py
[2025-03-17T17:02:57.039+0000] {processor.py:925} INFO - DAG(s) 'latest_only' retrieved from /home/airflow/.local/lib/python3.12/site-packages/airflow/example_dags/example_latest_only.py
[2025-03-17T17:02:57.062+0000] {logging_mixin.py:190} INFO - [2025-03-17T17:02:57.062+0000] {dag.py:3239} INFO - Sync 1 DAGs
[2025-03-17T17:02:57.090+0000] {logging_mixin.py:190} INFO - [2025-03-17T17:02:57.090+0000] {dag.py:4180} INFO - Setting next_dagrun for latest_only to 2025-03-17 12:00:00+00:00, run_after=2025-03-17 16:00:00+00:00
[2025-03-17T17:02:57.112+0000] {processor.py:208} INFO - Processing /home/airflow/.local/lib/python3.12/site-packages/airflow/example_dags/example_latest_only.py took 0.093 seconds
[2025-03-17T17:03:28.294+0000] {processor.py:186} INFO - Started process (PID=624) to work on /home/airflow/.local/lib/python3.12/site-packages/airflow/example_dags/example_latest_only.py
[2025-03-17T17:03:28.295+0000] {processor.py:914} INFO - Processing file /home/airflow/.local/lib/python3.12/site-packages/airflow/example_dags/example_latest_only.py for tasks to queue
[2025-03-17T17:03:28.297+0000] {logging_mixin.py:190} INFO - [2025-03-17T17:03:28.296+0000] {dagbag.py:588} INFO - Filling up the DagBag from /home/airflow/.local/lib/python3.12/site-packages/airflow/example_dags/example_latest_only.py
[2025-03-17T17:03:28.305+0000] {processor.py:925} INFO - DAG(s) 'latest_only' retrieved from /home/airflow/.local/lib/python3.12/site-packages/airflow/example_dags/example_latest_only.py
[2025-03-17T17:03:28.325+0000] {logging_mixin.py:190} INFO - [2025-03-17T17:03:28.325+0000] {dag.py:3239} INFO - Sync 1 DAGs
[2025-03-17T17:03:28.350+0000] {logging_mixin.py:190} INFO - [2025-03-17T17:03:28.350+0000] {dag.py:4180} INFO - Setting next_dagrun for latest_only to 2025-03-17 12:00:00+00:00, run_after=2025-03-17 16:00:00+00:00
[2025-03-17T17:03:28.371+0000] {processor.py:208} INFO - Processing /home/airflow/.local/lib/python3.12/site-packages/airflow/example_dags/example_latest_only.py took 0.084 seconds
[2025-03-17T17:03:58.943+0000] {processor.py:186} INFO - Started process (PID=687) to work on /home/airflow/.local/lib/python3.12/site-packages/airflow/example_dags/example_latest_only.py
[2025-03-17T17:03:58.944+0000] {processor.py:914} INFO - Processing file /home/airflow/.local/lib/python3.12/site-packages/airflow/example_dags/example_latest_only.py for tasks to queue
[2025-03-17T17:03:58.946+0000] {logging_mixin.py:190} INFO - [2025-03-17T17:03:58.945+0000] {dagbag.py:588} INFO - Filling up the DagBag from /home/airflow/.local/lib/python3.12/site-packages/airflow/example_dags/example_latest_only.py
[2025-03-17T17:03:58.957+0000] {processor.py:925} INFO - DAG(s) 'latest_only' retrieved from /home/airflow/.local/lib/python3.12/site-packages/airflow/example_dags/example_latest_only.py
[2025-03-17T17:03:58.979+0000] {logging_mixin.py:190} INFO - [2025-03-17T17:03:58.979+0000] {dag.py:3239} INFO - Sync 1 DAGs
[2025-03-17T17:03:59.013+0000] {logging_mixin.py:190} INFO - [2025-03-17T17:03:59.013+0000] {dag.py:4180} INFO - Setting next_dagrun for latest_only to 2025-03-17 12:00:00+00:00, run_after=2025-03-17 16:00:00+00:00
[2025-03-17T17:03:59.035+0000] {processor.py:208} INFO - Processing /home/airflow/.local/lib/python3.12/site-packages/airflow/example_dags/example_latest_only.py took 0.099 seconds
[2025-03-17T17:04:29.144+0000] {processor.py:186} INFO - Started process (PID=750) to work on /home/airflow/.local/lib/python3.12/site-packages/airflow/example_dags/example_latest_only.py
[2025-03-17T17:04:29.145+0000] {processor.py:914} INFO - Processing file /home/airflow/.local/lib/python3.12/site-packages/airflow/example_dags/example_latest_only.py for tasks to queue
[2025-03-17T17:04:29.147+0000] {logging_mixin.py:190} INFO - [2025-03-17T17:04:29.146+0000] {dagbag.py:588} INFO - Filling up the DagBag from /home/airflow/.local/lib/python3.12/site-packages/airflow/example_dags/example_latest_only.py
[2025-03-17T17:04:29.155+0000] {processor.py:925} INFO - DAG(s) 'latest_only' retrieved from /home/airflow/.local/lib/python3.12/site-packages/airflow/example_dags/example_latest_only.py
[2025-03-17T17:04:29.175+0000] {logging_mixin.py:190} INFO - [2025-03-17T17:04:29.175+0000] {dag.py:3239} INFO - Sync 1 DAGs
[2025-03-17T17:04:29.199+0000] {logging_mixin.py:190} INFO - [2025-03-17T17:04:29.199+0000] {dag.py:4180} INFO - Setting next_dagrun for latest_only to 2025-03-17 12:00:00+00:00, run_after=2025-03-17 16:00:00+00:00
[2025-03-17T17:04:29.219+0000] {processor.py:208} INFO - Processing /home/airflow/.local/lib/python3.12/site-packages/airflow/example_dags/example_latest_only.py took 0.081 seconds
[2025-03-17T17:05:00.901+0000] {processor.py:186} INFO - Started process (PID=811) to work on /home/airflow/.local/lib/python3.12/site-packages/airflow/example_dags/example_latest_only.py
[2025-03-17T17:05:00.902+0000] {processor.py:914} INFO - Processing file /home/airflow/.local/lib/python3.12/site-packages/airflow/example_dags/example_latest_only.py for tasks to queue
[2025-03-17T17:05:00.904+0000] {logging_mixin.py:190} INFO - [2025-03-17T17:05:00.903+0000] {dagbag.py:588} INFO - Filling up the DagBag from /home/airflow/.local/lib/python3.12/site-packages/airflow/example_dags/example_latest_only.py
[2025-03-17T17:05:00.913+0000] {processor.py:925} INFO - DAG(s) 'latest_only' retrieved from /home/airflow/.local/lib/python3.12/site-packages/airflow/example_dags/example_latest_only.py
[2025-03-17T17:05:00.934+0000] {logging_mixin.py:190} INFO - [2025-03-17T17:05:00.934+0000] {dag.py:3239} INFO - Sync 1 DAGs
[2025-03-17T17:05:00.964+0000] {logging_mixin.py:190} INFO - [2025-03-17T17:05:00.964+0000] {dag.py:4180} INFO - Setting next_dagrun for latest_only to 2025-03-17 12:00:00+00:00, run_after=2025-03-17 16:00:00+00:00
[2025-03-17T17:05:00.988+0000] {processor.py:208} INFO - Processing /home/airflow/.local/lib/python3.12/site-packages/airflow/example_dags/example_latest_only.py took 0.094 seconds
[2025-03-17T17:05:32.095+0000] {processor.py:186} INFO - Started process (PID=875) to work on /home/airflow/.local/lib/python3.12/site-packages/airflow/example_dags/example_latest_only.py
[2025-03-17T17:05:32.096+0000] {processor.py:914} INFO - Processing file /home/airflow/.local/lib/python3.12/site-packages/airflow/example_dags/example_latest_only.py for tasks to queue
[2025-03-17T17:05:32.097+0000] {logging_mixin.py:190} INFO - [2025-03-17T17:05:32.097+0000] {dagbag.py:588} INFO - Filling up the DagBag from /home/airflow/.local/lib/python3.12/site-packages/airflow/example_dags/example_latest_only.py
[2025-03-17T17:05:32.105+0000] {processor.py:925} INFO - DAG(s) 'latest_only' retrieved from /home/airflow/.local/lib/python3.12/site-packages/airflow/example_dags/example_latest_only.py
[2025-03-17T17:05:32.125+0000] {logging_mixin.py:190} INFO - [2025-03-17T17:05:32.124+0000] {dag.py:3239} INFO - Sync 1 DAGs
[2025-03-17T17:05:32.149+0000] {logging_mixin.py:190} INFO - [2025-03-17T17:05:32.149+0000] {dag.py:4180} INFO - Setting next_dagrun for latest_only to 2025-03-17 12:00:00+00:00, run_after=2025-03-17 16:00:00+00:00
[2025-03-17T17:05:32.168+0000] {processor.py:208} INFO - Processing /home/airflow/.local/lib/python3.12/site-packages/airflow/example_dags/example_latest_only.py took 0.078 seconds
[2025-03-17T17:06:03.456+0000] {processor.py:186} INFO - Started process (PID=944) to work on /home/airflow/.local/lib/python3.12/site-packages/airflow/example_dags/example_latest_only.py
[2025-03-17T17:06:03.458+0000] {processor.py:914} INFO - Processing file /home/airflow/.local/lib/python3.12/site-packages/airflow/example_dags/example_latest_only.py for tasks to queue
[2025-03-17T17:06:03.459+0000] {logging_mixin.py:190} INFO - [2025-03-17T17:06:03.459+0000] {dagbag.py:588} INFO - Filling up the DagBag from /home/airflow/.local/lib/python3.12/site-packages/airflow/example_dags/example_latest_only.py
[2025-03-17T17:06:03.469+0000] {processor.py:925} INFO - DAG(s) 'latest_only' retrieved from /home/airflow/.local/lib/python3.12/site-packages/airflow/example_dags/example_latest_only.py
[2025-03-17T17:06:03.501+0000] {logging_mixin.py:190} INFO - [2025-03-17T17:06:03.501+0000] {dag.py:3239} INFO - Sync 1 DAGs
[2025-03-17T17:06:03.540+0000] {logging_mixin.py:190} INFO - [2025-03-17T17:06:03.539+0000] {dag.py:4180} INFO - Setting next_dagrun for latest_only to 2025-03-17 12:00:00+00:00, run_after=2025-03-17 16:00:00+00:00
[2025-03-17T17:06:03.570+0000] {processor.py:208} INFO - Processing /home/airflow/.local/lib/python3.12/site-packages/airflow/example_dags/example_latest_only.py took 0.120 seconds
[2025-03-17T17:06:36.199+0000] {processor.py:186} INFO - Started process (PID=1008) to work on /home/airflow/.local/lib/python3.12/site-packages/airflow/example_dags/example_latest_only.py
[2025-03-17T17:06:36.200+0000] {processor.py:914} INFO - Processing file /home/airflow/.local/lib/python3.12/site-packages/airflow/example_dags/example_latest_only.py for tasks to queue
[2025-03-17T17:06:36.202+0000] {logging_mixin.py:190} INFO - [2025-03-17T17:06:36.202+0000] {dagbag.py:588} INFO - Filling up the DagBag from /home/airflow/.local/lib/python3.12/site-packages/airflow/example_dags/example_latest_only.py
[2025-03-17T17:06:36.212+0000] {processor.py:925} INFO - DAG(s) 'latest_only' retrieved from /home/airflow/.local/lib/python3.12/site-packages/airflow/example_dags/example_latest_only.py
[2025-03-17T17:06:36.238+0000] {logging_mixin.py:190} INFO - [2025-03-17T17:06:36.238+0000] {dag.py:3239} INFO - Sync 1 DAGs
[2025-03-17T17:06:36.268+0000] {logging_mixin.py:190} INFO - [2025-03-17T17:06:36.268+0000] {dag.py:4180} INFO - Setting next_dagrun for latest_only to 2025-03-17 12:00:00+00:00, run_after=2025-03-17 16:00:00+00:00
[2025-03-17T17:06:36.292+0000] {processor.py:208} INFO - Processing /home/airflow/.local/lib/python3.12/site-packages/airflow/example_dags/example_latest_only.py took 0.100 seconds
[2025-03-17T17:07:07.194+0000] {processor.py:186} INFO - Started process (PID=1071) to work on /home/airflow/.local/lib/python3.12/site-packages/airflow/example_dags/example_latest_only.py
[2025-03-17T17:07:07.195+0000] {processor.py:914} INFO - Processing file /home/airflow/.local/lib/python3.12/site-packages/airflow/example_dags/example_latest_only.py for tasks to queue
[2025-03-17T17:07:07.197+0000] {logging_mixin.py:190} INFO - [2025-03-17T17:07:07.196+0000] {dagbag.py:588} INFO - Filling up the DagBag from /home/airflow/.local/lib/python3.12/site-packages/airflow/example_dags/example_latest_only.py
[2025-03-17T17:07:07.208+0000] {processor.py:925} INFO - DAG(s) 'latest_only' retrieved from /home/airflow/.local/lib/python3.12/site-packages/airflow/example_dags/example_latest_only.py
[2025-03-17T17:07:07.230+0000] {logging_mixin.py:190} INFO - [2025-03-17T17:07:07.230+0000] {dag.py:3239} INFO - Sync 1 DAGs
[2025-03-17T17:07:07.257+0000] {logging_mixin.py:190} INFO - [2025-03-17T17:07:07.256+0000] {dag.py:4180} INFO - Setting next_dagrun for latest_only to 2025-03-17 12:00:00+00:00, run_after=2025-03-17 16:00:00+00:00
[2025-03-17T17:07:07.277+0000] {processor.py:208} INFO - Processing /home/airflow/.local/lib/python3.12/site-packages/airflow/example_dags/example_latest_only.py took 0.089 seconds
[2025-03-17T17:07:38.563+0000] {processor.py:186} INFO - Started process (PID=1133) to work on /home/airflow/.local/lib/python3.12/site-packages/airflow/example_dags/example_latest_only.py
[2025-03-17T17:07:38.564+0000] {processor.py:914} INFO - Processing file /home/airflow/.local/lib/python3.12/site-packages/airflow/example_dags/example_latest_only.py for tasks to queue
[2025-03-17T17:07:38.565+0000] {logging_mixin.py:190} INFO - [2025-03-17T17:07:38.565+0000] {dagbag.py:588} INFO - Filling up the DagBag from /home/airflow/.local/lib/python3.12/site-packages/airflow/example_dags/example_latest_only.py
[2025-03-17T17:07:38.574+0000] {processor.py:925} INFO - DAG(s) 'latest_only' retrieved from /home/airflow/.local/lib/python3.12/site-packages/airflow/example_dags/example_latest_only.py
[2025-03-17T17:07:38.593+0000] {logging_mixin.py:190} INFO - [2025-03-17T17:07:38.593+0000] {dag.py:3239} INFO - Sync 1 DAGs
[2025-03-17T17:07:38.619+0000] {logging_mixin.py:190} INFO - [2025-03-17T17:07:38.619+0000] {dag.py:4180} INFO - Setting next_dagrun for latest_only to 2025-03-17 12:00:00+00:00, run_after=2025-03-17 16:00:00+00:00
[2025-03-17T17:07:38.637+0000] {processor.py:208} INFO - Processing /home/airflow/.local/lib/python3.12/site-packages/airflow/example_dags/example_latest_only.py took 0.080 seconds
[2025-03-17T17:08:09.841+0000] {processor.py:186} INFO - Started process (PID=1190) to work on /home/airflow/.local/lib/python3.12/site-packages/airflow/example_dags/example_latest_only.py
[2025-03-17T17:08:09.842+0000] {processor.py:914} INFO - Processing file /home/airflow/.local/lib/python3.12/site-packages/airflow/example_dags/example_latest_only.py for tasks to queue
[2025-03-17T17:08:09.843+0000] {logging_mixin.py:190} INFO - [2025-03-17T17:08:09.843+0000] {dagbag.py:588} INFO - Filling up the DagBag from /home/airflow/.local/lib/python3.12/site-packages/airflow/example_dags/example_latest_only.py
[2025-03-17T17:08:09.853+0000] {processor.py:925} INFO - DAG(s) 'latest_only' retrieved from /home/airflow/.local/lib/python3.12/site-packages/airflow/example_dags/example_latest_only.py
[2025-03-17T17:08:09.873+0000] {logging_mixin.py:190} INFO - [2025-03-17T17:08:09.873+0000] {dag.py:3239} INFO - Sync 1 DAGs
[2025-03-17T17:08:09.905+0000] {logging_mixin.py:190} INFO - [2025-03-17T17:08:09.903+0000] {dag.py:4180} INFO - Setting next_dagrun for latest_only to 2025-03-17 12:00:00+00:00, run_after=2025-03-17 16:00:00+00:00
[2025-03-17T17:08:09.939+0000] {processor.py:208} INFO - Processing /home/airflow/.local/lib/python3.12/site-packages/airflow/example_dags/example_latest_only.py took 0.105 seconds
