[2025-03-17T13:32:36.827+0000] {processor.py:186} INFO - Started process (PID=103) to work on /home/airflow/.local/lib/python3.12/site-packages/airflow/example_dags/tutorial_taskflow_templates.py
[2025-03-17T13:32:36.828+0000] {processor.py:914} INFO - Processing file /home/airflow/.local/lib/python3.12/site-packages/airflow/example_dags/tutorial_taskflow_templates.py for tasks to queue
[2025-03-17T13:32:36.830+0000] {logging_mixin.py:190} INFO - [2025-03-17T13:32:36.830+0000] {dagbag.py:588} INFO - Filling up the DagBag from /home/airflow/.local/lib/python3.12/site-packages/airflow/example_dags/tutorial_taskflow_templates.py
[2025-03-17T13:32:36.847+0000] {processor.py:925} INFO - DAG(s) 'tutorial_taskflow_templates' retrieved from /home/airflow/.local/lib/python3.12/site-packages/airflow/example_dags/tutorial_taskflow_templates.py
[2025-03-17T13:32:36.979+0000] {logging_mixin.py:190} INFO - [2025-03-17T13:32:36.978+0000] {override.py:1912} INFO - Created Permission View: can read on DAG:tutorial_taskflow_templates
[2025-03-17T13:32:36.996+0000] {logging_mixin.py:190} INFO - [2025-03-17T13:32:36.995+0000] {override.py:1912} INFO - Created Permission View: can edit on DAG:tutorial_taskflow_templates
[2025-03-17T13:32:37.007+0000] {logging_mixin.py:190} INFO - [2025-03-17T13:32:37.006+0000] {override.py:1912} INFO - Created Permission View: can delete on DAG:tutorial_taskflow_templates
[2025-03-17T13:32:37.019+0000] {logging_mixin.py:190} INFO - [2025-03-17T13:32:37.019+0000] {override.py:1912} INFO - Created Permission View: can read on DAG Run:tutorial_taskflow_templates
[2025-03-17T13:32:37.027+0000] {logging_mixin.py:190} INFO - [2025-03-17T13:32:37.027+0000] {override.py:1912} INFO - Created Permission View: can delete on DAG Run:tutorial_taskflow_templates
[2025-03-17T13:32:37.036+0000] {logging_mixin.py:190} INFO - [2025-03-17T13:32:37.035+0000] {override.py:1912} INFO - Created Permission View: can create on DAG Run:tutorial_taskflow_templates
[2025-03-17T13:32:37.044+0000] {logging_mixin.py:190} INFO - [2025-03-17T13:32:37.044+0000] {override.py:1912} INFO - Created Permission View: menu access on DAG Run:tutorial_taskflow_templates
[2025-03-17T13:32:37.045+0000] {logging_mixin.py:190} INFO - [2025-03-17T13:32:37.045+0000] {dag.py:3239} INFO - Sync 1 DAGs
[2025-03-17T13:32:37.062+0000] {logging_mixin.py:190} INFO - [2025-03-17T13:32:37.062+0000] {dag.py:3262} INFO - Creating ORM DAG for tutorial_taskflow_templates
[2025-03-17T13:32:37.075+0000] {logging_mixin.py:190} INFO - [2025-03-17T13:32:37.075+0000] {dag.py:4180} INFO - Setting next_dagrun for tutorial_taskflow_templates to 2025-03-16 00:00:00+00:00, run_after=2025-03-17 00:00:00+00:00
[2025-03-17T13:32:37.096+0000] {processor.py:208} INFO - Processing /home/airflow/.local/lib/python3.12/site-packages/airflow/example_dags/tutorial_taskflow_templates.py took 0.275 seconds
[2025-03-17T13:33:07.170+0000] {processor.py:186} INFO - Started process (PID=165) to work on /home/airflow/.local/lib/python3.12/site-packages/airflow/example_dags/tutorial_taskflow_templates.py
[2025-03-17T13:33:07.176+0000] {processor.py:914} INFO - Processing file /home/airflow/.local/lib/python3.12/site-packages/airflow/example_dags/tutorial_taskflow_templates.py for tasks to queue
[2025-03-17T13:33:07.179+0000] {logging_mixin.py:190} INFO - [2025-03-17T13:33:07.178+0000] {dagbag.py:588} INFO - Filling up the DagBag from /home/airflow/.local/lib/python3.12/site-packages/airflow/example_dags/tutorial_taskflow_templates.py
[2025-03-17T13:33:07.194+0000] {processor.py:925} INFO - DAG(s) 'tutorial_taskflow_templates' retrieved from /home/airflow/.local/lib/python3.12/site-packages/airflow/example_dags/tutorial_taskflow_templates.py
[2025-03-17T13:33:07.229+0000] {logging_mixin.py:190} INFO - [2025-03-17T13:33:07.229+0000] {dag.py:3239} INFO - Sync 1 DAGs
[2025-03-17T13:33:07.261+0000] {logging_mixin.py:190} INFO - [2025-03-17T13:33:07.261+0000] {dag.py:4180} INFO - Setting next_dagrun for tutorial_taskflow_templates to 2025-03-16 00:00:00+00:00, run_after=2025-03-17 00:00:00+00:00
[2025-03-17T13:33:07.282+0000] {processor.py:208} INFO - Processing /home/airflow/.local/lib/python3.12/site-packages/airflow/example_dags/tutorial_taskflow_templates.py took 0.119 seconds
[2025-03-17T13:33:38.189+0000] {processor.py:186} INFO - Started process (PID=228) to work on /home/airflow/.local/lib/python3.12/site-packages/airflow/example_dags/tutorial_taskflow_templates.py
[2025-03-17T13:33:38.189+0000] {processor.py:914} INFO - Processing file /home/airflow/.local/lib/python3.12/site-packages/airflow/example_dags/tutorial_taskflow_templates.py for tasks to queue
[2025-03-17T13:33:38.191+0000] {logging_mixin.py:190} INFO - [2025-03-17T13:33:38.191+0000] {dagbag.py:588} INFO - Filling up the DagBag from /home/airflow/.local/lib/python3.12/site-packages/airflow/example_dags/tutorial_taskflow_templates.py
[2025-03-17T13:33:38.205+0000] {processor.py:925} INFO - DAG(s) 'tutorial_taskflow_templates' retrieved from /home/airflow/.local/lib/python3.12/site-packages/airflow/example_dags/tutorial_taskflow_templates.py
[2025-03-17T13:33:38.226+0000] {logging_mixin.py:190} INFO - [2025-03-17T13:33:38.226+0000] {dag.py:3239} INFO - Sync 1 DAGs
[2025-03-17T13:33:38.251+0000] {logging_mixin.py:190} INFO - [2025-03-17T13:33:38.251+0000] {dag.py:4180} INFO - Setting next_dagrun for tutorial_taskflow_templates to 2025-03-16 00:00:00+00:00, run_after=2025-03-17 00:00:00+00:00
[2025-03-17T13:33:38.273+0000] {processor.py:208} INFO - Processing /home/airflow/.local/lib/python3.12/site-packages/airflow/example_dags/tutorial_taskflow_templates.py took 0.091 seconds
[2025-03-17T13:34:08.770+0000] {processor.py:186} INFO - Started process (PID=290) to work on /home/airflow/.local/lib/python3.12/site-packages/airflow/example_dags/tutorial_taskflow_templates.py
[2025-03-17T13:34:08.771+0000] {processor.py:914} INFO - Processing file /home/airflow/.local/lib/python3.12/site-packages/airflow/example_dags/tutorial_taskflow_templates.py for tasks to queue
[2025-03-17T13:34:08.774+0000] {logging_mixin.py:190} INFO - [2025-03-17T13:34:08.773+0000] {dagbag.py:588} INFO - Filling up the DagBag from /home/airflow/.local/lib/python3.12/site-packages/airflow/example_dags/tutorial_taskflow_templates.py
[2025-03-17T13:34:08.790+0000] {processor.py:925} INFO - DAG(s) 'tutorial_taskflow_templates' retrieved from /home/airflow/.local/lib/python3.12/site-packages/airflow/example_dags/tutorial_taskflow_templates.py
[2025-03-17T13:34:08.815+0000] {logging_mixin.py:190} INFO - [2025-03-17T13:34:08.815+0000] {dag.py:3239} INFO - Sync 1 DAGs
[2025-03-17T13:34:08.838+0000] {logging_mixin.py:190} INFO - [2025-03-17T13:34:08.838+0000] {dag.py:4180} INFO - Setting next_dagrun for tutorial_taskflow_templates to 2025-03-16 00:00:00+00:00, run_after=2025-03-17 00:00:00+00:00
[2025-03-17T13:34:08.860+0000] {processor.py:208} INFO - Processing /home/airflow/.local/lib/python3.12/site-packages/airflow/example_dags/tutorial_taskflow_templates.py took 0.098 seconds
[2025-03-17T13:34:40.372+0000] {processor.py:186} INFO - Started process (PID=353) to work on /home/airflow/.local/lib/python3.12/site-packages/airflow/example_dags/tutorial_taskflow_templates.py
[2025-03-17T13:34:40.375+0000] {processor.py:914} INFO - Processing file /home/airflow/.local/lib/python3.12/site-packages/airflow/example_dags/tutorial_taskflow_templates.py for tasks to queue
[2025-03-17T13:34:40.379+0000] {logging_mixin.py:190} INFO - [2025-03-17T13:34:40.377+0000] {dagbag.py:588} INFO - Filling up the DagBag from /home/airflow/.local/lib/python3.12/site-packages/airflow/example_dags/tutorial_taskflow_templates.py
[2025-03-17T13:34:40.417+0000] {processor.py:925} INFO - DAG(s) 'tutorial_taskflow_templates' retrieved from /home/airflow/.local/lib/python3.12/site-packages/airflow/example_dags/tutorial_taskflow_templates.py
[2025-03-17T13:34:40.631+0000] {logging_mixin.py:190} INFO - [2025-03-17T13:34:40.630+0000] {dag.py:3239} INFO - Sync 1 DAGs
[2025-03-17T13:34:40.657+0000] {logging_mixin.py:190} INFO - [2025-03-17T13:34:40.657+0000] {dag.py:4180} INFO - Setting next_dagrun for tutorial_taskflow_templates to 2025-03-16 00:00:00+00:00, run_after=2025-03-17 00:00:00+00:00
[2025-03-17T13:34:40.679+0000] {processor.py:208} INFO - Processing /home/airflow/.local/lib/python3.12/site-packages/airflow/example_dags/tutorial_taskflow_templates.py took 0.316 seconds
[2025-03-17T13:35:11.080+0000] {processor.py:186} INFO - Started process (PID=415) to work on /home/airflow/.local/lib/python3.12/site-packages/airflow/example_dags/tutorial_taskflow_templates.py
[2025-03-17T13:35:11.081+0000] {processor.py:914} INFO - Processing file /home/airflow/.local/lib/python3.12/site-packages/airflow/example_dags/tutorial_taskflow_templates.py for tasks to queue
[2025-03-17T13:35:11.084+0000] {logging_mixin.py:190} INFO - [2025-03-17T13:35:11.083+0000] {dagbag.py:588} INFO - Filling up the DagBag from /home/airflow/.local/lib/python3.12/site-packages/airflow/example_dags/tutorial_taskflow_templates.py
[2025-03-17T13:35:11.099+0000] {processor.py:925} INFO - DAG(s) 'tutorial_taskflow_templates' retrieved from /home/airflow/.local/lib/python3.12/site-packages/airflow/example_dags/tutorial_taskflow_templates.py
[2025-03-17T13:35:11.134+0000] {logging_mixin.py:190} INFO - [2025-03-17T13:35:11.134+0000] {dag.py:3239} INFO - Sync 1 DAGs
[2025-03-17T13:35:11.159+0000] {logging_mixin.py:190} INFO - [2025-03-17T13:35:11.159+0000] {dag.py:4180} INFO - Setting next_dagrun for tutorial_taskflow_templates to 2025-03-16 00:00:00+00:00, run_after=2025-03-17 00:00:00+00:00
[2025-03-17T13:35:11.181+0000] {processor.py:208} INFO - Processing /home/airflow/.local/lib/python3.12/site-packages/airflow/example_dags/tutorial_taskflow_templates.py took 0.107 seconds
[2025-03-17T13:36:50.702+0000] {processor.py:186} INFO - Started process (PID=501) to work on /home/airflow/.local/lib/python3.12/site-packages/airflow/example_dags/tutorial_taskflow_templates.py
[2025-03-17T13:36:50.706+0000] {processor.py:914} INFO - Processing file /home/airflow/.local/lib/python3.12/site-packages/airflow/example_dags/tutorial_taskflow_templates.py for tasks to queue
[2025-03-17T13:36:50.708+0000] {logging_mixin.py:190} INFO - [2025-03-17T13:36:50.707+0000] {dagbag.py:588} INFO - Filling up the DagBag from /home/airflow/.local/lib/python3.12/site-packages/airflow/example_dags/tutorial_taskflow_templates.py
[2025-03-17T13:36:50.722+0000] {processor.py:925} INFO - DAG(s) 'tutorial_taskflow_templates' retrieved from /home/airflow/.local/lib/python3.12/site-packages/airflow/example_dags/tutorial_taskflow_templates.py
[2025-03-17T13:36:50.744+0000] {logging_mixin.py:190} INFO - [2025-03-17T13:36:50.743+0000] {dag.py:3239} INFO - Sync 1 DAGs
[2025-03-17T13:36:50.769+0000] {logging_mixin.py:190} INFO - [2025-03-17T13:36:50.769+0000] {dag.py:4180} INFO - Setting next_dagrun for tutorial_taskflow_templates to 2025-03-16 00:00:00+00:00, run_after=2025-03-17 00:00:00+00:00
[2025-03-17T13:36:50.790+0000] {processor.py:208} INFO - Processing /home/airflow/.local/lib/python3.12/site-packages/airflow/example_dags/tutorial_taskflow_templates.py took 0.094 seconds
[2025-03-17T13:37:21.122+0000] {processor.py:186} INFO - Started process (PID=565) to work on /home/airflow/.local/lib/python3.12/site-packages/airflow/example_dags/tutorial_taskflow_templates.py
[2025-03-17T13:37:21.124+0000] {processor.py:914} INFO - Processing file /home/airflow/.local/lib/python3.12/site-packages/airflow/example_dags/tutorial_taskflow_templates.py for tasks to queue
[2025-03-17T13:37:21.125+0000] {logging_mixin.py:190} INFO - [2025-03-17T13:37:21.125+0000] {dagbag.py:588} INFO - Filling up the DagBag from /home/airflow/.local/lib/python3.12/site-packages/airflow/example_dags/tutorial_taskflow_templates.py
[2025-03-17T13:37:21.138+0000] {processor.py:925} INFO - DAG(s) 'tutorial_taskflow_templates' retrieved from /home/airflow/.local/lib/python3.12/site-packages/airflow/example_dags/tutorial_taskflow_templates.py
[2025-03-17T13:37:21.159+0000] {logging_mixin.py:190} INFO - [2025-03-17T13:37:21.158+0000] {dag.py:3239} INFO - Sync 1 DAGs
[2025-03-17T13:37:21.183+0000] {logging_mixin.py:190} INFO - [2025-03-17T13:37:21.183+0000] {dag.py:4180} INFO - Setting next_dagrun for tutorial_taskflow_templates to 2025-03-16 00:00:00+00:00, run_after=2025-03-17 00:00:00+00:00
[2025-03-17T13:37:21.205+0000] {processor.py:208} INFO - Processing /home/airflow/.local/lib/python3.12/site-packages/airflow/example_dags/tutorial_taskflow_templates.py took 0.088 seconds
[2025-03-17T13:37:52.259+0000] {processor.py:186} INFO - Started process (PID=628) to work on /home/airflow/.local/lib/python3.12/site-packages/airflow/example_dags/tutorial_taskflow_templates.py
[2025-03-17T13:37:52.260+0000] {processor.py:914} INFO - Processing file /home/airflow/.local/lib/python3.12/site-packages/airflow/example_dags/tutorial_taskflow_templates.py for tasks to queue
[2025-03-17T13:37:52.261+0000] {logging_mixin.py:190} INFO - [2025-03-17T13:37:52.261+0000] {dagbag.py:588} INFO - Filling up the DagBag from /home/airflow/.local/lib/python3.12/site-packages/airflow/example_dags/tutorial_taskflow_templates.py
[2025-03-17T13:37:52.275+0000] {processor.py:925} INFO - DAG(s) 'tutorial_taskflow_templates' retrieved from /home/airflow/.local/lib/python3.12/site-packages/airflow/example_dags/tutorial_taskflow_templates.py
[2025-03-17T13:37:52.298+0000] {logging_mixin.py:190} INFO - [2025-03-17T13:37:52.298+0000] {dag.py:3239} INFO - Sync 1 DAGs
[2025-03-17T13:37:52.324+0000] {logging_mixin.py:190} INFO - [2025-03-17T13:37:52.324+0000] {dag.py:4180} INFO - Setting next_dagrun for tutorial_taskflow_templates to 2025-03-16 00:00:00+00:00, run_after=2025-03-17 00:00:00+00:00
[2025-03-17T13:37:52.345+0000] {processor.py:208} INFO - Processing /home/airflow/.local/lib/python3.12/site-packages/airflow/example_dags/tutorial_taskflow_templates.py took 0.092 seconds
[2025-03-17T13:38:23.340+0000] {processor.py:186} INFO - Started process (PID=688) to work on /home/airflow/.local/lib/python3.12/site-packages/airflow/example_dags/tutorial_taskflow_templates.py
[2025-03-17T13:38:23.341+0000] {processor.py:914} INFO - Processing file /home/airflow/.local/lib/python3.12/site-packages/airflow/example_dags/tutorial_taskflow_templates.py for tasks to queue
[2025-03-17T13:38:23.342+0000] {logging_mixin.py:190} INFO - [2025-03-17T13:38:23.342+0000] {dagbag.py:588} INFO - Filling up the DagBag from /home/airflow/.local/lib/python3.12/site-packages/airflow/example_dags/tutorial_taskflow_templates.py
[2025-03-17T13:38:23.356+0000] {processor.py:925} INFO - DAG(s) 'tutorial_taskflow_templates' retrieved from /home/airflow/.local/lib/python3.12/site-packages/airflow/example_dags/tutorial_taskflow_templates.py
[2025-03-17T13:38:23.377+0000] {logging_mixin.py:190} INFO - [2025-03-17T13:38:23.376+0000] {dag.py:3239} INFO - Sync 1 DAGs
[2025-03-17T13:38:23.406+0000] {logging_mixin.py:190} INFO - [2025-03-17T13:38:23.406+0000] {dag.py:4180} INFO - Setting next_dagrun for tutorial_taskflow_templates to 2025-03-16 00:00:00+00:00, run_after=2025-03-17 00:00:00+00:00
[2025-03-17T13:38:23.433+0000] {processor.py:208} INFO - Processing /home/airflow/.local/lib/python3.12/site-packages/airflow/example_dags/tutorial_taskflow_templates.py took 0.099 seconds
[2025-03-17T13:38:54.763+0000] {processor.py:186} INFO - Started process (PID=751) to work on /home/airflow/.local/lib/python3.12/site-packages/airflow/example_dags/tutorial_taskflow_templates.py
[2025-03-17T13:38:54.765+0000] {processor.py:914} INFO - Processing file /home/airflow/.local/lib/python3.12/site-packages/airflow/example_dags/tutorial_taskflow_templates.py for tasks to queue
[2025-03-17T13:38:54.766+0000] {logging_mixin.py:190} INFO - [2025-03-17T13:38:54.766+0000] {dagbag.py:588} INFO - Filling up the DagBag from /home/airflow/.local/lib/python3.12/site-packages/airflow/example_dags/tutorial_taskflow_templates.py
[2025-03-17T13:38:54.783+0000] {processor.py:925} INFO - DAG(s) 'tutorial_taskflow_templates' retrieved from /home/airflow/.local/lib/python3.12/site-packages/airflow/example_dags/tutorial_taskflow_templates.py
[2025-03-17T13:38:54.813+0000] {logging_mixin.py:190} INFO - [2025-03-17T13:38:54.813+0000] {dag.py:3239} INFO - Sync 1 DAGs
[2025-03-17T13:38:54.848+0000] {logging_mixin.py:190} INFO - [2025-03-17T13:38:54.848+0000] {dag.py:4180} INFO - Setting next_dagrun for tutorial_taskflow_templates to 2025-03-16 00:00:00+00:00, run_after=2025-03-17 00:00:00+00:00
[2025-03-17T13:38:54.878+0000] {processor.py:208} INFO - Processing /home/airflow/.local/lib/python3.12/site-packages/airflow/example_dags/tutorial_taskflow_templates.py took 0.122 seconds
[2025-03-17T13:39:24.980+0000] {processor.py:186} INFO - Started process (PID=813) to work on /home/airflow/.local/lib/python3.12/site-packages/airflow/example_dags/tutorial_taskflow_templates.py
[2025-03-17T13:39:24.981+0000] {processor.py:914} INFO - Processing file /home/airflow/.local/lib/python3.12/site-packages/airflow/example_dags/tutorial_taskflow_templates.py for tasks to queue
[2025-03-17T13:39:24.983+0000] {logging_mixin.py:190} INFO - [2025-03-17T13:39:24.982+0000] {dagbag.py:588} INFO - Filling up the DagBag from /home/airflow/.local/lib/python3.12/site-packages/airflow/example_dags/tutorial_taskflow_templates.py
[2025-03-17T13:39:25.004+0000] {processor.py:925} INFO - DAG(s) 'tutorial_taskflow_templates' retrieved from /home/airflow/.local/lib/python3.12/site-packages/airflow/example_dags/tutorial_taskflow_templates.py
[2025-03-17T13:39:25.031+0000] {logging_mixin.py:190} INFO - [2025-03-17T13:39:25.031+0000] {dag.py:3239} INFO - Sync 1 DAGs
[2025-03-17T13:39:25.064+0000] {logging_mixin.py:190} INFO - [2025-03-17T13:39:25.064+0000] {dag.py:4180} INFO - Setting next_dagrun for tutorial_taskflow_templates to 2025-03-16 00:00:00+00:00, run_after=2025-03-17 00:00:00+00:00
[2025-03-17T13:39:25.093+0000] {processor.py:208} INFO - Processing /home/airflow/.local/lib/python3.12/site-packages/airflow/example_dags/tutorial_taskflow_templates.py took 0.122 seconds
[2025-03-17T13:39:55.612+0000] {processor.py:186} INFO - Started process (PID=875) to work on /home/airflow/.local/lib/python3.12/site-packages/airflow/example_dags/tutorial_taskflow_templates.py
[2025-03-17T13:39:55.613+0000] {processor.py:914} INFO - Processing file /home/airflow/.local/lib/python3.12/site-packages/airflow/example_dags/tutorial_taskflow_templates.py for tasks to queue
[2025-03-17T13:39:55.614+0000] {logging_mixin.py:190} INFO - [2025-03-17T13:39:55.614+0000] {dagbag.py:588} INFO - Filling up the DagBag from /home/airflow/.local/lib/python3.12/site-packages/airflow/example_dags/tutorial_taskflow_templates.py
[2025-03-17T13:39:55.627+0000] {processor.py:925} INFO - DAG(s) 'tutorial_taskflow_templates' retrieved from /home/airflow/.local/lib/python3.12/site-packages/airflow/example_dags/tutorial_taskflow_templates.py
[2025-03-17T13:39:55.647+0000] {logging_mixin.py:190} INFO - [2025-03-17T13:39:55.647+0000] {dag.py:3239} INFO - Sync 1 DAGs
[2025-03-17T13:39:55.673+0000] {logging_mixin.py:190} INFO - [2025-03-17T13:39:55.673+0000] {dag.py:4180} INFO - Setting next_dagrun for tutorial_taskflow_templates to 2025-03-16 00:00:00+00:00, run_after=2025-03-17 00:00:00+00:00
[2025-03-17T13:39:55.692+0000] {processor.py:208} INFO - Processing /home/airflow/.local/lib/python3.12/site-packages/airflow/example_dags/tutorial_taskflow_templates.py took 0.086 seconds
[2025-03-17T13:40:26.408+0000] {processor.py:186} INFO - Started process (PID=931) to work on /home/airflow/.local/lib/python3.12/site-packages/airflow/example_dags/tutorial_taskflow_templates.py
[2025-03-17T13:40:26.424+0000] {processor.py:914} INFO - Processing file /home/airflow/.local/lib/python3.12/site-packages/airflow/example_dags/tutorial_taskflow_templates.py for tasks to queue
[2025-03-17T13:40:26.425+0000] {logging_mixin.py:190} INFO - [2025-03-17T13:40:26.425+0000] {dagbag.py:588} INFO - Filling up the DagBag from /home/airflow/.local/lib/python3.12/site-packages/airflow/example_dags/tutorial_taskflow_templates.py
[2025-03-17T13:40:26.439+0000] {processor.py:925} INFO - DAG(s) 'tutorial_taskflow_templates' retrieved from /home/airflow/.local/lib/python3.12/site-packages/airflow/example_dags/tutorial_taskflow_templates.py
[2025-03-17T13:40:26.457+0000] {logging_mixin.py:190} INFO - [2025-03-17T13:40:26.457+0000] {dag.py:3239} INFO - Sync 1 DAGs
[2025-03-17T13:40:26.484+0000] {logging_mixin.py:190} INFO - [2025-03-17T13:40:26.484+0000] {dag.py:4180} INFO - Setting next_dagrun for tutorial_taskflow_templates to 2025-03-16 00:00:00+00:00, run_after=2025-03-17 00:00:00+00:00
[2025-03-17T13:40:26.501+0000] {processor.py:208} INFO - Processing /home/airflow/.local/lib/python3.12/site-packages/airflow/example_dags/tutorial_taskflow_templates.py took 0.099 seconds
[2025-03-17T13:40:58.020+0000] {processor.py:186} INFO - Started process (PID=995) to work on /home/airflow/.local/lib/python3.12/site-packages/airflow/example_dags/tutorial_taskflow_templates.py
[2025-03-17T13:40:58.021+0000] {processor.py:914} INFO - Processing file /home/airflow/.local/lib/python3.12/site-packages/airflow/example_dags/tutorial_taskflow_templates.py for tasks to queue
[2025-03-17T13:40:58.023+0000] {logging_mixin.py:190} INFO - [2025-03-17T13:40:58.022+0000] {dagbag.py:588} INFO - Filling up the DagBag from /home/airflow/.local/lib/python3.12/site-packages/airflow/example_dags/tutorial_taskflow_templates.py
[2025-03-17T13:40:58.039+0000] {processor.py:925} INFO - DAG(s) 'tutorial_taskflow_templates' retrieved from /home/airflow/.local/lib/python3.12/site-packages/airflow/example_dags/tutorial_taskflow_templates.py
[2025-03-17T13:40:58.079+0000] {logging_mixin.py:190} INFO - [2025-03-17T13:40:58.078+0000] {dag.py:3239} INFO - Sync 1 DAGs
[2025-03-17T13:40:58.117+0000] {logging_mixin.py:190} INFO - [2025-03-17T13:40:58.116+0000] {dag.py:4180} INFO - Setting next_dagrun for tutorial_taskflow_templates to 2025-03-16 00:00:00+00:00, run_after=2025-03-17 00:00:00+00:00
[2025-03-17T13:40:58.141+0000] {processor.py:208} INFO - Processing /home/airflow/.local/lib/python3.12/site-packages/airflow/example_dags/tutorial_taskflow_templates.py took 0.127 seconds
[2025-03-17T13:41:28.921+0000] {processor.py:186} INFO - Started process (PID=1064) to work on /home/airflow/.local/lib/python3.12/site-packages/airflow/example_dags/tutorial_taskflow_templates.py
[2025-03-17T13:41:28.923+0000] {processor.py:914} INFO - Processing file /home/airflow/.local/lib/python3.12/site-packages/airflow/example_dags/tutorial_taskflow_templates.py for tasks to queue
[2025-03-17T13:41:28.925+0000] {logging_mixin.py:190} INFO - [2025-03-17T13:41:28.924+0000] {dagbag.py:588} INFO - Filling up the DagBag from /home/airflow/.local/lib/python3.12/site-packages/airflow/example_dags/tutorial_taskflow_templates.py
[2025-03-17T13:41:28.939+0000] {processor.py:925} INFO - DAG(s) 'tutorial_taskflow_templates' retrieved from /home/airflow/.local/lib/python3.12/site-packages/airflow/example_dags/tutorial_taskflow_templates.py
[2025-03-17T13:41:28.960+0000] {logging_mixin.py:190} INFO - [2025-03-17T13:41:28.960+0000] {dag.py:3239} INFO - Sync 1 DAGs
[2025-03-17T13:41:28.985+0000] {logging_mixin.py:190} INFO - [2025-03-17T13:41:28.985+0000] {dag.py:4180} INFO - Setting next_dagrun for tutorial_taskflow_templates to 2025-03-16 00:00:00+00:00, run_after=2025-03-17 00:00:00+00:00
[2025-03-17T13:41:29.003+0000] {processor.py:208} INFO - Processing /home/airflow/.local/lib/python3.12/site-packages/airflow/example_dags/tutorial_taskflow_templates.py took 0.089 seconds
[2025-03-17T13:42:00.140+0000] {processor.py:186} INFO - Started process (PID=1127) to work on /home/airflow/.local/lib/python3.12/site-packages/airflow/example_dags/tutorial_taskflow_templates.py
[2025-03-17T13:42:00.141+0000] {processor.py:914} INFO - Processing file /home/airflow/.local/lib/python3.12/site-packages/airflow/example_dags/tutorial_taskflow_templates.py for tasks to queue
[2025-03-17T13:42:00.143+0000] {logging_mixin.py:190} INFO - [2025-03-17T13:42:00.142+0000] {dagbag.py:588} INFO - Filling up the DagBag from /home/airflow/.local/lib/python3.12/site-packages/airflow/example_dags/tutorial_taskflow_templates.py
[2025-03-17T13:42:00.158+0000] {processor.py:925} INFO - DAG(s) 'tutorial_taskflow_templates' retrieved from /home/airflow/.local/lib/python3.12/site-packages/airflow/example_dags/tutorial_taskflow_templates.py
[2025-03-17T13:42:00.182+0000] {logging_mixin.py:190} INFO - [2025-03-17T13:42:00.182+0000] {dag.py:3239} INFO - Sync 1 DAGs
[2025-03-17T13:42:00.212+0000] {logging_mixin.py:190} INFO - [2025-03-17T13:42:00.212+0000] {dag.py:4180} INFO - Setting next_dagrun for tutorial_taskflow_templates to 2025-03-16 00:00:00+00:00, run_after=2025-03-17 00:00:00+00:00
[2025-03-17T13:42:00.235+0000] {processor.py:208} INFO - Processing /home/airflow/.local/lib/python3.12/site-packages/airflow/example_dags/tutorial_taskflow_templates.py took 0.102 seconds
[2025-03-17T13:44:03.350+0000] {processor.py:186} INFO - Started process (PID=104) to work on /home/airflow/.local/lib/python3.12/site-packages/airflow/example_dags/tutorial_taskflow_templates.py
[2025-03-17T13:44:03.357+0000] {processor.py:914} INFO - Processing file /home/airflow/.local/lib/python3.12/site-packages/airflow/example_dags/tutorial_taskflow_templates.py for tasks to queue
[2025-03-17T13:44:03.361+0000] {logging_mixin.py:190} INFO - [2025-03-17T13:44:03.361+0000] {dagbag.py:588} INFO - Filling up the DagBag from /home/airflow/.local/lib/python3.12/site-packages/airflow/example_dags/tutorial_taskflow_templates.py
[2025-03-17T13:44:03.396+0000] {processor.py:925} INFO - DAG(s) 'tutorial_taskflow_templates' retrieved from /home/airflow/.local/lib/python3.12/site-packages/airflow/example_dags/tutorial_taskflow_templates.py
[2025-03-17T13:44:03.476+0000] {logging_mixin.py:190} INFO - [2025-03-17T13:44:03.475+0000] {dag.py:3239} INFO - Sync 1 DAGs
[2025-03-17T13:44:03.558+0000] {logging_mixin.py:190} INFO - [2025-03-17T13:44:03.557+0000] {dag.py:4180} INFO - Setting next_dagrun for tutorial_taskflow_templates to 2025-03-16 00:00:00+00:00, run_after=2025-03-17 00:00:00+00:00
[2025-03-17T13:44:03.625+0000] {processor.py:208} INFO - Processing /home/airflow/.local/lib/python3.12/site-packages/airflow/example_dags/tutorial_taskflow_templates.py took 0.290 seconds
[2025-03-17T13:44:33.799+0000] {processor.py:186} INFO - Started process (PID=166) to work on /home/airflow/.local/lib/python3.12/site-packages/airflow/example_dags/tutorial_taskflow_templates.py
[2025-03-17T13:44:33.804+0000] {processor.py:914} INFO - Processing file /home/airflow/.local/lib/python3.12/site-packages/airflow/example_dags/tutorial_taskflow_templates.py for tasks to queue
[2025-03-17T13:44:33.807+0000] {logging_mixin.py:190} INFO - [2025-03-17T13:44:33.806+0000] {dagbag.py:588} INFO - Filling up the DagBag from /home/airflow/.local/lib/python3.12/site-packages/airflow/example_dags/tutorial_taskflow_templates.py
[2025-03-17T13:44:33.827+0000] {processor.py:925} INFO - DAG(s) 'tutorial_taskflow_templates' retrieved from /home/airflow/.local/lib/python3.12/site-packages/airflow/example_dags/tutorial_taskflow_templates.py
[2025-03-17T13:44:33.861+0000] {logging_mixin.py:190} INFO - [2025-03-17T13:44:33.860+0000] {dag.py:3239} INFO - Sync 1 DAGs
[2025-03-17T13:44:33.900+0000] {logging_mixin.py:190} INFO - [2025-03-17T13:44:33.899+0000] {dag.py:4180} INFO - Setting next_dagrun for tutorial_taskflow_templates to 2025-03-16 00:00:00+00:00, run_after=2025-03-17 00:00:00+00:00
[2025-03-17T13:44:33.926+0000] {processor.py:208} INFO - Processing /home/airflow/.local/lib/python3.12/site-packages/airflow/example_dags/tutorial_taskflow_templates.py took 0.135 seconds
[2025-03-17T13:45:04.794+0000] {processor.py:186} INFO - Started process (PID=229) to work on /home/airflow/.local/lib/python3.12/site-packages/airflow/example_dags/tutorial_taskflow_templates.py
[2025-03-17T13:45:04.795+0000] {processor.py:914} INFO - Processing file /home/airflow/.local/lib/python3.12/site-packages/airflow/example_dags/tutorial_taskflow_templates.py for tasks to queue
[2025-03-17T13:45:04.798+0000] {logging_mixin.py:190} INFO - [2025-03-17T13:45:04.797+0000] {dagbag.py:588} INFO - Filling up the DagBag from /home/airflow/.local/lib/python3.12/site-packages/airflow/example_dags/tutorial_taskflow_templates.py
[2025-03-17T13:45:04.813+0000] {processor.py:925} INFO - DAG(s) 'tutorial_taskflow_templates' retrieved from /home/airflow/.local/lib/python3.12/site-packages/airflow/example_dags/tutorial_taskflow_templates.py
[2025-03-17T13:45:04.837+0000] {logging_mixin.py:190} INFO - [2025-03-17T13:45:04.837+0000] {dag.py:3239} INFO - Sync 1 DAGs
[2025-03-17T13:45:04.864+0000] {logging_mixin.py:190} INFO - [2025-03-17T13:45:04.864+0000] {dag.py:4180} INFO - Setting next_dagrun for tutorial_taskflow_templates to 2025-03-16 00:00:00+00:00, run_after=2025-03-17 00:00:00+00:00
[2025-03-17T13:45:04.884+0000] {processor.py:208} INFO - Processing /home/airflow/.local/lib/python3.12/site-packages/airflow/example_dags/tutorial_taskflow_templates.py took 0.097 seconds
[2025-03-17T13:45:34.968+0000] {processor.py:186} INFO - Started process (PID=291) to work on /home/airflow/.local/lib/python3.12/site-packages/airflow/example_dags/tutorial_taskflow_templates.py
[2025-03-17T13:45:34.972+0000] {processor.py:914} INFO - Processing file /home/airflow/.local/lib/python3.12/site-packages/airflow/example_dags/tutorial_taskflow_templates.py for tasks to queue
[2025-03-17T13:45:34.974+0000] {logging_mixin.py:190} INFO - [2025-03-17T13:45:34.973+0000] {dagbag.py:588} INFO - Filling up the DagBag from /home/airflow/.local/lib/python3.12/site-packages/airflow/example_dags/tutorial_taskflow_templates.py
[2025-03-17T13:45:34.985+0000] {processor.py:925} INFO - DAG(s) 'tutorial_taskflow_templates' retrieved from /home/airflow/.local/lib/python3.12/site-packages/airflow/example_dags/tutorial_taskflow_templates.py
[2025-03-17T13:45:35.005+0000] {logging_mixin.py:190} INFO - [2025-03-17T13:45:35.005+0000] {dag.py:3239} INFO - Sync 1 DAGs
[2025-03-17T13:45:35.027+0000] {logging_mixin.py:190} INFO - [2025-03-17T13:45:35.027+0000] {dag.py:4180} INFO - Setting next_dagrun for tutorial_taskflow_templates to 2025-03-16 00:00:00+00:00, run_after=2025-03-17 00:00:00+00:00
[2025-03-17T13:45:35.047+0000] {processor.py:208} INFO - Processing /home/airflow/.local/lib/python3.12/site-packages/airflow/example_dags/tutorial_taskflow_templates.py took 0.084 seconds
[2025-03-17T13:46:05.823+0000] {processor.py:186} INFO - Started process (PID=354) to work on /home/airflow/.local/lib/python3.12/site-packages/airflow/example_dags/tutorial_taskflow_templates.py
[2025-03-17T13:46:05.824+0000] {processor.py:914} INFO - Processing file /home/airflow/.local/lib/python3.12/site-packages/airflow/example_dags/tutorial_taskflow_templates.py for tasks to queue
[2025-03-17T13:46:05.827+0000] {logging_mixin.py:190} INFO - [2025-03-17T13:46:05.826+0000] {dagbag.py:588} INFO - Filling up the DagBag from /home/airflow/.local/lib/python3.12/site-packages/airflow/example_dags/tutorial_taskflow_templates.py
[2025-03-17T13:46:05.841+0000] {processor.py:925} INFO - DAG(s) 'tutorial_taskflow_templates' retrieved from /home/airflow/.local/lib/python3.12/site-packages/airflow/example_dags/tutorial_taskflow_templates.py
[2025-03-17T13:46:05.861+0000] {logging_mixin.py:190} INFO - [2025-03-17T13:46:05.860+0000] {dag.py:3239} INFO - Sync 1 DAGs
[2025-03-17T13:46:05.883+0000] {logging_mixin.py:190} INFO - [2025-03-17T13:46:05.883+0000] {dag.py:4180} INFO - Setting next_dagrun for tutorial_taskflow_templates to 2025-03-16 00:00:00+00:00, run_after=2025-03-17 00:00:00+00:00
[2025-03-17T13:46:05.904+0000] {processor.py:208} INFO - Processing /home/airflow/.local/lib/python3.12/site-packages/airflow/example_dags/tutorial_taskflow_templates.py took 0.087 seconds
[2025-03-17T13:46:35.990+0000] {processor.py:186} INFO - Started process (PID=417) to work on /home/airflow/.local/lib/python3.12/site-packages/airflow/example_dags/tutorial_taskflow_templates.py
[2025-03-17T13:46:36.001+0000] {processor.py:914} INFO - Processing file /home/airflow/.local/lib/python3.12/site-packages/airflow/example_dags/tutorial_taskflow_templates.py for tasks to queue
[2025-03-17T13:46:36.004+0000] {logging_mixin.py:190} INFO - [2025-03-17T13:46:36.004+0000] {dagbag.py:588} INFO - Filling up the DagBag from /home/airflow/.local/lib/python3.12/site-packages/airflow/example_dags/tutorial_taskflow_templates.py
[2025-03-17T13:46:36.021+0000] {processor.py:925} INFO - DAG(s) 'tutorial_taskflow_templates' retrieved from /home/airflow/.local/lib/python3.12/site-packages/airflow/example_dags/tutorial_taskflow_templates.py
[2025-03-17T13:46:36.046+0000] {logging_mixin.py:190} INFO - [2025-03-17T13:46:36.046+0000] {dag.py:3239} INFO - Sync 1 DAGs
[2025-03-17T13:46:36.072+0000] {logging_mixin.py:190} INFO - [2025-03-17T13:46:36.072+0000] {dag.py:4180} INFO - Setting next_dagrun for tutorial_taskflow_templates to 2025-03-16 00:00:00+00:00, run_after=2025-03-17 00:00:00+00:00
[2025-03-17T13:46:36.095+0000] {processor.py:208} INFO - Processing /home/airflow/.local/lib/python3.12/site-packages/airflow/example_dags/tutorial_taskflow_templates.py took 0.112 seconds
[2025-03-17T13:47:06.225+0000] {processor.py:186} INFO - Started process (PID=480) to work on /home/airflow/.local/lib/python3.12/site-packages/airflow/example_dags/tutorial_taskflow_templates.py
[2025-03-17T13:47:06.226+0000] {processor.py:914} INFO - Processing file /home/airflow/.local/lib/python3.12/site-packages/airflow/example_dags/tutorial_taskflow_templates.py for tasks to queue
[2025-03-17T13:47:06.228+0000] {logging_mixin.py:190} INFO - [2025-03-17T13:47:06.228+0000] {dagbag.py:588} INFO - Filling up the DagBag from /home/airflow/.local/lib/python3.12/site-packages/airflow/example_dags/tutorial_taskflow_templates.py
[2025-03-17T13:47:06.243+0000] {processor.py:925} INFO - DAG(s) 'tutorial_taskflow_templates' retrieved from /home/airflow/.local/lib/python3.12/site-packages/airflow/example_dags/tutorial_taskflow_templates.py
[2025-03-17T13:47:06.265+0000] {logging_mixin.py:190} INFO - [2025-03-17T13:47:06.265+0000] {dag.py:3239} INFO - Sync 1 DAGs
[2025-03-17T13:47:06.292+0000] {logging_mixin.py:190} INFO - [2025-03-17T13:47:06.292+0000] {dag.py:4180} INFO - Setting next_dagrun for tutorial_taskflow_templates to 2025-03-16 00:00:00+00:00, run_after=2025-03-17 00:00:00+00:00
[2025-03-17T13:47:06.314+0000] {processor.py:208} INFO - Processing /home/airflow/.local/lib/python3.12/site-packages/airflow/example_dags/tutorial_taskflow_templates.py took 0.096 seconds
[2025-03-17T13:47:36.554+0000] {processor.py:186} INFO - Started process (PID=542) to work on /home/airflow/.local/lib/python3.12/site-packages/airflow/example_dags/tutorial_taskflow_templates.py
[2025-03-17T13:47:36.555+0000] {processor.py:914} INFO - Processing file /home/airflow/.local/lib/python3.12/site-packages/airflow/example_dags/tutorial_taskflow_templates.py for tasks to queue
[2025-03-17T13:47:36.557+0000] {logging_mixin.py:190} INFO - [2025-03-17T13:47:36.557+0000] {dagbag.py:588} INFO - Filling up the DagBag from /home/airflow/.local/lib/python3.12/site-packages/airflow/example_dags/tutorial_taskflow_templates.py
[2025-03-17T13:47:36.572+0000] {processor.py:925} INFO - DAG(s) 'tutorial_taskflow_templates' retrieved from /home/airflow/.local/lib/python3.12/site-packages/airflow/example_dags/tutorial_taskflow_templates.py
[2025-03-17T13:47:36.597+0000] {logging_mixin.py:190} INFO - [2025-03-17T13:47:36.596+0000] {dag.py:3239} INFO - Sync 1 DAGs
[2025-03-17T13:47:36.623+0000] {logging_mixin.py:190} INFO - [2025-03-17T13:47:36.622+0000] {dag.py:4180} INFO - Setting next_dagrun for tutorial_taskflow_templates to 2025-03-16 00:00:00+00:00, run_after=2025-03-17 00:00:00+00:00
[2025-03-17T13:47:36.644+0000] {processor.py:208} INFO - Processing /home/airflow/.local/lib/python3.12/site-packages/airflow/example_dags/tutorial_taskflow_templates.py took 0.098 seconds
[2025-03-17T13:48:06.901+0000] {processor.py:186} INFO - Started process (PID=605) to work on /home/airflow/.local/lib/python3.12/site-packages/airflow/example_dags/tutorial_taskflow_templates.py
[2025-03-17T13:48:06.902+0000] {processor.py:914} INFO - Processing file /home/airflow/.local/lib/python3.12/site-packages/airflow/example_dags/tutorial_taskflow_templates.py for tasks to queue
[2025-03-17T13:48:06.904+0000] {logging_mixin.py:190} INFO - [2025-03-17T13:48:06.904+0000] {dagbag.py:588} INFO - Filling up the DagBag from /home/airflow/.local/lib/python3.12/site-packages/airflow/example_dags/tutorial_taskflow_templates.py
[2025-03-17T13:48:06.919+0000] {processor.py:925} INFO - DAG(s) 'tutorial_taskflow_templates' retrieved from /home/airflow/.local/lib/python3.12/site-packages/airflow/example_dags/tutorial_taskflow_templates.py
[2025-03-17T13:48:06.942+0000] {logging_mixin.py:190} INFO - [2025-03-17T13:48:06.941+0000] {dag.py:3239} INFO - Sync 1 DAGs
[2025-03-17T13:48:06.970+0000] {logging_mixin.py:190} INFO - [2025-03-17T13:48:06.970+0000] {dag.py:4180} INFO - Setting next_dagrun for tutorial_taskflow_templates to 2025-03-16 00:00:00+00:00, run_after=2025-03-17 00:00:00+00:00
[2025-03-17T13:48:06.991+0000] {processor.py:208} INFO - Processing /home/airflow/.local/lib/python3.12/site-packages/airflow/example_dags/tutorial_taskflow_templates.py took 0.097 seconds
[2025-03-17T13:48:37.670+0000] {processor.py:186} INFO - Started process (PID=674) to work on /home/airflow/.local/lib/python3.12/site-packages/airflow/example_dags/tutorial_taskflow_templates.py
[2025-03-17T13:48:37.678+0000] {processor.py:914} INFO - Processing file /home/airflow/.local/lib/python3.12/site-packages/airflow/example_dags/tutorial_taskflow_templates.py for tasks to queue
[2025-03-17T13:48:37.681+0000] {logging_mixin.py:190} INFO - [2025-03-17T13:48:37.681+0000] {dagbag.py:588} INFO - Filling up the DagBag from /home/airflow/.local/lib/python3.12/site-packages/airflow/example_dags/tutorial_taskflow_templates.py
[2025-03-17T13:48:37.696+0000] {processor.py:925} INFO - DAG(s) 'tutorial_taskflow_templates' retrieved from /home/airflow/.local/lib/python3.12/site-packages/airflow/example_dags/tutorial_taskflow_templates.py
[2025-03-17T13:48:37.718+0000] {logging_mixin.py:190} INFO - [2025-03-17T13:48:37.718+0000] {dag.py:3239} INFO - Sync 1 DAGs
[2025-03-17T13:48:37.748+0000] {logging_mixin.py:190} INFO - [2025-03-17T13:48:37.748+0000] {dag.py:4180} INFO - Setting next_dagrun for tutorial_taskflow_templates to 2025-03-16 00:00:00+00:00, run_after=2025-03-17 00:00:00+00:00
[2025-03-17T13:48:37.773+0000] {processor.py:208} INFO - Processing /home/airflow/.local/lib/python3.12/site-packages/airflow/example_dags/tutorial_taskflow_templates.py took 0.109 seconds
[2025-03-17T13:49:08.778+0000] {processor.py:186} INFO - Started process (PID=737) to work on /home/airflow/.local/lib/python3.12/site-packages/airflow/example_dags/tutorial_taskflow_templates.py
[2025-03-17T13:49:08.876+0000] {processor.py:914} INFO - Processing file /home/airflow/.local/lib/python3.12/site-packages/airflow/example_dags/tutorial_taskflow_templates.py for tasks to queue
[2025-03-17T13:49:08.878+0000] {logging_mixin.py:190} INFO - [2025-03-17T13:49:08.878+0000] {dagbag.py:588} INFO - Filling up the DagBag from /home/airflow/.local/lib/python3.12/site-packages/airflow/example_dags/tutorial_taskflow_templates.py
[2025-03-17T13:49:08.891+0000] {processor.py:925} INFO - DAG(s) 'tutorial_taskflow_templates' retrieved from /home/airflow/.local/lib/python3.12/site-packages/airflow/example_dags/tutorial_taskflow_templates.py
[2025-03-17T13:49:08.910+0000] {logging_mixin.py:190} INFO - [2025-03-17T13:49:08.910+0000] {dag.py:3239} INFO - Sync 1 DAGs
[2025-03-17T13:49:08.933+0000] {logging_mixin.py:190} INFO - [2025-03-17T13:49:08.933+0000] {dag.py:4180} INFO - Setting next_dagrun for tutorial_taskflow_templates to 2025-03-16 00:00:00+00:00, run_after=2025-03-17 00:00:00+00:00
[2025-03-17T13:49:08.950+0000] {processor.py:208} INFO - Processing /home/airflow/.local/lib/python3.12/site-packages/airflow/example_dags/tutorial_taskflow_templates.py took 0.177 seconds
[2025-03-17T13:49:39.812+0000] {processor.py:186} INFO - Started process (PID=800) to work on /home/airflow/.local/lib/python3.12/site-packages/airflow/example_dags/tutorial_taskflow_templates.py
[2025-03-17T13:49:39.813+0000] {processor.py:914} INFO - Processing file /home/airflow/.local/lib/python3.12/site-packages/airflow/example_dags/tutorial_taskflow_templates.py for tasks to queue
[2025-03-17T13:49:39.815+0000] {logging_mixin.py:190} INFO - [2025-03-17T13:49:39.815+0000] {dagbag.py:588} INFO - Filling up the DagBag from /home/airflow/.local/lib/python3.12/site-packages/airflow/example_dags/tutorial_taskflow_templates.py
[2025-03-17T13:49:39.828+0000] {processor.py:925} INFO - DAG(s) 'tutorial_taskflow_templates' retrieved from /home/airflow/.local/lib/python3.12/site-packages/airflow/example_dags/tutorial_taskflow_templates.py
[2025-03-17T13:49:39.846+0000] {logging_mixin.py:190} INFO - [2025-03-17T13:49:39.846+0000] {dag.py:3239} INFO - Sync 1 DAGs
[2025-03-17T13:49:39.869+0000] {logging_mixin.py:190} INFO - [2025-03-17T13:49:39.868+0000] {dag.py:4180} INFO - Setting next_dagrun for tutorial_taskflow_templates to 2025-03-16 00:00:00+00:00, run_after=2025-03-17 00:00:00+00:00
[2025-03-17T13:49:39.886+0000] {processor.py:208} INFO - Processing /home/airflow/.local/lib/python3.12/site-packages/airflow/example_dags/tutorial_taskflow_templates.py took 0.080 seconds
[2025-03-17T13:50:10.336+0000] {processor.py:186} INFO - Started process (PID=863) to work on /home/airflow/.local/lib/python3.12/site-packages/airflow/example_dags/tutorial_taskflow_templates.py
[2025-03-17T13:50:10.337+0000] {processor.py:914} INFO - Processing file /home/airflow/.local/lib/python3.12/site-packages/airflow/example_dags/tutorial_taskflow_templates.py for tasks to queue
[2025-03-17T13:50:10.339+0000] {logging_mixin.py:190} INFO - [2025-03-17T13:50:10.339+0000] {dagbag.py:588} INFO - Filling up the DagBag from /home/airflow/.local/lib/python3.12/site-packages/airflow/example_dags/tutorial_taskflow_templates.py
[2025-03-17T13:50:10.352+0000] {processor.py:925} INFO - DAG(s) 'tutorial_taskflow_templates' retrieved from /home/airflow/.local/lib/python3.12/site-packages/airflow/example_dags/tutorial_taskflow_templates.py
[2025-03-17T13:50:10.371+0000] {logging_mixin.py:190} INFO - [2025-03-17T13:50:10.371+0000] {dag.py:3239} INFO - Sync 1 DAGs
[2025-03-17T13:50:10.394+0000] {logging_mixin.py:190} INFO - [2025-03-17T13:50:10.394+0000] {dag.py:4180} INFO - Setting next_dagrun for tutorial_taskflow_templates to 2025-03-16 00:00:00+00:00, run_after=2025-03-17 00:00:00+00:00
[2025-03-17T13:50:10.412+0000] {processor.py:208} INFO - Processing /home/airflow/.local/lib/python3.12/site-packages/airflow/example_dags/tutorial_taskflow_templates.py took 0.082 seconds
[2025-03-17T13:50:41.294+0000] {processor.py:186} INFO - Started process (PID=926) to work on /home/airflow/.local/lib/python3.12/site-packages/airflow/example_dags/tutorial_taskflow_templates.py
[2025-03-17T13:50:41.296+0000] {processor.py:914} INFO - Processing file /home/airflow/.local/lib/python3.12/site-packages/airflow/example_dags/tutorial_taskflow_templates.py for tasks to queue
[2025-03-17T13:50:41.299+0000] {logging_mixin.py:190} INFO - [2025-03-17T13:50:41.299+0000] {dagbag.py:588} INFO - Filling up the DagBag from /home/airflow/.local/lib/python3.12/site-packages/airflow/example_dags/tutorial_taskflow_templates.py
[2025-03-17T13:50:41.317+0000] {processor.py:925} INFO - DAG(s) 'tutorial_taskflow_templates' retrieved from /home/airflow/.local/lib/python3.12/site-packages/airflow/example_dags/tutorial_taskflow_templates.py
[2025-03-17T13:50:41.339+0000] {logging_mixin.py:190} INFO - [2025-03-17T13:50:41.339+0000] {dag.py:3239} INFO - Sync 1 DAGs
[2025-03-17T13:50:41.368+0000] {logging_mixin.py:190} INFO - [2025-03-17T13:50:41.368+0000] {dag.py:4180} INFO - Setting next_dagrun for tutorial_taskflow_templates to 2025-03-16 00:00:00+00:00, run_after=2025-03-17 00:00:00+00:00
[2025-03-17T13:50:41.391+0000] {processor.py:208} INFO - Processing /home/airflow/.local/lib/python3.12/site-packages/airflow/example_dags/tutorial_taskflow_templates.py took 0.104 seconds
[2025-03-17T13:51:11.512+0000] {processor.py:186} INFO - Started process (PID=989) to work on /home/airflow/.local/lib/python3.12/site-packages/airflow/example_dags/tutorial_taskflow_templates.py
[2025-03-17T13:51:11.513+0000] {processor.py:914} INFO - Processing file /home/airflow/.local/lib/python3.12/site-packages/airflow/example_dags/tutorial_taskflow_templates.py for tasks to queue
[2025-03-17T13:51:11.517+0000] {logging_mixin.py:190} INFO - [2025-03-17T13:51:11.516+0000] {dagbag.py:588} INFO - Filling up the DagBag from /home/airflow/.local/lib/python3.12/site-packages/airflow/example_dags/tutorial_taskflow_templates.py
[2025-03-17T13:51:11.531+0000] {processor.py:925} INFO - DAG(s) 'tutorial_taskflow_templates' retrieved from /home/airflow/.local/lib/python3.12/site-packages/airflow/example_dags/tutorial_taskflow_templates.py
[2025-03-17T13:51:11.554+0000] {logging_mixin.py:190} INFO - [2025-03-17T13:51:11.554+0000] {dag.py:3239} INFO - Sync 1 DAGs
[2025-03-17T13:51:11.580+0000] {logging_mixin.py:190} INFO - [2025-03-17T13:51:11.580+0000] {dag.py:4180} INFO - Setting next_dagrun for tutorial_taskflow_templates to 2025-03-16 00:00:00+00:00, run_after=2025-03-17 00:00:00+00:00
[2025-03-17T13:51:11.603+0000] {processor.py:208} INFO - Processing /home/airflow/.local/lib/python3.12/site-packages/airflow/example_dags/tutorial_taskflow_templates.py took 0.096 seconds
[2025-03-17T13:51:41.921+0000] {processor.py:186} INFO - Started process (PID=1052) to work on /home/airflow/.local/lib/python3.12/site-packages/airflow/example_dags/tutorial_taskflow_templates.py
[2025-03-17T13:51:41.923+0000] {processor.py:914} INFO - Processing file /home/airflow/.local/lib/python3.12/site-packages/airflow/example_dags/tutorial_taskflow_templates.py for tasks to queue
[2025-03-17T13:51:41.926+0000] {logging_mixin.py:190} INFO - [2025-03-17T13:51:41.926+0000] {dagbag.py:588} INFO - Filling up the DagBag from /home/airflow/.local/lib/python3.12/site-packages/airflow/example_dags/tutorial_taskflow_templates.py
[2025-03-17T13:51:41.945+0000] {processor.py:925} INFO - DAG(s) 'tutorial_taskflow_templates' retrieved from /home/airflow/.local/lib/python3.12/site-packages/airflow/example_dags/tutorial_taskflow_templates.py
[2025-03-17T13:51:41.976+0000] {logging_mixin.py:190} INFO - [2025-03-17T13:51:41.975+0000] {dag.py:3239} INFO - Sync 1 DAGs
[2025-03-17T13:51:42.027+0000] {logging_mixin.py:190} INFO - [2025-03-17T13:51:42.027+0000] {dag.py:4180} INFO - Setting next_dagrun for tutorial_taskflow_templates to 2025-03-16 00:00:00+00:00, run_after=2025-03-17 00:00:00+00:00
[2025-03-17T13:51:42.056+0000] {processor.py:208} INFO - Processing /home/airflow/.local/lib/python3.12/site-packages/airflow/example_dags/tutorial_taskflow_templates.py took 0.142 seconds
[2025-03-17T13:52:12.631+0000] {processor.py:186} INFO - Started process (PID=1115) to work on /home/airflow/.local/lib/python3.12/site-packages/airflow/example_dags/tutorial_taskflow_templates.py
[2025-03-17T13:52:12.632+0000] {processor.py:914} INFO - Processing file /home/airflow/.local/lib/python3.12/site-packages/airflow/example_dags/tutorial_taskflow_templates.py for tasks to queue
[2025-03-17T13:52:12.634+0000] {logging_mixin.py:190} INFO - [2025-03-17T13:52:12.634+0000] {dagbag.py:588} INFO - Filling up the DagBag from /home/airflow/.local/lib/python3.12/site-packages/airflow/example_dags/tutorial_taskflow_templates.py
[2025-03-17T13:52:12.650+0000] {processor.py:925} INFO - DAG(s) 'tutorial_taskflow_templates' retrieved from /home/airflow/.local/lib/python3.12/site-packages/airflow/example_dags/tutorial_taskflow_templates.py
[2025-03-17T13:52:12.675+0000] {logging_mixin.py:190} INFO - [2025-03-17T13:52:12.675+0000] {dag.py:3239} INFO - Sync 1 DAGs
[2025-03-17T13:52:12.702+0000] {logging_mixin.py:190} INFO - [2025-03-17T13:52:12.701+0000] {dag.py:4180} INFO - Setting next_dagrun for tutorial_taskflow_templates to 2025-03-16 00:00:00+00:00, run_after=2025-03-17 00:00:00+00:00
[2025-03-17T13:52:12.722+0000] {processor.py:208} INFO - Processing /home/airflow/.local/lib/python3.12/site-packages/airflow/example_dags/tutorial_taskflow_templates.py took 0.097 seconds
[2025-03-17T13:52:42.923+0000] {processor.py:186} INFO - Started process (PID=1178) to work on /home/airflow/.local/lib/python3.12/site-packages/airflow/example_dags/tutorial_taskflow_templates.py
[2025-03-17T13:52:42.924+0000] {processor.py:914} INFO - Processing file /home/airflow/.local/lib/python3.12/site-packages/airflow/example_dags/tutorial_taskflow_templates.py for tasks to queue
[2025-03-17T13:52:42.926+0000] {logging_mixin.py:190} INFO - [2025-03-17T13:52:42.926+0000] {dagbag.py:588} INFO - Filling up the DagBag from /home/airflow/.local/lib/python3.12/site-packages/airflow/example_dags/tutorial_taskflow_templates.py
[2025-03-17T13:52:42.939+0000] {processor.py:925} INFO - DAG(s) 'tutorial_taskflow_templates' retrieved from /home/airflow/.local/lib/python3.12/site-packages/airflow/example_dags/tutorial_taskflow_templates.py
[2025-03-17T13:52:42.960+0000] {logging_mixin.py:190} INFO - [2025-03-17T13:52:42.960+0000] {dag.py:3239} INFO - Sync 1 DAGs
[2025-03-17T13:52:42.989+0000] {logging_mixin.py:190} INFO - [2025-03-17T13:52:42.988+0000] {dag.py:4180} INFO - Setting next_dagrun for tutorial_taskflow_templates to 2025-03-16 00:00:00+00:00, run_after=2025-03-17 00:00:00+00:00
[2025-03-17T13:52:43.022+0000] {processor.py:208} INFO - Processing /home/airflow/.local/lib/python3.12/site-packages/airflow/example_dags/tutorial_taskflow_templates.py took 0.104 seconds
[2025-03-17T13:53:13.554+0000] {processor.py:186} INFO - Started process (PID=1241) to work on /home/airflow/.local/lib/python3.12/site-packages/airflow/example_dags/tutorial_taskflow_templates.py
[2025-03-17T13:53:13.555+0000] {processor.py:914} INFO - Processing file /home/airflow/.local/lib/python3.12/site-packages/airflow/example_dags/tutorial_taskflow_templates.py for tasks to queue
[2025-03-17T13:53:13.558+0000] {logging_mixin.py:190} INFO - [2025-03-17T13:53:13.557+0000] {dagbag.py:588} INFO - Filling up the DagBag from /home/airflow/.local/lib/python3.12/site-packages/airflow/example_dags/tutorial_taskflow_templates.py
[2025-03-17T13:53:13.578+0000] {processor.py:925} INFO - DAG(s) 'tutorial_taskflow_templates' retrieved from /home/airflow/.local/lib/python3.12/site-packages/airflow/example_dags/tutorial_taskflow_templates.py
[2025-03-17T13:53:13.602+0000] {logging_mixin.py:190} INFO - [2025-03-17T13:53:13.602+0000] {dag.py:3239} INFO - Sync 1 DAGs
[2025-03-17T13:53:13.638+0000] {logging_mixin.py:190} INFO - [2025-03-17T13:53:13.638+0000] {dag.py:4180} INFO - Setting next_dagrun for tutorial_taskflow_templates to 2025-03-16 00:00:00+00:00, run_after=2025-03-17 00:00:00+00:00
[2025-03-17T13:53:13.658+0000] {processor.py:208} INFO - Processing /home/airflow/.local/lib/python3.12/site-packages/airflow/example_dags/tutorial_taskflow_templates.py took 0.112 seconds
[2025-03-17T13:53:43.803+0000] {processor.py:186} INFO - Started process (PID=1304) to work on /home/airflow/.local/lib/python3.12/site-packages/airflow/example_dags/tutorial_taskflow_templates.py
[2025-03-17T13:53:43.804+0000] {processor.py:914} INFO - Processing file /home/airflow/.local/lib/python3.12/site-packages/airflow/example_dags/tutorial_taskflow_templates.py for tasks to queue
[2025-03-17T13:53:43.807+0000] {logging_mixin.py:190} INFO - [2025-03-17T13:53:43.807+0000] {dagbag.py:588} INFO - Filling up the DagBag from /home/airflow/.local/lib/python3.12/site-packages/airflow/example_dags/tutorial_taskflow_templates.py
[2025-03-17T13:53:43.821+0000] {processor.py:925} INFO - DAG(s) 'tutorial_taskflow_templates' retrieved from /home/airflow/.local/lib/python3.12/site-packages/airflow/example_dags/tutorial_taskflow_templates.py
[2025-03-17T13:53:43.841+0000] {logging_mixin.py:190} INFO - [2025-03-17T13:53:43.841+0000] {dag.py:3239} INFO - Sync 1 DAGs
[2025-03-17T13:53:43.867+0000] {logging_mixin.py:190} INFO - [2025-03-17T13:53:43.866+0000] {dag.py:4180} INFO - Setting next_dagrun for tutorial_taskflow_templates to 2025-03-16 00:00:00+00:00, run_after=2025-03-17 00:00:00+00:00
[2025-03-17T13:53:43.886+0000] {processor.py:208} INFO - Processing /home/airflow/.local/lib/python3.12/site-packages/airflow/example_dags/tutorial_taskflow_templates.py took 0.089 seconds
[2025-03-17T16:58:41.089+0000] {processor.py:186} INFO - Started process (PID=98) to work on /home/airflow/.local/lib/python3.12/site-packages/airflow/example_dags/tutorial_taskflow_templates.py
[2025-03-17T16:58:41.090+0000] {processor.py:914} INFO - Processing file /home/airflow/.local/lib/python3.12/site-packages/airflow/example_dags/tutorial_taskflow_templates.py for tasks to queue
[2025-03-17T16:58:41.093+0000] {logging_mixin.py:190} INFO - [2025-03-17T16:58:41.093+0000] {dagbag.py:588} INFO - Filling up the DagBag from /home/airflow/.local/lib/python3.12/site-packages/airflow/example_dags/tutorial_taskflow_templates.py
[2025-03-17T16:58:41.109+0000] {processor.py:925} INFO - DAG(s) 'tutorial_taskflow_templates' retrieved from /home/airflow/.local/lib/python3.12/site-packages/airflow/example_dags/tutorial_taskflow_templates.py
[2025-03-17T16:58:41.143+0000] {logging_mixin.py:190} INFO - [2025-03-17T16:58:41.143+0000] {dag.py:3239} INFO - Sync 1 DAGs
[2025-03-17T16:58:41.176+0000] {logging_mixin.py:190} INFO - [2025-03-17T16:58:41.176+0000] {dag.py:4180} INFO - Setting next_dagrun for tutorial_taskflow_templates to 2025-03-16 00:00:00+00:00, run_after=2025-03-17 00:00:00+00:00
[2025-03-17T16:58:41.200+0000] {processor.py:208} INFO - Processing /home/airflow/.local/lib/python3.12/site-packages/airflow/example_dags/tutorial_taskflow_templates.py took 0.118 seconds
[2025-03-17T16:59:12.186+0000] {processor.py:186} INFO - Started process (PID=160) to work on /home/airflow/.local/lib/python3.12/site-packages/airflow/example_dags/tutorial_taskflow_templates.py
[2025-03-17T16:59:12.195+0000] {processor.py:914} INFO - Processing file /home/airflow/.local/lib/python3.12/site-packages/airflow/example_dags/tutorial_taskflow_templates.py for tasks to queue
[2025-03-17T16:59:12.199+0000] {logging_mixin.py:190} INFO - [2025-03-17T16:59:12.198+0000] {dagbag.py:588} INFO - Filling up the DagBag from /home/airflow/.local/lib/python3.12/site-packages/airflow/example_dags/tutorial_taskflow_templates.py
[2025-03-17T16:59:12.223+0000] {processor.py:925} INFO - DAG(s) 'tutorial_taskflow_templates' retrieved from /home/airflow/.local/lib/python3.12/site-packages/airflow/example_dags/tutorial_taskflow_templates.py
[2025-03-17T16:59:12.258+0000] {logging_mixin.py:190} INFO - [2025-03-17T16:59:12.257+0000] {dag.py:3239} INFO - Sync 1 DAGs
[2025-03-17T16:59:12.295+0000] {logging_mixin.py:190} INFO - [2025-03-17T16:59:12.295+0000] {dag.py:4180} INFO - Setting next_dagrun for tutorial_taskflow_templates to 2025-03-16 00:00:00+00:00, run_after=2025-03-17 00:00:00+00:00
[2025-03-17T16:59:12.321+0000] {processor.py:208} INFO - Processing /home/airflow/.local/lib/python3.12/site-packages/airflow/example_dags/tutorial_taskflow_templates.py took 0.142 seconds
[2025-03-17T16:59:42.432+0000] {processor.py:186} INFO - Started process (PID=223) to work on /home/airflow/.local/lib/python3.12/site-packages/airflow/example_dags/tutorial_taskflow_templates.py
[2025-03-17T16:59:42.434+0000] {processor.py:914} INFO - Processing file /home/airflow/.local/lib/python3.12/site-packages/airflow/example_dags/tutorial_taskflow_templates.py for tasks to queue
[2025-03-17T16:59:42.437+0000] {logging_mixin.py:190} INFO - [2025-03-17T16:59:42.436+0000] {dagbag.py:588} INFO - Filling up the DagBag from /home/airflow/.local/lib/python3.12/site-packages/airflow/example_dags/tutorial_taskflow_templates.py
[2025-03-17T16:59:42.452+0000] {processor.py:925} INFO - DAG(s) 'tutorial_taskflow_templates' retrieved from /home/airflow/.local/lib/python3.12/site-packages/airflow/example_dags/tutorial_taskflow_templates.py
[2025-03-17T16:59:42.473+0000] {logging_mixin.py:190} INFO - [2025-03-17T16:59:42.472+0000] {dag.py:3239} INFO - Sync 1 DAGs
[2025-03-17T16:59:42.499+0000] {logging_mixin.py:190} INFO - [2025-03-17T16:59:42.499+0000] {dag.py:4180} INFO - Setting next_dagrun for tutorial_taskflow_templates to 2025-03-16 00:00:00+00:00, run_after=2025-03-17 00:00:00+00:00
[2025-03-17T16:59:42.521+0000] {processor.py:208} INFO - Processing /home/airflow/.local/lib/python3.12/site-packages/airflow/example_dags/tutorial_taskflow_templates.py took 0.095 seconds
[2025-03-17T17:00:13.372+0000] {processor.py:186} INFO - Started process (PID=285) to work on /home/airflow/.local/lib/python3.12/site-packages/airflow/example_dags/tutorial_taskflow_templates.py
[2025-03-17T17:00:13.373+0000] {processor.py:914} INFO - Processing file /home/airflow/.local/lib/python3.12/site-packages/airflow/example_dags/tutorial_taskflow_templates.py for tasks to queue
[2025-03-17T17:00:13.376+0000] {logging_mixin.py:190} INFO - [2025-03-17T17:00:13.375+0000] {dagbag.py:588} INFO - Filling up the DagBag from /home/airflow/.local/lib/python3.12/site-packages/airflow/example_dags/tutorial_taskflow_templates.py
[2025-03-17T17:00:13.390+0000] {processor.py:925} INFO - DAG(s) 'tutorial_taskflow_templates' retrieved from /home/airflow/.local/lib/python3.12/site-packages/airflow/example_dags/tutorial_taskflow_templates.py
[2025-03-17T17:00:13.413+0000] {logging_mixin.py:190} INFO - [2025-03-17T17:00:13.413+0000] {dag.py:3239} INFO - Sync 1 DAGs
[2025-03-17T17:00:13.439+0000] {logging_mixin.py:190} INFO - [2025-03-17T17:00:13.439+0000] {dag.py:4180} INFO - Setting next_dagrun for tutorial_taskflow_templates to 2025-03-16 00:00:00+00:00, run_after=2025-03-17 00:00:00+00:00
[2025-03-17T17:00:13.459+0000] {processor.py:208} INFO - Processing /home/airflow/.local/lib/python3.12/site-packages/airflow/example_dags/tutorial_taskflow_templates.py took 0.094 seconds
[2025-03-17T17:00:44.114+0000] {processor.py:186} INFO - Started process (PID=354) to work on /home/airflow/.local/lib/python3.12/site-packages/airflow/example_dags/tutorial_taskflow_templates.py
[2025-03-17T17:00:44.115+0000] {processor.py:914} INFO - Processing file /home/airflow/.local/lib/python3.12/site-packages/airflow/example_dags/tutorial_taskflow_templates.py for tasks to queue
[2025-03-17T17:00:44.118+0000] {logging_mixin.py:190} INFO - [2025-03-17T17:00:44.118+0000] {dagbag.py:588} INFO - Filling up the DagBag from /home/airflow/.local/lib/python3.12/site-packages/airflow/example_dags/tutorial_taskflow_templates.py
[2025-03-17T17:00:44.134+0000] {processor.py:925} INFO - DAG(s) 'tutorial_taskflow_templates' retrieved from /home/airflow/.local/lib/python3.12/site-packages/airflow/example_dags/tutorial_taskflow_templates.py
[2025-03-17T17:00:44.153+0000] {logging_mixin.py:190} INFO - [2025-03-17T17:00:44.153+0000] {dag.py:3239} INFO - Sync 1 DAGs
[2025-03-17T17:00:44.179+0000] {logging_mixin.py:190} INFO - [2025-03-17T17:00:44.179+0000] {dag.py:4180} INFO - Setting next_dagrun for tutorial_taskflow_templates to 2025-03-16 00:00:00+00:00, run_after=2025-03-17 00:00:00+00:00
[2025-03-17T17:00:44.200+0000] {processor.py:208} INFO - Processing /home/airflow/.local/lib/python3.12/site-packages/airflow/example_dags/tutorial_taskflow_templates.py took 0.092 seconds
[2025-03-17T17:01:14.268+0000] {processor.py:186} INFO - Started process (PID=416) to work on /home/airflow/.local/lib/python3.12/site-packages/airflow/example_dags/tutorial_taskflow_templates.py
[2025-03-17T17:01:14.269+0000] {processor.py:914} INFO - Processing file /home/airflow/.local/lib/python3.12/site-packages/airflow/example_dags/tutorial_taskflow_templates.py for tasks to queue
[2025-03-17T17:01:14.272+0000] {logging_mixin.py:190} INFO - [2025-03-17T17:01:14.271+0000] {dagbag.py:588} INFO - Filling up the DagBag from /home/airflow/.local/lib/python3.12/site-packages/airflow/example_dags/tutorial_taskflow_templates.py
[2025-03-17T17:01:14.287+0000] {processor.py:925} INFO - DAG(s) 'tutorial_taskflow_templates' retrieved from /home/airflow/.local/lib/python3.12/site-packages/airflow/example_dags/tutorial_taskflow_templates.py
[2025-03-17T17:01:14.306+0000] {logging_mixin.py:190} INFO - [2025-03-17T17:01:14.306+0000] {dag.py:3239} INFO - Sync 1 DAGs
[2025-03-17T17:01:14.330+0000] {logging_mixin.py:190} INFO - [2025-03-17T17:01:14.330+0000] {dag.py:4180} INFO - Setting next_dagrun for tutorial_taskflow_templates to 2025-03-16 00:00:00+00:00, run_after=2025-03-17 00:00:00+00:00
[2025-03-17T17:01:14.352+0000] {processor.py:208} INFO - Processing /home/airflow/.local/lib/python3.12/site-packages/airflow/example_dags/tutorial_taskflow_templates.py took 0.089 seconds
[2025-03-17T17:02:24.186+0000] {processor.py:186} INFO - Started process (PID=493) to work on /home/airflow/.local/lib/python3.12/site-packages/airflow/example_dags/tutorial_taskflow_templates.py
[2025-03-17T17:02:24.187+0000] {processor.py:914} INFO - Processing file /home/airflow/.local/lib/python3.12/site-packages/airflow/example_dags/tutorial_taskflow_templates.py for tasks to queue
[2025-03-17T17:02:24.189+0000] {logging_mixin.py:190} INFO - [2025-03-17T17:02:24.189+0000] {dagbag.py:588} INFO - Filling up the DagBag from /home/airflow/.local/lib/python3.12/site-packages/airflow/example_dags/tutorial_taskflow_templates.py
[2025-03-17T17:02:24.206+0000] {processor.py:925} INFO - DAG(s) 'tutorial_taskflow_templates' retrieved from /home/airflow/.local/lib/python3.12/site-packages/airflow/example_dags/tutorial_taskflow_templates.py
[2025-03-17T17:02:24.227+0000] {logging_mixin.py:190} INFO - [2025-03-17T17:02:24.227+0000] {dag.py:3239} INFO - Sync 1 DAGs
[2025-03-17T17:02:24.254+0000] {logging_mixin.py:190} INFO - [2025-03-17T17:02:24.253+0000] {dag.py:4180} INFO - Setting next_dagrun for tutorial_taskflow_templates to 2025-03-16 00:00:00+00:00, run_after=2025-03-17 00:00:00+00:00
[2025-03-17T17:02:24.276+0000] {processor.py:208} INFO - Processing /home/airflow/.local/lib/python3.12/site-packages/airflow/example_dags/tutorial_taskflow_templates.py took 0.097 seconds
[2025-03-17T17:02:56.741+0000] {processor.py:186} INFO - Started process (PID=556) to work on /home/airflow/.local/lib/python3.12/site-packages/airflow/example_dags/tutorial_taskflow_templates.py
[2025-03-17T17:02:56.742+0000] {processor.py:914} INFO - Processing file /home/airflow/.local/lib/python3.12/site-packages/airflow/example_dags/tutorial_taskflow_templates.py for tasks to queue
[2025-03-17T17:02:56.744+0000] {logging_mixin.py:190} INFO - [2025-03-17T17:02:56.743+0000] {dagbag.py:588} INFO - Filling up the DagBag from /home/airflow/.local/lib/python3.12/site-packages/airflow/example_dags/tutorial_taskflow_templates.py
[2025-03-17T17:02:56.759+0000] {processor.py:925} INFO - DAG(s) 'tutorial_taskflow_templates' retrieved from /home/airflow/.local/lib/python3.12/site-packages/airflow/example_dags/tutorial_taskflow_templates.py
[2025-03-17T17:02:56.783+0000] {logging_mixin.py:190} INFO - [2025-03-17T17:02:56.782+0000] {dag.py:3239} INFO - Sync 1 DAGs
[2025-03-17T17:02:56.812+0000] {logging_mixin.py:190} INFO - [2025-03-17T17:02:56.812+0000] {dag.py:4180} INFO - Setting next_dagrun for tutorial_taskflow_templates to 2025-03-16 00:00:00+00:00, run_after=2025-03-17 00:00:00+00:00
[2025-03-17T17:02:56.833+0000] {processor.py:208} INFO - Processing /home/airflow/.local/lib/python3.12/site-packages/airflow/example_dags/tutorial_taskflow_templates.py took 0.097 seconds
[2025-03-17T17:03:28.045+0000] {processor.py:186} INFO - Started process (PID=619) to work on /home/airflow/.local/lib/python3.12/site-packages/airflow/example_dags/tutorial_taskflow_templates.py
[2025-03-17T17:03:28.046+0000] {processor.py:914} INFO - Processing file /home/airflow/.local/lib/python3.12/site-packages/airflow/example_dags/tutorial_taskflow_templates.py for tasks to queue
[2025-03-17T17:03:28.047+0000] {logging_mixin.py:190} INFO - [2025-03-17T17:03:28.047+0000] {dagbag.py:588} INFO - Filling up the DagBag from /home/airflow/.local/lib/python3.12/site-packages/airflow/example_dags/tutorial_taskflow_templates.py
[2025-03-17T17:03:28.063+0000] {processor.py:925} INFO - DAG(s) 'tutorial_taskflow_templates' retrieved from /home/airflow/.local/lib/python3.12/site-packages/airflow/example_dags/tutorial_taskflow_templates.py
[2025-03-17T17:03:28.084+0000] {logging_mixin.py:190} INFO - [2025-03-17T17:03:28.083+0000] {dag.py:3239} INFO - Sync 1 DAGs
[2025-03-17T17:03:28.111+0000] {logging_mixin.py:190} INFO - [2025-03-17T17:03:28.111+0000] {dag.py:4180} INFO - Setting next_dagrun for tutorial_taskflow_templates to 2025-03-16 00:00:00+00:00, run_after=2025-03-17 00:00:00+00:00
[2025-03-17T17:03:28.131+0000] {processor.py:208} INFO - Processing /home/airflow/.local/lib/python3.12/site-packages/airflow/example_dags/tutorial_taskflow_templates.py took 0.092 seconds
[2025-03-17T17:03:58.172+0000] {processor.py:186} INFO - Started process (PID=682) to work on /home/airflow/.local/lib/python3.12/site-packages/airflow/example_dags/tutorial_taskflow_templates.py
[2025-03-17T17:03:58.173+0000] {processor.py:914} INFO - Processing file /home/airflow/.local/lib/python3.12/site-packages/airflow/example_dags/tutorial_taskflow_templates.py for tasks to queue
[2025-03-17T17:03:58.174+0000] {logging_mixin.py:190} INFO - [2025-03-17T17:03:58.173+0000] {dagbag.py:588} INFO - Filling up the DagBag from /home/airflow/.local/lib/python3.12/site-packages/airflow/example_dags/tutorial_taskflow_templates.py
[2025-03-17T17:03:58.189+0000] {processor.py:925} INFO - DAG(s) 'tutorial_taskflow_templates' retrieved from /home/airflow/.local/lib/python3.12/site-packages/airflow/example_dags/tutorial_taskflow_templates.py
[2025-03-17T17:03:58.215+0000] {logging_mixin.py:190} INFO - [2025-03-17T17:03:58.214+0000] {dag.py:3239} INFO - Sync 1 DAGs
[2025-03-17T17:03:58.250+0000] {logging_mixin.py:190} INFO - [2025-03-17T17:03:58.250+0000] {dag.py:4180} INFO - Setting next_dagrun for tutorial_taskflow_templates to 2025-03-16 00:00:00+00:00, run_after=2025-03-17 00:00:00+00:00
[2025-03-17T17:03:58.274+0000] {processor.py:208} INFO - Processing /home/airflow/.local/lib/python3.12/site-packages/airflow/example_dags/tutorial_taskflow_templates.py took 0.109 seconds
[2025-03-17T17:04:28.807+0000] {processor.py:186} INFO - Started process (PID=744) to work on /home/airflow/.local/lib/python3.12/site-packages/airflow/example_dags/tutorial_taskflow_templates.py
[2025-03-17T17:04:28.808+0000] {processor.py:914} INFO - Processing file /home/airflow/.local/lib/python3.12/site-packages/airflow/example_dags/tutorial_taskflow_templates.py for tasks to queue
[2025-03-17T17:04:28.809+0000] {logging_mixin.py:190} INFO - [2025-03-17T17:04:28.809+0000] {dagbag.py:588} INFO - Filling up the DagBag from /home/airflow/.local/lib/python3.12/site-packages/airflow/example_dags/tutorial_taskflow_templates.py
[2025-03-17T17:04:28.823+0000] {processor.py:925} INFO - DAG(s) 'tutorial_taskflow_templates' retrieved from /home/airflow/.local/lib/python3.12/site-packages/airflow/example_dags/tutorial_taskflow_templates.py
[2025-03-17T17:04:28.847+0000] {logging_mixin.py:190} INFO - [2025-03-17T17:04:28.846+0000] {dag.py:3239} INFO - Sync 1 DAGs
[2025-03-17T17:04:28.875+0000] {logging_mixin.py:190} INFO - [2025-03-17T17:04:28.874+0000] {dag.py:4180} INFO - Setting next_dagrun for tutorial_taskflow_templates to 2025-03-16 00:00:00+00:00, run_after=2025-03-17 00:00:00+00:00
[2025-03-17T17:04:28.898+0000] {processor.py:208} INFO - Processing /home/airflow/.local/lib/python3.12/site-packages/airflow/example_dags/tutorial_taskflow_templates.py took 0.097 seconds
[2025-03-17T17:05:00.648+0000] {processor.py:186} INFO - Started process (PID=806) to work on /home/airflow/.local/lib/python3.12/site-packages/airflow/example_dags/tutorial_taskflow_templates.py
[2025-03-17T17:05:00.649+0000] {processor.py:914} INFO - Processing file /home/airflow/.local/lib/python3.12/site-packages/airflow/example_dags/tutorial_taskflow_templates.py for tasks to queue
[2025-03-17T17:05:00.651+0000] {logging_mixin.py:190} INFO - [2025-03-17T17:05:00.650+0000] {dagbag.py:588} INFO - Filling up the DagBag from /home/airflow/.local/lib/python3.12/site-packages/airflow/example_dags/tutorial_taskflow_templates.py
[2025-03-17T17:05:00.667+0000] {processor.py:925} INFO - DAG(s) 'tutorial_taskflow_templates' retrieved from /home/airflow/.local/lib/python3.12/site-packages/airflow/example_dags/tutorial_taskflow_templates.py
[2025-03-17T17:05:00.689+0000] {logging_mixin.py:190} INFO - [2025-03-17T17:05:00.688+0000] {dag.py:3239} INFO - Sync 1 DAGs
[2025-03-17T17:05:00.713+0000] {logging_mixin.py:190} INFO - [2025-03-17T17:05:00.713+0000] {dag.py:4180} INFO - Setting next_dagrun for tutorial_taskflow_templates to 2025-03-16 00:00:00+00:00, run_after=2025-03-17 00:00:00+00:00
[2025-03-17T17:05:00.735+0000] {processor.py:208} INFO - Processing /home/airflow/.local/lib/python3.12/site-packages/airflow/example_dags/tutorial_taskflow_templates.py took 0.093 seconds
[2025-03-17T17:05:31.803+0000] {processor.py:186} INFO - Started process (PID=870) to work on /home/airflow/.local/lib/python3.12/site-packages/airflow/example_dags/tutorial_taskflow_templates.py
[2025-03-17T17:05:31.804+0000] {processor.py:914} INFO - Processing file /home/airflow/.local/lib/python3.12/site-packages/airflow/example_dags/tutorial_taskflow_templates.py for tasks to queue
[2025-03-17T17:05:31.805+0000] {logging_mixin.py:190} INFO - [2025-03-17T17:05:31.805+0000] {dagbag.py:588} INFO - Filling up the DagBag from /home/airflow/.local/lib/python3.12/site-packages/airflow/example_dags/tutorial_taskflow_templates.py
[2025-03-17T17:05:31.819+0000] {processor.py:925} INFO - DAG(s) 'tutorial_taskflow_templates' retrieved from /home/airflow/.local/lib/python3.12/site-packages/airflow/example_dags/tutorial_taskflow_templates.py
[2025-03-17T17:05:31.839+0000] {logging_mixin.py:190} INFO - [2025-03-17T17:05:31.839+0000] {dag.py:3239} INFO - Sync 1 DAGs
[2025-03-17T17:05:31.862+0000] {logging_mixin.py:190} INFO - [2025-03-17T17:05:31.862+0000] {dag.py:4180} INFO - Setting next_dagrun for tutorial_taskflow_templates to 2025-03-16 00:00:00+00:00, run_after=2025-03-17 00:00:00+00:00
[2025-03-17T17:05:31.882+0000] {processor.py:208} INFO - Processing /home/airflow/.local/lib/python3.12/site-packages/airflow/example_dags/tutorial_taskflow_templates.py took 0.085 seconds
[2025-03-17T17:06:03.141+0000] {processor.py:186} INFO - Started process (PID=939) to work on /home/airflow/.local/lib/python3.12/site-packages/airflow/example_dags/tutorial_taskflow_templates.py
[2025-03-17T17:06:03.141+0000] {processor.py:914} INFO - Processing file /home/airflow/.local/lib/python3.12/site-packages/airflow/example_dags/tutorial_taskflow_templates.py for tasks to queue
[2025-03-17T17:06:03.142+0000] {logging_mixin.py:190} INFO - [2025-03-17T17:06:03.142+0000] {dagbag.py:588} INFO - Filling up the DagBag from /home/airflow/.local/lib/python3.12/site-packages/airflow/example_dags/tutorial_taskflow_templates.py
[2025-03-17T17:06:03.157+0000] {processor.py:925} INFO - DAG(s) 'tutorial_taskflow_templates' retrieved from /home/airflow/.local/lib/python3.12/site-packages/airflow/example_dags/tutorial_taskflow_templates.py
[2025-03-17T17:06:03.176+0000] {logging_mixin.py:190} INFO - [2025-03-17T17:06:03.176+0000] {dag.py:3239} INFO - Sync 1 DAGs
[2025-03-17T17:06:03.199+0000] {logging_mixin.py:190} INFO - [2025-03-17T17:06:03.199+0000] {dag.py:4180} INFO - Setting next_dagrun for tutorial_taskflow_templates to 2025-03-16 00:00:00+00:00, run_after=2025-03-17 00:00:00+00:00
[2025-03-17T17:06:03.220+0000] {processor.py:208} INFO - Processing /home/airflow/.local/lib/python3.12/site-packages/airflow/example_dags/tutorial_taskflow_templates.py took 0.085 seconds
[2025-03-17T17:06:35.868+0000] {processor.py:186} INFO - Started process (PID=1003) to work on /home/airflow/.local/lib/python3.12/site-packages/airflow/example_dags/tutorial_taskflow_templates.py
[2025-03-17T17:06:35.869+0000] {processor.py:914} INFO - Processing file /home/airflow/.local/lib/python3.12/site-packages/airflow/example_dags/tutorial_taskflow_templates.py for tasks to queue
[2025-03-17T17:06:35.870+0000] {logging_mixin.py:190} INFO - [2025-03-17T17:06:35.870+0000] {dagbag.py:588} INFO - Filling up the DagBag from /home/airflow/.local/lib/python3.12/site-packages/airflow/example_dags/tutorial_taskflow_templates.py
[2025-03-17T17:06:35.885+0000] {processor.py:925} INFO - DAG(s) 'tutorial_taskflow_templates' retrieved from /home/airflow/.local/lib/python3.12/site-packages/airflow/example_dags/tutorial_taskflow_templates.py
[2025-03-17T17:06:35.906+0000] {logging_mixin.py:190} INFO - [2025-03-17T17:06:35.906+0000] {dag.py:3239} INFO - Sync 1 DAGs
[2025-03-17T17:06:35.955+0000] {logging_mixin.py:190} INFO - [2025-03-17T17:06:35.954+0000] {dag.py:4180} INFO - Setting next_dagrun for tutorial_taskflow_templates to 2025-03-16 00:00:00+00:00, run_after=2025-03-17 00:00:00+00:00
[2025-03-17T17:06:35.979+0000] {processor.py:208} INFO - Processing /home/airflow/.local/lib/python3.12/site-packages/airflow/example_dags/tutorial_taskflow_templates.py took 0.117 seconds
[2025-03-17T17:07:06.700+0000] {processor.py:186} INFO - Started process (PID=1066) to work on /home/airflow/.local/lib/python3.12/site-packages/airflow/example_dags/tutorial_taskflow_templates.py
[2025-03-17T17:07:06.701+0000] {processor.py:914} INFO - Processing file /home/airflow/.local/lib/python3.12/site-packages/airflow/example_dags/tutorial_taskflow_templates.py for tasks to queue
[2025-03-17T17:07:06.703+0000] {logging_mixin.py:190} INFO - [2025-03-17T17:07:06.702+0000] {dagbag.py:588} INFO - Filling up the DagBag from /home/airflow/.local/lib/python3.12/site-packages/airflow/example_dags/tutorial_taskflow_templates.py
[2025-03-17T17:07:06.721+0000] {processor.py:925} INFO - DAG(s) 'tutorial_taskflow_templates' retrieved from /home/airflow/.local/lib/python3.12/site-packages/airflow/example_dags/tutorial_taskflow_templates.py
[2025-03-17T17:07:06.745+0000] {logging_mixin.py:190} INFO - [2025-03-17T17:07:06.745+0000] {dag.py:3239} INFO - Sync 1 DAGs
[2025-03-17T17:07:06.777+0000] {logging_mixin.py:190} INFO - [2025-03-17T17:07:06.777+0000] {dag.py:4180} INFO - Setting next_dagrun for tutorial_taskflow_templates to 2025-03-16 00:00:00+00:00, run_after=2025-03-17 00:00:00+00:00
[2025-03-17T17:07:06.800+0000] {processor.py:208} INFO - Processing /home/airflow/.local/lib/python3.12/site-packages/airflow/example_dags/tutorial_taskflow_templates.py took 0.107 seconds
[2025-03-17T17:07:38.005+0000] {processor.py:186} INFO - Started process (PID=1128) to work on /home/airflow/.local/lib/python3.12/site-packages/airflow/example_dags/tutorial_taskflow_templates.py
[2025-03-17T17:07:38.006+0000] {processor.py:914} INFO - Processing file /home/airflow/.local/lib/python3.12/site-packages/airflow/example_dags/tutorial_taskflow_templates.py for tasks to queue
[2025-03-17T17:07:38.008+0000] {logging_mixin.py:190} INFO - [2025-03-17T17:07:38.007+0000] {dagbag.py:588} INFO - Filling up the DagBag from /home/airflow/.local/lib/python3.12/site-packages/airflow/example_dags/tutorial_taskflow_templates.py
[2025-03-17T17:07:38.023+0000] {processor.py:925} INFO - DAG(s) 'tutorial_taskflow_templates' retrieved from /home/airflow/.local/lib/python3.12/site-packages/airflow/example_dags/tutorial_taskflow_templates.py
[2025-03-17T17:07:38.048+0000] {logging_mixin.py:190} INFO - [2025-03-17T17:07:38.047+0000] {dag.py:3239} INFO - Sync 1 DAGs
[2025-03-17T17:07:38.075+0000] {logging_mixin.py:190} INFO - [2025-03-17T17:07:38.075+0000] {dag.py:4180} INFO - Setting next_dagrun for tutorial_taskflow_templates to 2025-03-16 00:00:00+00:00, run_after=2025-03-17 00:00:00+00:00
[2025-03-17T17:07:38.095+0000] {processor.py:208} INFO - Processing /home/airflow/.local/lib/python3.12/site-packages/airflow/example_dags/tutorial_taskflow_templates.py took 0.097 seconds
[2025-03-17T17:08:09.321+0000] {processor.py:186} INFO - Started process (PID=1185) to work on /home/airflow/.local/lib/python3.12/site-packages/airflow/example_dags/tutorial_taskflow_templates.py
[2025-03-17T17:08:09.323+0000] {processor.py:914} INFO - Processing file /home/airflow/.local/lib/python3.12/site-packages/airflow/example_dags/tutorial_taskflow_templates.py for tasks to queue
[2025-03-17T17:08:09.325+0000] {logging_mixin.py:190} INFO - [2025-03-17T17:08:09.324+0000] {dagbag.py:588} INFO - Filling up the DagBag from /home/airflow/.local/lib/python3.12/site-packages/airflow/example_dags/tutorial_taskflow_templates.py
[2025-03-17T17:08:09.346+0000] {processor.py:925} INFO - DAG(s) 'tutorial_taskflow_templates' retrieved from /home/airflow/.local/lib/python3.12/site-packages/airflow/example_dags/tutorial_taskflow_templates.py
[2025-03-17T17:08:09.374+0000] {logging_mixin.py:190} INFO - [2025-03-17T17:08:09.374+0000] {dag.py:3239} INFO - Sync 1 DAGs
[2025-03-17T17:08:09.408+0000] {logging_mixin.py:190} INFO - [2025-03-17T17:08:09.407+0000] {dag.py:4180} INFO - Setting next_dagrun for tutorial_taskflow_templates to 2025-03-16 00:00:00+00:00, run_after=2025-03-17 00:00:00+00:00
[2025-03-17T17:08:09.435+0000] {processor.py:208} INFO - Processing /home/airflow/.local/lib/python3.12/site-packages/airflow/example_dags/tutorial_taskflow_templates.py took 0.123 seconds
