[2025-03-24T13:21:34.296+0000] {local_task_job_runner.py:123} INFO - ::group::Pre task execution logs
[2025-03-24T13:21:34.344+0000] {taskinstance.py:2614} INFO - Dependencies all met for dep_context=non-requeueable deps ti=<TaskInstance: my_first_dag.first_task scheduled__2025-03-22T00:00:00+00:00 [queued]>
[2025-03-24T13:21:34.366+0000] {taskinstance.py:2614} INFO - Dependencies all met for dep_context=requeueable deps ti=<TaskInstance: my_first_dag.first_task scheduled__2025-03-22T00:00:00+00:00 [queued]>
[2025-03-24T13:21:34.366+0000] {taskinstance.py:2867} INFO - Starting attempt 1 of 1
[2025-03-24T13:21:34.396+0000] {taskinstance.py:2890} INFO - Executing <Task(BashOperator): first_task> on 2025-03-22 00:00:00+00:00
[2025-03-24T13:21:34.520+0000] {warnings.py:112} WARNING - /home/***/.local/lib/python3.12/site-packages/***/task/task_runner/standard_task_runner.py:70: DeprecationWarning: This process (pid=365) is multi-threaded, use of fork() may lead to deadlocks in the child.
  pid = os.fork()

[2025-03-24T13:21:34.525+0000] {standard_task_runner.py:72} INFO - Started process 374 to run task
[2025-03-24T13:21:34.525+0000] {standard_task_runner.py:104} INFO - Running: ['***', 'tasks', 'run', 'my_first_dag', 'first_task', 'scheduled__2025-03-22T00:00:00+00:00', '--job-id', '39', '--raw', '--subdir', 'DAGS_FOLDER/task.py', '--cfg-path', '/tmp/tmpnvx1umqx']
[2025-03-24T13:21:34.528+0000] {standard_task_runner.py:105} INFO - Job 39: Subtask first_task
[2025-03-24T13:21:34.643+0000] {task_command.py:467} INFO - Running <TaskInstance: my_first_dag.first_task scheduled__2025-03-22T00:00:00+00:00 [running]> on host e1537a8d388b
[2025-03-24T13:21:34.888+0000] {taskinstance.py:3134} INFO - Exporting env vars: AIRFLOW_CTX_DAG_OWNER='***' AIRFLOW_CTX_DAG_ID='my_first_dag' AIRFLOW_CTX_TASK_ID='first_task' AIRFLOW_CTX_EXECUTION_DATE='2025-03-22T00:00:00+00:00' AIRFLOW_CTX_TRY_NUMBER='1' AIRFLOW_CTX_DAG_RUN_ID='scheduled__2025-03-22T00:00:00+00:00'
[2025-03-24T13:21:34.890+0000] {taskinstance.py:732} INFO - ::endgroup::
[2025-03-24T13:21:34.922+0000] {subprocess.py:78} INFO - Tmp dir root location: /tmp
[2025-03-24T13:21:34.924+0000] {subprocess.py:88} INFO - Running command: ['/usr/bin/bash', '-c', 'echo hello world, this is my first task']
[2025-03-24T13:21:34.955+0000] {subprocess.py:99} INFO - Output:
[2025-03-24T13:21:34.958+0000] {subprocess.py:106} INFO - hello world, this is my first task
[2025-03-24T13:21:34.959+0000] {subprocess.py:110} INFO - Command exited with return code 0
[2025-03-24T13:21:35.006+0000] {taskinstance.py:341} INFO - ::group::Post task execution logs
[2025-03-24T13:21:35.010+0000] {taskinstance.py:353} INFO - Marking task as SUCCESS. dag_id=my_first_dag, task_id=first_task, run_id=scheduled__2025-03-22T00:00:00+00:00, execution_date=20250322T000000, start_date=20250324T132134, end_date=20250324T132135
[2025-03-24T13:21:35.113+0000] {local_task_job_runner.py:266} INFO - Task exited with return code 0
[2025-03-24T13:21:35.130+0000] {local_task_job_runner.py:245} INFO - ::endgroup::
