[2025-03-24T13:21:30.739+0000] {local_task_job_runner.py:123} INFO - ::group::Pre task execution logs
[2025-03-24T13:21:30.837+0000] {taskinstance.py:2614} INFO - Dependencies all met for dep_context=non-requeueable deps ti=<TaskInstance: my_first_dag.zero_task manual__2025-03-24T13:21:22.251089+00:00 [queued]>
[2025-03-24T13:21:30.869+0000] {taskinstance.py:2614} INFO - Dependencies all met for dep_context=requeueable deps ti=<TaskInstance: my_first_dag.zero_task manual__2025-03-24T13:21:22.251089+00:00 [queued]>
[2025-03-24T13:21:30.870+0000] {taskinstance.py:2867} INFO - Starting attempt 1 of 1
[2025-03-24T13:21:30.905+0000] {taskinstance.py:2890} INFO - Executing <Task(BashOperator): zero_task> on 2025-03-24 13:21:22.251089+00:00
[2025-03-24T13:21:30.924+0000] {warnings.py:112} WARNING - /home/***/.local/lib/python3.12/site-packages/***/task/task_runner/standard_task_runner.py:70: DeprecationWarning: This process (pid=340) is multi-threaded, use of fork() may lead to deadlocks in the child.
  pid = os.fork()

[2025-03-24T13:21:30.941+0000] {standard_task_runner.py:104} INFO - Running: ['***', 'tasks', 'run', 'my_first_dag', 'zero_task', 'manual__2025-03-24T13:21:22.251089+00:00', '--job-id', '33', '--raw', '--subdir', 'DAGS_FOLDER/task.py', '--cfg-path', '/tmp/tmps9to0m61']
[2025-03-24T13:21:30.944+0000] {standard_task_runner.py:72} INFO - Started process 344 to run task
[2025-03-24T13:21:30.945+0000] {standard_task_runner.py:105} INFO - Job 33: Subtask zero_task
[2025-03-24T13:21:31.138+0000] {task_command.py:467} INFO - Running <TaskInstance: my_first_dag.zero_task manual__2025-03-24T13:21:22.251089+00:00 [running]> on host e1537a8d388b
[2025-03-24T13:21:31.500+0000] {taskinstance.py:3134} INFO - Exporting env vars: AIRFLOW_CTX_DAG_OWNER='***' AIRFLOW_CTX_DAG_ID='my_first_dag' AIRFLOW_CTX_TASK_ID='zero_task' AIRFLOW_CTX_EXECUTION_DATE='2025-03-24T13:21:22.251089+00:00' AIRFLOW_CTX_TRY_NUMBER='1' AIRFLOW_CTX_DAG_RUN_ID='manual__2025-03-24T13:21:22.251089+00:00'
[2025-03-24T13:21:31.506+0000] {taskinstance.py:732} INFO - ::endgroup::
[2025-03-24T13:21:31.654+0000] {subprocess.py:78} INFO - Tmp dir root location: /tmp
[2025-03-24T13:21:31.665+0000] {subprocess.py:88} INFO - Running command: ['/usr/bin/bash', '-c', 'echo hello world, this is my zero task']
[2025-03-24T13:21:31.701+0000] {subprocess.py:99} INFO - Output:
[2025-03-24T13:21:31.739+0000] {subprocess.py:106} INFO - hello world, this is my zero task
[2025-03-24T13:21:31.742+0000] {subprocess.py:110} INFO - Command exited with return code 0
[2025-03-24T13:21:31.839+0000] {taskinstance.py:341} INFO - ::group::Post task execution logs
[2025-03-24T13:21:31.840+0000] {taskinstance.py:353} INFO - Marking task as SUCCESS. dag_id=my_first_dag, task_id=zero_task, run_id=manual__2025-03-24T13:21:22.251089+00:00, execution_date=20250324T132122, start_date=20250324T132130, end_date=20250324T132131
[2025-03-24T13:21:31.982+0000] {local_task_job_runner.py:266} INFO - Task exited with return code 0
[2025-03-24T13:21:32.081+0000] {taskinstance.py:3901} INFO - 1 downstream tasks scheduled from follow-on schedule check
[2025-03-24T13:21:32.084+0000] {local_task_job_runner.py:245} INFO - ::endgroup::
