[2025-04-04T22:12:23.045+0000] {processor.py:186} INFO - Started process (PID=66) to work on /opt/airflow/dags/fristdags.py
[2025-04-04T22:12:23.046+0000] {processor.py:914} INFO - Processing file /opt/airflow/dags/fristdags.py for tasks to queue
[2025-04-04T22:12:23.061+0000] {logging_mixin.py:190} INFO - [2025-04-04T22:12:23.061+0000] {dagbag.py:588} INFO - Filling up the DagBag from /opt/airflow/dags/fristdags.py
[2025-04-04T22:12:23.103+0000] {processor.py:925} INFO - DAG(s) 'our_first_dag_2' retrieved from /opt/airflow/dags/fristdags.py
[2025-04-04T22:12:23.754+0000] {logging_mixin.py:190} INFO - [2025-04-04T22:12:23.752+0000] {override.py:1912} INFO - Created Permission View: can delete on DAG:our_first_dag_2
[2025-04-04T22:12:23.852+0000] {logging_mixin.py:190} INFO - [2025-04-04T22:12:23.852+0000] {override.py:1912} INFO - Created Permission View: can read on DAG:our_first_dag_2
[2025-04-04T22:12:23.862+0000] {logging_mixin.py:190} INFO - [2025-04-04T22:12:23.862+0000] {override.py:1912} INFO - Created Permission View: can edit on DAG:our_first_dag_2
[2025-04-04T22:12:23.877+0000] {logging_mixin.py:190} INFO - [2025-04-04T22:12:23.876+0000] {override.py:1912} INFO - Created Permission View: menu access on DAG Run:our_first_dag_2
[2025-04-04T22:12:23.890+0000] {logging_mixin.py:190} INFO - [2025-04-04T22:12:23.889+0000] {override.py:1912} INFO - Created Permission View: can delete on DAG Run:our_first_dag_2
[2025-04-04T22:12:23.901+0000] {logging_mixin.py:190} INFO - [2025-04-04T22:12:23.901+0000] {override.py:1912} INFO - Created Permission View: can read on DAG Run:our_first_dag_2
[2025-04-04T22:12:23.913+0000] {logging_mixin.py:190} INFO - [2025-04-04T22:12:23.912+0000] {override.py:1912} INFO - Created Permission View: can create on DAG Run:our_first_dag_2
[2025-04-04T22:12:23.914+0000] {logging_mixin.py:190} INFO - [2025-04-04T22:12:23.914+0000] {dag.py:3239} INFO - Sync 1 DAGs
[2025-04-04T22:12:23.967+0000] {logging_mixin.py:190} INFO - [2025-04-04T22:12:23.967+0000] {dag.py:3262} INFO - Creating ORM DAG for our_first_dag_2
[2025-04-04T22:12:23.997+0000] {logging_mixin.py:190} INFO - [2025-04-04T22:12:23.997+0000] {dag.py:4180} INFO - Setting next_dagrun for our_first_dag_2 to 2025-04-03 00:00:00+00:00, run_after=2025-04-04 00:00:00+00:00
[2025-04-04T22:12:24.048+0000] {processor.py:208} INFO - Processing /opt/airflow/dags/fristdags.py took 1.014 seconds
[2025-04-04T22:12:54.842+0000] {processor.py:186} INFO - Started process (PID=82) to work on /opt/airflow/dags/fristdags.py
[2025-04-04T22:12:54.842+0000] {processor.py:914} INFO - Processing file /opt/airflow/dags/fristdags.py for tasks to queue
[2025-04-04T22:12:54.844+0000] {logging_mixin.py:190} INFO - [2025-04-04T22:12:54.844+0000] {dagbag.py:588} INFO - Filling up the DagBag from /opt/airflow/dags/fristdags.py
[2025-04-04T22:12:54.867+0000] {processor.py:925} INFO - DAG(s) 'our_first_dag_2' retrieved from /opt/airflow/dags/fristdags.py
[2025-04-04T22:12:54.898+0000] {logging_mixin.py:190} INFO - [2025-04-04T22:12:54.898+0000] {dag.py:3239} INFO - Sync 1 DAGs
[2025-04-04T22:12:54.988+0000] {logging_mixin.py:190} INFO - [2025-04-04T22:12:54.988+0000] {dag.py:4180} INFO - Setting next_dagrun for our_first_dag_2 to 2025-04-03 00:00:00+00:00, run_after=2025-04-04 00:00:00+00:00
[2025-04-04T22:12:55.012+0000] {processor.py:208} INFO - Processing /opt/airflow/dags/fristdags.py took 0.175 seconds
[2025-04-04T22:13:25.486+0000] {processor.py:186} INFO - Started process (PID=92) to work on /opt/airflow/dags/fristdags.py
[2025-04-04T22:13:25.487+0000] {processor.py:914} INFO - Processing file /opt/airflow/dags/fristdags.py for tasks to queue
[2025-04-04T22:13:25.489+0000] {logging_mixin.py:190} INFO - [2025-04-04T22:13:25.489+0000] {dagbag.py:588} INFO - Filling up the DagBag from /opt/airflow/dags/fristdags.py
[2025-04-04T22:13:25.504+0000] {processor.py:925} INFO - DAG(s) 'our_first_dag_2' retrieved from /opt/airflow/dags/fristdags.py
[2025-04-04T22:13:25.532+0000] {logging_mixin.py:190} INFO - [2025-04-04T22:13:25.531+0000] {dag.py:3239} INFO - Sync 1 DAGs
[2025-04-04T22:13:25.559+0000] {logging_mixin.py:190} INFO - [2025-04-04T22:13:25.558+0000] {dag.py:4180} INFO - Setting next_dagrun for our_first_dag_2 to 2025-04-03 00:00:00+00:00, run_after=2025-04-04 00:00:00+00:00
[2025-04-04T22:13:25.577+0000] {processor.py:208} INFO - Processing /opt/airflow/dags/fristdags.py took 0.096 seconds
[2025-04-04T22:13:56.024+0000] {processor.py:186} INFO - Started process (PID=102) to work on /opt/airflow/dags/fristdags.py
[2025-04-04T22:13:56.025+0000] {processor.py:914} INFO - Processing file /opt/airflow/dags/fristdags.py for tasks to queue
[2025-04-04T22:13:56.028+0000] {logging_mixin.py:190} INFO - [2025-04-04T22:13:56.027+0000] {dagbag.py:588} INFO - Filling up the DagBag from /opt/airflow/dags/fristdags.py
[2025-04-04T22:13:56.048+0000] {processor.py:925} INFO - DAG(s) 'our_first_dag_2' retrieved from /opt/airflow/dags/fristdags.py
[2025-04-04T22:13:56.079+0000] {logging_mixin.py:190} INFO - [2025-04-04T22:13:56.079+0000] {dag.py:3239} INFO - Sync 1 DAGs
[2025-04-04T22:13:56.112+0000] {logging_mixin.py:190} INFO - [2025-04-04T22:13:56.111+0000] {dag.py:4180} INFO - Setting next_dagrun for our_first_dag_2 to 2025-04-03 00:00:00+00:00, run_after=2025-04-04 00:00:00+00:00
[2025-04-04T22:13:56.130+0000] {processor.py:208} INFO - Processing /opt/airflow/dags/fristdags.py took 0.114 seconds
[2025-04-04T22:14:26.652+0000] {processor.py:186} INFO - Started process (PID=112) to work on /opt/airflow/dags/fristdags.py
[2025-04-04T22:14:26.970+0000] {processor.py:914} INFO - Processing file /opt/airflow/dags/fristdags.py for tasks to queue
[2025-04-04T22:14:26.973+0000] {logging_mixin.py:190} INFO - [2025-04-04T22:14:26.973+0000] {dagbag.py:588} INFO - Filling up the DagBag from /opt/airflow/dags/fristdags.py
[2025-04-04T22:14:26.989+0000] {processor.py:925} INFO - DAG(s) 'our_first_dag_2' retrieved from /opt/airflow/dags/fristdags.py
[2025-04-04T22:14:27.014+0000] {logging_mixin.py:190} INFO - [2025-04-04T22:14:27.013+0000] {dag.py:3239} INFO - Sync 1 DAGs
[2025-04-04T22:14:27.045+0000] {logging_mixin.py:190} INFO - [2025-04-04T22:14:27.044+0000] {dag.py:4180} INFO - Setting next_dagrun for our_first_dag_2 to 2025-04-03 00:00:00+00:00, run_after=2025-04-04 00:00:00+00:00
[2025-04-04T22:14:27.065+0000] {processor.py:208} INFO - Processing /opt/airflow/dags/fristdags.py took 0.421 seconds
[2025-04-04T22:14:57.500+0000] {processor.py:186} INFO - Started process (PID=122) to work on /opt/airflow/dags/fristdags.py
[2025-04-04T22:14:57.501+0000] {processor.py:914} INFO - Processing file /opt/airflow/dags/fristdags.py for tasks to queue
[2025-04-04T22:14:57.504+0000] {logging_mixin.py:190} INFO - [2025-04-04T22:14:57.504+0000] {dagbag.py:588} INFO - Filling up the DagBag from /opt/airflow/dags/fristdags.py
[2025-04-04T22:14:57.520+0000] {processor.py:925} INFO - DAG(s) 'our_first_dag_2' retrieved from /opt/airflow/dags/fristdags.py
[2025-04-04T22:14:57.558+0000] {logging_mixin.py:190} INFO - [2025-04-04T22:14:57.557+0000] {dag.py:3239} INFO - Sync 1 DAGs
[2025-04-04T22:14:57.581+0000] {logging_mixin.py:190} INFO - [2025-04-04T22:14:57.581+0000] {dag.py:4180} INFO - Setting next_dagrun for our_first_dag_2 to 2025-04-03 00:00:00+00:00, run_after=2025-04-04 00:00:00+00:00
[2025-04-04T22:14:57.603+0000] {processor.py:208} INFO - Processing /opt/airflow/dags/fristdags.py took 0.110 seconds
[2025-04-04T22:15:28.377+0000] {processor.py:186} INFO - Started process (PID=132) to work on /opt/airflow/dags/fristdags.py
[2025-04-04T22:15:28.389+0000] {processor.py:914} INFO - Processing file /opt/airflow/dags/fristdags.py for tasks to queue
[2025-04-04T22:15:28.392+0000] {logging_mixin.py:190} INFO - [2025-04-04T22:15:28.392+0000] {dagbag.py:588} INFO - Filling up the DagBag from /opt/airflow/dags/fristdags.py
[2025-04-04T22:15:28.449+0000] {processor.py:925} INFO - DAG(s) 'our_first_dag_2' retrieved from /opt/airflow/dags/fristdags.py
[2025-04-04T22:15:28.507+0000] {logging_mixin.py:190} INFO - [2025-04-04T22:15:28.506+0000] {dag.py:3239} INFO - Sync 1 DAGs
[2025-04-04T22:15:28.592+0000] {logging_mixin.py:190} INFO - [2025-04-04T22:15:28.592+0000] {dag.py:4180} INFO - Setting next_dagrun for our_first_dag_2 to 2025-04-03 00:00:00+00:00, run_after=2025-04-04 00:00:00+00:00
[2025-04-04T22:15:28.632+0000] {processor.py:208} INFO - Processing /opt/airflow/dags/fristdags.py took 0.263 seconds
[2025-04-04T22:15:59.327+0000] {processor.py:186} INFO - Started process (PID=146) to work on /opt/airflow/dags/fristdags.py
[2025-04-04T22:15:59.422+0000] {processor.py:914} INFO - Processing file /opt/airflow/dags/fristdags.py for tasks to queue
[2025-04-04T22:15:59.425+0000] {logging_mixin.py:190} INFO - [2025-04-04T22:15:59.425+0000] {dagbag.py:588} INFO - Filling up the DagBag from /opt/airflow/dags/fristdags.py
[2025-04-04T22:15:59.446+0000] {processor.py:925} INFO - DAG(s) 'our_first_dag_2' retrieved from /opt/airflow/dags/fristdags.py
[2025-04-04T22:15:59.477+0000] {logging_mixin.py:190} INFO - [2025-04-04T22:15:59.477+0000] {dag.py:3239} INFO - Sync 1 DAGs
[2025-04-04T22:15:59.511+0000] {logging_mixin.py:190} INFO - [2025-04-04T22:15:59.510+0000] {dag.py:4180} INFO - Setting next_dagrun for our_first_dag_2 to 2025-04-03 00:00:00+00:00, run_after=2025-04-04 00:00:00+00:00
[2025-04-04T22:15:59.536+0000] {processor.py:208} INFO - Processing /opt/airflow/dags/fristdags.py took 0.215 seconds
