[2025-04-04T22:12:24.143+0000] {processor.py:186} INFO - Started process (PID=74) to work on /opt/airflow/dags/seconddag.py
[2025-04-04T22:12:24.146+0000] {processor.py:914} INFO - Processing file /opt/airflow/dags/seconddag.py for tasks to queue
[2025-04-04T22:12:24.151+0000] {logging_mixin.py:190} INFO - [2025-04-04T22:12:24.150+0000] {dagbag.py:588} INFO - Filling up the DagBag from /opt/airflow/dags/seconddag.py
[2025-04-04T22:12:24.176+0000] {processor.py:925} INFO - DAG(s) 'our_first_dag_3' retrieved from /opt/airflow/dags/seconddag.py
[2025-04-04T22:12:24.435+0000] {logging_mixin.py:190} INFO - [2025-04-04T22:12:24.434+0000] {override.py:1912} INFO - Created Permission View: can delete on DAG:our_first_dag_3
[2025-04-04T22:12:24.451+0000] {logging_mixin.py:190} INFO - [2025-04-04T22:12:24.450+0000] {override.py:1912} INFO - Created Permission View: can read on DAG:our_first_dag_3
[2025-04-04T22:12:24.460+0000] {logging_mixin.py:190} INFO - [2025-04-04T22:12:24.459+0000] {override.py:1912} INFO - Created Permission View: can edit on DAG:our_first_dag_3
[2025-04-04T22:12:24.470+0000] {logging_mixin.py:190} INFO - [2025-04-04T22:12:24.470+0000] {override.py:1912} INFO - Created Permission View: menu access on DAG Run:our_first_dag_3
[2025-04-04T22:12:24.478+0000] {logging_mixin.py:190} INFO - [2025-04-04T22:12:24.478+0000] {override.py:1912} INFO - Created Permission View: can delete on DAG Run:our_first_dag_3
[2025-04-04T22:12:24.486+0000] {logging_mixin.py:190} INFO - [2025-04-04T22:12:24.486+0000] {override.py:1912} INFO - Created Permission View: can read on DAG Run:our_first_dag_3
[2025-04-04T22:12:24.495+0000] {logging_mixin.py:190} INFO - [2025-04-04T22:12:24.494+0000] {override.py:1912} INFO - Created Permission View: can create on DAG Run:our_first_dag_3
[2025-04-04T22:12:24.496+0000] {logging_mixin.py:190} INFO - [2025-04-04T22:12:24.495+0000] {dag.py:3239} INFO - Sync 1 DAGs
[2025-04-04T22:12:24.523+0000] {logging_mixin.py:190} INFO - [2025-04-04T22:12:24.523+0000] {dag.py:3262} INFO - Creating ORM DAG for our_first_dag_3
[2025-04-04T22:12:24.548+0000] {logging_mixin.py:190} INFO - [2025-04-04T22:12:24.548+0000] {dag.py:4180} INFO - Setting next_dagrun for our_first_dag_3 to 2025-04-03 00:00:00+00:00, run_after=2025-04-04 00:00:00+00:00
[2025-04-04T22:12:24.575+0000] {processor.py:208} INFO - Processing /opt/airflow/dags/seconddag.py took 0.450 seconds
[2025-04-04T22:12:55.074+0000] {processor.py:186} INFO - Started process (PID=84) to work on /opt/airflow/dags/seconddag.py
[2025-04-04T22:12:55.075+0000] {processor.py:914} INFO - Processing file /opt/airflow/dags/seconddag.py for tasks to queue
[2025-04-04T22:12:55.078+0000] {logging_mixin.py:190} INFO - [2025-04-04T22:12:55.077+0000] {dagbag.py:588} INFO - Filling up the DagBag from /opt/airflow/dags/seconddag.py
[2025-04-04T22:12:55.094+0000] {processor.py:925} INFO - DAG(s) 'our_first_dag_3' retrieved from /opt/airflow/dags/seconddag.py
[2025-04-04T22:12:55.127+0000] {logging_mixin.py:190} INFO - [2025-04-04T22:12:55.125+0000] {dag.py:3239} INFO - Sync 1 DAGs
[2025-04-04T22:12:55.160+0000] {logging_mixin.py:190} INFO - [2025-04-04T22:12:55.160+0000] {dag.py:4180} INFO - Setting next_dagrun for our_first_dag_3 to 2025-04-03 00:00:00+00:00, run_after=2025-04-04 00:00:00+00:00
[2025-04-04T22:12:55.182+0000] {processor.py:208} INFO - Processing /opt/airflow/dags/seconddag.py took 0.114 seconds
[2025-04-04T22:13:25.726+0000] {processor.py:186} INFO - Started process (PID=94) to work on /opt/airflow/dags/seconddag.py
[2025-04-04T22:13:25.726+0000] {processor.py:914} INFO - Processing file /opt/airflow/dags/seconddag.py for tasks to queue
[2025-04-04T22:13:25.728+0000] {logging_mixin.py:190} INFO - [2025-04-04T22:13:25.728+0000] {dagbag.py:588} INFO - Filling up the DagBag from /opt/airflow/dags/seconddag.py
[2025-04-04T22:13:25.744+0000] {processor.py:925} INFO - DAG(s) 'our_first_dag_3' retrieved from /opt/airflow/dags/seconddag.py
[2025-04-04T22:13:25.770+0000] {logging_mixin.py:190} INFO - [2025-04-04T22:13:25.770+0000] {dag.py:3239} INFO - Sync 1 DAGs
[2025-04-04T22:13:25.792+0000] {logging_mixin.py:190} INFO - [2025-04-04T22:13:25.792+0000] {dag.py:4180} INFO - Setting next_dagrun for our_first_dag_3 to 2025-04-03 00:00:00+00:00, run_after=2025-04-04 00:00:00+00:00
[2025-04-04T22:13:25.809+0000] {processor.py:208} INFO - Processing /opt/airflow/dags/seconddag.py took 0.089 seconds
[2025-04-04T22:13:56.190+0000] {processor.py:186} INFO - Started process (PID=104) to work on /opt/airflow/dags/seconddag.py
[2025-04-04T22:13:56.191+0000] {processor.py:914} INFO - Processing file /opt/airflow/dags/seconddag.py for tasks to queue
[2025-04-04T22:13:56.193+0000] {logging_mixin.py:190} INFO - [2025-04-04T22:13:56.193+0000] {dagbag.py:588} INFO - Filling up the DagBag from /opt/airflow/dags/seconddag.py
[2025-04-04T22:13:56.211+0000] {processor.py:925} INFO - DAG(s) 'our_first_dag_3' retrieved from /opt/airflow/dags/seconddag.py
[2025-04-04T22:13:56.250+0000] {logging_mixin.py:190} INFO - [2025-04-04T22:13:56.249+0000] {dag.py:3239} INFO - Sync 1 DAGs
[2025-04-04T22:13:56.298+0000] {logging_mixin.py:190} INFO - [2025-04-04T22:13:56.298+0000] {dag.py:4180} INFO - Setting next_dagrun for our_first_dag_3 to 2025-04-03 00:00:00+00:00, run_after=2025-04-04 00:00:00+00:00
[2025-04-04T22:13:56.324+0000] {processor.py:208} INFO - Processing /opt/airflow/dags/seconddag.py took 0.141 seconds
[2025-04-04T22:14:27.251+0000] {processor.py:186} INFO - Started process (PID=114) to work on /opt/airflow/dags/seconddag.py
[2025-04-04T22:14:27.270+0000] {processor.py:914} INFO - Processing file /opt/airflow/dags/seconddag.py for tasks to queue
[2025-04-04T22:14:27.273+0000] {logging_mixin.py:190} INFO - [2025-04-04T22:14:27.273+0000] {dagbag.py:588} INFO - Filling up the DagBag from /opt/airflow/dags/seconddag.py
[2025-04-04T22:14:27.290+0000] {processor.py:925} INFO - DAG(s) 'our_first_dag_3' retrieved from /opt/airflow/dags/seconddag.py
[2025-04-04T22:14:27.315+0000] {logging_mixin.py:190} INFO - [2025-04-04T22:14:27.315+0000] {dag.py:3239} INFO - Sync 1 DAGs
[2025-04-04T22:14:27.340+0000] {logging_mixin.py:190} INFO - [2025-04-04T22:14:27.340+0000] {dag.py:4180} INFO - Setting next_dagrun for our_first_dag_3 to 2025-04-03 00:00:00+00:00, run_after=2025-04-04 00:00:00+00:00
[2025-04-04T22:14:27.360+0000] {processor.py:208} INFO - Processing /opt/airflow/dags/seconddag.py took 0.115 seconds
[2025-04-04T22:14:57.760+0000] {processor.py:186} INFO - Started process (PID=124) to work on /opt/airflow/dags/seconddag.py
[2025-04-04T22:14:57.761+0000] {processor.py:914} INFO - Processing file /opt/airflow/dags/seconddag.py for tasks to queue
[2025-04-04T22:14:57.764+0000] {logging_mixin.py:190} INFO - [2025-04-04T22:14:57.764+0000] {dagbag.py:588} INFO - Filling up the DagBag from /opt/airflow/dags/seconddag.py
[2025-04-04T22:14:57.780+0000] {processor.py:925} INFO - DAG(s) 'our_first_dag_3' retrieved from /opt/airflow/dags/seconddag.py
[2025-04-04T22:14:57.803+0000] {logging_mixin.py:190} INFO - [2025-04-04T22:14:57.803+0000] {dag.py:3239} INFO - Sync 1 DAGs
[2025-04-04T22:14:57.825+0000] {logging_mixin.py:190} INFO - [2025-04-04T22:14:57.825+0000] {dag.py:4180} INFO - Setting next_dagrun for our_first_dag_3 to 2025-04-03 00:00:00+00:00, run_after=2025-04-04 00:00:00+00:00
[2025-04-04T22:14:57.844+0000] {processor.py:208} INFO - Processing /opt/airflow/dags/seconddag.py took 0.090 seconds
[2025-04-04T22:15:29.056+0000] {processor.py:186} INFO - Started process (PID=134) to work on /opt/airflow/dags/seconddag.py
[2025-04-04T22:15:29.073+0000] {processor.py:914} INFO - Processing file /opt/airflow/dags/seconddag.py for tasks to queue
[2025-04-04T22:15:29.077+0000] {logging_mixin.py:190} INFO - [2025-04-04T22:15:29.076+0000] {dagbag.py:588} INFO - Filling up the DagBag from /opt/airflow/dags/seconddag.py
[2025-04-04T22:15:29.121+0000] {processor.py:925} INFO - DAG(s) 'our_first_dag_3' retrieved from /opt/airflow/dags/seconddag.py
[2025-04-04T22:15:29.150+0000] {logging_mixin.py:190} INFO - [2025-04-04T22:15:29.149+0000] {dag.py:3239} INFO - Sync 1 DAGs
[2025-04-04T22:15:29.183+0000] {logging_mixin.py:190} INFO - [2025-04-04T22:15:29.183+0000] {dag.py:4180} INFO - Setting next_dagrun for our_first_dag_3 to 2025-04-03 00:00:00+00:00, run_after=2025-04-04 00:00:00+00:00
[2025-04-04T22:15:29.211+0000] {processor.py:208} INFO - Processing /opt/airflow/dags/seconddag.py took 0.165 seconds
[2025-04-04T22:15:59.602+0000] {processor.py:186} INFO - Started process (PID=148) to work on /opt/airflow/dags/seconddag.py
[2025-04-04T22:15:59.608+0000] {processor.py:914} INFO - Processing file /opt/airflow/dags/seconddag.py for tasks to queue
[2025-04-04T22:15:59.611+0000] {logging_mixin.py:190} INFO - [2025-04-04T22:15:59.611+0000] {dagbag.py:588} INFO - Filling up the DagBag from /opt/airflow/dags/seconddag.py
[2025-04-04T22:15:59.627+0000] {processor.py:925} INFO - DAG(s) 'our_first_dag_3' retrieved from /opt/airflow/dags/seconddag.py
[2025-04-04T22:15:59.651+0000] {logging_mixin.py:190} INFO - [2025-04-04T22:15:59.651+0000] {dag.py:3239} INFO - Sync 1 DAGs
[2025-04-04T22:15:59.679+0000] {logging_mixin.py:190} INFO - [2025-04-04T22:15:59.679+0000] {dag.py:4180} INFO - Setting next_dagrun for our_first_dag_3 to 2025-04-03 00:00:00+00:00, run_after=2025-04-04 00:00:00+00:00
[2025-04-04T22:15:59.699+0000] {processor.py:208} INFO - Processing /opt/airflow/dags/seconddag.py took 0.104 seconds
