[2025-03-27T15:19:40.766+0000] {local_task_job_runner.py:123} INFO - ::group::Pre task execution logs
[2025-03-27T15:19:40.789+0000] {taskinstance.py:2614} INFO - Dependencies all met for dep_context=non-requeueable deps ti=<TaskInstance: my_first_dag.zero_task scheduled__2025-03-26T00:00:00+00:00 [queued]>
[2025-03-27T15:19:40.801+0000] {taskinstance.py:2614} INFO - Dependencies all met for dep_context=requeueable deps ti=<TaskInstance: my_first_dag.zero_task scheduled__2025-03-26T00:00:00+00:00 [queued]>
[2025-03-27T15:19:40.801+0000] {taskinstance.py:2867} INFO - Starting attempt 1 of 1
[2025-03-27T15:19:40.826+0000] {taskinstance.py:2890} INFO - Executing <Task(BashOperator): zero_task> on 2025-03-26 00:00:00+00:00
[2025-03-27T15:19:40.837+0000] {warnings.py:112} WARNING - /home/***/.local/lib/python3.12/site-packages/***/task/task_runner/standard_task_runner.py:70: DeprecationWarning: This process (pid=81) is multi-threaded, use of fork() may lead to deadlocks in the child.
  pid = os.fork()

[2025-03-27T15:19:40.844+0000] {standard_task_runner.py:72} INFO - Started process 83 to run task
[2025-03-27T15:19:40.843+0000] {standard_task_runner.py:104} INFO - Running: ['***', 'tasks', 'run', 'my_first_dag', 'zero_task', 'scheduled__2025-03-26T00:00:00+00:00', '--job-id', '101', '--raw', '--subdir', 'DAGS_FOLDER/task.py', '--cfg-path', '/tmp/tmp_xnumann']
[2025-03-27T15:19:40.846+0000] {standard_task_runner.py:105} INFO - Job 101: Subtask zero_task
[2025-03-27T15:19:40.992+0000] {task_command.py:467} INFO - Running <TaskInstance: my_first_dag.zero_task scheduled__2025-03-26T00:00:00+00:00 [running]> on host 2a584310a0bb
[2025-03-27T15:19:41.172+0000] {taskinstance.py:3134} INFO - Exporting env vars: AIRFLOW_CTX_DAG_OWNER='***' AIRFLOW_CTX_DAG_ID='my_first_dag' AIRFLOW_CTX_TASK_ID='zero_task' AIRFLOW_CTX_EXECUTION_DATE='2025-03-26T00:00:00+00:00' AIRFLOW_CTX_TRY_NUMBER='1' AIRFLOW_CTX_DAG_RUN_ID='scheduled__2025-03-26T00:00:00+00:00'
[2025-03-27T15:19:41.174+0000] {taskinstance.py:732} INFO - ::endgroup::
[2025-03-27T15:19:41.280+0000] {subprocess.py:78} INFO - Tmp dir root location: /tmp
[2025-03-27T15:19:41.282+0000] {subprocess.py:88} INFO - Running command: ['/usr/bin/bash', '-c', 'echo hello world, this is my zero task']
[2025-03-27T15:19:41.327+0000] {subprocess.py:99} INFO - Output:
[2025-03-27T15:19:41.383+0000] {subprocess.py:106} INFO - hello world, this is my zero task
[2025-03-27T15:19:41.386+0000] {subprocess.py:110} INFO - Command exited with return code 0
[2025-03-27T15:19:41.453+0000] {taskinstance.py:341} INFO - ::group::Post task execution logs
[2025-03-27T15:19:41.454+0000] {taskinstance.py:353} INFO - Marking task as SUCCESS. dag_id=my_first_dag, task_id=zero_task, run_id=scheduled__2025-03-26T00:00:00+00:00, execution_date=20250326T000000, start_date=20250327T151940, end_date=20250327T151941
[2025-03-27T15:19:41.552+0000] {local_task_job_runner.py:266} INFO - Task exited with return code 0
[2025-03-27T15:19:41.562+0000] {local_task_job_runner.py:245} INFO - ::endgroup::
