[2025-03-28T11:17:38.573+0000] {processor.py:186} INFO - Started process (PID=77) to work on /opt/airflow/dags/fristdags.py
[2025-03-28T11:17:38.584+0000] {processor.py:914} INFO - Processing file /opt/airflow/dags/fristdags.py for tasks to queue
[2025-03-28T11:17:38.612+0000] {logging_mixin.py:190} INFO - [2025-03-28T11:17:38.608+0000] {dagbag.py:588} INFO - Filling up the DagBag from /opt/airflow/dags/fristdags.py
[2025-03-28T11:17:38.768+0000] {processor.py:925} INFO - DAG(s) 'our_first_dag_2' retrieved from /opt/airflow/dags/fristdags.py
[2025-03-28T11:17:39.146+0000] {logging_mixin.py:190} INFO - [2025-03-28T11:17:39.145+0000] {dag.py:3239} INFO - Sync 1 DAGs
[2025-03-28T11:17:39.437+0000] {logging_mixin.py:190} INFO - [2025-03-28T11:17:39.436+0000] {dag.py:4180} INFO - Setting next_dagrun for our_first_dag_2 to 2025-03-28 00:00:00+00:00, run_after=2025-03-29 00:00:00+00:00
[2025-03-28T11:17:39.613+0000] {processor.py:208} INFO - Processing /opt/airflow/dags/fristdags.py took 1.130 seconds
[2025-03-28T11:18:10.308+0000] {processor.py:186} INFO - Started process (PID=102) to work on /opt/airflow/dags/fristdags.py
[2025-03-28T11:18:10.313+0000] {processor.py:914} INFO - Processing file /opt/airflow/dags/fristdags.py for tasks to queue
[2025-03-28T11:18:10.331+0000] {logging_mixin.py:190} INFO - [2025-03-28T11:18:10.328+0000] {dagbag.py:588} INFO - Filling up the DagBag from /opt/airflow/dags/fristdags.py
[2025-03-28T11:18:10.493+0000] {processor.py:925} INFO - DAG(s) 'our_first_dag_2' retrieved from /opt/airflow/dags/fristdags.py
[2025-03-28T11:18:10.801+0000] {logging_mixin.py:190} INFO - [2025-03-28T11:18:10.800+0000] {dag.py:3239} INFO - Sync 1 DAGs
[2025-03-28T11:18:10.956+0000] {logging_mixin.py:190} INFO - [2025-03-28T11:18:10.955+0000] {dag.py:4180} INFO - Setting next_dagrun for our_first_dag_2 to 2025-03-28 00:00:00+00:00, run_after=2025-03-29 00:00:00+00:00
[2025-03-28T11:18:11.013+0000] {processor.py:208} INFO - Processing /opt/airflow/dags/fristdags.py took 0.741 seconds
[2025-03-28T11:18:41.266+0000] {processor.py:186} INFO - Started process (PID=117) to work on /opt/airflow/dags/fristdags.py
[2025-03-28T11:18:41.268+0000] {processor.py:914} INFO - Processing file /opt/airflow/dags/fristdags.py for tasks to queue
[2025-03-28T11:18:41.270+0000] {logging_mixin.py:190} INFO - [2025-03-28T11:18:41.269+0000] {dagbag.py:588} INFO - Filling up the DagBag from /opt/airflow/dags/fristdags.py
[2025-03-28T11:18:41.294+0000] {processor.py:925} INFO - DAG(s) 'our_first_dag_2' retrieved from /opt/airflow/dags/fristdags.py
[2025-03-28T11:18:41.347+0000] {logging_mixin.py:190} INFO - [2025-03-28T11:18:41.347+0000] {dag.py:3239} INFO - Sync 1 DAGs
[2025-03-28T11:18:41.381+0000] {logging_mixin.py:190} INFO - [2025-03-28T11:18:41.381+0000] {dag.py:4180} INFO - Setting next_dagrun for our_first_dag_2 to 2025-03-28 00:00:00+00:00, run_after=2025-03-29 00:00:00+00:00
[2025-03-28T11:18:41.407+0000] {processor.py:208} INFO - Processing /opt/airflow/dags/fristdags.py took 0.149 seconds
[2025-03-28T11:19:12.427+0000] {processor.py:186} INFO - Started process (PID=127) to work on /opt/airflow/dags/fristdags.py
[2025-03-28T11:19:12.428+0000] {processor.py:914} INFO - Processing file /opt/airflow/dags/fristdags.py for tasks to queue
[2025-03-28T11:19:12.429+0000] {logging_mixin.py:190} INFO - [2025-03-28T11:19:12.429+0000] {dagbag.py:588} INFO - Filling up the DagBag from /opt/airflow/dags/fristdags.py
[2025-03-28T11:19:12.453+0000] {processor.py:925} INFO - DAG(s) 'our_first_dag_2' retrieved from /opt/airflow/dags/fristdags.py
[2025-03-28T11:19:12.482+0000] {logging_mixin.py:190} INFO - [2025-03-28T11:19:12.482+0000] {dag.py:3239} INFO - Sync 1 DAGs
[2025-03-28T11:19:12.515+0000] {logging_mixin.py:190} INFO - [2025-03-28T11:19:12.515+0000] {dag.py:4180} INFO - Setting next_dagrun for our_first_dag_2 to 2025-03-28 00:00:00+00:00, run_after=2025-03-29 00:00:00+00:00
[2025-03-28T11:19:12.539+0000] {processor.py:208} INFO - Processing /opt/airflow/dags/fristdags.py took 0.117 seconds
[2025-03-28T11:19:43.493+0000] {processor.py:186} INFO - Started process (PID=141) to work on /opt/airflow/dags/fristdags.py
[2025-03-28T11:19:43.494+0000] {processor.py:914} INFO - Processing file /opt/airflow/dags/fristdags.py for tasks to queue
[2025-03-28T11:19:43.496+0000] {logging_mixin.py:190} INFO - [2025-03-28T11:19:43.495+0000] {dagbag.py:588} INFO - Filling up the DagBag from /opt/airflow/dags/fristdags.py
[2025-03-28T11:19:43.518+0000] {processor.py:925} INFO - DAG(s) 'our_first_dag_2' retrieved from /opt/airflow/dags/fristdags.py
[2025-03-28T11:19:43.557+0000] {logging_mixin.py:190} INFO - [2025-03-28T11:19:43.557+0000] {dag.py:3239} INFO - Sync 1 DAGs
[2025-03-28T11:19:43.586+0000] {logging_mixin.py:190} INFO - [2025-03-28T11:19:43.586+0000] {dag.py:4180} INFO - Setting next_dagrun for our_first_dag_2 to 2025-03-28 00:00:00+00:00, run_after=2025-03-29 00:00:00+00:00
[2025-03-28T11:19:43.612+0000] {processor.py:208} INFO - Processing /opt/airflow/dags/fristdags.py took 0.126 seconds
[2025-03-28T11:20:13.741+0000] {processor.py:186} INFO - Started process (PID=152) to work on /opt/airflow/dags/fristdags.py
[2025-03-28T11:20:13.742+0000] {processor.py:914} INFO - Processing file /opt/airflow/dags/fristdags.py for tasks to queue
[2025-03-28T11:20:13.745+0000] {logging_mixin.py:190} INFO - [2025-03-28T11:20:13.745+0000] {dagbag.py:588} INFO - Filling up the DagBag from /opt/airflow/dags/fristdags.py
[2025-03-28T11:20:13.845+0000] {processor.py:925} INFO - DAG(s) 'our_first_dag_2' retrieved from /opt/airflow/dags/fristdags.py
[2025-03-28T11:20:13.917+0000] {logging_mixin.py:190} INFO - [2025-03-28T11:20:13.917+0000] {dag.py:3239} INFO - Sync 1 DAGs
[2025-03-28T11:20:13.954+0000] {logging_mixin.py:190} INFO - [2025-03-28T11:20:13.953+0000] {dag.py:4180} INFO - Setting next_dagrun for our_first_dag_2 to 2025-03-28 00:00:00+00:00, run_after=2025-03-29 00:00:00+00:00
[2025-03-28T11:20:13.981+0000] {processor.py:208} INFO - Processing /opt/airflow/dags/fristdags.py took 0.247 seconds
[2025-03-28T11:20:44.807+0000] {processor.py:186} INFO - Started process (PID=162) to work on /opt/airflow/dags/fristdags.py
[2025-03-28T11:20:44.808+0000] {processor.py:914} INFO - Processing file /opt/airflow/dags/fristdags.py for tasks to queue
[2025-03-28T11:20:44.809+0000] {logging_mixin.py:190} INFO - [2025-03-28T11:20:44.809+0000] {dagbag.py:588} INFO - Filling up the DagBag from /opt/airflow/dags/fristdags.py
[2025-03-28T11:20:44.829+0000] {processor.py:925} INFO - DAG(s) 'our_first_dag_2' retrieved from /opt/airflow/dags/fristdags.py
[2025-03-28T11:20:44.869+0000] {logging_mixin.py:190} INFO - [2025-03-28T11:20:44.869+0000] {dag.py:3239} INFO - Sync 1 DAGs
[2025-03-28T11:20:44.898+0000] {logging_mixin.py:190} INFO - [2025-03-28T11:20:44.898+0000] {dag.py:4180} INFO - Setting next_dagrun for our_first_dag_2 to 2025-03-28 00:00:00+00:00, run_after=2025-03-29 00:00:00+00:00
[2025-03-28T11:20:44.922+0000] {processor.py:208} INFO - Processing /opt/airflow/dags/fristdags.py took 0.121 seconds
[2025-03-28T11:21:15.941+0000] {processor.py:186} INFO - Started process (PID=172) to work on /opt/airflow/dags/fristdags.py
[2025-03-28T11:21:15.942+0000] {processor.py:914} INFO - Processing file /opt/airflow/dags/fristdags.py for tasks to queue
[2025-03-28T11:21:15.943+0000] {logging_mixin.py:190} INFO - [2025-03-28T11:21:15.942+0000] {dagbag.py:588} INFO - Filling up the DagBag from /opt/airflow/dags/fristdags.py
[2025-03-28T11:21:15.968+0000] {processor.py:925} INFO - DAG(s) 'our_first_dag_2' retrieved from /opt/airflow/dags/fristdags.py
[2025-03-28T11:21:16.023+0000] {logging_mixin.py:190} INFO - [2025-03-28T11:21:16.022+0000] {dag.py:3239} INFO - Sync 1 DAGs
[2025-03-28T11:21:16.053+0000] {logging_mixin.py:190} INFO - [2025-03-28T11:21:16.053+0000] {dag.py:4180} INFO - Setting next_dagrun for our_first_dag_2 to 2025-03-28 00:00:00+00:00, run_after=2025-03-29 00:00:00+00:00
[2025-03-28T11:21:16.082+0000] {processor.py:208} INFO - Processing /opt/airflow/dags/fristdags.py took 0.148 seconds
[2025-03-28T11:21:46.749+0000] {processor.py:186} INFO - Started process (PID=182) to work on /opt/airflow/dags/fristdags.py
[2025-03-28T11:21:46.750+0000] {processor.py:914} INFO - Processing file /opt/airflow/dags/fristdags.py for tasks to queue
[2025-03-28T11:21:46.752+0000] {logging_mixin.py:190} INFO - [2025-03-28T11:21:46.751+0000] {dagbag.py:588} INFO - Filling up the DagBag from /opt/airflow/dags/fristdags.py
[2025-03-28T11:21:46.781+0000] {processor.py:925} INFO - DAG(s) 'our_first_dag_2' retrieved from /opt/airflow/dags/fristdags.py
[2025-03-28T11:21:46.820+0000] {logging_mixin.py:190} INFO - [2025-03-28T11:21:46.820+0000] {dag.py:3239} INFO - Sync 1 DAGs
[2025-03-28T11:21:46.851+0000] {logging_mixin.py:190} INFO - [2025-03-28T11:21:46.851+0000] {dag.py:4180} INFO - Setting next_dagrun for our_first_dag_2 to 2025-03-28 00:00:00+00:00, run_after=2025-03-29 00:00:00+00:00
[2025-03-28T11:21:46.878+0000] {processor.py:208} INFO - Processing /opt/airflow/dags/fristdags.py took 0.138 seconds
[2025-03-28T11:22:17.754+0000] {processor.py:186} INFO - Started process (PID=193) to work on /opt/airflow/dags/fristdags.py
[2025-03-28T11:22:17.755+0000] {processor.py:914} INFO - Processing file /opt/airflow/dags/fristdags.py for tasks to queue
[2025-03-28T11:22:17.756+0000] {logging_mixin.py:190} INFO - [2025-03-28T11:22:17.756+0000] {dagbag.py:588} INFO - Filling up the DagBag from /opt/airflow/dags/fristdags.py
[2025-03-28T11:22:17.784+0000] {processor.py:925} INFO - DAG(s) 'our_first_dag_2' retrieved from /opt/airflow/dags/fristdags.py
[2025-03-28T11:22:17.822+0000] {logging_mixin.py:190} INFO - [2025-03-28T11:22:17.822+0000] {dag.py:3239} INFO - Sync 1 DAGs
[2025-03-28T11:22:17.853+0000] {logging_mixin.py:190} INFO - [2025-03-28T11:22:17.853+0000] {dag.py:4180} INFO - Setting next_dagrun for our_first_dag_2 to 2025-03-28 00:00:00+00:00, run_after=2025-03-29 00:00:00+00:00
[2025-03-28T11:22:17.880+0000] {processor.py:208} INFO - Processing /opt/airflow/dags/fristdags.py took 0.134 seconds
[2025-03-28T11:22:47.965+0000] {processor.py:186} INFO - Started process (PID=203) to work on /opt/airflow/dags/fristdags.py
[2025-03-28T11:22:47.966+0000] {processor.py:914} INFO - Processing file /opt/airflow/dags/fristdags.py for tasks to queue
[2025-03-28T11:22:47.969+0000] {logging_mixin.py:190} INFO - [2025-03-28T11:22:47.967+0000] {dagbag.py:588} INFO - Filling up the DagBag from /opt/airflow/dags/fristdags.py
[2025-03-28T11:22:47.990+0000] {processor.py:925} INFO - DAG(s) 'our_first_dag_2' retrieved from /opt/airflow/dags/fristdags.py
[2025-03-28T11:22:48.167+0000] {logging_mixin.py:190} INFO - [2025-03-28T11:22:48.167+0000] {dag.py:3239} INFO - Sync 1 DAGs
[2025-03-28T11:22:48.207+0000] {logging_mixin.py:190} INFO - [2025-03-28T11:22:48.206+0000] {dag.py:4180} INFO - Setting next_dagrun for our_first_dag_2 to 2025-03-28 00:00:00+00:00, run_after=2025-03-29 00:00:00+00:00
[2025-03-28T11:22:48.236+0000] {processor.py:208} INFO - Processing /opt/airflow/dags/fristdags.py took 0.278 seconds
[2025-03-28T11:23:18.787+0000] {processor.py:186} INFO - Started process (PID=213) to work on /opt/airflow/dags/fristdags.py
[2025-03-28T11:23:18.789+0000] {processor.py:914} INFO - Processing file /opt/airflow/dags/fristdags.py for tasks to queue
[2025-03-28T11:23:18.792+0000] {logging_mixin.py:190} INFO - [2025-03-28T11:23:18.791+0000] {dagbag.py:588} INFO - Filling up the DagBag from /opt/airflow/dags/fristdags.py
[2025-03-28T11:23:18.822+0000] {processor.py:925} INFO - DAG(s) 'our_first_dag_2' retrieved from /opt/airflow/dags/fristdags.py
[2025-03-28T11:23:18.865+0000] {logging_mixin.py:190} INFO - [2025-03-28T11:23:18.864+0000] {dag.py:3239} INFO - Sync 1 DAGs
[2025-03-28T11:23:18.899+0000] {logging_mixin.py:190} INFO - [2025-03-28T11:23:18.898+0000] {dag.py:4180} INFO - Setting next_dagrun for our_first_dag_2 to 2025-03-28 00:00:00+00:00, run_after=2025-03-29 00:00:00+00:00
[2025-03-28T11:23:18.927+0000] {processor.py:208} INFO - Processing /opt/airflow/dags/fristdags.py took 0.149 seconds
[2025-03-28T11:23:49.826+0000] {processor.py:186} INFO - Started process (PID=223) to work on /opt/airflow/dags/fristdags.py
[2025-03-28T11:23:49.826+0000] {processor.py:914} INFO - Processing file /opt/airflow/dags/fristdags.py for tasks to queue
[2025-03-28T11:23:49.828+0000] {logging_mixin.py:190} INFO - [2025-03-28T11:23:49.827+0000] {dagbag.py:588} INFO - Filling up the DagBag from /opt/airflow/dags/fristdags.py
[2025-03-28T11:23:49.847+0000] {processor.py:925} INFO - DAG(s) 'our_first_dag_2' retrieved from /opt/airflow/dags/fristdags.py
[2025-03-28T11:23:49.884+0000] {logging_mixin.py:190} INFO - [2025-03-28T11:23:49.883+0000] {dag.py:3239} INFO - Sync 1 DAGs
[2025-03-28T11:23:49.913+0000] {logging_mixin.py:190} INFO - [2025-03-28T11:23:49.912+0000] {dag.py:4180} INFO - Setting next_dagrun for our_first_dag_2 to 2025-03-28 00:00:00+00:00, run_after=2025-03-29 00:00:00+00:00
[2025-03-28T11:23:49.937+0000] {processor.py:208} INFO - Processing /opt/airflow/dags/fristdags.py took 0.119 seconds
[2025-03-28T11:24:20.790+0000] {processor.py:186} INFO - Started process (PID=233) to work on /opt/airflow/dags/fristdags.py
[2025-03-28T11:24:20.792+0000] {processor.py:914} INFO - Processing file /opt/airflow/dags/fristdags.py for tasks to queue
[2025-03-28T11:24:20.811+0000] {logging_mixin.py:190} INFO - [2025-03-28T11:24:20.794+0000] {dagbag.py:588} INFO - Filling up the DagBag from /opt/airflow/dags/fristdags.py
[2025-03-28T11:24:20.868+0000] {processor.py:925} INFO - DAG(s) 'our_first_dag_2' retrieved from /opt/airflow/dags/fristdags.py
[2025-03-28T11:24:20.920+0000] {logging_mixin.py:190} INFO - [2025-03-28T11:24:20.919+0000] {dag.py:3239} INFO - Sync 1 DAGs
[2025-03-28T11:24:20.960+0000] {logging_mixin.py:190} INFO - [2025-03-28T11:24:20.960+0000] {dag.py:4180} INFO - Setting next_dagrun for our_first_dag_2 to 2025-03-28 00:00:00+00:00, run_after=2025-03-29 00:00:00+00:00
[2025-03-28T11:24:20.986+0000] {processor.py:208} INFO - Processing /opt/airflow/dags/fristdags.py took 0.210 seconds
[2025-03-28T11:24:51.601+0000] {processor.py:186} INFO - Started process (PID=247) to work on /opt/airflow/dags/fristdags.py
[2025-03-28T11:24:51.603+0000] {processor.py:914} INFO - Processing file /opt/airflow/dags/fristdags.py for tasks to queue
[2025-03-28T11:24:51.604+0000] {logging_mixin.py:190} INFO - [2025-03-28T11:24:51.604+0000] {dagbag.py:588} INFO - Filling up the DagBag from /opt/airflow/dags/fristdags.py
[2025-03-28T11:24:51.628+0000] {processor.py:925} INFO - DAG(s) 'our_first_dag_2' retrieved from /opt/airflow/dags/fristdags.py
[2025-03-28T11:24:51.668+0000] {logging_mixin.py:190} INFO - [2025-03-28T11:24:51.667+0000] {dag.py:3239} INFO - Sync 1 DAGs
[2025-03-28T11:24:51.695+0000] {logging_mixin.py:190} INFO - [2025-03-28T11:24:51.694+0000] {dag.py:4180} INFO - Setting next_dagrun for our_first_dag_2 to 2025-03-28 00:00:00+00:00, run_after=2025-03-29 00:00:00+00:00
[2025-03-28T11:24:51.724+0000] {processor.py:208} INFO - Processing /opt/airflow/dags/fristdags.py took 0.129 seconds
[2025-03-28T11:25:21.796+0000] {processor.py:186} INFO - Started process (PID=257) to work on /opt/airflow/dags/fristdags.py
[2025-03-28T11:25:21.797+0000] {processor.py:914} INFO - Processing file /opt/airflow/dags/fristdags.py for tasks to queue
[2025-03-28T11:25:21.798+0000] {logging_mixin.py:190} INFO - [2025-03-28T11:25:21.798+0000] {dagbag.py:588} INFO - Filling up the DagBag from /opt/airflow/dags/fristdags.py
[2025-03-28T11:25:21.820+0000] {processor.py:925} INFO - DAG(s) 'our_first_dag_2' retrieved from /opt/airflow/dags/fristdags.py
[2025-03-28T11:25:21.859+0000] {logging_mixin.py:190} INFO - [2025-03-28T11:25:21.858+0000] {dag.py:3239} INFO - Sync 1 DAGs
[2025-03-28T11:25:21.895+0000] {logging_mixin.py:190} INFO - [2025-03-28T11:25:21.894+0000] {dag.py:4180} INFO - Setting next_dagrun for our_first_dag_2 to 2025-03-28 00:00:00+00:00, run_after=2025-03-29 00:00:00+00:00
[2025-03-28T11:25:21.924+0000] {processor.py:208} INFO - Processing /opt/airflow/dags/fristdags.py took 0.137 seconds
[2025-03-28T11:25:52.411+0000] {processor.py:186} INFO - Started process (PID=267) to work on /opt/airflow/dags/fristdags.py
[2025-03-28T11:25:52.412+0000] {processor.py:914} INFO - Processing file /opt/airflow/dags/fristdags.py for tasks to queue
[2025-03-28T11:25:52.416+0000] {logging_mixin.py:190} INFO - [2025-03-28T11:25:52.414+0000] {dagbag.py:588} INFO - Filling up the DagBag from /opt/airflow/dags/fristdags.py
[2025-03-28T11:25:52.442+0000] {processor.py:925} INFO - DAG(s) 'our_first_dag_2' retrieved from /opt/airflow/dags/fristdags.py
[2025-03-28T11:25:52.481+0000] {logging_mixin.py:190} INFO - [2025-03-28T11:25:52.481+0000] {dag.py:3239} INFO - Sync 1 DAGs
[2025-03-28T11:25:52.520+0000] {logging_mixin.py:190} INFO - [2025-03-28T11:25:52.519+0000] {dag.py:4180} INFO - Setting next_dagrun for our_first_dag_2 to 2025-03-28 00:00:00+00:00, run_after=2025-03-29 00:00:00+00:00
[2025-03-28T11:25:52.551+0000] {processor.py:208} INFO - Processing /opt/airflow/dags/fristdags.py took 0.155 seconds
[2025-03-28T11:26:23.335+0000] {processor.py:186} INFO - Started process (PID=277) to work on /opt/airflow/dags/fristdags.py
[2025-03-28T11:26:23.336+0000] {processor.py:914} INFO - Processing file /opt/airflow/dags/fristdags.py for tasks to queue
[2025-03-28T11:26:23.338+0000] {logging_mixin.py:190} INFO - [2025-03-28T11:26:23.337+0000] {dagbag.py:588} INFO - Filling up the DagBag from /opt/airflow/dags/fristdags.py
[2025-03-28T11:26:23.362+0000] {processor.py:925} INFO - DAG(s) 'our_first_dag_2' retrieved from /opt/airflow/dags/fristdags.py
[2025-03-28T11:26:23.399+0000] {logging_mixin.py:190} INFO - [2025-03-28T11:26:23.399+0000] {dag.py:3239} INFO - Sync 1 DAGs
[2025-03-28T11:26:23.433+0000] {logging_mixin.py:190} INFO - [2025-03-28T11:26:23.433+0000] {dag.py:4180} INFO - Setting next_dagrun for our_first_dag_2 to 2025-03-28 00:00:00+00:00, run_after=2025-03-29 00:00:00+00:00
[2025-03-28T11:26:23.459+0000] {processor.py:208} INFO - Processing /opt/airflow/dags/fristdags.py took 0.130 seconds
[2025-03-28T11:26:54.126+0000] {processor.py:186} INFO - Started process (PID=287) to work on /opt/airflow/dags/fristdags.py
[2025-03-28T11:26:54.128+0000] {processor.py:914} INFO - Processing file /opt/airflow/dags/fristdags.py for tasks to queue
[2025-03-28T11:26:54.130+0000] {logging_mixin.py:190} INFO - [2025-03-28T11:26:54.129+0000] {dagbag.py:588} INFO - Filling up the DagBag from /opt/airflow/dags/fristdags.py
[2025-03-28T11:26:54.158+0000] {processor.py:925} INFO - DAG(s) 'our_first_dag_2' retrieved from /opt/airflow/dags/fristdags.py
[2025-03-28T11:26:54.206+0000] {logging_mixin.py:190} INFO - [2025-03-28T11:26:54.205+0000] {dag.py:3239} INFO - Sync 1 DAGs
[2025-03-28T11:26:54.246+0000] {logging_mixin.py:190} INFO - [2025-03-28T11:26:54.245+0000] {dag.py:4180} INFO - Setting next_dagrun for our_first_dag_2 to 2025-03-28 00:00:00+00:00, run_after=2025-03-29 00:00:00+00:00
[2025-03-28T11:26:54.277+0000] {processor.py:208} INFO - Processing /opt/airflow/dags/fristdags.py took 0.160 seconds
[2025-03-28T11:27:24.915+0000] {processor.py:186} INFO - Started process (PID=297) to work on /opt/airflow/dags/fristdags.py
[2025-03-28T11:27:24.916+0000] {processor.py:914} INFO - Processing file /opt/airflow/dags/fristdags.py for tasks to queue
[2025-03-28T11:27:24.919+0000] {logging_mixin.py:190} INFO - [2025-03-28T11:27:24.918+0000] {dagbag.py:588} INFO - Filling up the DagBag from /opt/airflow/dags/fristdags.py
[2025-03-28T11:27:24.945+0000] {processor.py:925} INFO - DAG(s) 'our_first_dag_2' retrieved from /opt/airflow/dags/fristdags.py
[2025-03-28T11:27:24.982+0000] {logging_mixin.py:190} INFO - [2025-03-28T11:27:24.981+0000] {dag.py:3239} INFO - Sync 1 DAGs
[2025-03-28T11:27:25.018+0000] {logging_mixin.py:190} INFO - [2025-03-28T11:27:25.017+0000] {dag.py:4180} INFO - Setting next_dagrun for our_first_dag_2 to 2025-03-28 00:00:00+00:00, run_after=2025-03-29 00:00:00+00:00
[2025-03-28T11:27:25.040+0000] {processor.py:208} INFO - Processing /opt/airflow/dags/fristdags.py took 0.133 seconds
[2025-03-28T11:27:55.738+0000] {processor.py:186} INFO - Started process (PID=307) to work on /opt/airflow/dags/fristdags.py
[2025-03-28T11:27:55.740+0000] {processor.py:914} INFO - Processing file /opt/airflow/dags/fristdags.py for tasks to queue
[2025-03-28T11:27:55.743+0000] {logging_mixin.py:190} INFO - [2025-03-28T11:27:55.743+0000] {dagbag.py:588} INFO - Filling up the DagBag from /opt/airflow/dags/fristdags.py
[2025-03-28T11:27:55.770+0000] {processor.py:925} INFO - DAG(s) 'our_first_dag_2' retrieved from /opt/airflow/dags/fristdags.py
[2025-03-28T11:27:55.904+0000] {logging_mixin.py:190} INFO - [2025-03-28T11:27:55.903+0000] {dag.py:3239} INFO - Sync 1 DAGs
[2025-03-28T11:27:55.951+0000] {logging_mixin.py:190} INFO - [2025-03-28T11:27:55.951+0000] {dag.py:4180} INFO - Setting next_dagrun for our_first_dag_2 to 2025-03-28 00:00:00+00:00, run_after=2025-03-29 00:00:00+00:00
[2025-03-28T11:27:55.977+0000] {processor.py:208} INFO - Processing /opt/airflow/dags/fristdags.py took 0.250 seconds
[2025-03-28T11:28:26.616+0000] {processor.py:186} INFO - Started process (PID=317) to work on /opt/airflow/dags/fristdags.py
[2025-03-28T11:28:26.617+0000] {processor.py:914} INFO - Processing file /opt/airflow/dags/fristdags.py for tasks to queue
[2025-03-28T11:28:26.619+0000] {logging_mixin.py:190} INFO - [2025-03-28T11:28:26.619+0000] {dagbag.py:588} INFO - Filling up the DagBag from /opt/airflow/dags/fristdags.py
[2025-03-28T11:28:26.638+0000] {processor.py:925} INFO - DAG(s) 'our_first_dag_2' retrieved from /opt/airflow/dags/fristdags.py
[2025-03-28T11:28:26.676+0000] {logging_mixin.py:190} INFO - [2025-03-28T11:28:26.676+0000] {dag.py:3239} INFO - Sync 1 DAGs
[2025-03-28T11:28:26.713+0000] {logging_mixin.py:190} INFO - [2025-03-28T11:28:26.713+0000] {dag.py:4180} INFO - Setting next_dagrun for our_first_dag_2 to 2025-03-28 00:00:00+00:00, run_after=2025-03-29 00:00:00+00:00
[2025-03-28T11:28:26.742+0000] {processor.py:208} INFO - Processing /opt/airflow/dags/fristdags.py took 0.133 seconds
[2025-03-28T11:28:57.286+0000] {processor.py:186} INFO - Started process (PID=327) to work on /opt/airflow/dags/fristdags.py
[2025-03-28T11:28:57.287+0000] {processor.py:914} INFO - Processing file /opt/airflow/dags/fristdags.py for tasks to queue
[2025-03-28T11:28:57.289+0000] {logging_mixin.py:190} INFO - [2025-03-28T11:28:57.288+0000] {dagbag.py:588} INFO - Filling up the DagBag from /opt/airflow/dags/fristdags.py
[2025-03-28T11:28:57.308+0000] {processor.py:925} INFO - DAG(s) 'our_first_dag_2' retrieved from /opt/airflow/dags/fristdags.py
[2025-03-28T11:28:57.346+0000] {logging_mixin.py:190} INFO - [2025-03-28T11:28:57.345+0000] {dag.py:3239} INFO - Sync 1 DAGs
[2025-03-28T11:28:57.388+0000] {logging_mixin.py:190} INFO - [2025-03-28T11:28:57.387+0000] {dag.py:4180} INFO - Setting next_dagrun for our_first_dag_2 to 2025-03-28 00:00:00+00:00, run_after=2025-03-29 00:00:00+00:00
[2025-03-28T11:28:57.414+0000] {processor.py:208} INFO - Processing /opt/airflow/dags/fristdags.py took 0.135 seconds
[2025-03-28T11:29:27.969+0000] {processor.py:186} INFO - Started process (PID=343) to work on /opt/airflow/dags/fristdags.py
[2025-03-28T11:29:27.970+0000] {processor.py:914} INFO - Processing file /opt/airflow/dags/fristdags.py for tasks to queue
[2025-03-28T11:29:27.972+0000] {logging_mixin.py:190} INFO - [2025-03-28T11:29:27.972+0000] {dagbag.py:588} INFO - Filling up the DagBag from /opt/airflow/dags/fristdags.py
[2025-03-28T11:29:27.996+0000] {processor.py:925} INFO - DAG(s) 'our_first_dag_2' retrieved from /opt/airflow/dags/fristdags.py
[2025-03-28T11:29:28.041+0000] {logging_mixin.py:190} INFO - [2025-03-28T11:29:28.040+0000] {dag.py:3239} INFO - Sync 1 DAGs
[2025-03-28T11:29:28.091+0000] {logging_mixin.py:190} INFO - [2025-03-28T11:29:28.091+0000] {dag.py:4180} INFO - Setting next_dagrun for our_first_dag_2 to 2025-03-28 00:00:00+00:00, run_after=2025-03-29 00:00:00+00:00
[2025-03-28T11:29:28.117+0000] {processor.py:208} INFO - Processing /opt/airflow/dags/fristdags.py took 0.155 seconds
[2025-03-28T11:29:58.626+0000] {processor.py:186} INFO - Started process (PID=353) to work on /opt/airflow/dags/fristdags.py
[2025-03-28T11:29:58.629+0000] {processor.py:914} INFO - Processing file /opt/airflow/dags/fristdags.py for tasks to queue
[2025-03-28T11:29:58.630+0000] {logging_mixin.py:190} INFO - [2025-03-28T11:29:58.630+0000] {dagbag.py:588} INFO - Filling up the DagBag from /opt/airflow/dags/fristdags.py
[2025-03-28T11:29:58.667+0000] {processor.py:925} INFO - DAG(s) 'our_first_dag_2' retrieved from /opt/airflow/dags/fristdags.py
[2025-03-28T11:29:58.713+0000] {logging_mixin.py:190} INFO - [2025-03-28T11:29:58.712+0000] {dag.py:3239} INFO - Sync 1 DAGs
[2025-03-28T11:29:58.751+0000] {logging_mixin.py:190} INFO - [2025-03-28T11:29:58.751+0000] {dag.py:4180} INFO - Setting next_dagrun for our_first_dag_2 to 2025-03-28 00:00:00+00:00, run_after=2025-03-29 00:00:00+00:00
[2025-03-28T11:29:58.776+0000] {processor.py:208} INFO - Processing /opt/airflow/dags/fristdags.py took 0.159 seconds
[2025-03-28T11:30:28.978+0000] {processor.py:186} INFO - Started process (PID=363) to work on /opt/airflow/dags/fristdags.py
[2025-03-28T11:30:28.979+0000] {processor.py:914} INFO - Processing file /opt/airflow/dags/fristdags.py for tasks to queue
[2025-03-28T11:30:28.980+0000] {logging_mixin.py:190} INFO - [2025-03-28T11:30:28.980+0000] {dagbag.py:588} INFO - Filling up the DagBag from /opt/airflow/dags/fristdags.py
[2025-03-28T11:30:28.996+0000] {processor.py:925} INFO - DAG(s) 'our_first_dag_2' retrieved from /opt/airflow/dags/fristdags.py
[2025-03-28T11:30:29.024+0000] {logging_mixin.py:190} INFO - [2025-03-28T11:30:29.024+0000] {dag.py:3239} INFO - Sync 1 DAGs
[2025-03-28T11:30:29.051+0000] {logging_mixin.py:190} INFO - [2025-03-28T11:30:29.051+0000] {dag.py:4180} INFO - Setting next_dagrun for our_first_dag_2 to 2025-03-28 00:00:00+00:00, run_after=2025-03-29 00:00:00+00:00
[2025-03-28T11:30:29.070+0000] {processor.py:208} INFO - Processing /opt/airflow/dags/fristdags.py took 0.098 seconds
[2025-03-28T11:30:59.109+0000] {processor.py:186} INFO - Started process (PID=372) to work on /opt/airflow/dags/fristdags.py
[2025-03-28T11:30:59.110+0000] {processor.py:914} INFO - Processing file /opt/airflow/dags/fristdags.py for tasks to queue
[2025-03-28T11:30:59.111+0000] {logging_mixin.py:190} INFO - [2025-03-28T11:30:59.111+0000] {dagbag.py:588} INFO - Filling up the DagBag from /opt/airflow/dags/fristdags.py
[2025-03-28T11:30:59.132+0000] {processor.py:925} INFO - DAG(s) 'our_first_dag_2' retrieved from /opt/airflow/dags/fristdags.py
[2025-03-28T11:30:59.163+0000] {logging_mixin.py:190} INFO - [2025-03-28T11:30:59.163+0000] {dag.py:3239} INFO - Sync 1 DAGs
[2025-03-28T11:30:59.190+0000] {logging_mixin.py:190} INFO - [2025-03-28T11:30:59.190+0000] {dag.py:4180} INFO - Setting next_dagrun for our_first_dag_2 to 2025-03-28 00:00:00+00:00, run_after=2025-03-29 00:00:00+00:00
[2025-03-28T11:30:59.210+0000] {processor.py:208} INFO - Processing /opt/airflow/dags/fristdags.py took 0.108 seconds
[2025-03-28T11:33:32.227+0000] {processor.py:186} INFO - Started process (PID=77) to work on /opt/airflow/dags/fristdags.py
[2025-03-28T11:33:32.235+0000] {processor.py:914} INFO - Processing file /opt/airflow/dags/fristdags.py for tasks to queue
[2025-03-28T11:33:32.245+0000] {logging_mixin.py:190} INFO - [2025-03-28T11:33:32.244+0000] {dagbag.py:588} INFO - Filling up the DagBag from /opt/airflow/dags/fristdags.py
[2025-03-28T11:33:32.287+0000] {processor.py:925} INFO - DAG(s) 'our_first_dag_2' retrieved from /opt/airflow/dags/fristdags.py
[2025-03-28T11:33:32.454+0000] {logging_mixin.py:190} INFO - [2025-03-28T11:33:32.453+0000] {dag.py:3239} INFO - Sync 1 DAGs
[2025-03-28T11:33:32.532+0000] {logging_mixin.py:190} INFO - [2025-03-28T11:33:32.531+0000] {dag.py:4180} INFO - Setting next_dagrun for our_first_dag_2 to 2025-03-28 00:00:00+00:00, run_after=2025-03-29 00:00:00+00:00
[2025-03-28T11:33:32.590+0000] {processor.py:208} INFO - Processing /opt/airflow/dags/fristdags.py took 0.379 seconds
[2025-03-28T11:34:02.947+0000] {processor.py:186} INFO - Started process (PID=86) to work on /opt/airflow/dags/fristdags.py
[2025-03-28T11:34:02.954+0000] {processor.py:914} INFO - Processing file /opt/airflow/dags/fristdags.py for tasks to queue
[2025-03-28T11:34:02.972+0000] {logging_mixin.py:190} INFO - [2025-03-28T11:34:02.971+0000] {dagbag.py:588} INFO - Filling up the DagBag from /opt/airflow/dags/fristdags.py
[2025-03-28T11:34:03.062+0000] {processor.py:925} INFO - DAG(s) 'our_first_dag_2' retrieved from /opt/airflow/dags/fristdags.py
[2025-03-28T11:34:03.184+0000] {logging_mixin.py:190} INFO - [2025-03-28T11:34:03.184+0000] {dag.py:3239} INFO - Sync 1 DAGs
[2025-03-28T11:34:03.291+0000] {logging_mixin.py:190} INFO - [2025-03-28T11:34:03.290+0000] {dag.py:4180} INFO - Setting next_dagrun for our_first_dag_2 to 2025-03-28 00:00:00+00:00, run_after=2025-03-29 00:00:00+00:00
[2025-03-28T11:34:03.328+0000] {processor.py:208} INFO - Processing /opt/airflow/dags/fristdags.py took 0.411 seconds
[2025-03-28T11:34:33.732+0000] {processor.py:186} INFO - Started process (PID=96) to work on /opt/airflow/dags/fristdags.py
[2025-03-28T11:34:33.733+0000] {processor.py:914} INFO - Processing file /opt/airflow/dags/fristdags.py for tasks to queue
[2025-03-28T11:34:33.736+0000] {logging_mixin.py:190} INFO - [2025-03-28T11:34:33.736+0000] {dagbag.py:588} INFO - Filling up the DagBag from /opt/airflow/dags/fristdags.py
[2025-03-28T11:34:33.757+0000] {processor.py:925} INFO - DAG(s) 'our_first_dag_2' retrieved from /opt/airflow/dags/fristdags.py
[2025-03-28T11:34:33.787+0000] {logging_mixin.py:190} INFO - [2025-03-28T11:34:33.786+0000] {dag.py:3239} INFO - Sync 1 DAGs
[2025-03-28T11:34:33.813+0000] {logging_mixin.py:190} INFO - [2025-03-28T11:34:33.813+0000] {dag.py:4180} INFO - Setting next_dagrun for our_first_dag_2 to 2025-03-28 00:00:00+00:00, run_after=2025-03-29 00:00:00+00:00
[2025-03-28T11:34:33.834+0000] {processor.py:208} INFO - Processing /opt/airflow/dags/fristdags.py took 0.111 seconds
[2025-03-28T11:35:04.642+0000] {processor.py:186} INFO - Started process (PID=112) to work on /opt/airflow/dags/fristdags.py
[2025-03-28T11:35:04.643+0000] {processor.py:914} INFO - Processing file /opt/airflow/dags/fristdags.py for tasks to queue
[2025-03-28T11:35:04.645+0000] {logging_mixin.py:190} INFO - [2025-03-28T11:35:04.645+0000] {dagbag.py:588} INFO - Filling up the DagBag from /opt/airflow/dags/fristdags.py
[2025-03-28T11:35:04.666+0000] {processor.py:925} INFO - DAG(s) 'our_first_dag_2' retrieved from /opt/airflow/dags/fristdags.py
[2025-03-28T11:35:04.736+0000] {logging_mixin.py:190} INFO - [2025-03-28T11:35:04.735+0000] {dag.py:3239} INFO - Sync 1 DAGs
[2025-03-28T11:35:04.764+0000] {logging_mixin.py:190} INFO - [2025-03-28T11:35:04.764+0000] {dag.py:4180} INFO - Setting next_dagrun for our_first_dag_2 to 2025-03-28 00:00:00+00:00, run_after=2025-03-29 00:00:00+00:00
[2025-03-28T11:35:04.786+0000] {processor.py:208} INFO - Processing /opt/airflow/dags/fristdags.py took 0.152 seconds
[2025-03-28T11:35:35.440+0000] {processor.py:186} INFO - Started process (PID=122) to work on /opt/airflow/dags/fristdags.py
[2025-03-28T11:35:35.442+0000] {processor.py:914} INFO - Processing file /opt/airflow/dags/fristdags.py for tasks to queue
[2025-03-28T11:35:35.447+0000] {logging_mixin.py:190} INFO - [2025-03-28T11:35:35.445+0000] {dagbag.py:588} INFO - Filling up the DagBag from /opt/airflow/dags/fristdags.py
[2025-03-28T11:35:35.474+0000] {processor.py:925} INFO - DAG(s) 'our_first_dag_2' retrieved from /opt/airflow/dags/fristdags.py
[2025-03-28T11:35:35.579+0000] {logging_mixin.py:190} INFO - [2025-03-28T11:35:35.579+0000] {dag.py:3239} INFO - Sync 1 DAGs
[2025-03-28T11:35:35.607+0000] {logging_mixin.py:190} INFO - [2025-03-28T11:35:35.607+0000] {dag.py:4180} INFO - Setting next_dagrun for our_first_dag_2 to 2025-03-28 00:00:00+00:00, run_after=2025-03-29 00:00:00+00:00
[2025-03-28T11:35:35.630+0000] {processor.py:208} INFO - Processing /opt/airflow/dags/fristdags.py took 0.201 seconds
[2025-03-28T11:36:06.164+0000] {processor.py:186} INFO - Started process (PID=132) to work on /opt/airflow/dags/fristdags.py
[2025-03-28T11:36:06.165+0000] {processor.py:914} INFO - Processing file /opt/airflow/dags/fristdags.py for tasks to queue
[2025-03-28T11:36:06.167+0000] {logging_mixin.py:190} INFO - [2025-03-28T11:36:06.167+0000] {dagbag.py:588} INFO - Filling up the DagBag from /opt/airflow/dags/fristdags.py
[2025-03-28T11:36:06.184+0000] {processor.py:925} INFO - DAG(s) 'our_first_dag_2' retrieved from /opt/airflow/dags/fristdags.py
[2025-03-28T11:36:06.224+0000] {logging_mixin.py:190} INFO - [2025-03-28T11:36:06.224+0000] {dag.py:3239} INFO - Sync 1 DAGs
[2025-03-28T11:36:06.250+0000] {logging_mixin.py:190} INFO - [2025-03-28T11:36:06.250+0000] {dag.py:4180} INFO - Setting next_dagrun for our_first_dag_2 to 2025-03-28 00:00:00+00:00, run_after=2025-03-29 00:00:00+00:00
[2025-03-28T11:36:06.271+0000] {processor.py:208} INFO - Processing /opt/airflow/dags/fristdags.py took 0.114 seconds
[2025-03-28T11:36:36.824+0000] {processor.py:186} INFO - Started process (PID=142) to work on /opt/airflow/dags/fristdags.py
[2025-03-28T11:36:36.825+0000] {processor.py:914} INFO - Processing file /opt/airflow/dags/fristdags.py for tasks to queue
[2025-03-28T11:36:36.828+0000] {logging_mixin.py:190} INFO - [2025-03-28T11:36:36.828+0000] {dagbag.py:588} INFO - Filling up the DagBag from /opt/airflow/dags/fristdags.py
[2025-03-28T11:36:36.848+0000] {processor.py:925} INFO - DAG(s) 'our_first_dag_2' retrieved from /opt/airflow/dags/fristdags.py
[2025-03-28T11:36:36.877+0000] {logging_mixin.py:190} INFO - [2025-03-28T11:36:36.877+0000] {dag.py:3239} INFO - Sync 1 DAGs
[2025-03-28T11:36:36.902+0000] {logging_mixin.py:190} INFO - [2025-03-28T11:36:36.901+0000] {dag.py:4180} INFO - Setting next_dagrun for our_first_dag_2 to 2025-03-28 00:00:00+00:00, run_after=2025-03-29 00:00:00+00:00
[2025-03-28T11:36:36.922+0000] {processor.py:208} INFO - Processing /opt/airflow/dags/fristdags.py took 0.104 seconds
[2025-03-28T11:37:07.547+0000] {processor.py:186} INFO - Started process (PID=152) to work on /opt/airflow/dags/fristdags.py
[2025-03-28T11:37:07.549+0000] {processor.py:914} INFO - Processing file /opt/airflow/dags/fristdags.py for tasks to queue
[2025-03-28T11:37:07.551+0000] {logging_mixin.py:190} INFO - [2025-03-28T11:37:07.551+0000] {dagbag.py:588} INFO - Filling up the DagBag from /opt/airflow/dags/fristdags.py
[2025-03-28T11:37:07.573+0000] {processor.py:925} INFO - DAG(s) 'our_first_dag_2' retrieved from /opt/airflow/dags/fristdags.py
[2025-03-28T11:37:07.622+0000] {logging_mixin.py:190} INFO - [2025-03-28T11:37:07.622+0000] {dag.py:3239} INFO - Sync 1 DAGs
[2025-03-28T11:37:07.655+0000] {logging_mixin.py:190} INFO - [2025-03-28T11:37:07.655+0000] {dag.py:4180} INFO - Setting next_dagrun for our_first_dag_2 to 2025-03-28 00:00:00+00:00, run_after=2025-03-29 00:00:00+00:00
[2025-03-28T11:37:07.681+0000] {processor.py:208} INFO - Processing /opt/airflow/dags/fristdags.py took 0.140 seconds
[2025-03-28T11:37:38.311+0000] {processor.py:186} INFO - Started process (PID=162) to work on /opt/airflow/dags/fristdags.py
[2025-03-28T11:37:38.312+0000] {processor.py:914} INFO - Processing file /opt/airflow/dags/fristdags.py for tasks to queue
[2025-03-28T11:37:38.314+0000] {logging_mixin.py:190} INFO - [2025-03-28T11:37:38.314+0000] {dagbag.py:588} INFO - Filling up the DagBag from /opt/airflow/dags/fristdags.py
[2025-03-28T11:37:38.334+0000] {processor.py:925} INFO - DAG(s) 'our_first_dag_2' retrieved from /opt/airflow/dags/fristdags.py
[2025-03-28T11:37:38.359+0000] {logging_mixin.py:190} INFO - [2025-03-28T11:37:38.359+0000] {dag.py:3239} INFO - Sync 1 DAGs
[2025-03-28T11:37:38.391+0000] {logging_mixin.py:190} INFO - [2025-03-28T11:37:38.391+0000] {dag.py:4180} INFO - Setting next_dagrun for our_first_dag_2 to 2025-03-28 00:00:00+00:00, run_after=2025-03-29 00:00:00+00:00
[2025-03-28T11:37:38.413+0000] {processor.py:208} INFO - Processing /opt/airflow/dags/fristdags.py took 0.107 seconds
[2025-03-28T11:38:08.932+0000] {processor.py:186} INFO - Started process (PID=172) to work on /opt/airflow/dags/fristdags.py
[2025-03-28T11:38:08.933+0000] {processor.py:914} INFO - Processing file /opt/airflow/dags/fristdags.py for tasks to queue
[2025-03-28T11:38:08.935+0000] {logging_mixin.py:190} INFO - [2025-03-28T11:38:08.935+0000] {dagbag.py:588} INFO - Filling up the DagBag from /opt/airflow/dags/fristdags.py
[2025-03-28T11:38:08.952+0000] {processor.py:925} INFO - DAG(s) 'our_first_dag_2' retrieved from /opt/airflow/dags/fristdags.py
[2025-03-28T11:38:08.974+0000] {logging_mixin.py:190} INFO - [2025-03-28T11:38:08.974+0000] {dag.py:3239} INFO - Sync 1 DAGs
[2025-03-28T11:38:09.000+0000] {logging_mixin.py:190} INFO - [2025-03-28T11:38:09.000+0000] {dag.py:4180} INFO - Setting next_dagrun for our_first_dag_2 to 2025-03-28 00:00:00+00:00, run_after=2025-03-29 00:00:00+00:00
[2025-03-28T11:38:09.022+0000] {processor.py:208} INFO - Processing /opt/airflow/dags/fristdags.py took 0.096 seconds
[2025-03-28T11:38:39.667+0000] {processor.py:186} INFO - Started process (PID=182) to work on /opt/airflow/dags/fristdags.py
[2025-03-28T11:38:39.668+0000] {processor.py:914} INFO - Processing file /opt/airflow/dags/fristdags.py for tasks to queue
[2025-03-28T11:38:39.670+0000] {logging_mixin.py:190} INFO - [2025-03-28T11:38:39.670+0000] {dagbag.py:588} INFO - Filling up the DagBag from /opt/airflow/dags/fristdags.py
[2025-03-28T11:38:39.688+0000] {processor.py:925} INFO - DAG(s) 'our_first_dag_2' retrieved from /opt/airflow/dags/fristdags.py
[2025-03-28T11:38:39.712+0000] {logging_mixin.py:190} INFO - [2025-03-28T11:38:39.712+0000] {dag.py:3239} INFO - Sync 1 DAGs
[2025-03-28T11:38:39.739+0000] {logging_mixin.py:190} INFO - [2025-03-28T11:38:39.739+0000] {dag.py:4180} INFO - Setting next_dagrun for our_first_dag_2 to 2025-03-28 00:00:00+00:00, run_after=2025-03-29 00:00:00+00:00
[2025-03-28T11:38:39.757+0000] {processor.py:208} INFO - Processing /opt/airflow/dags/fristdags.py took 0.096 seconds
[2025-03-28T11:39:10.328+0000] {processor.py:186} INFO - Started process (PID=192) to work on /opt/airflow/dags/fristdags.py
[2025-03-28T11:39:10.329+0000] {processor.py:914} INFO - Processing file /opt/airflow/dags/fristdags.py for tasks to queue
[2025-03-28T11:39:10.332+0000] {logging_mixin.py:190} INFO - [2025-03-28T11:39:10.331+0000] {dagbag.py:588} INFO - Filling up the DagBag from /opt/airflow/dags/fristdags.py
[2025-03-28T11:39:10.348+0000] {processor.py:925} INFO - DAG(s) 'our_first_dag_2' retrieved from /opt/airflow/dags/fristdags.py
[2025-03-28T11:39:10.372+0000] {logging_mixin.py:190} INFO - [2025-03-28T11:39:10.372+0000] {dag.py:3239} INFO - Sync 1 DAGs
[2025-03-28T11:39:10.398+0000] {logging_mixin.py:190} INFO - [2025-03-28T11:39:10.398+0000] {dag.py:4180} INFO - Setting next_dagrun for our_first_dag_2 to 2025-03-28 00:00:00+00:00, run_after=2025-03-29 00:00:00+00:00
[2025-03-28T11:39:10.417+0000] {processor.py:208} INFO - Processing /opt/airflow/dags/fristdags.py took 0.095 seconds
[2025-03-28T11:39:40.971+0000] {processor.py:186} INFO - Started process (PID=202) to work on /opt/airflow/dags/fristdags.py
[2025-03-28T11:39:40.972+0000] {processor.py:914} INFO - Processing file /opt/airflow/dags/fristdags.py for tasks to queue
[2025-03-28T11:39:40.975+0000] {logging_mixin.py:190} INFO - [2025-03-28T11:39:40.974+0000] {dagbag.py:588} INFO - Filling up the DagBag from /opt/airflow/dags/fristdags.py
[2025-03-28T11:39:40.993+0000] {processor.py:925} INFO - DAG(s) 'our_first_dag_2' retrieved from /opt/airflow/dags/fristdags.py
[2025-03-28T11:39:41.023+0000] {logging_mixin.py:190} INFO - [2025-03-28T11:39:41.023+0000] {dag.py:3239} INFO - Sync 1 DAGs
[2025-03-28T11:39:41.050+0000] {logging_mixin.py:190} INFO - [2025-03-28T11:39:41.050+0000] {dag.py:4180} INFO - Setting next_dagrun for our_first_dag_2 to 2025-03-28 00:00:00+00:00, run_after=2025-03-29 00:00:00+00:00
[2025-03-28T11:39:41.069+0000] {processor.py:208} INFO - Processing /opt/airflow/dags/fristdags.py took 0.104 seconds
[2025-03-28T11:40:11.655+0000] {processor.py:186} INFO - Started process (PID=212) to work on /opt/airflow/dags/fristdags.py
[2025-03-28T11:40:11.655+0000] {processor.py:914} INFO - Processing file /opt/airflow/dags/fristdags.py for tasks to queue
[2025-03-28T11:40:11.658+0000] {logging_mixin.py:190} INFO - [2025-03-28T11:40:11.657+0000] {dagbag.py:588} INFO - Filling up the DagBag from /opt/airflow/dags/fristdags.py
[2025-03-28T11:40:11.678+0000] {processor.py:925} INFO - DAG(s) 'our_first_dag_2' retrieved from /opt/airflow/dags/fristdags.py
[2025-03-28T11:40:11.707+0000] {logging_mixin.py:190} INFO - [2025-03-28T11:40:11.707+0000] {dag.py:3239} INFO - Sync 1 DAGs
[2025-03-28T11:40:11.734+0000] {logging_mixin.py:190} INFO - [2025-03-28T11:40:11.734+0000] {dag.py:4180} INFO - Setting next_dagrun for our_first_dag_2 to 2025-03-28 00:00:00+00:00, run_after=2025-03-29 00:00:00+00:00
[2025-03-28T11:40:11.755+0000] {processor.py:208} INFO - Processing /opt/airflow/dags/fristdags.py took 0.107 seconds
[2025-03-28T11:40:42.445+0000] {processor.py:186} INFO - Started process (PID=222) to work on /opt/airflow/dags/fristdags.py
[2025-03-28T11:40:42.446+0000] {processor.py:914} INFO - Processing file /opt/airflow/dags/fristdags.py for tasks to queue
[2025-03-28T11:40:42.448+0000] {logging_mixin.py:190} INFO - [2025-03-28T11:40:42.448+0000] {dagbag.py:588} INFO - Filling up the DagBag from /opt/airflow/dags/fristdags.py
[2025-03-28T11:40:42.473+0000] {processor.py:925} INFO - DAG(s) 'our_first_dag_2' retrieved from /opt/airflow/dags/fristdags.py
[2025-03-28T11:40:42.504+0000] {logging_mixin.py:190} INFO - [2025-03-28T11:40:42.504+0000] {dag.py:3239} INFO - Sync 1 DAGs
[2025-03-28T11:40:42.535+0000] {logging_mixin.py:190} INFO - [2025-03-28T11:40:42.535+0000] {dag.py:4180} INFO - Setting next_dagrun for our_first_dag_2 to 2025-03-28 00:00:00+00:00, run_after=2025-03-29 00:00:00+00:00
[2025-03-28T11:40:42.560+0000] {processor.py:208} INFO - Processing /opt/airflow/dags/fristdags.py took 0.122 seconds
[2025-03-28T11:41:13.149+0000] {processor.py:186} INFO - Started process (PID=232) to work on /opt/airflow/dags/fristdags.py
[2025-03-28T11:41:13.150+0000] {processor.py:914} INFO - Processing file /opt/airflow/dags/fristdags.py for tasks to queue
[2025-03-28T11:41:13.152+0000] {logging_mixin.py:190} INFO - [2025-03-28T11:41:13.152+0000] {dagbag.py:588} INFO - Filling up the DagBag from /opt/airflow/dags/fristdags.py
[2025-03-28T11:41:13.171+0000] {processor.py:925} INFO - DAG(s) 'our_first_dag_2' retrieved from /opt/airflow/dags/fristdags.py
[2025-03-28T11:41:13.203+0000] {logging_mixin.py:190} INFO - [2025-03-28T11:41:13.203+0000] {dag.py:3239} INFO - Sync 1 DAGs
[2025-03-28T11:41:13.236+0000] {logging_mixin.py:190} INFO - [2025-03-28T11:41:13.236+0000] {dag.py:4180} INFO - Setting next_dagrun for our_first_dag_2 to 2025-03-28 00:00:00+00:00, run_after=2025-03-29 00:00:00+00:00
[2025-03-28T11:41:13.260+0000] {processor.py:208} INFO - Processing /opt/airflow/dags/fristdags.py took 0.117 seconds
[2025-03-28T11:41:43.874+0000] {processor.py:186} INFO - Started process (PID=242) to work on /opt/airflow/dags/fristdags.py
[2025-03-28T11:41:43.875+0000] {processor.py:914} INFO - Processing file /opt/airflow/dags/fristdags.py for tasks to queue
[2025-03-28T11:41:43.878+0000] {logging_mixin.py:190} INFO - [2025-03-28T11:41:43.877+0000] {dagbag.py:588} INFO - Filling up the DagBag from /opt/airflow/dags/fristdags.py
[2025-03-28T11:41:43.898+0000] {processor.py:925} INFO - DAG(s) 'our_first_dag_2' retrieved from /opt/airflow/dags/fristdags.py
[2025-03-28T11:41:43.940+0000] {logging_mixin.py:190} INFO - [2025-03-28T11:41:43.939+0000] {dag.py:3239} INFO - Sync 1 DAGs
[2025-03-28T11:41:43.972+0000] {logging_mixin.py:190} INFO - [2025-03-28T11:41:43.971+0000] {dag.py:4180} INFO - Setting next_dagrun for our_first_dag_2 to 2025-03-28 00:00:00+00:00, run_after=2025-03-29 00:00:00+00:00
[2025-03-28T11:41:43.996+0000] {processor.py:208} INFO - Processing /opt/airflow/dags/fristdags.py took 0.129 seconds
[2025-03-28T11:42:14.474+0000] {processor.py:186} INFO - Started process (PID=252) to work on /opt/airflow/dags/fristdags.py
[2025-03-28T11:42:14.475+0000] {processor.py:914} INFO - Processing file /opt/airflow/dags/fristdags.py for tasks to queue
[2025-03-28T11:42:14.477+0000] {logging_mixin.py:190} INFO - [2025-03-28T11:42:14.477+0000] {dagbag.py:588} INFO - Filling up the DagBag from /opt/airflow/dags/fristdags.py
[2025-03-28T11:42:14.493+0000] {processor.py:925} INFO - DAG(s) 'our_first_dag_2' retrieved from /opt/airflow/dags/fristdags.py
[2025-03-28T11:42:14.521+0000] {logging_mixin.py:190} INFO - [2025-03-28T11:42:14.521+0000] {dag.py:3239} INFO - Sync 1 DAGs
[2025-03-28T11:42:14.545+0000] {logging_mixin.py:190} INFO - [2025-03-28T11:42:14.545+0000] {dag.py:4180} INFO - Setting next_dagrun for our_first_dag_2 to 2025-03-28 00:00:00+00:00, run_after=2025-03-29 00:00:00+00:00
[2025-03-28T11:42:14.566+0000] {processor.py:208} INFO - Processing /opt/airflow/dags/fristdags.py took 0.098 seconds
[2025-03-28T11:42:45.251+0000] {processor.py:186} INFO - Started process (PID=262) to work on /opt/airflow/dags/fristdags.py
[2025-03-28T11:42:45.252+0000] {processor.py:914} INFO - Processing file /opt/airflow/dags/fristdags.py for tasks to queue
[2025-03-28T11:42:45.254+0000] {logging_mixin.py:190} INFO - [2025-03-28T11:42:45.254+0000] {dagbag.py:588} INFO - Filling up the DagBag from /opt/airflow/dags/fristdags.py
[2025-03-28T11:42:45.273+0000] {processor.py:925} INFO - DAG(s) 'our_first_dag_2' retrieved from /opt/airflow/dags/fristdags.py
[2025-03-28T11:42:45.313+0000] {logging_mixin.py:190} INFO - [2025-03-28T11:42:45.313+0000] {dag.py:3239} INFO - Sync 1 DAGs
[2025-03-28T11:42:45.340+0000] {logging_mixin.py:190} INFO - [2025-03-28T11:42:45.340+0000] {dag.py:4180} INFO - Setting next_dagrun for our_first_dag_2 to 2025-03-28 00:00:00+00:00, run_after=2025-03-29 00:00:00+00:00
[2025-03-28T11:42:45.362+0000] {processor.py:208} INFO - Processing /opt/airflow/dags/fristdags.py took 0.117 seconds
[2025-03-28T11:43:16.067+0000] {processor.py:186} INFO - Started process (PID=273) to work on /opt/airflow/dags/fristdags.py
[2025-03-28T11:43:16.068+0000] {processor.py:914} INFO - Processing file /opt/airflow/dags/fristdags.py for tasks to queue
[2025-03-28T11:43:16.070+0000] {logging_mixin.py:190} INFO - [2025-03-28T11:43:16.069+0000] {dagbag.py:588} INFO - Filling up the DagBag from /opt/airflow/dags/fristdags.py
[2025-03-28T11:43:16.088+0000] {processor.py:925} INFO - DAG(s) 'our_first_dag_2' retrieved from /opt/airflow/dags/fristdags.py
[2025-03-28T11:43:16.125+0000] {logging_mixin.py:190} INFO - [2025-03-28T11:43:16.125+0000] {dag.py:3239} INFO - Sync 1 DAGs
[2025-03-28T11:43:16.154+0000] {logging_mixin.py:190} INFO - [2025-03-28T11:43:16.154+0000] {dag.py:4180} INFO - Setting next_dagrun for our_first_dag_2 to 2025-03-28 00:00:00+00:00, run_after=2025-03-29 00:00:00+00:00
[2025-03-28T11:43:16.177+0000] {processor.py:208} INFO - Processing /opt/airflow/dags/fristdags.py took 0.116 seconds
[2025-03-28T11:46:14.029+0000] {processor.py:186} INFO - Started process (PID=70) to work on /opt/airflow/dags/fristdags.py
[2025-03-28T11:46:14.031+0000] {processor.py:914} INFO - Processing file /opt/airflow/dags/fristdags.py for tasks to queue
[2025-03-28T11:46:14.035+0000] {logging_mixin.py:190} INFO - [2025-03-28T11:46:14.034+0000] {dagbag.py:588} INFO - Filling up the DagBag from /opt/airflow/dags/fristdags.py
[2025-03-28T11:46:14.119+0000] {processor.py:925} INFO - DAG(s) 'our_first_dag_2' retrieved from /opt/airflow/dags/fristdags.py
[2025-03-28T11:46:14.275+0000] {logging_mixin.py:190} INFO - [2025-03-28T11:46:14.275+0000] {dag.py:3239} INFO - Sync 1 DAGs
[2025-03-28T11:46:14.410+0000] {logging_mixin.py:190} INFO - [2025-03-28T11:46:14.409+0000] {dag.py:4180} INFO - Setting next_dagrun for our_first_dag_2 to 2025-03-28 00:00:00+00:00, run_after=2025-03-29 00:00:00+00:00
[2025-03-28T11:46:14.482+0000] {processor.py:208} INFO - Processing /opt/airflow/dags/fristdags.py took 0.499 seconds
[2025-03-28T11:46:44.618+0000] {processor.py:186} INFO - Started process (PID=80) to work on /opt/airflow/dags/fristdags.py
[2025-03-28T11:46:44.619+0000] {processor.py:914} INFO - Processing file /opt/airflow/dags/fristdags.py for tasks to queue
[2025-03-28T11:46:44.622+0000] {logging_mixin.py:190} INFO - [2025-03-28T11:46:44.622+0000] {dagbag.py:588} INFO - Filling up the DagBag from /opt/airflow/dags/fristdags.py
[2025-03-28T11:46:44.646+0000] {processor.py:925} INFO - DAG(s) 'our_first_dag_2' retrieved from /opt/airflow/dags/fristdags.py
[2025-03-28T11:46:44.689+0000] {logging_mixin.py:190} INFO - [2025-03-28T11:46:44.688+0000] {dag.py:3239} INFO - Sync 1 DAGs
[2025-03-28T11:46:44.773+0000] {logging_mixin.py:190} INFO - [2025-03-28T11:46:44.773+0000] {dag.py:4180} INFO - Setting next_dagrun for our_first_dag_2 to 2025-03-28 00:00:00+00:00, run_after=2025-03-29 00:00:00+00:00
[2025-03-28T11:46:44.800+0000] {processor.py:208} INFO - Processing /opt/airflow/dags/fristdags.py took 0.188 seconds
[2025-03-28T11:47:15.535+0000] {processor.py:186} INFO - Started process (PID=90) to work on /opt/airflow/dags/fristdags.py
[2025-03-28T11:47:15.537+0000] {processor.py:914} INFO - Processing file /opt/airflow/dags/fristdags.py for tasks to queue
[2025-03-28T11:47:15.540+0000] {logging_mixin.py:190} INFO - [2025-03-28T11:47:15.539+0000] {dagbag.py:588} INFO - Filling up the DagBag from /opt/airflow/dags/fristdags.py
[2025-03-28T11:47:15.562+0000] {processor.py:925} INFO - DAG(s) 'our_first_dag_2' retrieved from /opt/airflow/dags/fristdags.py
[2025-03-28T11:47:15.591+0000] {logging_mixin.py:190} INFO - [2025-03-28T11:47:15.591+0000] {dag.py:3239} INFO - Sync 1 DAGs
[2025-03-28T11:47:15.620+0000] {logging_mixin.py:190} INFO - [2025-03-28T11:47:15.620+0000] {dag.py:4180} INFO - Setting next_dagrun for our_first_dag_2 to 2025-03-28 00:00:00+00:00, run_after=2025-03-29 00:00:00+00:00
[2025-03-28T11:47:15.641+0000] {processor.py:208} INFO - Processing /opt/airflow/dags/fristdags.py took 0.117 seconds
[2025-03-28T11:47:46.260+0000] {processor.py:186} INFO - Started process (PID=100) to work on /opt/airflow/dags/fristdags.py
[2025-03-28T11:47:46.261+0000] {processor.py:914} INFO - Processing file /opt/airflow/dags/fristdags.py for tasks to queue
[2025-03-28T11:47:46.262+0000] {logging_mixin.py:190} INFO - [2025-03-28T11:47:46.262+0000] {dagbag.py:588} INFO - Filling up the DagBag from /opt/airflow/dags/fristdags.py
[2025-03-28T11:47:46.280+0000] {processor.py:925} INFO - DAG(s) 'our_first_dag_2' retrieved from /opt/airflow/dags/fristdags.py
[2025-03-28T11:47:46.305+0000] {logging_mixin.py:190} INFO - [2025-03-28T11:47:46.305+0000] {dag.py:3239} INFO - Sync 1 DAGs
[2025-03-28T11:47:46.332+0000] {logging_mixin.py:190} INFO - [2025-03-28T11:47:46.332+0000] {dag.py:4180} INFO - Setting next_dagrun for our_first_dag_2 to 2025-03-28 00:00:00+00:00, run_after=2025-03-29 00:00:00+00:00
[2025-03-28T11:47:46.352+0000] {processor.py:208} INFO - Processing /opt/airflow/dags/fristdags.py took 0.098 seconds
[2025-03-28T11:48:16.977+0000] {processor.py:186} INFO - Started process (PID=110) to work on /opt/airflow/dags/fristdags.py
[2025-03-28T11:48:16.979+0000] {processor.py:914} INFO - Processing file /opt/airflow/dags/fristdags.py for tasks to queue
[2025-03-28T11:48:16.980+0000] {logging_mixin.py:190} INFO - [2025-03-28T11:48:16.980+0000] {dagbag.py:588} INFO - Filling up the DagBag from /opt/airflow/dags/fristdags.py
[2025-03-28T11:48:16.999+0000] {processor.py:925} INFO - DAG(s) 'our_first_dag_2' retrieved from /opt/airflow/dags/fristdags.py
[2025-03-28T11:48:17.027+0000] {logging_mixin.py:190} INFO - [2025-03-28T11:48:17.027+0000] {dag.py:3239} INFO - Sync 1 DAGs
[2025-03-28T11:48:17.053+0000] {logging_mixin.py:190} INFO - [2025-03-28T11:48:17.053+0000] {dag.py:4180} INFO - Setting next_dagrun for our_first_dag_2 to 2025-03-28 00:00:00+00:00, run_after=2025-03-29 00:00:00+00:00
[2025-03-28T11:48:17.073+0000] {processor.py:208} INFO - Processing /opt/airflow/dags/fristdags.py took 0.105 seconds
[2025-03-28T11:48:47.732+0000] {processor.py:186} INFO - Started process (PID=120) to work on /opt/airflow/dags/fristdags.py
[2025-03-28T11:48:47.734+0000] {processor.py:914} INFO - Processing file /opt/airflow/dags/fristdags.py for tasks to queue
[2025-03-28T11:48:47.736+0000] {logging_mixin.py:190} INFO - [2025-03-28T11:48:47.736+0000] {dagbag.py:588} INFO - Filling up the DagBag from /opt/airflow/dags/fristdags.py
[2025-03-28T11:48:47.761+0000] {processor.py:925} INFO - DAG(s) 'our_first_dag_2' retrieved from /opt/airflow/dags/fristdags.py
[2025-03-28T11:48:47.805+0000] {logging_mixin.py:190} INFO - [2025-03-28T11:48:47.805+0000] {dag.py:3239} INFO - Sync 1 DAGs
[2025-03-28T11:48:47.840+0000] {logging_mixin.py:190} INFO - [2025-03-28T11:48:47.840+0000] {dag.py:4180} INFO - Setting next_dagrun for our_first_dag_2 to 2025-03-28 00:00:00+00:00, run_after=2025-03-29 00:00:00+00:00
[2025-03-28T11:48:47.861+0000] {processor.py:208} INFO - Processing /opt/airflow/dags/fristdags.py took 0.136 seconds
[2025-03-28T11:49:18.830+0000] {processor.py:186} INFO - Started process (PID=130) to work on /opt/airflow/dags/fristdags.py
[2025-03-28T11:49:18.831+0000] {processor.py:914} INFO - Processing file /opt/airflow/dags/fristdags.py for tasks to queue
[2025-03-28T11:49:18.832+0000] {logging_mixin.py:190} INFO - [2025-03-28T11:49:18.832+0000] {dagbag.py:588} INFO - Filling up the DagBag from /opt/airflow/dags/fristdags.py
[2025-03-28T11:49:18.848+0000] {processor.py:925} INFO - DAG(s) 'our_first_dag_2' retrieved from /opt/airflow/dags/fristdags.py
[2025-03-28T11:49:18.876+0000] {logging_mixin.py:190} INFO - [2025-03-28T11:49:18.876+0000] {dag.py:3239} INFO - Sync 1 DAGs
[2025-03-28T11:49:18.903+0000] {logging_mixin.py:190} INFO - [2025-03-28T11:49:18.903+0000] {dag.py:4180} INFO - Setting next_dagrun for our_first_dag_2 to 2025-03-28 00:00:00+00:00, run_after=2025-03-29 00:00:00+00:00
[2025-03-28T11:49:18.924+0000] {processor.py:208} INFO - Processing /opt/airflow/dags/fristdags.py took 0.100 seconds
[2025-03-28T11:49:49.663+0000] {processor.py:186} INFO - Started process (PID=140) to work on /opt/airflow/dags/fristdags.py
[2025-03-28T11:49:49.664+0000] {processor.py:914} INFO - Processing file /opt/airflow/dags/fristdags.py for tasks to queue
[2025-03-28T11:49:49.665+0000] {logging_mixin.py:190} INFO - [2025-03-28T11:49:49.665+0000] {dagbag.py:588} INFO - Filling up the DagBag from /opt/airflow/dags/fristdags.py
[2025-03-28T11:49:49.681+0000] {processor.py:925} INFO - DAG(s) 'our_first_dag_2' retrieved from /opt/airflow/dags/fristdags.py
[2025-03-28T11:49:49.704+0000] {logging_mixin.py:190} INFO - [2025-03-28T11:49:49.704+0000] {dag.py:3239} INFO - Sync 1 DAGs
[2025-03-28T11:49:49.730+0000] {logging_mixin.py:190} INFO - [2025-03-28T11:49:49.730+0000] {dag.py:4180} INFO - Setting next_dagrun for our_first_dag_2 to 2025-03-28 00:00:00+00:00, run_after=2025-03-29 00:00:00+00:00
[2025-03-28T11:49:49.751+0000] {processor.py:208} INFO - Processing /opt/airflow/dags/fristdags.py took 0.093 seconds
[2025-03-28T11:50:20.379+0000] {processor.py:186} INFO - Started process (PID=150) to work on /opt/airflow/dags/fristdags.py
[2025-03-28T11:50:20.380+0000] {processor.py:914} INFO - Processing file /opt/airflow/dags/fristdags.py for tasks to queue
[2025-03-28T11:50:20.381+0000] {logging_mixin.py:190} INFO - [2025-03-28T11:50:20.381+0000] {dagbag.py:588} INFO - Filling up the DagBag from /opt/airflow/dags/fristdags.py
[2025-03-28T11:50:20.400+0000] {processor.py:925} INFO - DAG(s) 'our_first_dag_2' retrieved from /opt/airflow/dags/fristdags.py
[2025-03-28T11:50:20.428+0000] {logging_mixin.py:190} INFO - [2025-03-28T11:50:20.428+0000] {dag.py:3239} INFO - Sync 1 DAGs
[2025-03-28T11:50:20.456+0000] {logging_mixin.py:190} INFO - [2025-03-28T11:50:20.456+0000] {dag.py:4180} INFO - Setting next_dagrun for our_first_dag_2 to 2025-03-28 00:00:00+00:00, run_after=2025-03-29 00:00:00+00:00
[2025-03-28T11:50:20.481+0000] {processor.py:208} INFO - Processing /opt/airflow/dags/fristdags.py took 0.109 seconds
[2025-03-28T11:50:51.010+0000] {processor.py:186} INFO - Started process (PID=160) to work on /opt/airflow/dags/fristdags.py
[2025-03-28T11:50:51.011+0000] {processor.py:914} INFO - Processing file /opt/airflow/dags/fristdags.py for tasks to queue
[2025-03-28T11:50:51.012+0000] {logging_mixin.py:190} INFO - [2025-03-28T11:50:51.012+0000] {dagbag.py:588} INFO - Filling up the DagBag from /opt/airflow/dags/fristdags.py
[2025-03-28T11:50:51.027+0000] {processor.py:925} INFO - DAG(s) 'our_first_dag_2' retrieved from /opt/airflow/dags/fristdags.py
[2025-03-28T11:50:51.050+0000] {logging_mixin.py:190} INFO - [2025-03-28T11:50:51.050+0000] {dag.py:3239} INFO - Sync 1 DAGs
[2025-03-28T11:50:51.087+0000] {logging_mixin.py:190} INFO - [2025-03-28T11:50:51.086+0000] {dag.py:4180} INFO - Setting next_dagrun for our_first_dag_2 to 2025-03-28 00:00:00+00:00, run_after=2025-03-29 00:00:00+00:00
[2025-03-28T11:50:51.107+0000] {processor.py:208} INFO - Processing /opt/airflow/dags/fristdags.py took 0.103 seconds
[2025-03-28T11:51:21.733+0000] {processor.py:186} INFO - Started process (PID=170) to work on /opt/airflow/dags/fristdags.py
[2025-03-28T11:51:21.734+0000] {processor.py:914} INFO - Processing file /opt/airflow/dags/fristdags.py for tasks to queue
[2025-03-28T11:51:21.737+0000] {logging_mixin.py:190} INFO - [2025-03-28T11:51:21.736+0000] {dagbag.py:588} INFO - Filling up the DagBag from /opt/airflow/dags/fristdags.py
[2025-03-28T11:51:21.758+0000] {processor.py:925} INFO - DAG(s) 'our_first_dag_2' retrieved from /opt/airflow/dags/fristdags.py
[2025-03-28T11:51:21.791+0000] {logging_mixin.py:190} INFO - [2025-03-28T11:51:21.790+0000] {dag.py:3239} INFO - Sync 1 DAGs
[2025-03-28T11:51:21.826+0000] {logging_mixin.py:190} INFO - [2025-03-28T11:51:21.825+0000] {dag.py:4180} INFO - Setting next_dagrun for our_first_dag_2 to 2025-03-28 00:00:00+00:00, run_after=2025-03-29 00:00:00+00:00
[2025-03-28T11:51:21.849+0000] {processor.py:208} INFO - Processing /opt/airflow/dags/fristdags.py took 0.125 seconds
[2025-03-28T11:51:52.475+0000] {processor.py:186} INFO - Started process (PID=180) to work on /opt/airflow/dags/fristdags.py
[2025-03-28T11:51:52.476+0000] {processor.py:914} INFO - Processing file /opt/airflow/dags/fristdags.py for tasks to queue
[2025-03-28T11:51:52.477+0000] {logging_mixin.py:190} INFO - [2025-03-28T11:51:52.477+0000] {dagbag.py:588} INFO - Filling up the DagBag from /opt/airflow/dags/fristdags.py
[2025-03-28T11:51:52.492+0000] {processor.py:925} INFO - DAG(s) 'our_first_dag_2' retrieved from /opt/airflow/dags/fristdags.py
[2025-03-28T11:51:52.516+0000] {logging_mixin.py:190} INFO - [2025-03-28T11:51:52.515+0000] {dag.py:3239} INFO - Sync 1 DAGs
[2025-03-28T11:51:52.542+0000] {logging_mixin.py:190} INFO - [2025-03-28T11:51:52.541+0000] {dag.py:4180} INFO - Setting next_dagrun for our_first_dag_2 to 2025-03-28 00:00:00+00:00, run_after=2025-03-29 00:00:00+00:00
[2025-03-28T11:51:52.561+0000] {processor.py:208} INFO - Processing /opt/airflow/dags/fristdags.py took 0.092 seconds
[2025-03-28T11:52:23.210+0000] {processor.py:186} INFO - Started process (PID=190) to work on /opt/airflow/dags/fristdags.py
[2025-03-28T11:52:23.211+0000] {processor.py:914} INFO - Processing file /opt/airflow/dags/fristdags.py for tasks to queue
[2025-03-28T11:52:23.212+0000] {logging_mixin.py:190} INFO - [2025-03-28T11:52:23.211+0000] {dagbag.py:588} INFO - Filling up the DagBag from /opt/airflow/dags/fristdags.py
[2025-03-28T11:52:23.231+0000] {processor.py:925} INFO - DAG(s) 'our_first_dag_2' retrieved from /opt/airflow/dags/fristdags.py
[2025-03-28T11:52:23.258+0000] {logging_mixin.py:190} INFO - [2025-03-28T11:52:23.258+0000] {dag.py:3239} INFO - Sync 1 DAGs
[2025-03-28T11:52:23.282+0000] {logging_mixin.py:190} INFO - [2025-03-28T11:52:23.281+0000] {dag.py:4180} INFO - Setting next_dagrun for our_first_dag_2 to 2025-03-28 00:00:00+00:00, run_after=2025-03-29 00:00:00+00:00
[2025-03-28T11:52:23.300+0000] {processor.py:208} INFO - Processing /opt/airflow/dags/fristdags.py took 0.096 seconds
[2025-03-28T11:52:53.936+0000] {processor.py:186} INFO - Started process (PID=200) to work on /opt/airflow/dags/fristdags.py
[2025-03-28T11:52:53.937+0000] {processor.py:914} INFO - Processing file /opt/airflow/dags/fristdags.py for tasks to queue
[2025-03-28T11:52:53.938+0000] {logging_mixin.py:190} INFO - [2025-03-28T11:52:53.938+0000] {dagbag.py:588} INFO - Filling up the DagBag from /opt/airflow/dags/fristdags.py
[2025-03-28T11:52:53.956+0000] {processor.py:925} INFO - DAG(s) 'our_first_dag_2' retrieved from /opt/airflow/dags/fristdags.py
[2025-03-28T11:52:53.984+0000] {logging_mixin.py:190} INFO - [2025-03-28T11:52:53.983+0000] {dag.py:3239} INFO - Sync 1 DAGs
[2025-03-28T11:52:54.009+0000] {logging_mixin.py:190} INFO - [2025-03-28T11:52:54.009+0000] {dag.py:4180} INFO - Setting next_dagrun for our_first_dag_2 to 2025-03-28 00:00:00+00:00, run_after=2025-03-29 00:00:00+00:00
[2025-03-28T11:52:54.032+0000] {processor.py:208} INFO - Processing /opt/airflow/dags/fristdags.py took 0.102 seconds
[2025-03-28T12:07:17.081+0000] {processor.py:186} INFO - Started process (PID=210) to work on /opt/airflow/dags/fristdags.py
[2025-03-28T12:07:17.167+0000] {processor.py:914} INFO - Processing file /opt/airflow/dags/fristdags.py for tasks to queue
[2025-03-28T12:07:17.193+0000] {logging_mixin.py:190} INFO - [2025-03-28T12:07:17.192+0000] {dagbag.py:588} INFO - Filling up the DagBag from /opt/airflow/dags/fristdags.py
[2025-03-28T12:07:17.600+0000] {processor.py:925} INFO - DAG(s) 'our_first_dag_2' retrieved from /opt/airflow/dags/fristdags.py
[2025-03-28T12:07:17.831+0000] {logging_mixin.py:190} INFO - [2025-03-28T12:07:17.830+0000] {dag.py:3239} INFO - Sync 1 DAGs
[2025-03-28T12:07:18.003+0000] {logging_mixin.py:190} INFO - [2025-03-28T12:07:17.995+0000] {dag.py:4180} INFO - Setting next_dagrun for our_first_dag_2 to 2025-03-28 00:00:00+00:00, run_after=2025-03-29 00:00:00+00:00
[2025-03-28T12:07:18.171+0000] {processor.py:208} INFO - Processing /opt/airflow/dags/fristdags.py took 1.105 seconds
