[2025-03-28T11:17:40.447+0000] {processor.py:186} INFO - Started process (PID=86) to work on /opt/airflow/dags/seconddag.py
[2025-03-28T11:17:40.449+0000] {processor.py:914} INFO - Processing file /opt/airflow/dags/seconddag.py for tasks to queue
[2025-03-28T11:17:40.454+0000] {logging_mixin.py:190} INFO - [2025-03-28T11:17:40.453+0000] {dagbag.py:588} INFO - Filling up the DagBag from /opt/airflow/dags/seconddag.py
[2025-03-28T11:17:40.482+0000] {processor.py:925} INFO - DAG(s) 'our_first_dag_3' retrieved from /opt/airflow/dags/seconddag.py
[2025-03-28T11:17:40.553+0000] {logging_mixin.py:190} INFO - [2025-03-28T11:17:40.551+0000] {dag.py:3239} INFO - Sync 1 DAGs
[2025-03-28T11:17:40.626+0000] {logging_mixin.py:190} INFO - [2025-03-28T11:17:40.626+0000] {dag.py:4180} INFO - Setting next_dagrun for our_first_dag_3 to 2025-03-28 00:00:00+00:00, run_after=2025-03-29 00:00:00+00:00
[2025-03-28T11:17:40.669+0000] {processor.py:208} INFO - Processing /opt/airflow/dags/seconddag.py took 0.232 seconds
[2025-03-28T11:18:11.399+0000] {processor.py:186} INFO - Started process (PID=109) to work on /opt/airflow/dags/seconddag.py
[2025-03-28T11:18:11.402+0000] {processor.py:914} INFO - Processing file /opt/airflow/dags/seconddag.py for tasks to queue
[2025-03-28T11:18:11.407+0000] {logging_mixin.py:190} INFO - [2025-03-28T11:18:11.406+0000] {dagbag.py:588} INFO - Filling up the DagBag from /opt/airflow/dags/seconddag.py
[2025-03-28T11:18:11.437+0000] {processor.py:925} INFO - DAG(s) 'our_first_dag_3' retrieved from /opt/airflow/dags/seconddag.py
[2025-03-28T11:18:11.495+0000] {logging_mixin.py:190} INFO - [2025-03-28T11:18:11.495+0000] {dag.py:3239} INFO - Sync 1 DAGs
[2025-03-28T11:18:11.549+0000] {logging_mixin.py:190} INFO - [2025-03-28T11:18:11.549+0000] {dag.py:4180} INFO - Setting next_dagrun for our_first_dag_3 to 2025-03-28 00:00:00+00:00, run_after=2025-03-29 00:00:00+00:00
[2025-03-28T11:18:11.603+0000] {processor.py:208} INFO - Processing /opt/airflow/dags/seconddag.py took 0.216 seconds
[2025-03-28T11:18:42.462+0000] {processor.py:186} INFO - Started process (PID=119) to work on /opt/airflow/dags/seconddag.py
[2025-03-28T11:18:42.463+0000] {processor.py:914} INFO - Processing file /opt/airflow/dags/seconddag.py for tasks to queue
[2025-03-28T11:18:42.465+0000] {logging_mixin.py:190} INFO - [2025-03-28T11:18:42.464+0000] {dagbag.py:588} INFO - Filling up the DagBag from /opt/airflow/dags/seconddag.py
[2025-03-28T11:18:42.501+0000] {processor.py:925} INFO - DAG(s) 'our_first_dag_3' retrieved from /opt/airflow/dags/seconddag.py
[2025-03-28T11:18:42.548+0000] {logging_mixin.py:190} INFO - [2025-03-28T11:18:42.547+0000] {dag.py:3239} INFO - Sync 1 DAGs
[2025-03-28T11:18:42.587+0000] {logging_mixin.py:190} INFO - [2025-03-28T11:18:42.587+0000] {dag.py:4180} INFO - Setting next_dagrun for our_first_dag_3 to 2025-03-28 00:00:00+00:00, run_after=2025-03-29 00:00:00+00:00
[2025-03-28T11:18:42.611+0000] {processor.py:208} INFO - Processing /opt/airflow/dags/seconddag.py took 0.157 seconds
[2025-03-28T11:19:12.699+0000] {processor.py:186} INFO - Started process (PID=129) to work on /opt/airflow/dags/seconddag.py
[2025-03-28T11:19:12.700+0000] {processor.py:914} INFO - Processing file /opt/airflow/dags/seconddag.py for tasks to queue
[2025-03-28T11:19:12.701+0000] {logging_mixin.py:190} INFO - [2025-03-28T11:19:12.701+0000] {dagbag.py:588} INFO - Filling up the DagBag from /opt/airflow/dags/seconddag.py
[2025-03-28T11:19:12.717+0000] {processor.py:925} INFO - DAG(s) 'our_first_dag_3' retrieved from /opt/airflow/dags/seconddag.py
[2025-03-28T11:19:12.739+0000] {logging_mixin.py:190} INFO - [2025-03-28T11:19:12.739+0000] {dag.py:3239} INFO - Sync 1 DAGs
[2025-03-28T11:19:12.764+0000] {logging_mixin.py:190} INFO - [2025-03-28T11:19:12.763+0000] {dag.py:4180} INFO - Setting next_dagrun for our_first_dag_3 to 2025-03-28 00:00:00+00:00, run_after=2025-03-29 00:00:00+00:00
[2025-03-28T11:19:12.783+0000] {processor.py:208} INFO - Processing /opt/airflow/dags/seconddag.py took 0.089 seconds
[2025-03-28T11:19:43.657+0000] {processor.py:186} INFO - Started process (PID=143) to work on /opt/airflow/dags/seconddag.py
[2025-03-28T11:19:43.658+0000] {processor.py:914} INFO - Processing file /opt/airflow/dags/seconddag.py for tasks to queue
[2025-03-28T11:19:43.660+0000] {logging_mixin.py:190} INFO - [2025-03-28T11:19:43.659+0000] {dagbag.py:588} INFO - Filling up the DagBag from /opt/airflow/dags/seconddag.py
[2025-03-28T11:19:43.680+0000] {processor.py:925} INFO - DAG(s) 'our_first_dag_3' retrieved from /opt/airflow/dags/seconddag.py
[2025-03-28T11:19:43.706+0000] {logging_mixin.py:190} INFO - [2025-03-28T11:19:43.706+0000] {dag.py:3239} INFO - Sync 1 DAGs
[2025-03-28T11:19:43.735+0000] {logging_mixin.py:190} INFO - [2025-03-28T11:19:43.734+0000] {dag.py:4180} INFO - Setting next_dagrun for our_first_dag_3 to 2025-03-28 00:00:00+00:00, run_after=2025-03-29 00:00:00+00:00
[2025-03-28T11:19:43.757+0000] {processor.py:208} INFO - Processing /opt/airflow/dags/seconddag.py took 0.107 seconds
[2025-03-28T11:20:14.026+0000] {processor.py:186} INFO - Started process (PID=154) to work on /opt/airflow/dags/seconddag.py
[2025-03-28T11:20:14.027+0000] {processor.py:914} INFO - Processing file /opt/airflow/dags/seconddag.py for tasks to queue
[2025-03-28T11:20:14.029+0000] {logging_mixin.py:190} INFO - [2025-03-28T11:20:14.028+0000] {dagbag.py:588} INFO - Filling up the DagBag from /opt/airflow/dags/seconddag.py
[2025-03-28T11:20:14.047+0000] {processor.py:925} INFO - DAG(s) 'our_first_dag_3' retrieved from /opt/airflow/dags/seconddag.py
[2025-03-28T11:20:14.075+0000] {logging_mixin.py:190} INFO - [2025-03-28T11:20:14.074+0000] {dag.py:3239} INFO - Sync 1 DAGs
[2025-03-28T11:20:14.104+0000] {logging_mixin.py:190} INFO - [2025-03-28T11:20:14.104+0000] {dag.py:4180} INFO - Setting next_dagrun for our_first_dag_3 to 2025-03-28 00:00:00+00:00, run_after=2025-03-29 00:00:00+00:00
[2025-03-28T11:20:14.127+0000] {processor.py:208} INFO - Processing /opt/airflow/dags/seconddag.py took 0.108 seconds
[2025-03-28T11:20:45.103+0000] {processor.py:186} INFO - Started process (PID=164) to work on /opt/airflow/dags/seconddag.py
[2025-03-28T11:20:45.103+0000] {processor.py:914} INFO - Processing file /opt/airflow/dags/seconddag.py for tasks to queue
[2025-03-28T11:20:45.105+0000] {logging_mixin.py:190} INFO - [2025-03-28T11:20:45.105+0000] {dagbag.py:588} INFO - Filling up the DagBag from /opt/airflow/dags/seconddag.py
[2025-03-28T11:20:45.123+0000] {processor.py:925} INFO - DAG(s) 'our_first_dag_3' retrieved from /opt/airflow/dags/seconddag.py
[2025-03-28T11:20:45.149+0000] {logging_mixin.py:190} INFO - [2025-03-28T11:20:45.149+0000] {dag.py:3239} INFO - Sync 1 DAGs
[2025-03-28T11:20:45.176+0000] {logging_mixin.py:190} INFO - [2025-03-28T11:20:45.176+0000] {dag.py:4180} INFO - Setting next_dagrun for our_first_dag_3 to 2025-03-28 00:00:00+00:00, run_after=2025-03-29 00:00:00+00:00
[2025-03-28T11:20:45.204+0000] {processor.py:208} INFO - Processing /opt/airflow/dags/seconddag.py took 0.109 seconds
[2025-03-28T11:21:16.127+0000] {processor.py:186} INFO - Started process (PID=174) to work on /opt/airflow/dags/seconddag.py
[2025-03-28T11:21:16.128+0000] {processor.py:914} INFO - Processing file /opt/airflow/dags/seconddag.py for tasks to queue
[2025-03-28T11:21:16.130+0000] {logging_mixin.py:190} INFO - [2025-03-28T11:21:16.129+0000] {dagbag.py:588} INFO - Filling up the DagBag from /opt/airflow/dags/seconddag.py
[2025-03-28T11:21:16.150+0000] {processor.py:925} INFO - DAG(s) 'our_first_dag_3' retrieved from /opt/airflow/dags/seconddag.py
[2025-03-28T11:21:16.181+0000] {logging_mixin.py:190} INFO - [2025-03-28T11:21:16.181+0000] {dag.py:3239} INFO - Sync 1 DAGs
[2025-03-28T11:21:16.220+0000] {logging_mixin.py:190} INFO - [2025-03-28T11:21:16.220+0000] {dag.py:4180} INFO - Setting next_dagrun for our_first_dag_3 to 2025-03-28 00:00:00+00:00, run_after=2025-03-29 00:00:00+00:00
[2025-03-28T11:21:16.252+0000] {processor.py:208} INFO - Processing /opt/airflow/dags/seconddag.py took 0.132 seconds
[2025-03-28T11:21:47.064+0000] {processor.py:186} INFO - Started process (PID=184) to work on /opt/airflow/dags/seconddag.py
[2025-03-28T11:21:47.065+0000] {processor.py:914} INFO - Processing file /opt/airflow/dags/seconddag.py for tasks to queue
[2025-03-28T11:21:47.066+0000] {logging_mixin.py:190} INFO - [2025-03-28T11:21:47.066+0000] {dagbag.py:588} INFO - Filling up the DagBag from /opt/airflow/dags/seconddag.py
[2025-03-28T11:21:47.087+0000] {processor.py:925} INFO - DAG(s) 'our_first_dag_3' retrieved from /opt/airflow/dags/seconddag.py
[2025-03-28T11:21:47.122+0000] {logging_mixin.py:190} INFO - [2025-03-28T11:21:47.122+0000] {dag.py:3239} INFO - Sync 1 DAGs
[2025-03-28T11:21:47.167+0000] {logging_mixin.py:190} INFO - [2025-03-28T11:21:47.167+0000] {dag.py:4180} INFO - Setting next_dagrun for our_first_dag_3 to 2025-03-28 00:00:00+00:00, run_after=2025-03-29 00:00:00+00:00
[2025-03-28T11:21:47.198+0000] {processor.py:208} INFO - Processing /opt/airflow/dags/seconddag.py took 0.142 seconds
[2025-03-28T11:22:17.924+0000] {processor.py:186} INFO - Started process (PID=195) to work on /opt/airflow/dags/seconddag.py
[2025-03-28T11:22:17.925+0000] {processor.py:914} INFO - Processing file /opt/airflow/dags/seconddag.py for tasks to queue
[2025-03-28T11:22:17.927+0000] {logging_mixin.py:190} INFO - [2025-03-28T11:22:17.926+0000] {dagbag.py:588} INFO - Filling up the DagBag from /opt/airflow/dags/seconddag.py
[2025-03-28T11:22:17.946+0000] {processor.py:925} INFO - DAG(s) 'our_first_dag_3' retrieved from /opt/airflow/dags/seconddag.py
[2025-03-28T11:22:17.973+0000] {logging_mixin.py:190} INFO - [2025-03-28T11:22:17.973+0000] {dag.py:3239} INFO - Sync 1 DAGs
[2025-03-28T11:22:18.003+0000] {logging_mixin.py:190} INFO - [2025-03-28T11:22:18.003+0000] {dag.py:4180} INFO - Setting next_dagrun for our_first_dag_3 to 2025-03-28 00:00:00+00:00, run_after=2025-03-29 00:00:00+00:00
[2025-03-28T11:22:18.029+0000] {processor.py:208} INFO - Processing /opt/airflow/dags/seconddag.py took 0.111 seconds
[2025-03-28T11:22:48.298+0000] {processor.py:186} INFO - Started process (PID=205) to work on /opt/airflow/dags/seconddag.py
[2025-03-28T11:22:48.299+0000] {processor.py:914} INFO - Processing file /opt/airflow/dags/seconddag.py for tasks to queue
[2025-03-28T11:22:48.304+0000] {logging_mixin.py:190} INFO - [2025-03-28T11:22:48.303+0000] {dagbag.py:588} INFO - Filling up the DagBag from /opt/airflow/dags/seconddag.py
[2025-03-28T11:22:48.328+0000] {processor.py:925} INFO - DAG(s) 'our_first_dag_3' retrieved from /opt/airflow/dags/seconddag.py
[2025-03-28T11:22:48.364+0000] {logging_mixin.py:190} INFO - [2025-03-28T11:22:48.364+0000] {dag.py:3239} INFO - Sync 1 DAGs
[2025-03-28T11:22:48.408+0000] {logging_mixin.py:190} INFO - [2025-03-28T11:22:48.407+0000] {dag.py:4180} INFO - Setting next_dagrun for our_first_dag_3 to 2025-03-28 00:00:00+00:00, run_after=2025-03-29 00:00:00+00:00
[2025-03-28T11:22:48.442+0000] {processor.py:208} INFO - Processing /opt/airflow/dags/seconddag.py took 0.154 seconds
[2025-03-28T11:23:19.042+0000] {processor.py:186} INFO - Started process (PID=215) to work on /opt/airflow/dags/seconddag.py
[2025-03-28T11:23:19.043+0000] {processor.py:914} INFO - Processing file /opt/airflow/dags/seconddag.py for tasks to queue
[2025-03-28T11:23:19.046+0000] {logging_mixin.py:190} INFO - [2025-03-28T11:23:19.045+0000] {dagbag.py:588} INFO - Filling up the DagBag from /opt/airflow/dags/seconddag.py
[2025-03-28T11:23:19.068+0000] {processor.py:925} INFO - DAG(s) 'our_first_dag_3' retrieved from /opt/airflow/dags/seconddag.py
[2025-03-28T11:23:19.101+0000] {logging_mixin.py:190} INFO - [2025-03-28T11:23:19.101+0000] {dag.py:3239} INFO - Sync 1 DAGs
[2025-03-28T11:23:19.140+0000] {logging_mixin.py:190} INFO - [2025-03-28T11:23:19.140+0000] {dag.py:4180} INFO - Setting next_dagrun for our_first_dag_3 to 2025-03-28 00:00:00+00:00, run_after=2025-03-29 00:00:00+00:00
[2025-03-28T11:23:19.167+0000] {processor.py:208} INFO - Processing /opt/airflow/dags/seconddag.py took 0.134 seconds
[2025-03-28T11:23:50.117+0000] {processor.py:186} INFO - Started process (PID=225) to work on /opt/airflow/dags/seconddag.py
[2025-03-28T11:23:50.118+0000] {processor.py:914} INFO - Processing file /opt/airflow/dags/seconddag.py for tasks to queue
[2025-03-28T11:23:50.119+0000] {logging_mixin.py:190} INFO - [2025-03-28T11:23:50.119+0000] {dagbag.py:588} INFO - Filling up the DagBag from /opt/airflow/dags/seconddag.py
[2025-03-28T11:23:50.139+0000] {processor.py:925} INFO - DAG(s) 'our_first_dag_3' retrieved from /opt/airflow/dags/seconddag.py
[2025-03-28T11:23:50.169+0000] {logging_mixin.py:190} INFO - [2025-03-28T11:23:50.169+0000] {dag.py:3239} INFO - Sync 1 DAGs
[2025-03-28T11:23:50.201+0000] {logging_mixin.py:190} INFO - [2025-03-28T11:23:50.201+0000] {dag.py:4180} INFO - Setting next_dagrun for our_first_dag_3 to 2025-03-28 00:00:00+00:00, run_after=2025-03-29 00:00:00+00:00
[2025-03-28T11:23:50.227+0000] {processor.py:208} INFO - Processing /opt/airflow/dags/seconddag.py took 0.117 seconds
[2025-03-28T11:24:21.031+0000] {processor.py:186} INFO - Started process (PID=235) to work on /opt/airflow/dags/seconddag.py
[2025-03-28T11:24:21.032+0000] {processor.py:914} INFO - Processing file /opt/airflow/dags/seconddag.py for tasks to queue
[2025-03-28T11:24:21.034+0000] {logging_mixin.py:190} INFO - [2025-03-28T11:24:21.033+0000] {dagbag.py:588} INFO - Filling up the DagBag from /opt/airflow/dags/seconddag.py
[2025-03-28T11:24:21.071+0000] {processor.py:925} INFO - DAG(s) 'our_first_dag_3' retrieved from /opt/airflow/dags/seconddag.py
[2025-03-28T11:24:21.095+0000] {logging_mixin.py:190} INFO - [2025-03-28T11:24:21.095+0000] {dag.py:3239} INFO - Sync 1 DAGs
[2025-03-28T11:24:21.123+0000] {logging_mixin.py:190} INFO - [2025-03-28T11:24:21.122+0000] {dag.py:4180} INFO - Setting next_dagrun for our_first_dag_3 to 2025-03-28 00:00:00+00:00, run_after=2025-03-29 00:00:00+00:00
[2025-03-28T11:24:21.145+0000] {processor.py:208} INFO - Processing /opt/airflow/dags/seconddag.py took 0.121 seconds
[2025-03-28T11:24:51.994+0000] {processor.py:186} INFO - Started process (PID=249) to work on /opt/airflow/dags/seconddag.py
[2025-03-28T11:24:51.995+0000] {processor.py:914} INFO - Processing file /opt/airflow/dags/seconddag.py for tasks to queue
[2025-03-28T11:24:51.997+0000] {logging_mixin.py:190} INFO - [2025-03-28T11:24:51.996+0000] {dagbag.py:588} INFO - Filling up the DagBag from /opt/airflow/dags/seconddag.py
[2025-03-28T11:24:52.015+0000] {processor.py:925} INFO - DAG(s) 'our_first_dag_3' retrieved from /opt/airflow/dags/seconddag.py
[2025-03-28T11:24:52.042+0000] {logging_mixin.py:190} INFO - [2025-03-28T11:24:52.042+0000] {dag.py:3239} INFO - Sync 1 DAGs
[2025-03-28T11:24:52.073+0000] {logging_mixin.py:190} INFO - [2025-03-28T11:24:52.073+0000] {dag.py:4180} INFO - Setting next_dagrun for our_first_dag_3 to 2025-03-28 00:00:00+00:00, run_after=2025-03-29 00:00:00+00:00
[2025-03-28T11:24:52.096+0000] {processor.py:208} INFO - Processing /opt/airflow/dags/seconddag.py took 0.110 seconds
[2025-03-28T11:25:22.822+0000] {processor.py:186} INFO - Started process (PID=259) to work on /opt/airflow/dags/seconddag.py
[2025-03-28T11:25:22.823+0000] {processor.py:914} INFO - Processing file /opt/airflow/dags/seconddag.py for tasks to queue
[2025-03-28T11:25:22.825+0000] {logging_mixin.py:190} INFO - [2025-03-28T11:25:22.824+0000] {dagbag.py:588} INFO - Filling up the DagBag from /opt/airflow/dags/seconddag.py
[2025-03-28T11:25:22.843+0000] {processor.py:925} INFO - DAG(s) 'our_first_dag_3' retrieved from /opt/airflow/dags/seconddag.py
[2025-03-28T11:25:22.874+0000] {logging_mixin.py:190} INFO - [2025-03-28T11:25:22.873+0000] {dag.py:3239} INFO - Sync 1 DAGs
[2025-03-28T11:25:22.908+0000] {logging_mixin.py:190} INFO - [2025-03-28T11:25:22.907+0000] {dag.py:4180} INFO - Setting next_dagrun for our_first_dag_3 to 2025-03-28 00:00:00+00:00, run_after=2025-03-29 00:00:00+00:00
[2025-03-28T11:25:22.945+0000] {processor.py:208} INFO - Processing /opt/airflow/dags/seconddag.py took 0.131 seconds
[2025-03-28T11:25:53.561+0000] {processor.py:186} INFO - Started process (PID=269) to work on /opt/airflow/dags/seconddag.py
[2025-03-28T11:25:53.562+0000] {processor.py:914} INFO - Processing file /opt/airflow/dags/seconddag.py for tasks to queue
[2025-03-28T11:25:53.564+0000] {logging_mixin.py:190} INFO - [2025-03-28T11:25:53.564+0000] {dagbag.py:588} INFO - Filling up the DagBag from /opt/airflow/dags/seconddag.py
[2025-03-28T11:25:53.583+0000] {processor.py:925} INFO - DAG(s) 'our_first_dag_3' retrieved from /opt/airflow/dags/seconddag.py
[2025-03-28T11:25:53.612+0000] {logging_mixin.py:190} INFO - [2025-03-28T11:25:53.612+0000] {dag.py:3239} INFO - Sync 1 DAGs
[2025-03-28T11:25:53.643+0000] {logging_mixin.py:190} INFO - [2025-03-28T11:25:53.642+0000] {dag.py:4180} INFO - Setting next_dagrun for our_first_dag_3 to 2025-03-28 00:00:00+00:00, run_after=2025-03-29 00:00:00+00:00
[2025-03-28T11:25:53.667+0000] {processor.py:208} INFO - Processing /opt/airflow/dags/seconddag.py took 0.114 seconds
[2025-03-28T11:26:24.383+0000] {processor.py:186} INFO - Started process (PID=279) to work on /opt/airflow/dags/seconddag.py
[2025-03-28T11:26:24.384+0000] {processor.py:914} INFO - Processing file /opt/airflow/dags/seconddag.py for tasks to queue
[2025-03-28T11:26:24.386+0000] {logging_mixin.py:190} INFO - [2025-03-28T11:26:24.386+0000] {dagbag.py:588} INFO - Filling up the DagBag from /opt/airflow/dags/seconddag.py
[2025-03-28T11:26:24.405+0000] {processor.py:925} INFO - DAG(s) 'our_first_dag_3' retrieved from /opt/airflow/dags/seconddag.py
[2025-03-28T11:26:24.432+0000] {logging_mixin.py:190} INFO - [2025-03-28T11:26:24.432+0000] {dag.py:3239} INFO - Sync 1 DAGs
[2025-03-28T11:26:24.462+0000] {logging_mixin.py:190} INFO - [2025-03-28T11:26:24.462+0000] {dag.py:4180} INFO - Setting next_dagrun for our_first_dag_3 to 2025-03-28 00:00:00+00:00, run_after=2025-03-29 00:00:00+00:00
[2025-03-28T11:26:24.491+0000] {processor.py:208} INFO - Processing /opt/airflow/dags/seconddag.py took 0.114 seconds
[2025-03-28T11:26:55.195+0000] {processor.py:186} INFO - Started process (PID=289) to work on /opt/airflow/dags/seconddag.py
[2025-03-28T11:26:55.196+0000] {processor.py:914} INFO - Processing file /opt/airflow/dags/seconddag.py for tasks to queue
[2025-03-28T11:26:55.198+0000] {logging_mixin.py:190} INFO - [2025-03-28T11:26:55.198+0000] {dagbag.py:588} INFO - Filling up the DagBag from /opt/airflow/dags/seconddag.py
[2025-03-28T11:26:55.225+0000] {processor.py:925} INFO - DAG(s) 'our_first_dag_3' retrieved from /opt/airflow/dags/seconddag.py
[2025-03-28T11:26:55.265+0000] {logging_mixin.py:190} INFO - [2025-03-28T11:26:55.265+0000] {dag.py:3239} INFO - Sync 1 DAGs
[2025-03-28T11:26:55.304+0000] {logging_mixin.py:190} INFO - [2025-03-28T11:26:55.304+0000] {dag.py:4180} INFO - Setting next_dagrun for our_first_dag_3 to 2025-03-28 00:00:00+00:00, run_after=2025-03-29 00:00:00+00:00
[2025-03-28T11:26:55.335+0000] {processor.py:208} INFO - Processing /opt/airflow/dags/seconddag.py took 0.149 seconds
[2025-03-28T11:27:25.965+0000] {processor.py:186} INFO - Started process (PID=299) to work on /opt/airflow/dags/seconddag.py
[2025-03-28T11:27:25.966+0000] {processor.py:914} INFO - Processing file /opt/airflow/dags/seconddag.py for tasks to queue
[2025-03-28T11:27:25.969+0000] {logging_mixin.py:190} INFO - [2025-03-28T11:27:25.968+0000] {dagbag.py:588} INFO - Filling up the DagBag from /opt/airflow/dags/seconddag.py
[2025-03-28T11:27:25.991+0000] {processor.py:925} INFO - DAG(s) 'our_first_dag_3' retrieved from /opt/airflow/dags/seconddag.py
[2025-03-28T11:27:26.027+0000] {logging_mixin.py:190} INFO - [2025-03-28T11:27:26.026+0000] {dag.py:3239} INFO - Sync 1 DAGs
[2025-03-28T11:27:26.074+0000] {logging_mixin.py:190} INFO - [2025-03-28T11:27:26.074+0000] {dag.py:4180} INFO - Setting next_dagrun for our_first_dag_3 to 2025-03-28 00:00:00+00:00, run_after=2025-03-29 00:00:00+00:00
[2025-03-28T11:27:26.103+0000] {processor.py:208} INFO - Processing /opt/airflow/dags/seconddag.py took 0.148 seconds
[2025-03-28T11:27:56.784+0000] {processor.py:186} INFO - Started process (PID=309) to work on /opt/airflow/dags/seconddag.py
[2025-03-28T11:27:56.785+0000] {processor.py:914} INFO - Processing file /opt/airflow/dags/seconddag.py for tasks to queue
[2025-03-28T11:27:56.789+0000] {logging_mixin.py:190} INFO - [2025-03-28T11:27:56.788+0000] {dagbag.py:588} INFO - Filling up the DagBag from /opt/airflow/dags/seconddag.py
[2025-03-28T11:27:56.815+0000] {processor.py:925} INFO - DAG(s) 'our_first_dag_3' retrieved from /opt/airflow/dags/seconddag.py
[2025-03-28T11:27:56.923+0000] {logging_mixin.py:190} INFO - [2025-03-28T11:27:56.921+0000] {dag.py:3239} INFO - Sync 1 DAGs
[2025-03-28T11:27:56.969+0000] {logging_mixin.py:190} INFO - [2025-03-28T11:27:56.968+0000] {dag.py:4180} INFO - Setting next_dagrun for our_first_dag_3 to 2025-03-28 00:00:00+00:00, run_after=2025-03-29 00:00:00+00:00
[2025-03-28T11:27:57.003+0000] {processor.py:208} INFO - Processing /opt/airflow/dags/seconddag.py took 0.228 seconds
[2025-03-28T11:28:27.655+0000] {processor.py:186} INFO - Started process (PID=319) to work on /opt/airflow/dags/seconddag.py
[2025-03-28T11:28:27.657+0000] {processor.py:914} INFO - Processing file /opt/airflow/dags/seconddag.py for tasks to queue
[2025-03-28T11:28:27.659+0000] {logging_mixin.py:190} INFO - [2025-03-28T11:28:27.659+0000] {dagbag.py:588} INFO - Filling up the DagBag from /opt/airflow/dags/seconddag.py
[2025-03-28T11:28:27.681+0000] {processor.py:925} INFO - DAG(s) 'our_first_dag_3' retrieved from /opt/airflow/dags/seconddag.py
[2025-03-28T11:28:27.712+0000] {logging_mixin.py:190} INFO - [2025-03-28T11:28:27.712+0000] {dag.py:3239} INFO - Sync 1 DAGs
[2025-03-28T11:28:27.747+0000] {logging_mixin.py:190} INFO - [2025-03-28T11:28:27.747+0000] {dag.py:4180} INFO - Setting next_dagrun for our_first_dag_3 to 2025-03-28 00:00:00+00:00, run_after=2025-03-29 00:00:00+00:00
[2025-03-28T11:28:27.774+0000] {processor.py:208} INFO - Processing /opt/airflow/dags/seconddag.py took 0.126 seconds
[2025-03-28T11:28:58.332+0000] {processor.py:186} INFO - Started process (PID=335) to work on /opt/airflow/dags/seconddag.py
[2025-03-28T11:28:58.334+0000] {processor.py:914} INFO - Processing file /opt/airflow/dags/seconddag.py for tasks to queue
[2025-03-28T11:28:58.336+0000] {logging_mixin.py:190} INFO - [2025-03-28T11:28:58.335+0000] {dagbag.py:588} INFO - Filling up the DagBag from /opt/airflow/dags/seconddag.py
[2025-03-28T11:28:58.353+0000] {processor.py:925} INFO - DAG(s) 'our_first_dag_3' retrieved from /opt/airflow/dags/seconddag.py
[2025-03-28T11:28:58.387+0000] {logging_mixin.py:190} INFO - [2025-03-28T11:28:58.386+0000] {dag.py:3239} INFO - Sync 1 DAGs
[2025-03-28T11:28:58.423+0000] {logging_mixin.py:190} INFO - [2025-03-28T11:28:58.423+0000] {dag.py:4180} INFO - Setting next_dagrun for our_first_dag_3 to 2025-03-28 00:00:00+00:00, run_after=2025-03-29 00:00:00+00:00
[2025-03-28T11:28:58.458+0000] {processor.py:208} INFO - Processing /opt/airflow/dags/seconddag.py took 0.135 seconds
[2025-03-28T11:29:29.005+0000] {processor.py:186} INFO - Started process (PID=345) to work on /opt/airflow/dags/seconddag.py
[2025-03-28T11:29:29.006+0000] {processor.py:914} INFO - Processing file /opt/airflow/dags/seconddag.py for tasks to queue
[2025-03-28T11:29:29.007+0000] {logging_mixin.py:190} INFO - [2025-03-28T11:29:29.007+0000] {dagbag.py:588} INFO - Filling up the DagBag from /opt/airflow/dags/seconddag.py
[2025-03-28T11:29:29.025+0000] {processor.py:925} INFO - DAG(s) 'our_first_dag_3' retrieved from /opt/airflow/dags/seconddag.py
[2025-03-28T11:29:29.055+0000] {logging_mixin.py:190} INFO - [2025-03-28T11:29:29.055+0000] {dag.py:3239} INFO - Sync 1 DAGs
[2025-03-28T11:29:29.087+0000] {logging_mixin.py:190} INFO - [2025-03-28T11:29:29.087+0000] {dag.py:4180} INFO - Setting next_dagrun for our_first_dag_3 to 2025-03-28 00:00:00+00:00, run_after=2025-03-29 00:00:00+00:00
[2025-03-28T11:29:29.109+0000] {processor.py:208} INFO - Processing /opt/airflow/dags/seconddag.py took 0.111 seconds
[2025-03-28T11:29:59.721+0000] {processor.py:186} INFO - Started process (PID=355) to work on /opt/airflow/dags/seconddag.py
[2025-03-28T11:29:59.722+0000] {processor.py:914} INFO - Processing file /opt/airflow/dags/seconddag.py for tasks to queue
[2025-03-28T11:29:59.723+0000] {logging_mixin.py:190} INFO - [2025-03-28T11:29:59.723+0000] {dagbag.py:588} INFO - Filling up the DagBag from /opt/airflow/dags/seconddag.py
[2025-03-28T11:29:59.745+0000] {processor.py:925} INFO - DAG(s) 'our_first_dag_3' retrieved from /opt/airflow/dags/seconddag.py
[2025-03-28T11:29:59.777+0000] {logging_mixin.py:190} INFO - [2025-03-28T11:29:59.776+0000] {dag.py:3239} INFO - Sync 1 DAGs
[2025-03-28T11:29:59.808+0000] {logging_mixin.py:190} INFO - [2025-03-28T11:29:59.808+0000] {dag.py:4180} INFO - Setting next_dagrun for our_first_dag_3 to 2025-03-28 00:00:00+00:00, run_after=2025-03-29 00:00:00+00:00
[2025-03-28T11:29:59.829+0000] {processor.py:208} INFO - Processing /opt/airflow/dags/seconddag.py took 0.117 seconds
[2025-03-28T11:30:30.018+0000] {processor.py:186} INFO - Started process (PID=365) to work on /opt/airflow/dags/seconddag.py
[2025-03-28T11:30:30.019+0000] {processor.py:914} INFO - Processing file /opt/airflow/dags/seconddag.py for tasks to queue
[2025-03-28T11:30:30.020+0000] {logging_mixin.py:190} INFO - [2025-03-28T11:30:30.020+0000] {dagbag.py:588} INFO - Filling up the DagBag from /opt/airflow/dags/seconddag.py
[2025-03-28T11:30:30.038+0000] {processor.py:925} INFO - DAG(s) 'our_first_dag_3' retrieved from /opt/airflow/dags/seconddag.py
[2025-03-28T11:30:30.062+0000] {logging_mixin.py:190} INFO - [2025-03-28T11:30:30.062+0000] {dag.py:3239} INFO - Sync 1 DAGs
[2025-03-28T11:30:30.089+0000] {logging_mixin.py:190} INFO - [2025-03-28T11:30:30.089+0000] {dag.py:4180} INFO - Setting next_dagrun for our_first_dag_3 to 2025-03-28 00:00:00+00:00, run_after=2025-03-29 00:00:00+00:00
[2025-03-28T11:30:30.107+0000] {processor.py:208} INFO - Processing /opt/airflow/dags/seconddag.py took 0.098 seconds
[2025-03-28T11:31:00.258+0000] {processor.py:186} INFO - Started process (PID=375) to work on /opt/airflow/dags/seconddag.py
[2025-03-28T11:31:00.258+0000] {processor.py:914} INFO - Processing file /opt/airflow/dags/seconddag.py for tasks to queue
[2025-03-28T11:31:00.260+0000] {logging_mixin.py:190} INFO - [2025-03-28T11:31:00.259+0000] {dagbag.py:588} INFO - Filling up the DagBag from /opt/airflow/dags/seconddag.py
[2025-03-28T11:31:00.275+0000] {processor.py:925} INFO - DAG(s) 'our_first_dag_3' retrieved from /opt/airflow/dags/seconddag.py
[2025-03-28T11:31:00.298+0000] {logging_mixin.py:190} INFO - [2025-03-28T11:31:00.298+0000] {dag.py:3239} INFO - Sync 1 DAGs
[2025-03-28T11:31:00.325+0000] {logging_mixin.py:190} INFO - [2025-03-28T11:31:00.324+0000] {dag.py:4180} INFO - Setting next_dagrun for our_first_dag_3 to 2025-03-28 00:00:00+00:00, run_after=2025-03-29 00:00:00+00:00
[2025-03-28T11:31:00.343+0000] {processor.py:208} INFO - Processing /opt/airflow/dags/seconddag.py took 0.092 seconds
[2025-03-28T11:33:33.555+0000] {processor.py:186} INFO - Started process (PID=79) to work on /opt/airflow/dags/seconddag.py
[2025-03-28T11:33:33.565+0000] {processor.py:914} INFO - Processing file /opt/airflow/dags/seconddag.py for tasks to queue
[2025-03-28T11:33:33.593+0000] {logging_mixin.py:190} INFO - [2025-03-28T11:33:33.590+0000] {dagbag.py:588} INFO - Filling up the DagBag from /opt/airflow/dags/seconddag.py
[2025-03-28T11:33:33.682+0000] {processor.py:925} INFO - DAG(s) 'our_first_dag_3' retrieved from /opt/airflow/dags/seconddag.py
[2025-03-28T11:33:33.816+0000] {logging_mixin.py:190} INFO - [2025-03-28T11:33:33.816+0000] {dag.py:3239} INFO - Sync 1 DAGs
[2025-03-28T11:33:33.887+0000] {logging_mixin.py:190} INFO - [2025-03-28T11:33:33.886+0000] {dag.py:4180} INFO - Setting next_dagrun for our_first_dag_3 to 2025-03-28 00:00:00+00:00, run_after=2025-03-29 00:00:00+00:00
[2025-03-28T11:33:33.930+0000] {processor.py:208} INFO - Processing /opt/airflow/dags/seconddag.py took 0.432 seconds
[2025-03-28T11:34:04.268+0000] {processor.py:186} INFO - Started process (PID=89) to work on /opt/airflow/dags/seconddag.py
[2025-03-28T11:34:04.292+0000] {processor.py:914} INFO - Processing file /opt/airflow/dags/seconddag.py for tasks to queue
[2025-03-28T11:34:04.296+0000] {logging_mixin.py:190} INFO - [2025-03-28T11:34:04.295+0000] {dagbag.py:588} INFO - Filling up the DagBag from /opt/airflow/dags/seconddag.py
[2025-03-28T11:34:04.339+0000] {processor.py:925} INFO - DAG(s) 'our_first_dag_3' retrieved from /opt/airflow/dags/seconddag.py
[2025-03-28T11:34:04.372+0000] {logging_mixin.py:190} INFO - [2025-03-28T11:34:04.372+0000] {dag.py:3239} INFO - Sync 1 DAGs
[2025-03-28T11:34:04.402+0000] {logging_mixin.py:190} INFO - [2025-03-28T11:34:04.402+0000] {dag.py:4180} INFO - Setting next_dagrun for our_first_dag_3 to 2025-03-28 00:00:00+00:00, run_after=2025-03-29 00:00:00+00:00
[2025-03-28T11:34:04.427+0000] {processor.py:208} INFO - Processing /opt/airflow/dags/seconddag.py took 0.169 seconds
[2025-03-28T11:34:35.055+0000] {processor.py:186} INFO - Started process (PID=105) to work on /opt/airflow/dags/seconddag.py
[2025-03-28T11:34:35.056+0000] {processor.py:914} INFO - Processing file /opt/airflow/dags/seconddag.py for tasks to queue
[2025-03-28T11:34:35.058+0000] {logging_mixin.py:190} INFO - [2025-03-28T11:34:35.058+0000] {dagbag.py:588} INFO - Filling up the DagBag from /opt/airflow/dags/seconddag.py
[2025-03-28T11:34:35.075+0000] {processor.py:925} INFO - DAG(s) 'our_first_dag_3' retrieved from /opt/airflow/dags/seconddag.py
[2025-03-28T11:34:35.098+0000] {logging_mixin.py:190} INFO - [2025-03-28T11:34:35.098+0000] {dag.py:3239} INFO - Sync 1 DAGs
[2025-03-28T11:34:35.122+0000] {logging_mixin.py:190} INFO - [2025-03-28T11:34:35.122+0000] {dag.py:4180} INFO - Setting next_dagrun for our_first_dag_3 to 2025-03-28 00:00:00+00:00, run_after=2025-03-29 00:00:00+00:00
[2025-03-28T11:34:35.140+0000] {processor.py:208} INFO - Processing /opt/airflow/dags/seconddag.py took 0.091 seconds
[2025-03-28T11:35:05.914+0000] {processor.py:186} INFO - Started process (PID=115) to work on /opt/airflow/dags/seconddag.py
[2025-03-28T11:35:05.915+0000] {processor.py:914} INFO - Processing file /opt/airflow/dags/seconddag.py for tasks to queue
[2025-03-28T11:35:05.918+0000] {logging_mixin.py:190} INFO - [2025-03-28T11:35:05.918+0000] {dagbag.py:588} INFO - Filling up the DagBag from /opt/airflow/dags/seconddag.py
[2025-03-28T11:35:05.935+0000] {processor.py:925} INFO - DAG(s) 'our_first_dag_3' retrieved from /opt/airflow/dags/seconddag.py
[2025-03-28T11:35:05.964+0000] {logging_mixin.py:190} INFO - [2025-03-28T11:35:05.963+0000] {dag.py:3239} INFO - Sync 1 DAGs
[2025-03-28T11:35:05.993+0000] {logging_mixin.py:190} INFO - [2025-03-28T11:35:05.993+0000] {dag.py:4180} INFO - Setting next_dagrun for our_first_dag_3 to 2025-03-28 00:00:00+00:00, run_after=2025-03-29 00:00:00+00:00
[2025-03-28T11:35:06.014+0000] {processor.py:208} INFO - Processing /opt/airflow/dags/seconddag.py took 0.105 seconds
[2025-03-28T11:35:36.661+0000] {processor.py:186} INFO - Started process (PID=125) to work on /opt/airflow/dags/seconddag.py
[2025-03-28T11:35:36.662+0000] {processor.py:914} INFO - Processing file /opt/airflow/dags/seconddag.py for tasks to queue
[2025-03-28T11:35:36.665+0000] {logging_mixin.py:190} INFO - [2025-03-28T11:35:36.665+0000] {dagbag.py:588} INFO - Filling up the DagBag from /opt/airflow/dags/seconddag.py
[2025-03-28T11:35:36.685+0000] {processor.py:925} INFO - DAG(s) 'our_first_dag_3' retrieved from /opt/airflow/dags/seconddag.py
[2025-03-28T11:35:36.739+0000] {logging_mixin.py:190} INFO - [2025-03-28T11:35:36.739+0000] {dag.py:3239} INFO - Sync 1 DAGs
[2025-03-28T11:35:36.777+0000] {logging_mixin.py:190} INFO - [2025-03-28T11:35:36.776+0000] {dag.py:4180} INFO - Setting next_dagrun for our_first_dag_3 to 2025-03-28 00:00:00+00:00, run_after=2025-03-29 00:00:00+00:00
[2025-03-28T11:35:36.801+0000] {processor.py:208} INFO - Processing /opt/airflow/dags/seconddag.py took 0.149 seconds
[2025-03-28T11:36:07.308+0000] {processor.py:186} INFO - Started process (PID=135) to work on /opt/airflow/dags/seconddag.py
[2025-03-28T11:36:07.309+0000] {processor.py:914} INFO - Processing file /opt/airflow/dags/seconddag.py for tasks to queue
[2025-03-28T11:36:07.312+0000] {logging_mixin.py:190} INFO - [2025-03-28T11:36:07.312+0000] {dagbag.py:588} INFO - Filling up the DagBag from /opt/airflow/dags/seconddag.py
[2025-03-28T11:36:07.328+0000] {processor.py:925} INFO - DAG(s) 'our_first_dag_3' retrieved from /opt/airflow/dags/seconddag.py
[2025-03-28T11:36:07.356+0000] {logging_mixin.py:190} INFO - [2025-03-28T11:36:07.355+0000] {dag.py:3239} INFO - Sync 1 DAGs
[2025-03-28T11:36:07.382+0000] {logging_mixin.py:190} INFO - [2025-03-28T11:36:07.382+0000] {dag.py:4180} INFO - Setting next_dagrun for our_first_dag_3 to 2025-03-28 00:00:00+00:00, run_after=2025-03-29 00:00:00+00:00
[2025-03-28T11:36:07.402+0000] {processor.py:208} INFO - Processing /opt/airflow/dags/seconddag.py took 0.100 seconds
[2025-03-28T11:36:38.020+0000] {processor.py:186} INFO - Started process (PID=145) to work on /opt/airflow/dags/seconddag.py
[2025-03-28T11:36:38.020+0000] {processor.py:914} INFO - Processing file /opt/airflow/dags/seconddag.py for tasks to queue
[2025-03-28T11:36:38.023+0000] {logging_mixin.py:190} INFO - [2025-03-28T11:36:38.022+0000] {dagbag.py:588} INFO - Filling up the DagBag from /opt/airflow/dags/seconddag.py
[2025-03-28T11:36:38.039+0000] {processor.py:925} INFO - DAG(s) 'our_first_dag_3' retrieved from /opt/airflow/dags/seconddag.py
[2025-03-28T11:36:38.064+0000] {logging_mixin.py:190} INFO - [2025-03-28T11:36:38.064+0000] {dag.py:3239} INFO - Sync 1 DAGs
[2025-03-28T11:36:38.090+0000] {logging_mixin.py:190} INFO - [2025-03-28T11:36:38.090+0000] {dag.py:4180} INFO - Setting next_dagrun for our_first_dag_3 to 2025-03-28 00:00:00+00:00, run_after=2025-03-29 00:00:00+00:00
[2025-03-28T11:36:38.111+0000] {processor.py:208} INFO - Processing /opt/airflow/dags/seconddag.py took 0.098 seconds
[2025-03-28T11:37:08.815+0000] {processor.py:186} INFO - Started process (PID=155) to work on /opt/airflow/dags/seconddag.py
[2025-03-28T11:37:08.816+0000] {processor.py:914} INFO - Processing file /opt/airflow/dags/seconddag.py for tasks to queue
[2025-03-28T11:37:08.818+0000] {logging_mixin.py:190} INFO - [2025-03-28T11:37:08.818+0000] {dagbag.py:588} INFO - Filling up the DagBag from /opt/airflow/dags/seconddag.py
[2025-03-28T11:37:08.832+0000] {processor.py:925} INFO - DAG(s) 'our_first_dag_3' retrieved from /opt/airflow/dags/seconddag.py
[2025-03-28T11:37:08.856+0000] {logging_mixin.py:190} INFO - [2025-03-28T11:37:08.856+0000] {dag.py:3239} INFO - Sync 1 DAGs
[2025-03-28T11:37:08.881+0000] {logging_mixin.py:190} INFO - [2025-03-28T11:37:08.880+0000] {dag.py:4180} INFO - Setting next_dagrun for our_first_dag_3 to 2025-03-28 00:00:00+00:00, run_after=2025-03-29 00:00:00+00:00
[2025-03-28T11:37:08.901+0000] {processor.py:208} INFO - Processing /opt/airflow/dags/seconddag.py took 0.091 seconds
[2025-03-28T11:37:39.469+0000] {processor.py:186} INFO - Started process (PID=165) to work on /opt/airflow/dags/seconddag.py
[2025-03-28T11:37:39.469+0000] {processor.py:914} INFO - Processing file /opt/airflow/dags/seconddag.py for tasks to queue
[2025-03-28T11:37:39.472+0000] {logging_mixin.py:190} INFO - [2025-03-28T11:37:39.471+0000] {dagbag.py:588} INFO - Filling up the DagBag from /opt/airflow/dags/seconddag.py
[2025-03-28T11:37:39.487+0000] {processor.py:925} INFO - DAG(s) 'our_first_dag_3' retrieved from /opt/airflow/dags/seconddag.py
[2025-03-28T11:37:39.511+0000] {logging_mixin.py:190} INFO - [2025-03-28T11:37:39.511+0000] {dag.py:3239} INFO - Sync 1 DAGs
[2025-03-28T11:37:39.536+0000] {logging_mixin.py:190} INFO - [2025-03-28T11:37:39.536+0000] {dag.py:4180} INFO - Setting next_dagrun for our_first_dag_3 to 2025-03-28 00:00:00+00:00, run_after=2025-03-29 00:00:00+00:00
[2025-03-28T11:37:39.557+0000] {processor.py:208} INFO - Processing /opt/airflow/dags/seconddag.py took 0.094 seconds
[2025-03-28T11:38:10.124+0000] {processor.py:186} INFO - Started process (PID=175) to work on /opt/airflow/dags/seconddag.py
[2025-03-28T11:38:10.125+0000] {processor.py:914} INFO - Processing file /opt/airflow/dags/seconddag.py for tasks to queue
[2025-03-28T11:38:10.127+0000] {logging_mixin.py:190} INFO - [2025-03-28T11:38:10.127+0000] {dagbag.py:588} INFO - Filling up the DagBag from /opt/airflow/dags/seconddag.py
[2025-03-28T11:38:10.142+0000] {processor.py:925} INFO - DAG(s) 'our_first_dag_3' retrieved from /opt/airflow/dags/seconddag.py
[2025-03-28T11:38:10.165+0000] {logging_mixin.py:190} INFO - [2025-03-28T11:38:10.165+0000] {dag.py:3239} INFO - Sync 1 DAGs
[2025-03-28T11:38:10.190+0000] {logging_mixin.py:190} INFO - [2025-03-28T11:38:10.190+0000] {dag.py:4180} INFO - Setting next_dagrun for our_first_dag_3 to 2025-03-28 00:00:00+00:00, run_after=2025-03-29 00:00:00+00:00
[2025-03-28T11:38:10.212+0000] {processor.py:208} INFO - Processing /opt/airflow/dags/seconddag.py took 0.094 seconds
[2025-03-28T11:38:40.833+0000] {processor.py:186} INFO - Started process (PID=185) to work on /opt/airflow/dags/seconddag.py
[2025-03-28T11:38:40.834+0000] {processor.py:914} INFO - Processing file /opt/airflow/dags/seconddag.py for tasks to queue
[2025-03-28T11:38:40.837+0000] {logging_mixin.py:190} INFO - [2025-03-28T11:38:40.837+0000] {dagbag.py:588} INFO - Filling up the DagBag from /opt/airflow/dags/seconddag.py
[2025-03-28T11:38:40.854+0000] {processor.py:925} INFO - DAG(s) 'our_first_dag_3' retrieved from /opt/airflow/dags/seconddag.py
[2025-03-28T11:38:40.880+0000] {logging_mixin.py:190} INFO - [2025-03-28T11:38:40.879+0000] {dag.py:3239} INFO - Sync 1 DAGs
[2025-03-28T11:38:40.907+0000] {logging_mixin.py:190} INFO - [2025-03-28T11:38:40.907+0000] {dag.py:4180} INFO - Setting next_dagrun for our_first_dag_3 to 2025-03-28 00:00:00+00:00, run_after=2025-03-29 00:00:00+00:00
[2025-03-28T11:38:40.926+0000] {processor.py:208} INFO - Processing /opt/airflow/dags/seconddag.py took 0.099 seconds
[2025-03-28T11:39:11.537+0000] {processor.py:186} INFO - Started process (PID=195) to work on /opt/airflow/dags/seconddag.py
[2025-03-28T11:39:11.538+0000] {processor.py:914} INFO - Processing file /opt/airflow/dags/seconddag.py for tasks to queue
[2025-03-28T11:39:11.540+0000] {logging_mixin.py:190} INFO - [2025-03-28T11:39:11.540+0000] {dagbag.py:588} INFO - Filling up the DagBag from /opt/airflow/dags/seconddag.py
[2025-03-28T11:39:11.556+0000] {processor.py:925} INFO - DAG(s) 'our_first_dag_3' retrieved from /opt/airflow/dags/seconddag.py
[2025-03-28T11:39:11.581+0000] {logging_mixin.py:190} INFO - [2025-03-28T11:39:11.581+0000] {dag.py:3239} INFO - Sync 1 DAGs
[2025-03-28T11:39:11.607+0000] {logging_mixin.py:190} INFO - [2025-03-28T11:39:11.607+0000] {dag.py:4180} INFO - Setting next_dagrun for our_first_dag_3 to 2025-03-28 00:00:00+00:00, run_after=2025-03-29 00:00:00+00:00
[2025-03-28T11:39:11.632+0000] {processor.py:208} INFO - Processing /opt/airflow/dags/seconddag.py took 0.101 seconds
[2025-03-28T11:39:42.206+0000] {processor.py:186} INFO - Started process (PID=205) to work on /opt/airflow/dags/seconddag.py
[2025-03-28T11:39:42.207+0000] {processor.py:914} INFO - Processing file /opt/airflow/dags/seconddag.py for tasks to queue
[2025-03-28T11:39:42.210+0000] {logging_mixin.py:190} INFO - [2025-03-28T11:39:42.210+0000] {dagbag.py:588} INFO - Filling up the DagBag from /opt/airflow/dags/seconddag.py
[2025-03-28T11:39:42.228+0000] {processor.py:925} INFO - DAG(s) 'our_first_dag_3' retrieved from /opt/airflow/dags/seconddag.py
[2025-03-28T11:39:42.254+0000] {logging_mixin.py:190} INFO - [2025-03-28T11:39:42.254+0000] {dag.py:3239} INFO - Sync 1 DAGs
[2025-03-28T11:39:42.281+0000] {logging_mixin.py:190} INFO - [2025-03-28T11:39:42.281+0000] {dag.py:4180} INFO - Setting next_dagrun for our_first_dag_3 to 2025-03-28 00:00:00+00:00, run_after=2025-03-29 00:00:00+00:00
[2025-03-28T11:39:42.302+0000] {processor.py:208} INFO - Processing /opt/airflow/dags/seconddag.py took 0.102 seconds
[2025-03-28T11:40:12.925+0000] {processor.py:186} INFO - Started process (PID=215) to work on /opt/airflow/dags/seconddag.py
[2025-03-28T11:40:12.926+0000] {processor.py:914} INFO - Processing file /opt/airflow/dags/seconddag.py for tasks to queue
[2025-03-28T11:40:12.929+0000] {logging_mixin.py:190} INFO - [2025-03-28T11:40:12.929+0000] {dagbag.py:588} INFO - Filling up the DagBag from /opt/airflow/dags/seconddag.py
[2025-03-28T11:40:12.949+0000] {processor.py:925} INFO - DAG(s) 'our_first_dag_3' retrieved from /opt/airflow/dags/seconddag.py
[2025-03-28T11:40:12.979+0000] {logging_mixin.py:190} INFO - [2025-03-28T11:40:12.979+0000] {dag.py:3239} INFO - Sync 1 DAGs
[2025-03-28T11:40:13.009+0000] {logging_mixin.py:190} INFO - [2025-03-28T11:40:13.008+0000] {dag.py:4180} INFO - Setting next_dagrun for our_first_dag_3 to 2025-03-28 00:00:00+00:00, run_after=2025-03-29 00:00:00+00:00
[2025-03-28T11:40:13.040+0000] {processor.py:208} INFO - Processing /opt/airflow/dags/seconddag.py took 0.124 seconds
[2025-03-28T11:40:43.625+0000] {processor.py:186} INFO - Started process (PID=225) to work on /opt/airflow/dags/seconddag.py
[2025-03-28T11:40:43.626+0000] {processor.py:914} INFO - Processing file /opt/airflow/dags/seconddag.py for tasks to queue
[2025-03-28T11:40:43.629+0000] {logging_mixin.py:190} INFO - [2025-03-28T11:40:43.629+0000] {dagbag.py:588} INFO - Filling up the DagBag from /opt/airflow/dags/seconddag.py
[2025-03-28T11:40:43.645+0000] {processor.py:925} INFO - DAG(s) 'our_first_dag_3' retrieved from /opt/airflow/dags/seconddag.py
[2025-03-28T11:40:43.667+0000] {logging_mixin.py:190} INFO - [2025-03-28T11:40:43.667+0000] {dag.py:3239} INFO - Sync 1 DAGs
[2025-03-28T11:40:43.695+0000] {logging_mixin.py:190} INFO - [2025-03-28T11:40:43.694+0000] {dag.py:4180} INFO - Setting next_dagrun for our_first_dag_3 to 2025-03-28 00:00:00+00:00, run_after=2025-03-29 00:00:00+00:00
[2025-03-28T11:40:43.715+0000] {processor.py:208} INFO - Processing /opt/airflow/dags/seconddag.py took 0.096 seconds
[2025-03-28T11:41:14.313+0000] {processor.py:186} INFO - Started process (PID=235) to work on /opt/airflow/dags/seconddag.py
[2025-03-28T11:41:14.314+0000] {processor.py:914} INFO - Processing file /opt/airflow/dags/seconddag.py for tasks to queue
[2025-03-28T11:41:14.316+0000] {logging_mixin.py:190} INFO - [2025-03-28T11:41:14.316+0000] {dagbag.py:588} INFO - Filling up the DagBag from /opt/airflow/dags/seconddag.py
[2025-03-28T11:41:14.334+0000] {processor.py:925} INFO - DAG(s) 'our_first_dag_3' retrieved from /opt/airflow/dags/seconddag.py
[2025-03-28T11:41:14.359+0000] {logging_mixin.py:190} INFO - [2025-03-28T11:41:14.358+0000] {dag.py:3239} INFO - Sync 1 DAGs
[2025-03-28T11:41:14.389+0000] {logging_mixin.py:190} INFO - [2025-03-28T11:41:14.388+0000] {dag.py:4180} INFO - Setting next_dagrun for our_first_dag_3 to 2025-03-28 00:00:00+00:00, run_after=2025-03-29 00:00:00+00:00
[2025-03-28T11:41:14.412+0000] {processor.py:208} INFO - Processing /opt/airflow/dags/seconddag.py took 0.106 seconds
[2025-03-28T11:41:45.032+0000] {processor.py:186} INFO - Started process (PID=245) to work on /opt/airflow/dags/seconddag.py
[2025-03-28T11:41:45.033+0000] {processor.py:914} INFO - Processing file /opt/airflow/dags/seconddag.py for tasks to queue
[2025-03-28T11:41:45.035+0000] {logging_mixin.py:190} INFO - [2025-03-28T11:41:45.035+0000] {dagbag.py:588} INFO - Filling up the DagBag from /opt/airflow/dags/seconddag.py
[2025-03-28T11:41:45.053+0000] {processor.py:925} INFO - DAG(s) 'our_first_dag_3' retrieved from /opt/airflow/dags/seconddag.py
[2025-03-28T11:41:45.079+0000] {logging_mixin.py:190} INFO - [2025-03-28T11:41:45.079+0000] {dag.py:3239} INFO - Sync 1 DAGs
[2025-03-28T11:41:45.110+0000] {logging_mixin.py:190} INFO - [2025-03-28T11:41:45.110+0000] {dag.py:4180} INFO - Setting next_dagrun for our_first_dag_3 to 2025-03-28 00:00:00+00:00, run_after=2025-03-29 00:00:00+00:00
[2025-03-28T11:41:45.134+0000] {processor.py:208} INFO - Processing /opt/airflow/dags/seconddag.py took 0.108 seconds
[2025-03-28T11:42:15.671+0000] {processor.py:186} INFO - Started process (PID=255) to work on /opt/airflow/dags/seconddag.py
[2025-03-28T11:42:15.672+0000] {processor.py:914} INFO - Processing file /opt/airflow/dags/seconddag.py for tasks to queue
[2025-03-28T11:42:15.677+0000] {logging_mixin.py:190} INFO - [2025-03-28T11:42:15.676+0000] {dagbag.py:588} INFO - Filling up the DagBag from /opt/airflow/dags/seconddag.py
[2025-03-28T11:42:15.697+0000] {processor.py:925} INFO - DAG(s) 'our_first_dag_3' retrieved from /opt/airflow/dags/seconddag.py
[2025-03-28T11:42:15.734+0000] {logging_mixin.py:190} INFO - [2025-03-28T11:42:15.733+0000] {dag.py:3239} INFO - Sync 1 DAGs
[2025-03-28T11:42:15.767+0000] {logging_mixin.py:190} INFO - [2025-03-28T11:42:15.766+0000] {dag.py:4180} INFO - Setting next_dagrun for our_first_dag_3 to 2025-03-28 00:00:00+00:00, run_after=2025-03-29 00:00:00+00:00
[2025-03-28T11:42:15.793+0000] {processor.py:208} INFO - Processing /opt/airflow/dags/seconddag.py took 0.130 seconds
[2025-03-28T11:42:46.609+0000] {processor.py:186} INFO - Started process (PID=265) to work on /opt/airflow/dags/seconddag.py
[2025-03-28T11:42:46.610+0000] {processor.py:914} INFO - Processing file /opt/airflow/dags/seconddag.py for tasks to queue
[2025-03-28T11:42:46.613+0000] {logging_mixin.py:190} INFO - [2025-03-28T11:42:46.612+0000] {dagbag.py:588} INFO - Filling up the DagBag from /opt/airflow/dags/seconddag.py
[2025-03-28T11:42:46.628+0000] {processor.py:925} INFO - DAG(s) 'our_first_dag_3' retrieved from /opt/airflow/dags/seconddag.py
[2025-03-28T11:42:46.650+0000] {logging_mixin.py:190} INFO - [2025-03-28T11:42:46.650+0000] {dag.py:3239} INFO - Sync 1 DAGs
[2025-03-28T11:42:46.674+0000] {logging_mixin.py:190} INFO - [2025-03-28T11:42:46.674+0000] {dag.py:4180} INFO - Setting next_dagrun for our_first_dag_3 to 2025-03-28 00:00:00+00:00, run_after=2025-03-29 00:00:00+00:00
[2025-03-28T11:42:46.692+0000] {processor.py:208} INFO - Processing /opt/airflow/dags/seconddag.py took 0.089 seconds
[2025-03-28T11:43:17.230+0000] {processor.py:186} INFO - Started process (PID=276) to work on /opt/airflow/dags/seconddag.py
[2025-03-28T11:43:17.230+0000] {processor.py:914} INFO - Processing file /opt/airflow/dags/seconddag.py for tasks to queue
[2025-03-28T11:43:17.233+0000] {logging_mixin.py:190} INFO - [2025-03-28T11:43:17.232+0000] {dagbag.py:588} INFO - Filling up the DagBag from /opt/airflow/dags/seconddag.py
[2025-03-28T11:43:17.248+0000] {processor.py:925} INFO - DAG(s) 'our_first_dag_3' retrieved from /opt/airflow/dags/seconddag.py
[2025-03-28T11:43:17.271+0000] {logging_mixin.py:190} INFO - [2025-03-28T11:43:17.271+0000] {dag.py:3239} INFO - Sync 1 DAGs
[2025-03-28T11:43:17.297+0000] {logging_mixin.py:190} INFO - [2025-03-28T11:43:17.296+0000] {dag.py:4180} INFO - Setting next_dagrun for our_first_dag_3 to 2025-03-28 00:00:00+00:00, run_after=2025-03-29 00:00:00+00:00
[2025-03-28T11:43:17.318+0000] {processor.py:208} INFO - Processing /opt/airflow/dags/seconddag.py took 0.095 seconds
[2025-03-28T11:46:14.572+0000] {processor.py:186} INFO - Started process (PID=72) to work on /opt/airflow/dags/seconddag.py
[2025-03-28T11:46:14.587+0000] {processor.py:914} INFO - Processing file /opt/airflow/dags/seconddag.py for tasks to queue
[2025-03-28T11:46:14.612+0000] {logging_mixin.py:190} INFO - [2025-03-28T11:46:14.608+0000] {dagbag.py:588} INFO - Filling up the DagBag from /opt/airflow/dags/seconddag.py
[2025-03-28T11:46:14.737+0000] {processor.py:925} INFO - DAG(s) 'our_first_dag_3' retrieved from /opt/airflow/dags/seconddag.py
[2025-03-28T11:46:14.872+0000] {logging_mixin.py:190} INFO - [2025-03-28T11:46:14.872+0000] {dag.py:3239} INFO - Sync 1 DAGs
[2025-03-28T11:46:14.991+0000] {logging_mixin.py:190} INFO - [2025-03-28T11:46:14.990+0000] {dag.py:4180} INFO - Setting next_dagrun for our_first_dag_3 to 2025-03-28 00:00:00+00:00, run_after=2025-03-29 00:00:00+00:00
[2025-03-28T11:46:15.032+0000] {processor.py:208} INFO - Processing /opt/airflow/dags/seconddag.py took 0.496 seconds
[2025-03-28T11:46:45.738+0000] {processor.py:186} INFO - Started process (PID=82) to work on /opt/airflow/dags/seconddag.py
[2025-03-28T11:46:45.739+0000] {processor.py:914} INFO - Processing file /opt/airflow/dags/seconddag.py for tasks to queue
[2025-03-28T11:46:45.741+0000] {logging_mixin.py:190} INFO - [2025-03-28T11:46:45.741+0000] {dagbag.py:588} INFO - Filling up the DagBag from /opt/airflow/dags/seconddag.py
[2025-03-28T11:46:45.758+0000] {processor.py:925} INFO - DAG(s) 'our_first_dag_3' retrieved from /opt/airflow/dags/seconddag.py
[2025-03-28T11:46:45.786+0000] {logging_mixin.py:190} INFO - [2025-03-28T11:46:45.786+0000] {dag.py:3239} INFO - Sync 1 DAGs
[2025-03-28T11:46:45.811+0000] {logging_mixin.py:190} INFO - [2025-03-28T11:46:45.811+0000] {dag.py:4180} INFO - Setting next_dagrun for our_first_dag_3 to 2025-03-28 00:00:00+00:00, run_after=2025-03-29 00:00:00+00:00
[2025-03-28T11:46:45.832+0000] {processor.py:208} INFO - Processing /opt/airflow/dags/seconddag.py took 0.100 seconds
[2025-03-28T11:47:16.624+0000] {processor.py:186} INFO - Started process (PID=92) to work on /opt/airflow/dags/seconddag.py
[2025-03-28T11:47:16.625+0000] {processor.py:914} INFO - Processing file /opt/airflow/dags/seconddag.py for tasks to queue
[2025-03-28T11:47:16.626+0000] {logging_mixin.py:190} INFO - [2025-03-28T11:47:16.626+0000] {dagbag.py:588} INFO - Filling up the DagBag from /opt/airflow/dags/seconddag.py
[2025-03-28T11:47:16.641+0000] {processor.py:925} INFO - DAG(s) 'our_first_dag_3' retrieved from /opt/airflow/dags/seconddag.py
[2025-03-28T11:47:16.665+0000] {logging_mixin.py:190} INFO - [2025-03-28T11:47:16.664+0000] {dag.py:3239} INFO - Sync 1 DAGs
[2025-03-28T11:47:16.698+0000] {logging_mixin.py:190} INFO - [2025-03-28T11:47:16.697+0000] {dag.py:4180} INFO - Setting next_dagrun for our_first_dag_3 to 2025-03-28 00:00:00+00:00, run_after=2025-03-29 00:00:00+00:00
[2025-03-28T11:47:16.721+0000] {processor.py:208} INFO - Processing /opt/airflow/dags/seconddag.py took 0.103 seconds
[2025-03-28T11:47:47.357+0000] {processor.py:186} INFO - Started process (PID=102) to work on /opt/airflow/dags/seconddag.py
[2025-03-28T11:47:47.358+0000] {processor.py:914} INFO - Processing file /opt/airflow/dags/seconddag.py for tasks to queue
[2025-03-28T11:47:47.359+0000] {logging_mixin.py:190} INFO - [2025-03-28T11:47:47.359+0000] {dagbag.py:588} INFO - Filling up the DagBag from /opt/airflow/dags/seconddag.py
[2025-03-28T11:47:47.375+0000] {processor.py:925} INFO - DAG(s) 'our_first_dag_3' retrieved from /opt/airflow/dags/seconddag.py
[2025-03-28T11:47:47.398+0000] {logging_mixin.py:190} INFO - [2025-03-28T11:47:47.398+0000] {dag.py:3239} INFO - Sync 1 DAGs
[2025-03-28T11:47:47.423+0000] {logging_mixin.py:190} INFO - [2025-03-28T11:47:47.422+0000] {dag.py:4180} INFO - Setting next_dagrun for our_first_dag_3 to 2025-03-28 00:00:00+00:00, run_after=2025-03-29 00:00:00+00:00
[2025-03-28T11:47:47.446+0000] {processor.py:208} INFO - Processing /opt/airflow/dags/seconddag.py took 0.095 seconds
[2025-03-28T11:48:18.068+0000] {processor.py:186} INFO - Started process (PID=112) to work on /opt/airflow/dags/seconddag.py
[2025-03-28T11:48:18.068+0000] {processor.py:914} INFO - Processing file /opt/airflow/dags/seconddag.py for tasks to queue
[2025-03-28T11:48:18.070+0000] {logging_mixin.py:190} INFO - [2025-03-28T11:48:18.070+0000] {dagbag.py:588} INFO - Filling up the DagBag from /opt/airflow/dags/seconddag.py
[2025-03-28T11:48:18.088+0000] {processor.py:925} INFO - DAG(s) 'our_first_dag_3' retrieved from /opt/airflow/dags/seconddag.py
[2025-03-28T11:48:18.113+0000] {logging_mixin.py:190} INFO - [2025-03-28T11:48:18.113+0000] {dag.py:3239} INFO - Sync 1 DAGs
[2025-03-28T11:48:18.148+0000] {logging_mixin.py:190} INFO - [2025-03-28T11:48:18.148+0000] {dag.py:4180} INFO - Setting next_dagrun for our_first_dag_3 to 2025-03-28 00:00:00+00:00, run_after=2025-03-29 00:00:00+00:00
[2025-03-28T11:48:18.172+0000] {processor.py:208} INFO - Processing /opt/airflow/dags/seconddag.py took 0.111 seconds
[2025-03-28T11:48:48.841+0000] {processor.py:186} INFO - Started process (PID=122) to work on /opt/airflow/dags/seconddag.py
[2025-03-28T11:48:48.842+0000] {processor.py:914} INFO - Processing file /opt/airflow/dags/seconddag.py for tasks to queue
[2025-03-28T11:48:48.846+0000] {logging_mixin.py:190} INFO - [2025-03-28T11:48:48.845+0000] {dagbag.py:588} INFO - Filling up the DagBag from /opt/airflow/dags/seconddag.py
[2025-03-28T11:48:48.875+0000] {processor.py:925} INFO - DAG(s) 'our_first_dag_3' retrieved from /opt/airflow/dags/seconddag.py
[2025-03-28T11:48:48.946+0000] {logging_mixin.py:190} INFO - [2025-03-28T11:48:48.945+0000] {dag.py:3239} INFO - Sync 1 DAGs
[2025-03-28T11:48:48.999+0000] {logging_mixin.py:190} INFO - [2025-03-28T11:48:48.999+0000] {dag.py:4180} INFO - Setting next_dagrun for our_first_dag_3 to 2025-03-28 00:00:00+00:00, run_after=2025-03-29 00:00:00+00:00
[2025-03-28T11:48:49.044+0000] {processor.py:208} INFO - Processing /opt/airflow/dags/seconddag.py took 0.216 seconds
[2025-03-28T11:49:19.914+0000] {processor.py:186} INFO - Started process (PID=132) to work on /opt/airflow/dags/seconddag.py
[2025-03-28T11:49:19.915+0000] {processor.py:914} INFO - Processing file /opt/airflow/dags/seconddag.py for tasks to queue
[2025-03-28T11:49:19.916+0000] {logging_mixin.py:190} INFO - [2025-03-28T11:49:19.916+0000] {dagbag.py:588} INFO - Filling up the DagBag from /opt/airflow/dags/seconddag.py
[2025-03-28T11:49:19.938+0000] {processor.py:925} INFO - DAG(s) 'our_first_dag_3' retrieved from /opt/airflow/dags/seconddag.py
[2025-03-28T11:49:19.973+0000] {logging_mixin.py:190} INFO - [2025-03-28T11:49:19.972+0000] {dag.py:3239} INFO - Sync 1 DAGs
[2025-03-28T11:49:20.014+0000] {logging_mixin.py:190} INFO - [2025-03-28T11:49:20.014+0000] {dag.py:4180} INFO - Setting next_dagrun for our_first_dag_3 to 2025-03-28 00:00:00+00:00, run_after=2025-03-29 00:00:00+00:00
[2025-03-28T11:49:20.048+0000] {processor.py:208} INFO - Processing /opt/airflow/dags/seconddag.py took 0.145 seconds
[2025-03-28T11:49:50.721+0000] {processor.py:186} INFO - Started process (PID=142) to work on /opt/airflow/dags/seconddag.py
[2025-03-28T11:49:50.722+0000] {processor.py:914} INFO - Processing file /opt/airflow/dags/seconddag.py for tasks to queue
[2025-03-28T11:49:50.723+0000] {logging_mixin.py:190} INFO - [2025-03-28T11:49:50.723+0000] {dagbag.py:588} INFO - Filling up the DagBag from /opt/airflow/dags/seconddag.py
[2025-03-28T11:49:50.739+0000] {processor.py:925} INFO - DAG(s) 'our_first_dag_3' retrieved from /opt/airflow/dags/seconddag.py
[2025-03-28T11:49:50.763+0000] {logging_mixin.py:190} INFO - [2025-03-28T11:49:50.762+0000] {dag.py:3239} INFO - Sync 1 DAGs
[2025-03-28T11:49:50.796+0000] {logging_mixin.py:190} INFO - [2025-03-28T11:49:50.796+0000] {dag.py:4180} INFO - Setting next_dagrun for our_first_dag_3 to 2025-03-28 00:00:00+00:00, run_after=2025-03-29 00:00:00+00:00
[2025-03-28T11:49:50.822+0000] {processor.py:208} INFO - Processing /opt/airflow/dags/seconddag.py took 0.107 seconds
[2025-03-28T11:50:21.448+0000] {processor.py:186} INFO - Started process (PID=152) to work on /opt/airflow/dags/seconddag.py
[2025-03-28T11:50:21.449+0000] {processor.py:914} INFO - Processing file /opt/airflow/dags/seconddag.py for tasks to queue
[2025-03-28T11:50:21.451+0000] {logging_mixin.py:190} INFO - [2025-03-28T11:50:21.450+0000] {dagbag.py:588} INFO - Filling up the DagBag from /opt/airflow/dags/seconddag.py
[2025-03-28T11:50:21.466+0000] {processor.py:925} INFO - DAG(s) 'our_first_dag_3' retrieved from /opt/airflow/dags/seconddag.py
[2025-03-28T11:50:21.489+0000] {logging_mixin.py:190} INFO - [2025-03-28T11:50:21.489+0000] {dag.py:3239} INFO - Sync 1 DAGs
[2025-03-28T11:50:21.519+0000] {logging_mixin.py:190} INFO - [2025-03-28T11:50:21.519+0000] {dag.py:4180} INFO - Setting next_dagrun for our_first_dag_3 to 2025-03-28 00:00:00+00:00, run_after=2025-03-29 00:00:00+00:00
[2025-03-28T11:50:21.544+0000] {processor.py:208} INFO - Processing /opt/airflow/dags/seconddag.py took 0.102 seconds
[2025-03-28T11:50:52.086+0000] {processor.py:186} INFO - Started process (PID=162) to work on /opt/airflow/dags/seconddag.py
[2025-03-28T11:50:52.087+0000] {processor.py:914} INFO - Processing file /opt/airflow/dags/seconddag.py for tasks to queue
[2025-03-28T11:50:52.089+0000] {logging_mixin.py:190} INFO - [2025-03-28T11:50:52.088+0000] {dagbag.py:588} INFO - Filling up the DagBag from /opt/airflow/dags/seconddag.py
[2025-03-28T11:50:52.104+0000] {processor.py:925} INFO - DAG(s) 'our_first_dag_3' retrieved from /opt/airflow/dags/seconddag.py
[2025-03-28T11:50:52.128+0000] {logging_mixin.py:190} INFO - [2025-03-28T11:50:52.127+0000] {dag.py:3239} INFO - Sync 1 DAGs
[2025-03-28T11:50:52.153+0000] {logging_mixin.py:190} INFO - [2025-03-28T11:50:52.152+0000] {dag.py:4180} INFO - Setting next_dagrun for our_first_dag_3 to 2025-03-28 00:00:00+00:00, run_after=2025-03-29 00:00:00+00:00
[2025-03-28T11:50:52.179+0000] {processor.py:208} INFO - Processing /opt/airflow/dags/seconddag.py took 0.098 seconds
[2025-03-28T11:51:22.818+0000] {processor.py:186} INFO - Started process (PID=172) to work on /opt/airflow/dags/seconddag.py
[2025-03-28T11:51:22.819+0000] {processor.py:914} INFO - Processing file /opt/airflow/dags/seconddag.py for tasks to queue
[2025-03-28T11:51:22.820+0000] {logging_mixin.py:190} INFO - [2025-03-28T11:51:22.820+0000] {dagbag.py:588} INFO - Filling up the DagBag from /opt/airflow/dags/seconddag.py
[2025-03-28T11:51:22.836+0000] {processor.py:925} INFO - DAG(s) 'our_first_dag_3' retrieved from /opt/airflow/dags/seconddag.py
[2025-03-28T11:51:22.859+0000] {logging_mixin.py:190} INFO - [2025-03-28T11:51:22.859+0000] {dag.py:3239} INFO - Sync 1 DAGs
[2025-03-28T11:51:22.888+0000] {logging_mixin.py:190} INFO - [2025-03-28T11:51:22.887+0000] {dag.py:4180} INFO - Setting next_dagrun for our_first_dag_3 to 2025-03-28 00:00:00+00:00, run_after=2025-03-29 00:00:00+00:00
[2025-03-28T11:51:22.907+0000] {processor.py:208} INFO - Processing /opt/airflow/dags/seconddag.py took 0.096 seconds
[2025-03-28T11:51:53.521+0000] {processor.py:186} INFO - Started process (PID=182) to work on /opt/airflow/dags/seconddag.py
[2025-03-28T11:51:53.522+0000] {processor.py:914} INFO - Processing file /opt/airflow/dags/seconddag.py for tasks to queue
[2025-03-28T11:51:53.523+0000] {logging_mixin.py:190} INFO - [2025-03-28T11:51:53.523+0000] {dagbag.py:588} INFO - Filling up the DagBag from /opt/airflow/dags/seconddag.py
[2025-03-28T11:51:53.538+0000] {processor.py:925} INFO - DAG(s) 'our_first_dag_3' retrieved from /opt/airflow/dags/seconddag.py
[2025-03-28T11:51:53.560+0000] {logging_mixin.py:190} INFO - [2025-03-28T11:51:53.560+0000] {dag.py:3239} INFO - Sync 1 DAGs
[2025-03-28T11:51:53.587+0000] {logging_mixin.py:190} INFO - [2025-03-28T11:51:53.586+0000] {dag.py:4180} INFO - Setting next_dagrun for our_first_dag_3 to 2025-03-28 00:00:00+00:00, run_after=2025-03-29 00:00:00+00:00
[2025-03-28T11:51:53.609+0000] {processor.py:208} INFO - Processing /opt/airflow/dags/seconddag.py took 0.094 seconds
[2025-03-28T11:52:24.285+0000] {processor.py:186} INFO - Started process (PID=192) to work on /opt/airflow/dags/seconddag.py
[2025-03-28T11:52:24.286+0000] {processor.py:914} INFO - Processing file /opt/airflow/dags/seconddag.py for tasks to queue
[2025-03-28T11:52:24.288+0000] {logging_mixin.py:190} INFO - [2025-03-28T11:52:24.287+0000] {dagbag.py:588} INFO - Filling up the DagBag from /opt/airflow/dags/seconddag.py
[2025-03-28T11:52:24.302+0000] {processor.py:925} INFO - DAG(s) 'our_first_dag_3' retrieved from /opt/airflow/dags/seconddag.py
[2025-03-28T11:52:24.326+0000] {logging_mixin.py:190} INFO - [2025-03-28T11:52:24.326+0000] {dag.py:3239} INFO - Sync 1 DAGs
[2025-03-28T11:52:24.350+0000] {logging_mixin.py:190} INFO - [2025-03-28T11:52:24.350+0000] {dag.py:4180} INFO - Setting next_dagrun for our_first_dag_3 to 2025-03-28 00:00:00+00:00, run_after=2025-03-29 00:00:00+00:00
[2025-03-28T11:52:24.372+0000] {processor.py:208} INFO - Processing /opt/airflow/dags/seconddag.py took 0.093 seconds
[2025-03-28T11:52:55.014+0000] {processor.py:186} INFO - Started process (PID=202) to work on /opt/airflow/dags/seconddag.py
[2025-03-28T11:52:55.015+0000] {processor.py:914} INFO - Processing file /opt/airflow/dags/seconddag.py for tasks to queue
[2025-03-28T11:52:55.016+0000] {logging_mixin.py:190} INFO - [2025-03-28T11:52:55.016+0000] {dagbag.py:588} INFO - Filling up the DagBag from /opt/airflow/dags/seconddag.py
[2025-03-28T11:52:55.031+0000] {processor.py:925} INFO - DAG(s) 'our_first_dag_3' retrieved from /opt/airflow/dags/seconddag.py
[2025-03-28T11:52:55.059+0000] {logging_mixin.py:190} INFO - [2025-03-28T11:52:55.059+0000] {dag.py:3239} INFO - Sync 1 DAGs
[2025-03-28T11:52:55.086+0000] {logging_mixin.py:190} INFO - [2025-03-28T11:52:55.086+0000] {dag.py:4180} INFO - Setting next_dagrun for our_first_dag_3 to 2025-03-28 00:00:00+00:00, run_after=2025-03-29 00:00:00+00:00
[2025-03-28T11:52:55.109+0000] {processor.py:208} INFO - Processing /opt/airflow/dags/seconddag.py took 0.101 seconds
[2025-03-28T12:07:18.613+0000] {processor.py:186} INFO - Started process (PID=212) to work on /opt/airflow/dags/seconddag.py
[2025-03-28T12:07:18.648+0000] {processor.py:914} INFO - Processing file /opt/airflow/dags/seconddag.py for tasks to queue
[2025-03-28T12:07:18.652+0000] {logging_mixin.py:190} INFO - [2025-03-28T12:07:18.650+0000] {dagbag.py:588} INFO - Filling up the DagBag from /opt/airflow/dags/seconddag.py
[2025-03-28T12:07:18.703+0000] {processor.py:925} INFO - DAG(s) 'our_first_dag_3' retrieved from /opt/airflow/dags/seconddag.py
[2025-03-28T12:07:18.810+0000] {logging_mixin.py:190} INFO - [2025-03-28T12:07:18.810+0000] {dag.py:3239} INFO - Sync 1 DAGs
[2025-03-28T12:07:18.927+0000] {logging_mixin.py:190} INFO - [2025-03-28T12:07:18.923+0000] {dag.py:4180} INFO - Setting next_dagrun for our_first_dag_3 to 2025-03-28 00:00:00+00:00, run_after=2025-03-29 00:00:00+00:00
[2025-03-28T12:07:19.031+0000] {processor.py:208} INFO - Processing /opt/airflow/dags/seconddag.py took 0.429 seconds
