[2025-03-28T11:17:38.564+0000] {processor.py:186} INFO - Started process (PID=76) to work on /opt/airflow/dags/ssis.py
[2025-03-28T11:17:38.571+0000] {processor.py:914} INFO - Processing file /opt/airflow/dags/ssis.py for tasks to queue
[2025-03-28T11:17:38.607+0000] {logging_mixin.py:190} INFO - [2025-03-28T11:17:38.603+0000] {dagbag.py:588} INFO - Filling up the DagBag from /opt/airflow/dags/ssis.py
[2025-03-28T11:17:38.769+0000] {processor.py:925} INFO - DAG(s) 'ssis_sql_to_sql' retrieved from /opt/airflow/dags/ssis.py
[2025-03-28T11:17:40.158+0000] {logging_mixin.py:190} INFO - [2025-03-28T11:17:40.157+0000] {override.py:1912} INFO - Created Permission View: can edit on DAG:ssis_sql_to_sql
[2025-03-28T11:17:40.192+0000] {logging_mixin.py:190} INFO - [2025-03-28T11:17:40.191+0000] {override.py:1912} INFO - Created Permission View: can read on DAG:ssis_sql_to_sql
[2025-03-28T11:17:40.212+0000] {logging_mixin.py:190} INFO - [2025-03-28T11:17:40.211+0000] {override.py:1912} INFO - Created Permission View: can delete on DAG:ssis_sql_to_sql
[2025-03-28T11:17:40.239+0000] {logging_mixin.py:190} INFO - [2025-03-28T11:17:40.238+0000] {override.py:1912} INFO - Created Permission View: can read on DAG Run:ssis_sql_to_sql
[2025-03-28T11:17:40.262+0000] {logging_mixin.py:190} INFO - [2025-03-28T11:17:40.262+0000] {override.py:1912} INFO - Created Permission View: can create on DAG Run:ssis_sql_to_sql
[2025-03-28T11:17:40.285+0000] {logging_mixin.py:190} INFO - [2025-03-28T11:17:40.284+0000] {override.py:1912} INFO - Created Permission View: can delete on DAG Run:ssis_sql_to_sql
[2025-03-28T11:17:40.303+0000] {logging_mixin.py:190} INFO - [2025-03-28T11:17:40.302+0000] {override.py:1912} INFO - Created Permission View: menu access on DAG Run:ssis_sql_to_sql
[2025-03-28T11:17:40.304+0000] {logging_mixin.py:190} INFO - [2025-03-28T11:17:40.303+0000] {dag.py:3239} INFO - Sync 1 DAGs
[2025-03-28T11:17:40.332+0000] {logging_mixin.py:190} INFO - [2025-03-28T11:17:40.331+0000] {dag.py:3262} INFO - Creating ORM DAG for ssis_sql_to_sql
[2025-03-28T11:17:40.357+0000] {logging_mixin.py:190} INFO - [2025-03-28T11:17:40.356+0000] {dag.py:4180} INFO - Setting next_dagrun for ssis_sql_to_sql to 2025-03-27 00:00:00+00:00, run_after=2025-03-28 00:00:00+00:00
[2025-03-28T11:17:40.393+0000] {processor.py:208} INFO - Processing /opt/airflow/dags/ssis.py took 2.007 seconds
[2025-03-28T11:18:10.466+0000] {processor.py:186} INFO - Started process (PID=103) to work on /opt/airflow/dags/ssis.py
[2025-03-28T11:18:10.468+0000] {processor.py:914} INFO - Processing file /opt/airflow/dags/ssis.py for tasks to queue
[2025-03-28T11:18:10.473+0000] {logging_mixin.py:190} INFO - [2025-03-28T11:18:10.472+0000] {dagbag.py:588} INFO - Filling up the DagBag from /opt/airflow/dags/ssis.py
[2025-03-28T11:18:10.496+0000] {processor.py:925} INFO - DAG(s) 'ssis_sql_to_sql' retrieved from /opt/airflow/dags/ssis.py
[2025-03-28T11:18:10.786+0000] {logging_mixin.py:190} INFO - [2025-03-28T11:18:10.785+0000] {dag.py:3239} INFO - Sync 1 DAGs
[2025-03-28T11:18:10.951+0000] {logging_mixin.py:190} INFO - [2025-03-28T11:18:10.950+0000] {dag.py:4180} INFO - Setting next_dagrun for ssis_sql_to_sql to 2025-03-27 00:00:00+00:00, run_after=2025-03-28 00:00:00+00:00
[2025-03-28T11:18:11.016+0000] {processor.py:208} INFO - Processing /opt/airflow/dags/ssis.py took 0.559 seconds
[2025-03-28T11:18:41.259+0000] {processor.py:186} INFO - Started process (PID=116) to work on /opt/airflow/dags/ssis.py
[2025-03-28T11:18:41.260+0000] {processor.py:914} INFO - Processing file /opt/airflow/dags/ssis.py for tasks to queue
[2025-03-28T11:18:41.263+0000] {logging_mixin.py:190} INFO - [2025-03-28T11:18:41.262+0000] {dagbag.py:588} INFO - Filling up the DagBag from /opt/airflow/dags/ssis.py
[2025-03-28T11:18:41.293+0000] {processor.py:925} INFO - DAG(s) 'ssis_sql_to_sql' retrieved from /opt/airflow/dags/ssis.py
[2025-03-28T11:18:41.346+0000] {logging_mixin.py:190} INFO - [2025-03-28T11:18:41.346+0000] {dag.py:3239} INFO - Sync 1 DAGs
[2025-03-28T11:18:41.381+0000] {logging_mixin.py:190} INFO - [2025-03-28T11:18:41.381+0000] {dag.py:4180} INFO - Setting next_dagrun for ssis_sql_to_sql to 2025-03-27 00:00:00+00:00, run_after=2025-03-28 00:00:00+00:00
[2025-03-28T11:18:41.407+0000] {processor.py:208} INFO - Processing /opt/airflow/dags/ssis.py took 0.159 seconds
[2025-03-28T11:19:12.421+0000] {processor.py:186} INFO - Started process (PID=126) to work on /opt/airflow/dags/ssis.py
[2025-03-28T11:19:12.422+0000] {processor.py:914} INFO - Processing file /opt/airflow/dags/ssis.py for tasks to queue
[2025-03-28T11:19:12.424+0000] {logging_mixin.py:190} INFO - [2025-03-28T11:19:12.423+0000] {dagbag.py:588} INFO - Filling up the DagBag from /opt/airflow/dags/ssis.py
[2025-03-28T11:19:12.448+0000] {processor.py:925} INFO - DAG(s) 'ssis_sql_to_sql' retrieved from /opt/airflow/dags/ssis.py
[2025-03-28T11:19:12.482+0000] {logging_mixin.py:190} INFO - [2025-03-28T11:19:12.482+0000] {dag.py:3239} INFO - Sync 1 DAGs
[2025-03-28T11:19:12.514+0000] {logging_mixin.py:190} INFO - [2025-03-28T11:19:12.514+0000] {dag.py:4180} INFO - Setting next_dagrun for ssis_sql_to_sql to 2025-03-27 00:00:00+00:00, run_after=2025-03-28 00:00:00+00:00
[2025-03-28T11:19:12.536+0000] {processor.py:208} INFO - Processing /opt/airflow/dags/ssis.py took 0.120 seconds
[2025-03-28T11:19:43.488+0000] {processor.py:186} INFO - Started process (PID=140) to work on /opt/airflow/dags/ssis.py
[2025-03-28T11:19:43.489+0000] {processor.py:914} INFO - Processing file /opt/airflow/dags/ssis.py for tasks to queue
[2025-03-28T11:19:43.491+0000] {logging_mixin.py:190} INFO - [2025-03-28T11:19:43.490+0000] {dagbag.py:588} INFO - Filling up the DagBag from /opt/airflow/dags/ssis.py
[2025-03-28T11:19:43.518+0000] {processor.py:925} INFO - DAG(s) 'ssis_sql_to_sql' retrieved from /opt/airflow/dags/ssis.py
[2025-03-28T11:19:43.557+0000] {logging_mixin.py:190} INFO - [2025-03-28T11:19:43.557+0000] {dag.py:3239} INFO - Sync 1 DAGs
[2025-03-28T11:19:43.586+0000] {logging_mixin.py:190} INFO - [2025-03-28T11:19:43.585+0000] {dag.py:4180} INFO - Setting next_dagrun for ssis_sql_to_sql to 2025-03-28 00:00:00+00:00, run_after=2025-03-29 00:00:00+00:00
[2025-03-28T11:19:43.611+0000] {processor.py:208} INFO - Processing /opt/airflow/dags/ssis.py took 0.131 seconds
[2025-03-28T11:20:13.739+0000] {processor.py:186} INFO - Started process (PID=151) to work on /opt/airflow/dags/ssis.py
[2025-03-28T11:20:13.740+0000] {processor.py:914} INFO - Processing file /opt/airflow/dags/ssis.py for tasks to queue
[2025-03-28T11:20:13.744+0000] {logging_mixin.py:190} INFO - [2025-03-28T11:20:13.742+0000] {dagbag.py:588} INFO - Filling up the DagBag from /opt/airflow/dags/ssis.py
[2025-03-28T11:20:13.845+0000] {processor.py:925} INFO - DAG(s) 'ssis_sql_to_sql' retrieved from /opt/airflow/dags/ssis.py
[2025-03-28T11:20:13.917+0000] {logging_mixin.py:190} INFO - [2025-03-28T11:20:13.917+0000] {dag.py:3239} INFO - Sync 1 DAGs
[2025-03-28T11:20:13.954+0000] {logging_mixin.py:190} INFO - [2025-03-28T11:20:13.953+0000] {dag.py:4180} INFO - Setting next_dagrun for ssis_sql_to_sql to 2025-03-28 00:00:00+00:00, run_after=2025-03-29 00:00:00+00:00
[2025-03-28T11:20:13.982+0000] {processor.py:208} INFO - Processing /opt/airflow/dags/ssis.py took 0.255 seconds
[2025-03-28T11:20:44.801+0000] {processor.py:186} INFO - Started process (PID=161) to work on /opt/airflow/dags/ssis.py
[2025-03-28T11:20:44.802+0000] {processor.py:914} INFO - Processing file /opt/airflow/dags/ssis.py for tasks to queue
[2025-03-28T11:20:44.804+0000] {logging_mixin.py:190} INFO - [2025-03-28T11:20:44.803+0000] {dagbag.py:588} INFO - Filling up the DagBag from /opt/airflow/dags/ssis.py
[2025-03-28T11:20:44.829+0000] {processor.py:925} INFO - DAG(s) 'ssis_sql_to_sql' retrieved from /opt/airflow/dags/ssis.py
[2025-03-28T11:20:44.869+0000] {logging_mixin.py:190} INFO - [2025-03-28T11:20:44.869+0000] {dag.py:3239} INFO - Sync 1 DAGs
[2025-03-28T11:20:44.898+0000] {logging_mixin.py:190} INFO - [2025-03-28T11:20:44.898+0000] {dag.py:4180} INFO - Setting next_dagrun for ssis_sql_to_sql to 2025-03-28 00:00:00+00:00, run_after=2025-03-29 00:00:00+00:00
[2025-03-28T11:20:44.924+0000] {processor.py:208} INFO - Processing /opt/airflow/dags/ssis.py took 0.130 seconds
[2025-03-28T11:21:15.937+0000] {processor.py:186} INFO - Started process (PID=171) to work on /opt/airflow/dags/ssis.py
[2025-03-28T11:21:15.938+0000] {processor.py:914} INFO - Processing file /opt/airflow/dags/ssis.py for tasks to queue
[2025-03-28T11:21:15.940+0000] {logging_mixin.py:190} INFO - [2025-03-28T11:21:15.939+0000] {dagbag.py:588} INFO - Filling up the DagBag from /opt/airflow/dags/ssis.py
[2025-03-28T11:21:15.968+0000] {processor.py:925} INFO - DAG(s) 'ssis_sql_to_sql' retrieved from /opt/airflow/dags/ssis.py
[2025-03-28T11:21:16.023+0000] {logging_mixin.py:190} INFO - [2025-03-28T11:21:16.022+0000] {dag.py:3239} INFO - Sync 1 DAGs
[2025-03-28T11:21:16.053+0000] {logging_mixin.py:190} INFO - [2025-03-28T11:21:16.053+0000] {dag.py:4180} INFO - Setting next_dagrun for ssis_sql_to_sql to 2025-03-28 00:00:00+00:00, run_after=2025-03-29 00:00:00+00:00
[2025-03-28T11:21:16.079+0000] {processor.py:208} INFO - Processing /opt/airflow/dags/ssis.py took 0.151 seconds
[2025-03-28T11:21:46.757+0000] {processor.py:186} INFO - Started process (PID=181) to work on /opt/airflow/dags/ssis.py
[2025-03-28T11:21:46.758+0000] {processor.py:914} INFO - Processing file /opt/airflow/dags/ssis.py for tasks to queue
[2025-03-28T11:21:46.759+0000] {logging_mixin.py:190} INFO - [2025-03-28T11:21:46.759+0000] {dagbag.py:588} INFO - Filling up the DagBag from /opt/airflow/dags/ssis.py
[2025-03-28T11:21:46.782+0000] {processor.py:925} INFO - DAG(s) 'ssis_sql_to_sql' retrieved from /opt/airflow/dags/ssis.py
[2025-03-28T11:21:46.820+0000] {logging_mixin.py:190} INFO - [2025-03-28T11:21:46.820+0000] {dag.py:3239} INFO - Sync 1 DAGs
[2025-03-28T11:21:46.851+0000] {logging_mixin.py:190} INFO - [2025-03-28T11:21:46.851+0000] {dag.py:4180} INFO - Setting next_dagrun for ssis_sql_to_sql to 2025-03-28 00:00:00+00:00, run_after=2025-03-29 00:00:00+00:00
[2025-03-28T11:21:46.876+0000] {processor.py:208} INFO - Processing /opt/airflow/dags/ssis.py took 0.137 seconds
[2025-03-28T11:22:17.750+0000] {processor.py:186} INFO - Started process (PID=192) to work on /opt/airflow/dags/ssis.py
[2025-03-28T11:22:17.752+0000] {processor.py:914} INFO - Processing file /opt/airflow/dags/ssis.py for tasks to queue
[2025-03-28T11:22:17.753+0000] {logging_mixin.py:190} INFO - [2025-03-28T11:22:17.753+0000] {dagbag.py:588} INFO - Filling up the DagBag from /opt/airflow/dags/ssis.py
[2025-03-28T11:22:17.784+0000] {processor.py:925} INFO - DAG(s) 'ssis_sql_to_sql' retrieved from /opt/airflow/dags/ssis.py
[2025-03-28T11:22:17.822+0000] {logging_mixin.py:190} INFO - [2025-03-28T11:22:17.822+0000] {dag.py:3239} INFO - Sync 1 DAGs
[2025-03-28T11:22:17.853+0000] {logging_mixin.py:190} INFO - [2025-03-28T11:22:17.853+0000] {dag.py:4180} INFO - Setting next_dagrun for ssis_sql_to_sql to 2025-03-28 00:00:00+00:00, run_after=2025-03-29 00:00:00+00:00
[2025-03-28T11:22:17.880+0000] {processor.py:208} INFO - Processing /opt/airflow/dags/ssis.py took 0.141 seconds
[2025-03-28T11:22:47.957+0000] {processor.py:186} INFO - Started process (PID=202) to work on /opt/airflow/dags/ssis.py
[2025-03-28T11:22:47.958+0000] {processor.py:914} INFO - Processing file /opt/airflow/dags/ssis.py for tasks to queue
[2025-03-28T11:22:47.959+0000] {logging_mixin.py:190} INFO - [2025-03-28T11:22:47.959+0000] {dagbag.py:588} INFO - Filling up the DagBag from /opt/airflow/dags/ssis.py
[2025-03-28T11:22:47.988+0000] {processor.py:925} INFO - DAG(s) 'ssis_sql_to_sql' retrieved from /opt/airflow/dags/ssis.py
[2025-03-28T11:22:48.167+0000] {logging_mixin.py:190} INFO - [2025-03-28T11:22:48.167+0000] {dag.py:3239} INFO - Sync 1 DAGs
[2025-03-28T11:22:48.209+0000] {logging_mixin.py:190} INFO - [2025-03-28T11:22:48.209+0000] {dag.py:4180} INFO - Setting next_dagrun for ssis_sql_to_sql to 2025-03-28 00:00:00+00:00, run_after=2025-03-29 00:00:00+00:00
[2025-03-28T11:22:48.236+0000] {processor.py:208} INFO - Processing /opt/airflow/dags/ssis.py took 0.288 seconds
[2025-03-28T11:23:18.779+0000] {processor.py:186} INFO - Started process (PID=212) to work on /opt/airflow/dags/ssis.py
[2025-03-28T11:23:18.875+0000] {processor.py:914} INFO - Processing file /opt/airflow/dags/ssis.py for tasks to queue
[2025-03-28T11:23:18.877+0000] {logging_mixin.py:190} INFO - [2025-03-28T11:23:18.876+0000] {dagbag.py:588} INFO - Filling up the DagBag from /opt/airflow/dags/ssis.py
[2025-03-28T11:23:18.901+0000] {processor.py:925} INFO - DAG(s) 'ssis_sql_to_sql' retrieved from /opt/airflow/dags/ssis.py
[2025-03-28T11:23:18.936+0000] {logging_mixin.py:190} INFO - [2025-03-28T11:23:18.936+0000] {dag.py:3239} INFO - Sync 1 DAGs
[2025-03-28T11:23:18.972+0000] {logging_mixin.py:190} INFO - [2025-03-28T11:23:18.972+0000] {dag.py:4180} INFO - Setting next_dagrun for ssis_sql_to_sql to 2025-03-28 00:00:00+00:00, run_after=2025-03-29 00:00:00+00:00
[2025-03-28T11:23:18.998+0000] {processor.py:208} INFO - Processing /opt/airflow/dags/ssis.py took 0.230 seconds
[2025-03-28T11:23:49.820+0000] {processor.py:186} INFO - Started process (PID=222) to work on /opt/airflow/dags/ssis.py
[2025-03-28T11:23:49.822+0000] {processor.py:914} INFO - Processing file /opt/airflow/dags/ssis.py for tasks to queue
[2025-03-28T11:23:49.823+0000] {logging_mixin.py:190} INFO - [2025-03-28T11:23:49.823+0000] {dagbag.py:588} INFO - Filling up the DagBag from /opt/airflow/dags/ssis.py
[2025-03-28T11:23:49.847+0000] {processor.py:925} INFO - DAG(s) 'ssis_sql_to_sql' retrieved from /opt/airflow/dags/ssis.py
[2025-03-28T11:23:49.884+0000] {logging_mixin.py:190} INFO - [2025-03-28T11:23:49.883+0000] {dag.py:3239} INFO - Sync 1 DAGs
[2025-03-28T11:23:49.913+0000] {logging_mixin.py:190} INFO - [2025-03-28T11:23:49.912+0000] {dag.py:4180} INFO - Setting next_dagrun for ssis_sql_to_sql to 2025-03-28 00:00:00+00:00, run_after=2025-03-29 00:00:00+00:00
[2025-03-28T11:23:49.941+0000] {processor.py:208} INFO - Processing /opt/airflow/dags/ssis.py took 0.130 seconds
[2025-03-28T11:24:20.780+0000] {processor.py:186} INFO - Started process (PID=232) to work on /opt/airflow/dags/ssis.py
[2025-03-28T11:24:20.791+0000] {processor.py:914} INFO - Processing file /opt/airflow/dags/ssis.py for tasks to queue
[2025-03-28T11:24:20.811+0000] {logging_mixin.py:190} INFO - [2025-03-28T11:24:20.793+0000] {dagbag.py:588} INFO - Filling up the DagBag from /opt/airflow/dags/ssis.py
[2025-03-28T11:24:20.869+0000] {processor.py:925} INFO - DAG(s) 'ssis_sql_to_sql' retrieved from /opt/airflow/dags/ssis.py
[2025-03-28T11:24:20.920+0000] {logging_mixin.py:190} INFO - [2025-03-28T11:24:20.919+0000] {dag.py:3239} INFO - Sync 1 DAGs
[2025-03-28T11:24:20.960+0000] {logging_mixin.py:190} INFO - [2025-03-28T11:24:20.960+0000] {dag.py:4180} INFO - Setting next_dagrun for ssis_sql_to_sql to 2025-03-28 00:00:00+00:00, run_after=2025-03-29 00:00:00+00:00
[2025-03-28T11:24:20.987+0000] {processor.py:208} INFO - Processing /opt/airflow/dags/ssis.py took 0.220 seconds
[2025-03-28T11:24:51.596+0000] {processor.py:186} INFO - Started process (PID=246) to work on /opt/airflow/dags/ssis.py
[2025-03-28T11:24:51.598+0000] {processor.py:914} INFO - Processing file /opt/airflow/dags/ssis.py for tasks to queue
[2025-03-28T11:24:51.600+0000] {logging_mixin.py:190} INFO - [2025-03-28T11:24:51.599+0000] {dagbag.py:588} INFO - Filling up the DagBag from /opt/airflow/dags/ssis.py
[2025-03-28T11:24:51.628+0000] {processor.py:925} INFO - DAG(s) 'ssis_sql_to_sql' retrieved from /opt/airflow/dags/ssis.py
[2025-03-28T11:24:51.668+0000] {logging_mixin.py:190} INFO - [2025-03-28T11:24:51.667+0000] {dag.py:3239} INFO - Sync 1 DAGs
[2025-03-28T11:24:51.695+0000] {logging_mixin.py:190} INFO - [2025-03-28T11:24:51.694+0000] {dag.py:4180} INFO - Setting next_dagrun for ssis_sql_to_sql to 2025-03-28 00:00:00+00:00, run_after=2025-03-29 00:00:00+00:00
[2025-03-28T11:24:51.722+0000] {processor.py:208} INFO - Processing /opt/airflow/dags/ssis.py took 0.135 seconds
[2025-03-28T11:25:21.788+0000] {processor.py:186} INFO - Started process (PID=256) to work on /opt/airflow/dags/ssis.py
[2025-03-28T11:25:21.789+0000] {processor.py:914} INFO - Processing file /opt/airflow/dags/ssis.py for tasks to queue
[2025-03-28T11:25:21.790+0000] {logging_mixin.py:190} INFO - [2025-03-28T11:25:21.790+0000] {dagbag.py:588} INFO - Filling up the DagBag from /opt/airflow/dags/ssis.py
[2025-03-28T11:25:21.818+0000] {processor.py:925} INFO - DAG(s) 'ssis_sql_to_sql' retrieved from /opt/airflow/dags/ssis.py
[2025-03-28T11:25:21.859+0000] {logging_mixin.py:190} INFO - [2025-03-28T11:25:21.859+0000] {dag.py:3239} INFO - Sync 1 DAGs
[2025-03-28T11:25:21.895+0000] {logging_mixin.py:190} INFO - [2025-03-28T11:25:21.894+0000] {dag.py:4180} INFO - Setting next_dagrun for ssis_sql_to_sql to 2025-03-28 00:00:00+00:00, run_after=2025-03-29 00:00:00+00:00
[2025-03-28T11:25:21.926+0000] {processor.py:208} INFO - Processing /opt/airflow/dags/ssis.py took 0.147 seconds
[2025-03-28T11:25:52.396+0000] {processor.py:186} INFO - Started process (PID=266) to work on /opt/airflow/dags/ssis.py
[2025-03-28T11:25:52.400+0000] {processor.py:914} INFO - Processing file /opt/airflow/dags/ssis.py for tasks to queue
[2025-03-28T11:25:52.403+0000] {logging_mixin.py:190} INFO - [2025-03-28T11:25:52.402+0000] {dagbag.py:588} INFO - Filling up the DagBag from /opt/airflow/dags/ssis.py
[2025-03-28T11:25:52.438+0000] {processor.py:925} INFO - DAG(s) 'ssis_sql_to_sql' retrieved from /opt/airflow/dags/ssis.py
[2025-03-28T11:25:52.481+0000] {logging_mixin.py:190} INFO - [2025-03-28T11:25:52.481+0000] {dag.py:3239} INFO - Sync 1 DAGs
[2025-03-28T11:25:52.520+0000] {logging_mixin.py:190} INFO - [2025-03-28T11:25:52.519+0000] {dag.py:4180} INFO - Setting next_dagrun for ssis_sql_to_sql to 2025-03-28 00:00:00+00:00, run_after=2025-03-29 00:00:00+00:00
[2025-03-28T11:25:52.550+0000] {processor.py:208} INFO - Processing /opt/airflow/dags/ssis.py took 0.165 seconds
[2025-03-28T11:26:23.332+0000] {processor.py:186} INFO - Started process (PID=276) to work on /opt/airflow/dags/ssis.py
[2025-03-28T11:26:23.333+0000] {processor.py:914} INFO - Processing file /opt/airflow/dags/ssis.py for tasks to queue
[2025-03-28T11:26:23.337+0000] {logging_mixin.py:190} INFO - [2025-03-28T11:26:23.335+0000] {dagbag.py:588} INFO - Filling up the DagBag from /opt/airflow/dags/ssis.py
[2025-03-28T11:26:23.362+0000] {processor.py:925} INFO - DAG(s) 'ssis_sql_to_sql' retrieved from /opt/airflow/dags/ssis.py
[2025-03-28T11:26:23.399+0000] {logging_mixin.py:190} INFO - [2025-03-28T11:26:23.399+0000] {dag.py:3239} INFO - Sync 1 DAGs
[2025-03-28T11:26:23.433+0000] {logging_mixin.py:190} INFO - [2025-03-28T11:26:23.433+0000] {dag.py:4180} INFO - Setting next_dagrun for ssis_sql_to_sql to 2025-03-28 00:00:00+00:00, run_after=2025-03-29 00:00:00+00:00
[2025-03-28T11:26:23.457+0000] {processor.py:208} INFO - Processing /opt/airflow/dags/ssis.py took 0.135 seconds
[2025-03-28T11:26:54.118+0000] {processor.py:186} INFO - Started process (PID=286) to work on /opt/airflow/dags/ssis.py
[2025-03-28T11:26:54.121+0000] {processor.py:914} INFO - Processing file /opt/airflow/dags/ssis.py for tasks to queue
[2025-03-28T11:26:54.123+0000] {logging_mixin.py:190} INFO - [2025-03-28T11:26:54.122+0000] {dagbag.py:588} INFO - Filling up the DagBag from /opt/airflow/dags/ssis.py
[2025-03-28T11:26:54.158+0000] {processor.py:925} INFO - DAG(s) 'ssis_sql_to_sql' retrieved from /opt/airflow/dags/ssis.py
[2025-03-28T11:26:54.206+0000] {logging_mixin.py:190} INFO - [2025-03-28T11:26:54.205+0000] {dag.py:3239} INFO - Sync 1 DAGs
[2025-03-28T11:26:54.246+0000] {logging_mixin.py:190} INFO - [2025-03-28T11:26:54.245+0000] {dag.py:4180} INFO - Setting next_dagrun for ssis_sql_to_sql to 2025-03-28 00:00:00+00:00, run_after=2025-03-29 00:00:00+00:00
[2025-03-28T11:26:54.277+0000] {processor.py:208} INFO - Processing /opt/airflow/dags/ssis.py took 0.171 seconds
[2025-03-28T11:27:24.908+0000] {processor.py:186} INFO - Started process (PID=296) to work on /opt/airflow/dags/ssis.py
[2025-03-28T11:27:24.909+0000] {processor.py:914} INFO - Processing file /opt/airflow/dags/ssis.py for tasks to queue
[2025-03-28T11:27:24.911+0000] {logging_mixin.py:190} INFO - [2025-03-28T11:27:24.911+0000] {dagbag.py:588} INFO - Filling up the DagBag from /opt/airflow/dags/ssis.py
[2025-03-28T11:27:24.945+0000] {processor.py:925} INFO - DAG(s) 'ssis_sql_to_sql' retrieved from /opt/airflow/dags/ssis.py
[2025-03-28T11:27:24.981+0000] {logging_mixin.py:190} INFO - [2025-03-28T11:27:24.981+0000] {dag.py:3239} INFO - Sync 1 DAGs
[2025-03-28T11:27:25.014+0000] {logging_mixin.py:190} INFO - [2025-03-28T11:27:25.014+0000] {dag.py:4180} INFO - Setting next_dagrun for ssis_sql_to_sql to 2025-03-28 00:00:00+00:00, run_after=2025-03-29 00:00:00+00:00
[2025-03-28T11:27:25.039+0000] {processor.py:208} INFO - Processing /opt/airflow/dags/ssis.py took 0.141 seconds
[2025-03-28T11:27:55.726+0000] {processor.py:186} INFO - Started process (PID=306) to work on /opt/airflow/dags/ssis.py
[2025-03-28T11:27:55.727+0000] {processor.py:914} INFO - Processing file /opt/airflow/dags/ssis.py for tasks to queue
[2025-03-28T11:27:55.729+0000] {logging_mixin.py:190} INFO - [2025-03-28T11:27:55.728+0000] {dagbag.py:588} INFO - Filling up the DagBag from /opt/airflow/dags/ssis.py
[2025-03-28T11:27:55.768+0000] {processor.py:925} INFO - DAG(s) 'ssis_sql_to_sql' retrieved from /opt/airflow/dags/ssis.py
[2025-03-28T11:27:55.904+0000] {logging_mixin.py:190} INFO - [2025-03-28T11:27:55.903+0000] {dag.py:3239} INFO - Sync 1 DAGs
[2025-03-28T11:27:55.952+0000] {logging_mixin.py:190} INFO - [2025-03-28T11:27:55.952+0000] {dag.py:4180} INFO - Setting next_dagrun for ssis_sql_to_sql to 2025-03-28 00:00:00+00:00, run_after=2025-03-29 00:00:00+00:00
[2025-03-28T11:27:55.980+0000] {processor.py:208} INFO - Processing /opt/airflow/dags/ssis.py took 0.264 seconds
[2025-03-28T11:28:26.610+0000] {processor.py:186} INFO - Started process (PID=316) to work on /opt/airflow/dags/ssis.py
[2025-03-28T11:28:26.611+0000] {processor.py:914} INFO - Processing file /opt/airflow/dags/ssis.py for tasks to queue
[2025-03-28T11:28:26.613+0000] {logging_mixin.py:190} INFO - [2025-03-28T11:28:26.612+0000] {dagbag.py:588} INFO - Filling up the DagBag from /opt/airflow/dags/ssis.py
[2025-03-28T11:28:26.638+0000] {processor.py:925} INFO - DAG(s) 'ssis_sql_to_sql' retrieved from /opt/airflow/dags/ssis.py
[2025-03-28T11:28:26.676+0000] {logging_mixin.py:190} INFO - [2025-03-28T11:28:26.676+0000] {dag.py:3239} INFO - Sync 1 DAGs
[2025-03-28T11:28:26.713+0000] {logging_mixin.py:190} INFO - [2025-03-28T11:28:26.713+0000] {dag.py:4180} INFO - Setting next_dagrun for ssis_sql_to_sql to 2025-03-28 00:00:00+00:00, run_after=2025-03-29 00:00:00+00:00
[2025-03-28T11:28:26.737+0000] {processor.py:208} INFO - Processing /opt/airflow/dags/ssis.py took 0.137 seconds
[2025-03-28T11:28:57.281+0000] {processor.py:186} INFO - Started process (PID=326) to work on /opt/airflow/dags/ssis.py
[2025-03-28T11:28:57.282+0000] {processor.py:914} INFO - Processing file /opt/airflow/dags/ssis.py for tasks to queue
[2025-03-28T11:28:57.284+0000] {logging_mixin.py:190} INFO - [2025-03-28T11:28:57.283+0000] {dagbag.py:588} INFO - Filling up the DagBag from /opt/airflow/dags/ssis.py
[2025-03-28T11:28:57.308+0000] {processor.py:925} INFO - DAG(s) 'ssis_sql_to_sql' retrieved from /opt/airflow/dags/ssis.py
[2025-03-28T11:28:57.346+0000] {logging_mixin.py:190} INFO - [2025-03-28T11:28:57.345+0000] {dag.py:3239} INFO - Sync 1 DAGs
[2025-03-28T11:28:57.389+0000] {logging_mixin.py:190} INFO - [2025-03-28T11:28:57.388+0000] {dag.py:4180} INFO - Setting next_dagrun for ssis_sql_to_sql to 2025-03-28 00:00:00+00:00, run_after=2025-03-29 00:00:00+00:00
[2025-03-28T11:28:57.414+0000] {processor.py:208} INFO - Processing /opt/airflow/dags/ssis.py took 0.143 seconds
[2025-03-28T11:29:27.963+0000] {processor.py:186} INFO - Started process (PID=342) to work on /opt/airflow/dags/ssis.py
[2025-03-28T11:29:27.965+0000] {processor.py:914} INFO - Processing file /opt/airflow/dags/ssis.py for tasks to queue
[2025-03-28T11:29:27.969+0000] {logging_mixin.py:190} INFO - [2025-03-28T11:29:27.968+0000] {dagbag.py:588} INFO - Filling up the DagBag from /opt/airflow/dags/ssis.py
[2025-03-28T11:29:27.996+0000] {processor.py:925} INFO - DAG(s) 'ssis_sql_to_sql' retrieved from /opt/airflow/dags/ssis.py
[2025-03-28T11:29:28.041+0000] {logging_mixin.py:190} INFO - [2025-03-28T11:29:28.040+0000] {dag.py:3239} INFO - Sync 1 DAGs
[2025-03-28T11:29:28.090+0000] {logging_mixin.py:190} INFO - [2025-03-28T11:29:28.089+0000] {dag.py:4180} INFO - Setting next_dagrun for ssis_sql_to_sql to 2025-03-28 00:00:00+00:00, run_after=2025-03-29 00:00:00+00:00
[2025-03-28T11:29:28.117+0000] {processor.py:208} INFO - Processing /opt/airflow/dags/ssis.py took 0.163 seconds
[2025-03-28T11:29:58.621+0000] {processor.py:186} INFO - Started process (PID=352) to work on /opt/airflow/dags/ssis.py
[2025-03-28T11:29:58.623+0000] {processor.py:914} INFO - Processing file /opt/airflow/dags/ssis.py for tasks to queue
[2025-03-28T11:29:58.624+0000] {logging_mixin.py:190} INFO - [2025-03-28T11:29:58.624+0000] {dagbag.py:588} INFO - Filling up the DagBag from /opt/airflow/dags/ssis.py
[2025-03-28T11:29:58.667+0000] {processor.py:925} INFO - DAG(s) 'ssis_sql_to_sql' retrieved from /opt/airflow/dags/ssis.py
[2025-03-28T11:29:58.713+0000] {logging_mixin.py:190} INFO - [2025-03-28T11:29:58.712+0000] {dag.py:3239} INFO - Sync 1 DAGs
[2025-03-28T11:29:58.751+0000] {logging_mixin.py:190} INFO - [2025-03-28T11:29:58.751+0000] {dag.py:4180} INFO - Setting next_dagrun for ssis_sql_to_sql to 2025-03-28 00:00:00+00:00, run_after=2025-03-29 00:00:00+00:00
[2025-03-28T11:29:58.776+0000] {processor.py:208} INFO - Processing /opt/airflow/dags/ssis.py took 0.166 seconds
[2025-03-28T11:30:28.973+0000] {processor.py:186} INFO - Started process (PID=362) to work on /opt/airflow/dags/ssis.py
[2025-03-28T11:30:28.974+0000] {processor.py:914} INFO - Processing file /opt/airflow/dags/ssis.py for tasks to queue
[2025-03-28T11:30:28.975+0000] {logging_mixin.py:190} INFO - [2025-03-28T11:30:28.974+0000] {dagbag.py:588} INFO - Filling up the DagBag from /opt/airflow/dags/ssis.py
[2025-03-28T11:30:28.993+0000] {processor.py:925} INFO - DAG(s) 'ssis_sql_to_sql' retrieved from /opt/airflow/dags/ssis.py
[2025-03-28T11:30:29.024+0000] {logging_mixin.py:190} INFO - [2025-03-28T11:30:29.024+0000] {dag.py:3239} INFO - Sync 1 DAGs
[2025-03-28T11:30:29.051+0000] {logging_mixin.py:190} INFO - [2025-03-28T11:30:29.051+0000] {dag.py:4180} INFO - Setting next_dagrun for ssis_sql_to_sql to 2025-03-28 00:00:00+00:00, run_after=2025-03-29 00:00:00+00:00
[2025-03-28T11:30:29.071+0000] {processor.py:208} INFO - Processing /opt/airflow/dags/ssis.py took 0.104 seconds
[2025-03-28T11:30:59.121+0000] {processor.py:186} INFO - Started process (PID=373) to work on /opt/airflow/dags/ssis.py
[2025-03-28T11:30:59.122+0000] {processor.py:914} INFO - Processing file /opt/airflow/dags/ssis.py for tasks to queue
[2025-03-28T11:30:59.123+0000] {logging_mixin.py:190} INFO - [2025-03-28T11:30:59.123+0000] {dagbag.py:588} INFO - Filling up the DagBag from /opt/airflow/dags/ssis.py
[2025-03-28T11:30:59.140+0000] {processor.py:925} INFO - DAG(s) 'ssis_sql_to_sql' retrieved from /opt/airflow/dags/ssis.py
[2025-03-28T11:30:59.164+0000] {logging_mixin.py:190} INFO - [2025-03-28T11:30:59.164+0000] {dag.py:3239} INFO - Sync 1 DAGs
[2025-03-28T11:30:59.189+0000] {logging_mixin.py:190} INFO - [2025-03-28T11:30:59.189+0000] {dag.py:4180} INFO - Setting next_dagrun for ssis_sql_to_sql to 2025-03-28 00:00:00+00:00, run_after=2025-03-29 00:00:00+00:00
[2025-03-28T11:30:59.210+0000] {processor.py:208} INFO - Processing /opt/airflow/dags/ssis.py took 0.095 seconds
[2025-03-28T11:33:31.866+0000] {processor.py:186} INFO - Started process (PID=76) to work on /opt/airflow/dags/ssis.py
[2025-03-28T11:33:31.965+0000] {processor.py:914} INFO - Processing file /opt/airflow/dags/ssis.py for tasks to queue
[2025-03-28T11:33:31.992+0000] {logging_mixin.py:190} INFO - [2025-03-28T11:33:31.991+0000] {dagbag.py:588} INFO - Filling up the DagBag from /opt/airflow/dags/ssis.py
[2025-03-28T11:33:32.113+0000] {processor.py:925} INFO - DAG(s) 'ssis_sql_to_sql' retrieved from /opt/airflow/dags/ssis.py
[2025-03-28T11:33:33.070+0000] {logging_mixin.py:190} INFO - [2025-03-28T11:33:33.068+0000] {dag.py:3239} INFO - Sync 1 DAGs
[2025-03-28T11:33:33.182+0000] {logging_mixin.py:190} INFO - [2025-03-28T11:33:33.179+0000] {dag.py:4180} INFO - Setting next_dagrun for ssis_sql_to_sql to 2025-03-28 00:00:00+00:00, run_after=2025-03-29 00:00:00+00:00
[2025-03-28T11:33:33.290+0000] {processor.py:208} INFO - Processing /opt/airflow/dags/ssis.py took 1.516 seconds
[2025-03-28T11:34:03.942+0000] {processor.py:186} INFO - Started process (PID=87) to work on /opt/airflow/dags/ssis.py
[2025-03-28T11:34:03.946+0000] {processor.py:914} INFO - Processing file /opt/airflow/dags/ssis.py for tasks to queue
[2025-03-28T11:34:03.950+0000] {logging_mixin.py:190} INFO - [2025-03-28T11:34:03.949+0000] {dagbag.py:588} INFO - Filling up the DagBag from /opt/airflow/dags/ssis.py
[2025-03-28T11:34:03.992+0000] {processor.py:925} INFO - DAG(s) 'ssis_sql_to_sql' retrieved from /opt/airflow/dags/ssis.py
[2025-03-28T11:34:04.048+0000] {logging_mixin.py:190} INFO - [2025-03-28T11:34:04.047+0000] {dag.py:3239} INFO - Sync 1 DAGs
[2025-03-28T11:34:04.157+0000] {logging_mixin.py:190} INFO - [2025-03-28T11:34:04.156+0000] {dag.py:4180} INFO - Setting next_dagrun for ssis_sql_to_sql to 2025-03-28 00:00:00+00:00, run_after=2025-03-29 00:00:00+00:00
[2025-03-28T11:34:04.224+0000] {processor.py:208} INFO - Processing /opt/airflow/dags/ssis.py took 0.289 seconds
[2025-03-28T11:34:34.902+0000] {processor.py:186} INFO - Started process (PID=103) to work on /opt/airflow/dags/ssis.py
[2025-03-28T11:34:34.910+0000] {processor.py:914} INFO - Processing file /opt/airflow/dags/ssis.py for tasks to queue
[2025-03-28T11:34:34.914+0000] {logging_mixin.py:190} INFO - [2025-03-28T11:34:34.913+0000] {dagbag.py:588} INFO - Filling up the DagBag from /opt/airflow/dags/ssis.py
[2025-03-28T11:34:34.935+0000] {processor.py:925} INFO - DAG(s) 'ssis_sql_to_sql' retrieved from /opt/airflow/dags/ssis.py
[2025-03-28T11:34:34.971+0000] {logging_mixin.py:190} INFO - [2025-03-28T11:34:34.970+0000] {dag.py:3239} INFO - Sync 1 DAGs
[2025-03-28T11:34:35.004+0000] {logging_mixin.py:190} INFO - [2025-03-28T11:34:35.003+0000] {dag.py:4180} INFO - Setting next_dagrun for ssis_sql_to_sql to 2025-03-28 00:00:00+00:00, run_after=2025-03-29 00:00:00+00:00
[2025-03-28T11:34:35.025+0000] {processor.py:208} INFO - Processing /opt/airflow/dags/ssis.py took 0.132 seconds
[2025-03-28T11:35:05.764+0000] {processor.py:186} INFO - Started process (PID=113) to work on /opt/airflow/dags/ssis.py
[2025-03-28T11:35:05.765+0000] {processor.py:914} INFO - Processing file /opt/airflow/dags/ssis.py for tasks to queue
[2025-03-28T11:35:05.767+0000] {logging_mixin.py:190} INFO - [2025-03-28T11:35:05.767+0000] {dagbag.py:588} INFO - Filling up the DagBag from /opt/airflow/dags/ssis.py
[2025-03-28T11:35:05.785+0000] {processor.py:925} INFO - DAG(s) 'ssis_sql_to_sql' retrieved from /opt/airflow/dags/ssis.py
[2025-03-28T11:35:05.827+0000] {logging_mixin.py:190} INFO - [2025-03-28T11:35:05.827+0000] {dag.py:3239} INFO - Sync 1 DAGs
[2025-03-28T11:35:05.859+0000] {logging_mixin.py:190} INFO - [2025-03-28T11:35:05.859+0000] {dag.py:4180} INFO - Setting next_dagrun for ssis_sql_to_sql to 2025-03-28 00:00:00+00:00, run_after=2025-03-29 00:00:00+00:00
[2025-03-28T11:35:05.883+0000] {processor.py:208} INFO - Processing /opt/airflow/dags/ssis.py took 0.126 seconds
[2025-03-28T11:35:36.484+0000] {processor.py:186} INFO - Started process (PID=123) to work on /opt/airflow/dags/ssis.py
[2025-03-28T11:35:36.485+0000] {processor.py:914} INFO - Processing file /opt/airflow/dags/ssis.py for tasks to queue
[2025-03-28T11:35:36.489+0000] {logging_mixin.py:190} INFO - [2025-03-28T11:35:36.487+0000] {dagbag.py:588} INFO - Filling up the DagBag from /opt/airflow/dags/ssis.py
[2025-03-28T11:35:36.517+0000] {processor.py:925} INFO - DAG(s) 'ssis_sql_to_sql' retrieved from /opt/airflow/dags/ssis.py
[2025-03-28T11:35:36.556+0000] {logging_mixin.py:190} INFO - [2025-03-28T11:35:36.555+0000] {dag.py:3239} INFO - Sync 1 DAGs
[2025-03-28T11:35:36.588+0000] {logging_mixin.py:190} INFO - [2025-03-28T11:35:36.587+0000] {dag.py:4180} INFO - Setting next_dagrun for ssis_sql_to_sql to 2025-03-28 00:00:00+00:00, run_after=2025-03-29 00:00:00+00:00
[2025-03-28T11:35:36.619+0000] {processor.py:208} INFO - Processing /opt/airflow/dags/ssis.py took 0.146 seconds
[2025-03-28T11:36:07.179+0000] {processor.py:186} INFO - Started process (PID=133) to work on /opt/airflow/dags/ssis.py
[2025-03-28T11:36:07.180+0000] {processor.py:914} INFO - Processing file /opt/airflow/dags/ssis.py for tasks to queue
[2025-03-28T11:36:07.182+0000] {logging_mixin.py:190} INFO - [2025-03-28T11:36:07.182+0000] {dagbag.py:588} INFO - Filling up the DagBag from /opt/airflow/dags/ssis.py
[2025-03-28T11:36:07.199+0000] {processor.py:925} INFO - DAG(s) 'ssis_sql_to_sql' retrieved from /opt/airflow/dags/ssis.py
[2025-03-28T11:36:07.222+0000] {logging_mixin.py:190} INFO - [2025-03-28T11:36:07.222+0000] {dag.py:3239} INFO - Sync 1 DAGs
[2025-03-28T11:36:07.251+0000] {logging_mixin.py:190} INFO - [2025-03-28T11:36:07.250+0000] {dag.py:4180} INFO - Setting next_dagrun for ssis_sql_to_sql to 2025-03-28 00:00:00+00:00, run_after=2025-03-29 00:00:00+00:00
[2025-03-28T11:36:07.278+0000] {processor.py:208} INFO - Processing /opt/airflow/dags/ssis.py took 0.105 seconds
[2025-03-28T11:36:37.899+0000] {processor.py:186} INFO - Started process (PID=143) to work on /opt/airflow/dags/ssis.py
[2025-03-28T11:36:37.900+0000] {processor.py:914} INFO - Processing file /opt/airflow/dags/ssis.py for tasks to queue
[2025-03-28T11:36:37.902+0000] {logging_mixin.py:190} INFO - [2025-03-28T11:36:37.902+0000] {dagbag.py:588} INFO - Filling up the DagBag from /opt/airflow/dags/ssis.py
[2025-03-28T11:36:37.918+0000] {processor.py:925} INFO - DAG(s) 'ssis_sql_to_sql' retrieved from /opt/airflow/dags/ssis.py
[2025-03-28T11:36:37.943+0000] {logging_mixin.py:190} INFO - [2025-03-28T11:36:37.943+0000] {dag.py:3239} INFO - Sync 1 DAGs
[2025-03-28T11:36:37.969+0000] {logging_mixin.py:190} INFO - [2025-03-28T11:36:37.969+0000] {dag.py:4180} INFO - Setting next_dagrun for ssis_sql_to_sql to 2025-03-28 00:00:00+00:00, run_after=2025-03-29 00:00:00+00:00
[2025-03-28T11:36:37.990+0000] {processor.py:208} INFO - Processing /opt/airflow/dags/ssis.py took 0.097 seconds
[2025-03-28T11:37:08.691+0000] {processor.py:186} INFO - Started process (PID=153) to work on /opt/airflow/dags/ssis.py
[2025-03-28T11:37:08.692+0000] {processor.py:914} INFO - Processing file /opt/airflow/dags/ssis.py for tasks to queue
[2025-03-28T11:37:08.694+0000] {logging_mixin.py:190} INFO - [2025-03-28T11:37:08.694+0000] {dagbag.py:588} INFO - Filling up the DagBag from /opt/airflow/dags/ssis.py
[2025-03-28T11:37:08.712+0000] {processor.py:925} INFO - DAG(s) 'ssis_sql_to_sql' retrieved from /opt/airflow/dags/ssis.py
[2025-03-28T11:37:08.738+0000] {logging_mixin.py:190} INFO - [2025-03-28T11:37:08.738+0000] {dag.py:3239} INFO - Sync 1 DAGs
[2025-03-28T11:37:08.763+0000] {logging_mixin.py:190} INFO - [2025-03-28T11:37:08.763+0000] {dag.py:4180} INFO - Setting next_dagrun for ssis_sql_to_sql to 2025-03-28 00:00:00+00:00, run_after=2025-03-29 00:00:00+00:00
[2025-03-28T11:37:08.784+0000] {processor.py:208} INFO - Processing /opt/airflow/dags/ssis.py took 0.099 seconds
[2025-03-28T11:37:39.334+0000] {processor.py:186} INFO - Started process (PID=163) to work on /opt/airflow/dags/ssis.py
[2025-03-28T11:37:39.335+0000] {processor.py:914} INFO - Processing file /opt/airflow/dags/ssis.py for tasks to queue
[2025-03-28T11:37:39.337+0000] {logging_mixin.py:190} INFO - [2025-03-28T11:37:39.337+0000] {dagbag.py:588} INFO - Filling up the DagBag from /opt/airflow/dags/ssis.py
[2025-03-28T11:37:39.358+0000] {processor.py:925} INFO - DAG(s) 'ssis_sql_to_sql' retrieved from /opt/airflow/dags/ssis.py
[2025-03-28T11:37:39.389+0000] {logging_mixin.py:190} INFO - [2025-03-28T11:37:39.388+0000] {dag.py:3239} INFO - Sync 1 DAGs
[2025-03-28T11:37:39.417+0000] {logging_mixin.py:190} INFO - [2025-03-28T11:37:39.417+0000] {dag.py:4180} INFO - Setting next_dagrun for ssis_sql_to_sql to 2025-03-28 00:00:00+00:00, run_after=2025-03-29 00:00:00+00:00
[2025-03-28T11:37:39.437+0000] {processor.py:208} INFO - Processing /opt/airflow/dags/ssis.py took 0.109 seconds
[2025-03-28T11:38:10.005+0000] {processor.py:186} INFO - Started process (PID=173) to work on /opt/airflow/dags/ssis.py
[2025-03-28T11:38:10.006+0000] {processor.py:914} INFO - Processing file /opt/airflow/dags/ssis.py for tasks to queue
[2025-03-28T11:38:10.009+0000] {logging_mixin.py:190} INFO - [2025-03-28T11:38:10.008+0000] {dagbag.py:588} INFO - Filling up the DagBag from /opt/airflow/dags/ssis.py
[2025-03-28T11:38:10.024+0000] {processor.py:925} INFO - DAG(s) 'ssis_sql_to_sql' retrieved from /opt/airflow/dags/ssis.py
[2025-03-28T11:38:10.048+0000] {logging_mixin.py:190} INFO - [2025-03-28T11:38:10.048+0000] {dag.py:3239} INFO - Sync 1 DAGs
[2025-03-28T11:38:10.072+0000] {logging_mixin.py:190} INFO - [2025-03-28T11:38:10.071+0000] {dag.py:4180} INFO - Setting next_dagrun for ssis_sql_to_sql to 2025-03-28 00:00:00+00:00, run_after=2025-03-29 00:00:00+00:00
[2025-03-28T11:38:10.093+0000] {processor.py:208} INFO - Processing /opt/airflow/dags/ssis.py took 0.093 seconds
[2025-03-28T11:38:40.697+0000] {processor.py:186} INFO - Started process (PID=183) to work on /opt/airflow/dags/ssis.py
[2025-03-28T11:38:40.698+0000] {processor.py:914} INFO - Processing file /opt/airflow/dags/ssis.py for tasks to queue
[2025-03-28T11:38:40.701+0000] {logging_mixin.py:190} INFO - [2025-03-28T11:38:40.700+0000] {dagbag.py:588} INFO - Filling up the DagBag from /opt/airflow/dags/ssis.py
[2025-03-28T11:38:40.718+0000] {processor.py:925} INFO - DAG(s) 'ssis_sql_to_sql' retrieved from /opt/airflow/dags/ssis.py
[2025-03-28T11:38:40.750+0000] {logging_mixin.py:190} INFO - [2025-03-28T11:38:40.750+0000] {dag.py:3239} INFO - Sync 1 DAGs
[2025-03-28T11:38:40.781+0000] {logging_mixin.py:190} INFO - [2025-03-28T11:38:40.781+0000] {dag.py:4180} INFO - Setting next_dagrun for ssis_sql_to_sql to 2025-03-28 00:00:00+00:00, run_after=2025-03-29 00:00:00+00:00
[2025-03-28T11:38:40.802+0000] {processor.py:208} INFO - Processing /opt/airflow/dags/ssis.py took 0.113 seconds
[2025-03-28T11:39:11.410+0000] {processor.py:186} INFO - Started process (PID=193) to work on /opt/airflow/dags/ssis.py
[2025-03-28T11:39:11.411+0000] {processor.py:914} INFO - Processing file /opt/airflow/dags/ssis.py for tasks to queue
[2025-03-28T11:39:11.413+0000] {logging_mixin.py:190} INFO - [2025-03-28T11:39:11.413+0000] {dagbag.py:588} INFO - Filling up the DagBag from /opt/airflow/dags/ssis.py
[2025-03-28T11:39:11.431+0000] {processor.py:925} INFO - DAG(s) 'ssis_sql_to_sql' retrieved from /opt/airflow/dags/ssis.py
[2025-03-28T11:39:11.457+0000] {logging_mixin.py:190} INFO - [2025-03-28T11:39:11.457+0000] {dag.py:3239} INFO - Sync 1 DAGs
[2025-03-28T11:39:11.483+0000] {logging_mixin.py:190} INFO - [2025-03-28T11:39:11.483+0000] {dag.py:4180} INFO - Setting next_dagrun for ssis_sql_to_sql to 2025-03-28 00:00:00+00:00, run_after=2025-03-29 00:00:00+00:00
[2025-03-28T11:39:11.503+0000] {processor.py:208} INFO - Processing /opt/airflow/dags/ssis.py took 0.100 seconds
[2025-03-28T11:39:42.076+0000] {processor.py:186} INFO - Started process (PID=203) to work on /opt/airflow/dags/ssis.py
[2025-03-28T11:39:42.077+0000] {processor.py:914} INFO - Processing file /opt/airflow/dags/ssis.py for tasks to queue
[2025-03-28T11:39:42.079+0000] {logging_mixin.py:190} INFO - [2025-03-28T11:39:42.079+0000] {dagbag.py:588} INFO - Filling up the DagBag from /opt/airflow/dags/ssis.py
[2025-03-28T11:39:42.096+0000] {processor.py:925} INFO - DAG(s) 'ssis_sql_to_sql' retrieved from /opt/airflow/dags/ssis.py
[2025-03-28T11:39:42.124+0000] {logging_mixin.py:190} INFO - [2025-03-28T11:39:42.124+0000] {dag.py:3239} INFO - Sync 1 DAGs
[2025-03-28T11:39:42.153+0000] {logging_mixin.py:190} INFO - [2025-03-28T11:39:42.153+0000] {dag.py:4180} INFO - Setting next_dagrun for ssis_sql_to_sql to 2025-03-28 00:00:00+00:00, run_after=2025-03-29 00:00:00+00:00
[2025-03-28T11:39:42.172+0000] {processor.py:208} INFO - Processing /opt/airflow/dags/ssis.py took 0.102 seconds
[2025-03-28T11:40:12.782+0000] {processor.py:186} INFO - Started process (PID=213) to work on /opt/airflow/dags/ssis.py
[2025-03-28T11:40:12.783+0000] {processor.py:914} INFO - Processing file /opt/airflow/dags/ssis.py for tasks to queue
[2025-03-28T11:40:12.786+0000] {logging_mixin.py:190} INFO - [2025-03-28T11:40:12.785+0000] {dagbag.py:588} INFO - Filling up the DagBag from /opt/airflow/dags/ssis.py
[2025-03-28T11:40:12.803+0000] {processor.py:925} INFO - DAG(s) 'ssis_sql_to_sql' retrieved from /opt/airflow/dags/ssis.py
[2025-03-28T11:40:12.828+0000] {logging_mixin.py:190} INFO - [2025-03-28T11:40:12.828+0000] {dag.py:3239} INFO - Sync 1 DAGs
[2025-03-28T11:40:12.862+0000] {logging_mixin.py:190} INFO - [2025-03-28T11:40:12.862+0000] {dag.py:4180} INFO - Setting next_dagrun for ssis_sql_to_sql to 2025-03-28 00:00:00+00:00, run_after=2025-03-29 00:00:00+00:00
[2025-03-28T11:40:12.888+0000] {processor.py:208} INFO - Processing /opt/airflow/dags/ssis.py took 0.112 seconds
[2025-03-28T11:40:43.496+0000] {processor.py:186} INFO - Started process (PID=223) to work on /opt/airflow/dags/ssis.py
[2025-03-28T11:40:43.496+0000] {processor.py:914} INFO - Processing file /opt/airflow/dags/ssis.py for tasks to queue
[2025-03-28T11:40:43.499+0000] {logging_mixin.py:190} INFO - [2025-03-28T11:40:43.499+0000] {dagbag.py:588} INFO - Filling up the DagBag from /opt/airflow/dags/ssis.py
[2025-03-28T11:40:43.514+0000] {processor.py:925} INFO - DAG(s) 'ssis_sql_to_sql' retrieved from /opt/airflow/dags/ssis.py
[2025-03-28T11:40:43.541+0000] {logging_mixin.py:190} INFO - [2025-03-28T11:40:43.541+0000] {dag.py:3239} INFO - Sync 1 DAGs
[2025-03-28T11:40:43.571+0000] {logging_mixin.py:190} INFO - [2025-03-28T11:40:43.571+0000] {dag.py:4180} INFO - Setting next_dagrun for ssis_sql_to_sql to 2025-03-28 00:00:00+00:00, run_after=2025-03-29 00:00:00+00:00
[2025-03-28T11:40:43.595+0000] {processor.py:208} INFO - Processing /opt/airflow/dags/ssis.py took 0.107 seconds
[2025-03-28T11:41:14.176+0000] {processor.py:186} INFO - Started process (PID=233) to work on /opt/airflow/dags/ssis.py
[2025-03-28T11:41:14.177+0000] {processor.py:914} INFO - Processing file /opt/airflow/dags/ssis.py for tasks to queue
[2025-03-28T11:41:14.179+0000] {logging_mixin.py:190} INFO - [2025-03-28T11:41:14.179+0000] {dagbag.py:588} INFO - Filling up the DagBag from /opt/airflow/dags/ssis.py
[2025-03-28T11:41:14.197+0000] {processor.py:925} INFO - DAG(s) 'ssis_sql_to_sql' retrieved from /opt/airflow/dags/ssis.py
[2025-03-28T11:41:14.221+0000] {logging_mixin.py:190} INFO - [2025-03-28T11:41:14.221+0000] {dag.py:3239} INFO - Sync 1 DAGs
[2025-03-28T11:41:14.249+0000] {logging_mixin.py:190} INFO - [2025-03-28T11:41:14.249+0000] {dag.py:4180} INFO - Setting next_dagrun for ssis_sql_to_sql to 2025-03-28 00:00:00+00:00, run_after=2025-03-29 00:00:00+00:00
[2025-03-28T11:41:14.271+0000] {processor.py:208} INFO - Processing /opt/airflow/dags/ssis.py took 0.101 seconds
[2025-03-28T11:41:44.896+0000] {processor.py:186} INFO - Started process (PID=243) to work on /opt/airflow/dags/ssis.py
[2025-03-28T11:41:44.897+0000] {processor.py:914} INFO - Processing file /opt/airflow/dags/ssis.py for tasks to queue
[2025-03-28T11:41:44.900+0000] {logging_mixin.py:190} INFO - [2025-03-28T11:41:44.899+0000] {dagbag.py:588} INFO - Filling up the DagBag from /opt/airflow/dags/ssis.py
[2025-03-28T11:41:44.918+0000] {processor.py:925} INFO - DAG(s) 'ssis_sql_to_sql' retrieved from /opt/airflow/dags/ssis.py
[2025-03-28T11:41:44.949+0000] {logging_mixin.py:190} INFO - [2025-03-28T11:41:44.949+0000] {dag.py:3239} INFO - Sync 1 DAGs
[2025-03-28T11:41:44.979+0000] {logging_mixin.py:190} INFO - [2025-03-28T11:41:44.979+0000] {dag.py:4180} INFO - Setting next_dagrun for ssis_sql_to_sql to 2025-03-28 00:00:00+00:00, run_after=2025-03-29 00:00:00+00:00
[2025-03-28T11:41:45.000+0000] {processor.py:208} INFO - Processing /opt/airflow/dags/ssis.py took 0.110 seconds
[2025-03-28T11:42:15.534+0000] {processor.py:186} INFO - Started process (PID=253) to work on /opt/airflow/dags/ssis.py
[2025-03-28T11:42:15.535+0000] {processor.py:914} INFO - Processing file /opt/airflow/dags/ssis.py for tasks to queue
[2025-03-28T11:42:15.537+0000] {logging_mixin.py:190} INFO - [2025-03-28T11:42:15.537+0000] {dagbag.py:588} INFO - Filling up the DagBag from /opt/airflow/dags/ssis.py
[2025-03-28T11:42:15.553+0000] {processor.py:925} INFO - DAG(s) 'ssis_sql_to_sql' retrieved from /opt/airflow/dags/ssis.py
[2025-03-28T11:42:15.581+0000] {logging_mixin.py:190} INFO - [2025-03-28T11:42:15.581+0000] {dag.py:3239} INFO - Sync 1 DAGs
[2025-03-28T11:42:15.611+0000] {logging_mixin.py:190} INFO - [2025-03-28T11:42:15.611+0000] {dag.py:4180} INFO - Setting next_dagrun for ssis_sql_to_sql to 2025-03-28 00:00:00+00:00, run_after=2025-03-29 00:00:00+00:00
[2025-03-28T11:42:15.634+0000] {processor.py:208} INFO - Processing /opt/airflow/dags/ssis.py took 0.106 seconds
[2025-03-28T11:42:46.489+0000] {processor.py:186} INFO - Started process (PID=263) to work on /opt/airflow/dags/ssis.py
[2025-03-28T11:42:46.490+0000] {processor.py:914} INFO - Processing file /opt/airflow/dags/ssis.py for tasks to queue
[2025-03-28T11:42:46.493+0000] {logging_mixin.py:190} INFO - [2025-03-28T11:42:46.493+0000] {dagbag.py:588} INFO - Filling up the DagBag from /opt/airflow/dags/ssis.py
[2025-03-28T11:42:46.510+0000] {processor.py:925} INFO - DAG(s) 'ssis_sql_to_sql' retrieved from /opt/airflow/dags/ssis.py
[2025-03-28T11:42:46.534+0000] {logging_mixin.py:190} INFO - [2025-03-28T11:42:46.534+0000] {dag.py:3239} INFO - Sync 1 DAGs
[2025-03-28T11:42:46.559+0000] {logging_mixin.py:190} INFO - [2025-03-28T11:42:46.559+0000] {dag.py:4180} INFO - Setting next_dagrun for ssis_sql_to_sql to 2025-03-28 00:00:00+00:00, run_after=2025-03-29 00:00:00+00:00
[2025-03-28T11:42:46.578+0000] {processor.py:208} INFO - Processing /opt/airflow/dags/ssis.py took 0.095 seconds
[2025-03-28T11:43:17.106+0000] {processor.py:186} INFO - Started process (PID=274) to work on /opt/airflow/dags/ssis.py
[2025-03-28T11:43:17.106+0000] {processor.py:914} INFO - Processing file /opt/airflow/dags/ssis.py for tasks to queue
[2025-03-28T11:43:17.109+0000] {logging_mixin.py:190} INFO - [2025-03-28T11:43:17.108+0000] {dagbag.py:588} INFO - Filling up the DagBag from /opt/airflow/dags/ssis.py
[2025-03-28T11:43:17.124+0000] {processor.py:925} INFO - DAG(s) 'ssis_sql_to_sql' retrieved from /opt/airflow/dags/ssis.py
[2025-03-28T11:43:17.149+0000] {logging_mixin.py:190} INFO - [2025-03-28T11:43:17.149+0000] {dag.py:3239} INFO - Sync 1 DAGs
[2025-03-28T11:43:17.175+0000] {logging_mixin.py:190} INFO - [2025-03-28T11:43:17.175+0000] {dag.py:4180} INFO - Setting next_dagrun for ssis_sql_to_sql to 2025-03-28 00:00:00+00:00, run_after=2025-03-29 00:00:00+00:00
[2025-03-28T11:43:17.199+0000] {processor.py:208} INFO - Processing /opt/airflow/dags/ssis.py took 0.099 seconds
[2025-03-28T11:46:13.982+0000] {processor.py:186} INFO - Started process (PID=69) to work on /opt/airflow/dags/ssis.py
[2025-03-28T11:46:13.994+0000] {processor.py:914} INFO - Processing file /opt/airflow/dags/ssis.py for tasks to queue
[2025-03-28T11:46:14.016+0000] {logging_mixin.py:190} INFO - [2025-03-28T11:46:14.014+0000] {dagbag.py:588} INFO - Filling up the DagBag from /opt/airflow/dags/ssis.py
[2025-03-28T11:46:14.076+0000] {logging_mixin.py:190} INFO - [2025-03-28T11:46:14.067+0000] {dagbag.py:387} ERROR - Failed to import: /opt/airflow/dags/ssis.py
Traceback (most recent call last):
  File "/home/airflow/.local/lib/python3.12/site-packages/airflow/models/dagbag.py", line 383, in parse
    loader.exec_module(new_module)
  File "<frozen importlib._bootstrap_external>", line 999, in exec_module
  File "<frozen importlib._bootstrap>", line 488, in _call_with_frames_removed
  File "/opt/airflow/dags/ssis.py", line 25, in <module>
    from airflow.providers.microsoft.winrm.operators.winrm import WinRMOperator
ModuleNotFoundError: No module named 'airflow.providers.microsoft.winrm'
[2025-03-28T11:46:14.080+0000] {processor.py:927} WARNING - No viable dags retrieved from /opt/airflow/dags/ssis.py
[2025-03-28T11:46:14.282+0000] {processor.py:208} INFO - Processing /opt/airflow/dags/ssis.py took 0.377 seconds
[2025-03-28T11:46:44.431+0000] {processor.py:186} INFO - Started process (PID=79) to work on /opt/airflow/dags/ssis.py
[2025-03-28T11:46:44.524+0000] {processor.py:914} INFO - Processing file /opt/airflow/dags/ssis.py for tasks to queue
[2025-03-28T11:46:44.529+0000] {logging_mixin.py:190} INFO - [2025-03-28T11:46:44.528+0000] {dagbag.py:588} INFO - Filling up the DagBag from /opt/airflow/dags/ssis.py
[2025-03-28T11:46:44.553+0000] {logging_mixin.py:190} INFO - [2025-03-28T11:46:44.549+0000] {dagbag.py:387} ERROR - Failed to import: /opt/airflow/dags/ssis.py
Traceback (most recent call last):
  File "/home/airflow/.local/lib/python3.12/site-packages/airflow/models/dagbag.py", line 383, in parse
    loader.exec_module(new_module)
  File "<frozen importlib._bootstrap_external>", line 999, in exec_module
  File "<frozen importlib._bootstrap>", line 488, in _call_with_frames_removed
  File "/opt/airflow/dags/ssis.py", line 25, in <module>
    from airflow.providers.microsoft.winrm.operators.winrm import WinRMOperator
ModuleNotFoundError: No module named 'airflow.providers.microsoft.winrm'
[2025-03-28T11:46:44.554+0000] {processor.py:927} WARNING - No viable dags retrieved from /opt/airflow/dags/ssis.py
[2025-03-28T11:46:44.583+0000] {processor.py:208} INFO - Processing /opt/airflow/dags/ssis.py took 0.161 seconds
[2025-03-28T11:47:15.523+0000] {processor.py:186} INFO - Started process (PID=89) to work on /opt/airflow/dags/ssis.py
[2025-03-28T11:47:15.524+0000] {processor.py:914} INFO - Processing file /opt/airflow/dags/ssis.py for tasks to queue
[2025-03-28T11:47:15.526+0000] {logging_mixin.py:190} INFO - [2025-03-28T11:47:15.526+0000] {dagbag.py:588} INFO - Filling up the DagBag from /opt/airflow/dags/ssis.py
[2025-03-28T11:47:15.554+0000] {logging_mixin.py:190} INFO - [2025-03-28T11:47:15.549+0000] {dagbag.py:387} ERROR - Failed to import: /opt/airflow/dags/ssis.py
Traceback (most recent call last):
  File "/home/airflow/.local/lib/python3.12/site-packages/airflow/models/dagbag.py", line 383, in parse
    loader.exec_module(new_module)
  File "<frozen importlib._bootstrap_external>", line 999, in exec_module
  File "<frozen importlib._bootstrap>", line 488, in _call_with_frames_removed
  File "/opt/airflow/dags/ssis.py", line 25, in <module>
    from airflow.providers.microsoft.winrm.operators.winrm import WinRMOperator
ModuleNotFoundError: No module named 'airflow.providers.microsoft.winrm'
[2025-03-28T11:47:15.555+0000] {processor.py:927} WARNING - No viable dags retrieved from /opt/airflow/dags/ssis.py
[2025-03-28T11:47:15.580+0000] {processor.py:208} INFO - Processing /opt/airflow/dags/ssis.py took 0.068 seconds
[2025-03-28T11:47:46.256+0000] {processor.py:186} INFO - Started process (PID=99) to work on /opt/airflow/dags/ssis.py
[2025-03-28T11:47:46.257+0000] {processor.py:914} INFO - Processing file /opt/airflow/dags/ssis.py for tasks to queue
[2025-03-28T11:47:46.258+0000] {logging_mixin.py:190} INFO - [2025-03-28T11:47:46.258+0000] {dagbag.py:588} INFO - Filling up the DagBag from /opt/airflow/dags/ssis.py
[2025-03-28T11:47:46.275+0000] {logging_mixin.py:190} INFO - [2025-03-28T11:47:46.271+0000] {dagbag.py:387} ERROR - Failed to import: /opt/airflow/dags/ssis.py
Traceback (most recent call last):
  File "/home/airflow/.local/lib/python3.12/site-packages/airflow/models/dagbag.py", line 383, in parse
    loader.exec_module(new_module)
  File "<frozen importlib._bootstrap_external>", line 999, in exec_module
  File "<frozen importlib._bootstrap>", line 488, in _call_with_frames_removed
  File "/opt/airflow/dags/ssis.py", line 25, in <module>
    from airflow.providers.microsoft.winrm.operators.winrm import WinRMOperator
ModuleNotFoundError: No module named 'airflow.providers.microsoft.winrm'
[2025-03-28T11:47:46.276+0000] {processor.py:927} WARNING - No viable dags retrieved from /opt/airflow/dags/ssis.py
[2025-03-28T11:47:46.296+0000] {processor.py:208} INFO - Processing /opt/airflow/dags/ssis.py took 0.048 seconds
[2025-03-28T11:48:16.970+0000] {processor.py:186} INFO - Started process (PID=109) to work on /opt/airflow/dags/ssis.py
[2025-03-28T11:48:16.971+0000] {processor.py:914} INFO - Processing file /opt/airflow/dags/ssis.py for tasks to queue
[2025-03-28T11:48:16.973+0000] {logging_mixin.py:190} INFO - [2025-03-28T11:48:16.972+0000] {dagbag.py:588} INFO - Filling up the DagBag from /opt/airflow/dags/ssis.py
[2025-03-28T11:48:16.993+0000] {logging_mixin.py:190} INFO - [2025-03-28T11:48:16.989+0000] {dagbag.py:387} ERROR - Failed to import: /opt/airflow/dags/ssis.py
Traceback (most recent call last):
  File "/home/airflow/.local/lib/python3.12/site-packages/airflow/models/dagbag.py", line 383, in parse
    loader.exec_module(new_module)
  File "<frozen importlib._bootstrap_external>", line 999, in exec_module
  File "<frozen importlib._bootstrap>", line 488, in _call_with_frames_removed
  File "/opt/airflow/dags/ssis.py", line 25, in <module>
    from airflow.providers.microsoft.winrm.operators.winrm import WinRMOperator
ModuleNotFoundError: No module named 'airflow.providers.microsoft.winrm'
[2025-03-28T11:48:16.994+0000] {processor.py:927} WARNING - No viable dags retrieved from /opt/airflow/dags/ssis.py
[2025-03-28T11:48:17.020+0000] {processor.py:208} INFO - Processing /opt/airflow/dags/ssis.py took 0.057 seconds
[2025-03-28T11:48:47.722+0000] {processor.py:186} INFO - Started process (PID=119) to work on /opt/airflow/dags/ssis.py
[2025-03-28T11:48:47.724+0000] {processor.py:914} INFO - Processing file /opt/airflow/dags/ssis.py for tasks to queue
[2025-03-28T11:48:47.726+0000] {logging_mixin.py:190} INFO - [2025-03-28T11:48:47.725+0000] {dagbag.py:588} INFO - Filling up the DagBag from /opt/airflow/dags/ssis.py
[2025-03-28T11:48:47.748+0000] {logging_mixin.py:190} INFO - [2025-03-28T11:48:47.744+0000] {dagbag.py:387} ERROR - Failed to import: /opt/airflow/dags/ssis.py
Traceback (most recent call last):
  File "/home/airflow/.local/lib/python3.12/site-packages/airflow/models/dagbag.py", line 383, in parse
    loader.exec_module(new_module)
  File "<frozen importlib._bootstrap_external>", line 999, in exec_module
  File "<frozen importlib._bootstrap>", line 488, in _call_with_frames_removed
  File "/opt/airflow/dags/ssis.py", line 25, in <module>
    from airflow.providers.microsoft.winrm.operators.winrm import WinRMOperator
ModuleNotFoundError: No module named 'airflow.providers.microsoft.winrm'
[2025-03-28T11:48:47.750+0000] {processor.py:927} WARNING - No viable dags retrieved from /opt/airflow/dags/ssis.py
[2025-03-28T11:48:47.779+0000] {processor.py:208} INFO - Processing /opt/airflow/dags/ssis.py took 0.065 seconds
[2025-03-28T11:49:17.813+0000] {processor.py:186} INFO - Started process (PID=129) to work on /opt/airflow/dags/ssis.py
[2025-03-28T11:49:17.814+0000] {processor.py:914} INFO - Processing file /opt/airflow/dags/ssis.py for tasks to queue
[2025-03-28T11:49:17.816+0000] {logging_mixin.py:190} INFO - [2025-03-28T11:49:17.815+0000] {dagbag.py:588} INFO - Filling up the DagBag from /opt/airflow/dags/ssis.py
[2025-03-28T11:49:17.830+0000] {logging_mixin.py:190} INFO - [2025-03-28T11:49:17.828+0000] {dagbag.py:387} ERROR - Failed to import: /opt/airflow/dags/ssis.py
Traceback (most recent call last):
  File "/home/airflow/.local/lib/python3.12/site-packages/airflow/models/dagbag.py", line 383, in parse
    loader.exec_module(new_module)
  File "<frozen importlib._bootstrap_external>", line 999, in exec_module
  File "<frozen importlib._bootstrap>", line 488, in _call_with_frames_removed
  File "/opt/airflow/dags/ssis.py", line 25, in <module>
    from airflow.providers.microsoft.winrm.operators.winrm import WinRMOperator
ModuleNotFoundError: No module named 'airflow.providers.microsoft.winrm'
[2025-03-28T11:49:17.831+0000] {processor.py:927} WARNING - No viable dags retrieved from /opt/airflow/dags/ssis.py
[2025-03-28T11:49:17.851+0000] {processor.py:208} INFO - Processing /opt/airflow/dags/ssis.py took 0.044 seconds
[2025-03-28T11:49:48.618+0000] {processor.py:186} INFO - Started process (PID=139) to work on /opt/airflow/dags/ssis.py
[2025-03-28T11:49:48.619+0000] {processor.py:914} INFO - Processing file /opt/airflow/dags/ssis.py for tasks to queue
[2025-03-28T11:49:48.621+0000] {logging_mixin.py:190} INFO - [2025-03-28T11:49:48.620+0000] {dagbag.py:588} INFO - Filling up the DagBag from /opt/airflow/dags/ssis.py
[2025-03-28T11:49:48.638+0000] {logging_mixin.py:190} INFO - [2025-03-28T11:49:48.634+0000] {dagbag.py:387} ERROR - Failed to import: /opt/airflow/dags/ssis.py
Traceback (most recent call last):
  File "/home/airflow/.local/lib/python3.12/site-packages/airflow/models/dagbag.py", line 383, in parse
    loader.exec_module(new_module)
  File "<frozen importlib._bootstrap_external>", line 999, in exec_module
  File "<frozen importlib._bootstrap>", line 488, in _call_with_frames_removed
  File "/opt/airflow/dags/ssis.py", line 25, in <module>
    from airflow.providers.microsoft.winrm.operators.winrm import WinRMOperator
ModuleNotFoundError: No module named 'airflow.providers.microsoft.winrm'
[2025-03-28T11:49:48.639+0000] {processor.py:927} WARNING - No viable dags retrieved from /opt/airflow/dags/ssis.py
[2025-03-28T11:49:48.658+0000] {processor.py:208} INFO - Processing /opt/airflow/dags/ssis.py took 0.045 seconds
[2025-03-28T11:50:19.353+0000] {processor.py:186} INFO - Started process (PID=149) to work on /opt/airflow/dags/ssis.py
[2025-03-28T11:50:19.354+0000] {processor.py:914} INFO - Processing file /opt/airflow/dags/ssis.py for tasks to queue
[2025-03-28T11:50:19.355+0000] {logging_mixin.py:190} INFO - [2025-03-28T11:50:19.355+0000] {dagbag.py:588} INFO - Filling up the DagBag from /opt/airflow/dags/ssis.py
[2025-03-28T11:50:19.372+0000] {logging_mixin.py:190} INFO - [2025-03-28T11:50:19.368+0000] {dagbag.py:387} ERROR - Failed to import: /opt/airflow/dags/ssis.py
Traceback (most recent call last):
  File "/home/airflow/.local/lib/python3.12/site-packages/airflow/models/dagbag.py", line 383, in parse
    loader.exec_module(new_module)
  File "<frozen importlib._bootstrap_external>", line 999, in exec_module
  File "<frozen importlib._bootstrap>", line 488, in _call_with_frames_removed
  File "/opt/airflow/dags/ssis.py", line 25, in <module>
    from airflow.providers.microsoft.winrm.operators.winrm import WinRMOperator
ModuleNotFoundError: No module named 'airflow.providers.microsoft.winrm'
[2025-03-28T11:50:19.373+0000] {processor.py:927} WARNING - No viable dags retrieved from /opt/airflow/dags/ssis.py
[2025-03-28T11:50:19.390+0000] {processor.py:208} INFO - Processing /opt/airflow/dags/ssis.py took 0.044 seconds
[2025-03-28T11:50:49.970+0000] {processor.py:186} INFO - Started process (PID=159) to work on /opt/airflow/dags/ssis.py
[2025-03-28T11:50:49.972+0000] {processor.py:914} INFO - Processing file /opt/airflow/dags/ssis.py for tasks to queue
[2025-03-28T11:50:49.973+0000] {logging_mixin.py:190} INFO - [2025-03-28T11:50:49.973+0000] {dagbag.py:588} INFO - Filling up the DagBag from /opt/airflow/dags/ssis.py
[2025-03-28T11:50:49.989+0000] {logging_mixin.py:190} INFO - [2025-03-28T11:50:49.985+0000] {dagbag.py:387} ERROR - Failed to import: /opt/airflow/dags/ssis.py
Traceback (most recent call last):
  File "/home/airflow/.local/lib/python3.12/site-packages/airflow/models/dagbag.py", line 383, in parse
    loader.exec_module(new_module)
  File "<frozen importlib._bootstrap_external>", line 999, in exec_module
  File "<frozen importlib._bootstrap>", line 488, in _call_with_frames_removed
  File "/opt/airflow/dags/ssis.py", line 25, in <module>
    from airflow.providers.microsoft.winrm.operators.winrm import WinRMOperator
ModuleNotFoundError: No module named 'airflow.providers.microsoft.winrm'
[2025-03-28T11:50:49.990+0000] {processor.py:927} WARNING - No viable dags retrieved from /opt/airflow/dags/ssis.py
[2025-03-28T11:50:50.009+0000] {processor.py:208} INFO - Processing /opt/airflow/dags/ssis.py took 0.046 seconds
[2025-03-28T11:51:13.598+0000] {processor.py:186} INFO - Started process (PID=169) to work on /opt/airflow/dags/ssis.py
[2025-03-28T11:51:13.599+0000] {processor.py:914} INFO - Processing file /opt/airflow/dags/ssis.py for tasks to queue
[2025-03-28T11:51:13.601+0000] {logging_mixin.py:190} INFO - [2025-03-28T11:51:13.600+0000] {dagbag.py:588} INFO - Filling up the DagBag from /opt/airflow/dags/ssis.py
[2025-03-28T11:51:13.631+0000] {logging_mixin.py:190} INFO - [2025-03-28T11:51:13.627+0000] {dagbag.py:387} ERROR - Failed to import: /opt/airflow/dags/ssis.py
Traceback (most recent call last):
  File "/home/airflow/.local/lib/python3.12/site-packages/airflow/models/dagbag.py", line 383, in parse
    loader.exec_module(new_module)
  File "<frozen importlib._bootstrap_external>", line 999, in exec_module
  File "<frozen importlib._bootstrap>", line 488, in _call_with_frames_removed
  File "/opt/airflow/dags/ssis.py", line 25, in <module>
    from airflow.providers.microsoft.winrm.operators.winrm import WinRMOperator
ModuleNotFoundError: No module named 'airflow.providers.microsoft.winrm'
[2025-03-28T11:51:13.632+0000] {processor.py:927} WARNING - No viable dags retrieved from /opt/airflow/dags/ssis.py
[2025-03-28T11:51:13.686+0000] {processor.py:208} INFO - Processing /opt/airflow/dags/ssis.py took 0.096 seconds
[2025-03-28T11:51:44.338+0000] {processor.py:186} INFO - Started process (PID=179) to work on /opt/airflow/dags/ssis.py
[2025-03-28T11:51:44.339+0000] {processor.py:914} INFO - Processing file /opt/airflow/dags/ssis.py for tasks to queue
[2025-03-28T11:51:44.340+0000] {logging_mixin.py:190} INFO - [2025-03-28T11:51:44.340+0000] {dagbag.py:588} INFO - Filling up the DagBag from /opt/airflow/dags/ssis.py
[2025-03-28T11:51:44.354+0000] {logging_mixin.py:190} INFO - [2025-03-28T11:51:44.351+0000] {dagbag.py:387} ERROR - Failed to import: /opt/airflow/dags/ssis.py
Traceback (most recent call last):
  File "/home/airflow/.local/lib/python3.12/site-packages/airflow/models/dagbag.py", line 383, in parse
    loader.exec_module(new_module)
  File "<frozen importlib._bootstrap_external>", line 999, in exec_module
  File "<frozen importlib._bootstrap>", line 488, in _call_with_frames_removed
  File "/opt/airflow/dags/ssis.py", line 25, in <module>
    from airflow.providers.microsoft.winrm.operators.winrm import WinRMOperator
ModuleNotFoundError: No module named 'airflow.providers.microsoft.winrm'
[2025-03-28T11:51:44.355+0000] {processor.py:927} WARNING - No viable dags retrieved from /opt/airflow/dags/ssis.py
[2025-03-28T11:51:44.378+0000] {processor.py:208} INFO - Processing /opt/airflow/dags/ssis.py took 0.046 seconds
[2025-03-28T11:52:15.103+0000] {processor.py:186} INFO - Started process (PID=189) to work on /opt/airflow/dags/ssis.py
[2025-03-28T11:52:15.104+0000] {processor.py:914} INFO - Processing file /opt/airflow/dags/ssis.py for tasks to queue
[2025-03-28T11:52:15.106+0000] {logging_mixin.py:190} INFO - [2025-03-28T11:52:15.106+0000] {dagbag.py:588} INFO - Filling up the DagBag from /opt/airflow/dags/ssis.py
[2025-03-28T11:52:15.127+0000] {logging_mixin.py:190} INFO - [2025-03-28T11:52:15.122+0000] {dagbag.py:387} ERROR - Failed to import: /opt/airflow/dags/ssis.py
Traceback (most recent call last):
  File "/home/airflow/.local/lib/python3.12/site-packages/airflow/models/dagbag.py", line 383, in parse
    loader.exec_module(new_module)
  File "<frozen importlib._bootstrap_external>", line 999, in exec_module
  File "<frozen importlib._bootstrap>", line 488, in _call_with_frames_removed
  File "/opt/airflow/dags/ssis.py", line 25, in <module>
    from airflow.providers.microsoft.winrm.operators.winrm import WinRMOperator
ModuleNotFoundError: No module named 'airflow.providers.microsoft.winrm'
[2025-03-28T11:52:15.128+0000] {processor.py:927} WARNING - No viable dags retrieved from /opt/airflow/dags/ssis.py
[2025-03-28T11:52:15.148+0000] {processor.py:208} INFO - Processing /opt/airflow/dags/ssis.py took 0.051 seconds
[2025-03-28T11:52:45.778+0000] {processor.py:186} INFO - Started process (PID=199) to work on /opt/airflow/dags/ssis.py
[2025-03-28T11:52:45.779+0000] {processor.py:914} INFO - Processing file /opt/airflow/dags/ssis.py for tasks to queue
[2025-03-28T11:52:45.780+0000] {logging_mixin.py:190} INFO - [2025-03-28T11:52:45.780+0000] {dagbag.py:588} INFO - Filling up the DagBag from /opt/airflow/dags/ssis.py
[2025-03-28T11:52:45.796+0000] {logging_mixin.py:190} INFO - [2025-03-28T11:52:45.792+0000] {dagbag.py:387} ERROR - Failed to import: /opt/airflow/dags/ssis.py
Traceback (most recent call last):
  File "/home/airflow/.local/lib/python3.12/site-packages/airflow/models/dagbag.py", line 383, in parse
    loader.exec_module(new_module)
  File "<frozen importlib._bootstrap_external>", line 999, in exec_module
  File "<frozen importlib._bootstrap>", line 488, in _call_with_frames_removed
  File "/opt/airflow/dags/ssis.py", line 25, in <module>
    from airflow.providers.microsoft.winrm.operators.winrm import WinRMOperator
ModuleNotFoundError: No module named 'airflow.providers.microsoft.winrm'
[2025-03-28T11:52:45.798+0000] {processor.py:927} WARNING - No viable dags retrieved from /opt/airflow/dags/ssis.py
[2025-03-28T11:52:45.818+0000] {processor.py:208} INFO - Processing /opt/airflow/dags/ssis.py took 0.046 seconds
[2025-03-28T12:07:17.032+0000] {processor.py:186} INFO - Started process (PID=209) to work on /opt/airflow/dags/ssis.py
[2025-03-28T12:07:17.050+0000] {processor.py:914} INFO - Processing file /opt/airflow/dags/ssis.py for tasks to queue
[2025-03-28T12:07:17.056+0000] {logging_mixin.py:190} INFO - [2025-03-28T12:07:17.054+0000] {dagbag.py:588} INFO - Filling up the DagBag from /opt/airflow/dags/ssis.py
[2025-03-28T12:07:17.460+0000] {logging_mixin.py:190} INFO - [2025-03-28T12:07:17.316+0000] {dagbag.py:387} ERROR - Failed to import: /opt/airflow/dags/ssis.py
Traceback (most recent call last):
  File "/home/airflow/.local/lib/python3.12/site-packages/airflow/models/dagbag.py", line 383, in parse
    loader.exec_module(new_module)
  File "<frozen importlib._bootstrap_external>", line 999, in exec_module
  File "<frozen importlib._bootstrap>", line 488, in _call_with_frames_removed
  File "/opt/airflow/dags/ssis.py", line 25, in <module>
    from airflow.providers.microsoft.winrm.operators.winrm import WinRMOperator
ModuleNotFoundError: No module named 'airflow.providers.microsoft.winrm'
[2025-03-28T12:07:17.477+0000] {processor.py:927} WARNING - No viable dags retrieved from /opt/airflow/dags/ssis.py
[2025-03-28T12:07:17.729+0000] {processor.py:208} INFO - Processing /opt/airflow/dags/ssis.py took 0.762 seconds
