[2025-03-28T11:17:39.938+0000] {processor.py:186} INFO - Started process (PID=84) to work on /opt/airflow/dags/task.py
[2025-03-28T11:17:39.951+0000] {processor.py:914} INFO - Processing file /opt/airflow/dags/task.py for tasks to queue
[2025-03-28T11:17:39.986+0000] {logging_mixin.py:190} INFO - [2025-03-28T11:17:39.982+0000] {dagbag.py:588} INFO - Filling up the DagBag from /opt/airflow/dags/task.py
[2025-03-28T11:17:40.092+0000] {processor.py:925} INFO - DAG(s) 'my_first_dag' retrieved from /opt/airflow/dags/task.py
[2025-03-28T11:17:40.283+0000] {logging_mixin.py:190} INFO - [2025-03-28T11:17:40.282+0000] {dag.py:3239} INFO - Sync 1 DAGs
[2025-03-28T11:17:40.342+0000] {logging_mixin.py:190} INFO - [2025-03-28T11:17:40.342+0000] {dag.py:4180} INFO - Setting next_dagrun for my_first_dag to 2025-03-28 00:00:00+00:00, run_after=2025-03-29 00:00:00+00:00
[2025-03-28T11:17:40.389+0000] {processor.py:208} INFO - Processing /opt/airflow/dags/task.py took 0.493 seconds
[2025-03-28T11:18:11.082+0000] {processor.py:186} INFO - Started process (PID=108) to work on /opt/airflow/dags/task.py
[2025-03-28T11:18:11.113+0000] {processor.py:914} INFO - Processing file /opt/airflow/dags/task.py for tasks to queue
[2025-03-28T11:18:11.119+0000] {logging_mixin.py:190} INFO - [2025-03-28T11:18:11.118+0000] {dagbag.py:588} INFO - Filling up the DagBag from /opt/airflow/dags/task.py
[2025-03-28T11:18:11.154+0000] {processor.py:925} INFO - DAG(s) 'my_first_dag' retrieved from /opt/airflow/dags/task.py
[2025-03-28T11:18:11.235+0000] {logging_mixin.py:190} INFO - [2025-03-28T11:18:11.234+0000] {dag.py:3239} INFO - Sync 1 DAGs
[2025-03-28T11:18:11.293+0000] {logging_mixin.py:190} INFO - [2025-03-28T11:18:11.292+0000] {dag.py:4180} INFO - Setting next_dagrun for my_first_dag to 2025-03-28 00:00:00+00:00, run_after=2025-03-29 00:00:00+00:00
[2025-03-28T11:18:11.335+0000] {processor.py:208} INFO - Processing /opt/airflow/dags/task.py took 0.265 seconds
[2025-03-28T11:18:41.440+0000] {processor.py:186} INFO - Started process (PID=118) to work on /opt/airflow/dags/task.py
[2025-03-28T11:18:41.440+0000] {processor.py:914} INFO - Processing file /opt/airflow/dags/task.py for tasks to queue
[2025-03-28T11:18:41.442+0000] {logging_mixin.py:190} INFO - [2025-03-28T11:18:41.441+0000] {dagbag.py:588} INFO - Filling up the DagBag from /opt/airflow/dags/task.py
[2025-03-28T11:18:41.466+0000] {processor.py:925} INFO - DAG(s) 'my_first_dag' retrieved from /opt/airflow/dags/task.py
[2025-03-28T11:18:41.495+0000] {logging_mixin.py:190} INFO - [2025-03-28T11:18:41.495+0000] {dag.py:3239} INFO - Sync 1 DAGs
[2025-03-28T11:18:41.526+0000] {logging_mixin.py:190} INFO - [2025-03-28T11:18:41.525+0000] {dag.py:4180} INFO - Setting next_dagrun for my_first_dag to 2025-03-28 00:00:00+00:00, run_after=2025-03-29 00:00:00+00:00
[2025-03-28T11:18:41.548+0000] {processor.py:208} INFO - Processing /opt/airflow/dags/task.py took 0.114 seconds
[2025-03-28T11:19:12.565+0000] {processor.py:186} INFO - Started process (PID=128) to work on /opt/airflow/dags/task.py
[2025-03-28T11:19:12.565+0000] {processor.py:914} INFO - Processing file /opt/airflow/dags/task.py for tasks to queue
[2025-03-28T11:19:12.566+0000] {logging_mixin.py:190} INFO - [2025-03-28T11:19:12.566+0000] {dagbag.py:588} INFO - Filling up the DagBag from /opt/airflow/dags/task.py
[2025-03-28T11:19:12.588+0000] {processor.py:925} INFO - DAG(s) 'my_first_dag' retrieved from /opt/airflow/dags/task.py
[2025-03-28T11:19:12.617+0000] {logging_mixin.py:190} INFO - [2025-03-28T11:19:12.617+0000] {dag.py:3239} INFO - Sync 1 DAGs
[2025-03-28T11:19:12.641+0000] {logging_mixin.py:190} INFO - [2025-03-28T11:19:12.640+0000] {dag.py:4180} INFO - Setting next_dagrun for my_first_dag to 2025-03-28 00:00:00+00:00, run_after=2025-03-29 00:00:00+00:00
[2025-03-28T11:19:12.660+0000] {processor.py:208} INFO - Processing /opt/airflow/dags/task.py took 0.101 seconds
[2025-03-28T11:19:43.650+0000] {processor.py:186} INFO - Started process (PID=142) to work on /opt/airflow/dags/task.py
[2025-03-28T11:19:43.651+0000] {processor.py:914} INFO - Processing file /opt/airflow/dags/task.py for tasks to queue
[2025-03-28T11:19:43.653+0000] {logging_mixin.py:190} INFO - [2025-03-28T11:19:43.652+0000] {dagbag.py:588} INFO - Filling up the DagBag from /opt/airflow/dags/task.py
[2025-03-28T11:19:43.674+0000] {processor.py:925} INFO - DAG(s) 'my_first_dag' retrieved from /opt/airflow/dags/task.py
[2025-03-28T11:19:43.706+0000] {logging_mixin.py:190} INFO - [2025-03-28T11:19:43.706+0000] {dag.py:3239} INFO - Sync 1 DAGs
[2025-03-28T11:19:43.734+0000] {logging_mixin.py:190} INFO - [2025-03-28T11:19:43.734+0000] {dag.py:4180} INFO - Setting next_dagrun for my_first_dag to 2025-03-28 00:00:00+00:00, run_after=2025-03-29 00:00:00+00:00
[2025-03-28T11:19:43.760+0000] {processor.py:208} INFO - Processing /opt/airflow/dags/task.py took 0.118 seconds
[2025-03-28T11:20:14.018+0000] {processor.py:186} INFO - Started process (PID=153) to work on /opt/airflow/dags/task.py
[2025-03-28T11:20:14.019+0000] {processor.py:914} INFO - Processing file /opt/airflow/dags/task.py for tasks to queue
[2025-03-28T11:20:14.021+0000] {logging_mixin.py:190} INFO - [2025-03-28T11:20:14.021+0000] {dagbag.py:588} INFO - Filling up the DagBag from /opt/airflow/dags/task.py
[2025-03-28T11:20:14.040+0000] {processor.py:925} INFO - DAG(s) 'my_first_dag' retrieved from /opt/airflow/dags/task.py
[2025-03-28T11:20:14.074+0000] {logging_mixin.py:190} INFO - [2025-03-28T11:20:14.073+0000] {dag.py:3239} INFO - Sync 1 DAGs
[2025-03-28T11:20:14.104+0000] {logging_mixin.py:190} INFO - [2025-03-28T11:20:14.104+0000] {dag.py:4180} INFO - Setting next_dagrun for my_first_dag to 2025-03-28 00:00:00+00:00, run_after=2025-03-29 00:00:00+00:00
[2025-03-28T11:20:14.130+0000] {processor.py:208} INFO - Processing /opt/airflow/dags/task.py took 0.118 seconds
[2025-03-28T11:20:44.958+0000] {processor.py:186} INFO - Started process (PID=163) to work on /opt/airflow/dags/task.py
[2025-03-28T11:20:44.959+0000] {processor.py:914} INFO - Processing file /opt/airflow/dags/task.py for tasks to queue
[2025-03-28T11:20:44.960+0000] {logging_mixin.py:190} INFO - [2025-03-28T11:20:44.960+0000] {dagbag.py:588} INFO - Filling up the DagBag from /opt/airflow/dags/task.py
[2025-03-28T11:20:44.978+0000] {processor.py:925} INFO - DAG(s) 'my_first_dag' retrieved from /opt/airflow/dags/task.py
[2025-03-28T11:20:45.010+0000] {logging_mixin.py:190} INFO - [2025-03-28T11:20:45.010+0000] {dag.py:3239} INFO - Sync 1 DAGs
[2025-03-28T11:20:45.038+0000] {logging_mixin.py:190} INFO - [2025-03-28T11:20:45.037+0000] {dag.py:4180} INFO - Setting next_dagrun for my_first_dag to 2025-03-28 00:00:00+00:00, run_after=2025-03-29 00:00:00+00:00
[2025-03-28T11:20:45.067+0000] {processor.py:208} INFO - Processing /opt/airflow/dags/task.py took 0.116 seconds
[2025-03-28T11:21:16.120+0000] {processor.py:186} INFO - Started process (PID=173) to work on /opt/airflow/dags/task.py
[2025-03-28T11:21:16.121+0000] {processor.py:914} INFO - Processing file /opt/airflow/dags/task.py for tasks to queue
[2025-03-28T11:21:16.123+0000] {logging_mixin.py:190} INFO - [2025-03-28T11:21:16.122+0000] {dagbag.py:588} INFO - Filling up the DagBag from /opt/airflow/dags/task.py
[2025-03-28T11:21:16.144+0000] {processor.py:925} INFO - DAG(s) 'my_first_dag' retrieved from /opt/airflow/dags/task.py
[2025-03-28T11:21:16.180+0000] {logging_mixin.py:190} INFO - [2025-03-28T11:21:16.180+0000] {dag.py:3239} INFO - Sync 1 DAGs
[2025-03-28T11:21:16.214+0000] {logging_mixin.py:190} INFO - [2025-03-28T11:21:16.214+0000] {dag.py:4180} INFO - Setting next_dagrun for my_first_dag to 2025-03-28 00:00:00+00:00, run_after=2025-03-29 00:00:00+00:00
[2025-03-28T11:21:16.244+0000] {processor.py:208} INFO - Processing /opt/airflow/dags/task.py took 0.131 seconds
[2025-03-28T11:21:46.914+0000] {processor.py:186} INFO - Started process (PID=183) to work on /opt/airflow/dags/task.py
[2025-03-28T11:21:46.916+0000] {processor.py:914} INFO - Processing file /opt/airflow/dags/task.py for tasks to queue
[2025-03-28T11:21:46.917+0000] {logging_mixin.py:190} INFO - [2025-03-28T11:21:46.917+0000] {dagbag.py:588} INFO - Filling up the DagBag from /opt/airflow/dags/task.py
[2025-03-28T11:21:46.938+0000] {processor.py:925} INFO - DAG(s) 'my_first_dag' retrieved from /opt/airflow/dags/task.py
[2025-03-28T11:21:46.970+0000] {logging_mixin.py:190} INFO - [2025-03-28T11:21:46.970+0000] {dag.py:3239} INFO - Sync 1 DAGs
[2025-03-28T11:21:46.998+0000] {logging_mixin.py:190} INFO - [2025-03-28T11:21:46.998+0000] {dag.py:4180} INFO - Setting next_dagrun for my_first_dag to 2025-03-28 00:00:00+00:00, run_after=2025-03-29 00:00:00+00:00
[2025-03-28T11:21:47.024+0000] {processor.py:208} INFO - Processing /opt/airflow/dags/task.py took 0.116 seconds
[2025-03-28T11:22:17.917+0000] {processor.py:186} INFO - Started process (PID=194) to work on /opt/airflow/dags/task.py
[2025-03-28T11:22:17.918+0000] {processor.py:914} INFO - Processing file /opt/airflow/dags/task.py for tasks to queue
[2025-03-28T11:22:17.920+0000] {logging_mixin.py:190} INFO - [2025-03-28T11:22:17.920+0000] {dagbag.py:588} INFO - Filling up the DagBag from /opt/airflow/dags/task.py
[2025-03-28T11:22:17.940+0000] {processor.py:925} INFO - DAG(s) 'my_first_dag' retrieved from /opt/airflow/dags/task.py
[2025-03-28T11:22:17.971+0000] {logging_mixin.py:190} INFO - [2025-03-28T11:22:17.971+0000] {dag.py:3239} INFO - Sync 1 DAGs
[2025-03-28T11:22:18.002+0000] {logging_mixin.py:190} INFO - [2025-03-28T11:22:18.001+0000] {dag.py:4180} INFO - Setting next_dagrun for my_first_dag to 2025-03-28 00:00:00+00:00, run_after=2025-03-29 00:00:00+00:00
[2025-03-28T11:22:18.024+0000] {processor.py:208} INFO - Processing /opt/airflow/dags/task.py took 0.113 seconds
[2025-03-28T11:22:48.289+0000] {processor.py:186} INFO - Started process (PID=204) to work on /opt/airflow/dags/task.py
[2025-03-28T11:22:48.290+0000] {processor.py:914} INFO - Processing file /opt/airflow/dags/task.py for tasks to queue
[2025-03-28T11:22:48.295+0000] {logging_mixin.py:190} INFO - [2025-03-28T11:22:48.295+0000] {dagbag.py:588} INFO - Filling up the DagBag from /opt/airflow/dags/task.py
[2025-03-28T11:22:48.322+0000] {processor.py:925} INFO - DAG(s) 'my_first_dag' retrieved from /opt/airflow/dags/task.py
[2025-03-28T11:22:48.364+0000] {logging_mixin.py:190} INFO - [2025-03-28T11:22:48.364+0000] {dag.py:3239} INFO - Sync 1 DAGs
[2025-03-28T11:22:48.408+0000] {logging_mixin.py:190} INFO - [2025-03-28T11:22:48.408+0000] {dag.py:4180} INFO - Setting next_dagrun for my_first_dag to 2025-03-28 00:00:00+00:00, run_after=2025-03-29 00:00:00+00:00
[2025-03-28T11:22:48.442+0000] {processor.py:208} INFO - Processing /opt/airflow/dags/task.py took 0.162 seconds
[2025-03-28T11:23:18.969+0000] {processor.py:186} INFO - Started process (PID=214) to work on /opt/airflow/dags/task.py
[2025-03-28T11:23:18.970+0000] {processor.py:914} INFO - Processing file /opt/airflow/dags/task.py for tasks to queue
[2025-03-28T11:23:18.971+0000] {logging_mixin.py:190} INFO - [2025-03-28T11:23:18.971+0000] {dagbag.py:588} INFO - Filling up the DagBag from /opt/airflow/dags/task.py
[2025-03-28T11:23:18.996+0000] {processor.py:925} INFO - DAG(s) 'my_first_dag' retrieved from /opt/airflow/dags/task.py
[2025-03-28T11:23:19.035+0000] {logging_mixin.py:190} INFO - [2025-03-28T11:23:19.034+0000] {dag.py:3239} INFO - Sync 1 DAGs
[2025-03-28T11:23:19.070+0000] {logging_mixin.py:190} INFO - [2025-03-28T11:23:19.069+0000] {dag.py:4180} INFO - Setting next_dagrun for my_first_dag to 2025-03-28 00:00:00+00:00, run_after=2025-03-29 00:00:00+00:00
[2025-03-28T11:23:19.098+0000] {processor.py:208} INFO - Processing /opt/airflow/dags/task.py took 0.138 seconds
[2025-03-28T11:23:49.972+0000] {processor.py:186} INFO - Started process (PID=224) to work on /opt/airflow/dags/task.py
[2025-03-28T11:23:49.974+0000] {processor.py:914} INFO - Processing file /opt/airflow/dags/task.py for tasks to queue
[2025-03-28T11:23:49.975+0000] {logging_mixin.py:190} INFO - [2025-03-28T11:23:49.975+0000] {dagbag.py:588} INFO - Filling up the DagBag from /opt/airflow/dags/task.py
[2025-03-28T11:23:49.995+0000] {processor.py:925} INFO - DAG(s) 'my_first_dag' retrieved from /opt/airflow/dags/task.py
[2025-03-28T11:23:50.028+0000] {logging_mixin.py:190} INFO - [2025-03-28T11:23:50.028+0000] {dag.py:3239} INFO - Sync 1 DAGs
[2025-03-28T11:23:50.057+0000] {logging_mixin.py:190} INFO - [2025-03-28T11:23:50.057+0000] {dag.py:4180} INFO - Setting next_dagrun for my_first_dag to 2025-03-28 00:00:00+00:00, run_after=2025-03-29 00:00:00+00:00
[2025-03-28T11:23:50.080+0000] {processor.py:208} INFO - Processing /opt/airflow/dags/task.py took 0.113 seconds
[2025-03-28T11:24:21.024+0000] {processor.py:186} INFO - Started process (PID=234) to work on /opt/airflow/dags/task.py
[2025-03-28T11:24:21.025+0000] {processor.py:914} INFO - Processing file /opt/airflow/dags/task.py for tasks to queue
[2025-03-28T11:24:21.026+0000] {logging_mixin.py:190} INFO - [2025-03-28T11:24:21.026+0000] {dagbag.py:588} INFO - Filling up the DagBag from /opt/airflow/dags/task.py
[2025-03-28T11:24:21.059+0000] {processor.py:925} INFO - DAG(s) 'my_first_dag' retrieved from /opt/airflow/dags/task.py
[2025-03-28T11:24:21.086+0000] {logging_mixin.py:190} INFO - [2025-03-28T11:24:21.086+0000] {dag.py:3239} INFO - Sync 1 DAGs
[2025-03-28T11:24:21.113+0000] {logging_mixin.py:190} INFO - [2025-03-28T11:24:21.113+0000] {dag.py:4180} INFO - Setting next_dagrun for my_first_dag to 2025-03-28 00:00:00+00:00, run_after=2025-03-29 00:00:00+00:00
[2025-03-28T11:24:21.135+0000] {processor.py:208} INFO - Processing /opt/airflow/dags/task.py took 0.118 seconds
[2025-03-28T11:24:51.778+0000] {processor.py:186} INFO - Started process (PID=248) to work on /opt/airflow/dags/task.py
[2025-03-28T11:24:51.781+0000] {processor.py:914} INFO - Processing file /opt/airflow/dags/task.py for tasks to queue
[2025-03-28T11:24:51.783+0000] {logging_mixin.py:190} INFO - [2025-03-28T11:24:51.783+0000] {dagbag.py:588} INFO - Filling up the DagBag from /opt/airflow/dags/task.py
[2025-03-28T11:24:51.808+0000] {processor.py:925} INFO - DAG(s) 'my_first_dag' retrieved from /opt/airflow/dags/task.py
[2025-03-28T11:24:51.874+0000] {logging_mixin.py:190} INFO - [2025-03-28T11:24:51.874+0000] {dag.py:3239} INFO - Sync 1 DAGs
[2025-03-28T11:24:51.909+0000] {logging_mixin.py:190} INFO - [2025-03-28T11:24:51.909+0000] {dag.py:4180} INFO - Setting next_dagrun for my_first_dag to 2025-03-28 00:00:00+00:00, run_after=2025-03-29 00:00:00+00:00
[2025-03-28T11:24:51.936+0000] {processor.py:208} INFO - Processing /opt/airflow/dags/task.py took 0.169 seconds
[2025-03-28T11:25:22.814+0000] {processor.py:186} INFO - Started process (PID=258) to work on /opt/airflow/dags/task.py
[2025-03-28T11:25:22.815+0000] {processor.py:914} INFO - Processing file /opt/airflow/dags/task.py for tasks to queue
[2025-03-28T11:25:22.816+0000] {logging_mixin.py:190} INFO - [2025-03-28T11:25:22.816+0000] {dagbag.py:588} INFO - Filling up the DagBag from /opt/airflow/dags/task.py
[2025-03-28T11:25:22.837+0000] {processor.py:925} INFO - DAG(s) 'my_first_dag' retrieved from /opt/airflow/dags/task.py
[2025-03-28T11:25:22.866+0000] {logging_mixin.py:190} INFO - [2025-03-28T11:25:22.866+0000] {dag.py:3239} INFO - Sync 1 DAGs
[2025-03-28T11:25:22.896+0000] {logging_mixin.py:190} INFO - [2025-03-28T11:25:22.896+0000] {dag.py:4180} INFO - Setting next_dagrun for my_first_dag to 2025-03-28 00:00:00+00:00, run_after=2025-03-29 00:00:00+00:00
[2025-03-28T11:25:22.932+0000] {processor.py:208} INFO - Processing /opt/airflow/dags/task.py took 0.125 seconds
[2025-03-28T11:25:53.551+0000] {processor.py:186} INFO - Started process (PID=268) to work on /opt/airflow/dags/task.py
[2025-03-28T11:25:53.553+0000] {processor.py:914} INFO - Processing file /opt/airflow/dags/task.py for tasks to queue
[2025-03-28T11:25:53.554+0000] {logging_mixin.py:190} INFO - [2025-03-28T11:25:53.554+0000] {dagbag.py:588} INFO - Filling up the DagBag from /opt/airflow/dags/task.py
[2025-03-28T11:25:53.575+0000] {processor.py:925} INFO - DAG(s) 'my_first_dag' retrieved from /opt/airflow/dags/task.py
[2025-03-28T11:25:53.608+0000] {logging_mixin.py:190} INFO - [2025-03-28T11:25:53.608+0000] {dag.py:3239} INFO - Sync 1 DAGs
[2025-03-28T11:25:53.640+0000] {logging_mixin.py:190} INFO - [2025-03-28T11:25:53.639+0000] {dag.py:4180} INFO - Setting next_dagrun for my_first_dag to 2025-03-28 00:00:00+00:00, run_after=2025-03-29 00:00:00+00:00
[2025-03-28T11:25:53.666+0000] {processor.py:208} INFO - Processing /opt/airflow/dags/task.py took 0.121 seconds
[2025-03-28T11:26:24.376+0000] {processor.py:186} INFO - Started process (PID=278) to work on /opt/airflow/dags/task.py
[2025-03-28T11:26:24.377+0000] {processor.py:914} INFO - Processing file /opt/airflow/dags/task.py for tasks to queue
[2025-03-28T11:26:24.379+0000] {logging_mixin.py:190} INFO - [2025-03-28T11:26:24.379+0000] {dagbag.py:588} INFO - Filling up the DagBag from /opt/airflow/dags/task.py
[2025-03-28T11:26:24.402+0000] {processor.py:925} INFO - DAG(s) 'my_first_dag' retrieved from /opt/airflow/dags/task.py
[2025-03-28T11:26:24.434+0000] {logging_mixin.py:190} INFO - [2025-03-28T11:26:24.433+0000] {dag.py:3239} INFO - Sync 1 DAGs
[2025-03-28T11:26:24.462+0000] {logging_mixin.py:190} INFO - [2025-03-28T11:26:24.461+0000] {dag.py:4180} INFO - Setting next_dagrun for my_first_dag to 2025-03-28 00:00:00+00:00, run_after=2025-03-29 00:00:00+00:00
[2025-03-28T11:26:24.489+0000] {processor.py:208} INFO - Processing /opt/airflow/dags/task.py took 0.119 seconds
[2025-03-28T11:26:55.183+0000] {processor.py:186} INFO - Started process (PID=288) to work on /opt/airflow/dags/task.py
[2025-03-28T11:26:55.186+0000] {processor.py:914} INFO - Processing file /opt/airflow/dags/task.py for tasks to queue
[2025-03-28T11:26:55.188+0000] {logging_mixin.py:190} INFO - [2025-03-28T11:26:55.187+0000] {dagbag.py:588} INFO - Filling up the DagBag from /opt/airflow/dags/task.py
[2025-03-28T11:26:55.222+0000] {processor.py:925} INFO - DAG(s) 'my_first_dag' retrieved from /opt/airflow/dags/task.py
[2025-03-28T11:26:55.265+0000] {logging_mixin.py:190} INFO - [2025-03-28T11:26:55.265+0000] {dag.py:3239} INFO - Sync 1 DAGs
[2025-03-28T11:26:55.304+0000] {logging_mixin.py:190} INFO - [2025-03-28T11:26:55.303+0000] {dag.py:4180} INFO - Setting next_dagrun for my_first_dag to 2025-03-28 00:00:00+00:00, run_after=2025-03-29 00:00:00+00:00
[2025-03-28T11:26:55.332+0000] {processor.py:208} INFO - Processing /opt/airflow/dags/task.py took 0.159 seconds
[2025-03-28T11:27:25.956+0000] {processor.py:186} INFO - Started process (PID=298) to work on /opt/airflow/dags/task.py
[2025-03-28T11:27:25.957+0000] {processor.py:914} INFO - Processing file /opt/airflow/dags/task.py for tasks to queue
[2025-03-28T11:27:25.960+0000] {logging_mixin.py:190} INFO - [2025-03-28T11:27:25.959+0000] {dagbag.py:588} INFO - Filling up the DagBag from /opt/airflow/dags/task.py
[2025-03-28T11:27:25.989+0000] {processor.py:925} INFO - DAG(s) 'my_first_dag' retrieved from /opt/airflow/dags/task.py
[2025-03-28T11:27:26.031+0000] {logging_mixin.py:190} INFO - [2025-03-28T11:27:26.030+0000] {dag.py:3239} INFO - Sync 1 DAGs
[2025-03-28T11:27:26.076+0000] {logging_mixin.py:190} INFO - [2025-03-28T11:27:26.075+0000] {dag.py:4180} INFO - Setting next_dagrun for my_first_dag to 2025-03-28 00:00:00+00:00, run_after=2025-03-29 00:00:00+00:00
[2025-03-28T11:27:26.106+0000] {processor.py:208} INFO - Processing /opt/airflow/dags/task.py took 0.161 seconds
[2025-03-28T11:27:56.779+0000] {processor.py:186} INFO - Started process (PID=308) to work on /opt/airflow/dags/task.py
[2025-03-28T11:27:56.780+0000] {processor.py:914} INFO - Processing file /opt/airflow/dags/task.py for tasks to queue
[2025-03-28T11:27:56.782+0000] {logging_mixin.py:190} INFO - [2025-03-28T11:27:56.782+0000] {dagbag.py:588} INFO - Filling up the DagBag from /opt/airflow/dags/task.py
[2025-03-28T11:27:56.815+0000] {processor.py:925} INFO - DAG(s) 'my_first_dag' retrieved from /opt/airflow/dags/task.py
[2025-03-28T11:27:56.923+0000] {logging_mixin.py:190} INFO - [2025-03-28T11:27:56.921+0000] {dag.py:3239} INFO - Sync 1 DAGs
[2025-03-28T11:27:56.968+0000] {logging_mixin.py:190} INFO - [2025-03-28T11:27:56.968+0000] {dag.py:4180} INFO - Setting next_dagrun for my_first_dag to 2025-03-28 00:00:00+00:00, run_after=2025-03-29 00:00:00+00:00
[2025-03-28T11:27:56.998+0000] {processor.py:208} INFO - Processing /opt/airflow/dags/task.py took 0.232 seconds
[2025-03-28T11:28:27.649+0000] {processor.py:186} INFO - Started process (PID=318) to work on /opt/airflow/dags/task.py
[2025-03-28T11:28:27.651+0000] {processor.py:914} INFO - Processing file /opt/airflow/dags/task.py for tasks to queue
[2025-03-28T11:28:27.652+0000] {logging_mixin.py:190} INFO - [2025-03-28T11:28:27.652+0000] {dagbag.py:588} INFO - Filling up the DagBag from /opt/airflow/dags/task.py
[2025-03-28T11:28:27.676+0000] {processor.py:925} INFO - DAG(s) 'my_first_dag' retrieved from /opt/airflow/dags/task.py
[2025-03-28T11:28:27.715+0000] {logging_mixin.py:190} INFO - [2025-03-28T11:28:27.715+0000] {dag.py:3239} INFO - Sync 1 DAGs
[2025-03-28T11:28:27.750+0000] {logging_mixin.py:190} INFO - [2025-03-28T11:28:27.750+0000] {dag.py:4180} INFO - Setting next_dagrun for my_first_dag to 2025-03-28 00:00:00+00:00, run_after=2025-03-29 00:00:00+00:00
[2025-03-28T11:28:27.778+0000] {processor.py:208} INFO - Processing /opt/airflow/dags/task.py took 0.138 seconds
[2025-03-28T11:28:58.322+0000] {processor.py:186} INFO - Started process (PID=334) to work on /opt/airflow/dags/task.py
[2025-03-28T11:28:58.323+0000] {processor.py:914} INFO - Processing file /opt/airflow/dags/task.py for tasks to queue
[2025-03-28T11:28:58.326+0000] {logging_mixin.py:190} INFO - [2025-03-28T11:28:58.326+0000] {dagbag.py:588} INFO - Filling up the DagBag from /opt/airflow/dags/task.py
[2025-03-28T11:28:58.345+0000] {processor.py:925} INFO - DAG(s) 'my_first_dag' retrieved from /opt/airflow/dags/task.py
[2025-03-28T11:28:58.387+0000] {logging_mixin.py:190} INFO - [2025-03-28T11:28:58.387+0000] {dag.py:3239} INFO - Sync 1 DAGs
[2025-03-28T11:28:58.424+0000] {logging_mixin.py:190} INFO - [2025-03-28T11:28:58.423+0000] {dag.py:4180} INFO - Setting next_dagrun for my_first_dag to 2025-03-28 00:00:00+00:00, run_after=2025-03-29 00:00:00+00:00
[2025-03-28T11:28:58.466+0000] {processor.py:208} INFO - Processing /opt/airflow/dags/task.py took 0.153 seconds
[2025-03-28T11:29:28.998+0000] {processor.py:186} INFO - Started process (PID=344) to work on /opt/airflow/dags/task.py
[2025-03-28T11:29:28.999+0000] {processor.py:914} INFO - Processing file /opt/airflow/dags/task.py for tasks to queue
[2025-03-28T11:29:29.000+0000] {logging_mixin.py:190} INFO - [2025-03-28T11:29:29.000+0000] {dagbag.py:588} INFO - Filling up the DagBag from /opt/airflow/dags/task.py
[2025-03-28T11:29:29.021+0000] {processor.py:925} INFO - DAG(s) 'my_first_dag' retrieved from /opt/airflow/dags/task.py
[2025-03-28T11:29:29.055+0000] {logging_mixin.py:190} INFO - [2025-03-28T11:29:29.055+0000] {dag.py:3239} INFO - Sync 1 DAGs
[2025-03-28T11:29:29.086+0000] {logging_mixin.py:190} INFO - [2025-03-28T11:29:29.086+0000] {dag.py:4180} INFO - Setting next_dagrun for my_first_dag to 2025-03-28 00:00:00+00:00, run_after=2025-03-29 00:00:00+00:00
[2025-03-28T11:29:29.108+0000] {processor.py:208} INFO - Processing /opt/airflow/dags/task.py took 0.117 seconds
[2025-03-28T11:29:59.711+0000] {processor.py:186} INFO - Started process (PID=354) to work on /opt/airflow/dags/task.py
[2025-03-28T11:29:59.712+0000] {processor.py:914} INFO - Processing file /opt/airflow/dags/task.py for tasks to queue
[2025-03-28T11:29:59.714+0000] {logging_mixin.py:190} INFO - [2025-03-28T11:29:59.713+0000] {dagbag.py:588} INFO - Filling up the DagBag from /opt/airflow/dags/task.py
[2025-03-28T11:29:59.736+0000] {processor.py:925} INFO - DAG(s) 'my_first_dag' retrieved from /opt/airflow/dags/task.py
[2025-03-28T11:29:59.772+0000] {logging_mixin.py:190} INFO - [2025-03-28T11:29:59.772+0000] {dag.py:3239} INFO - Sync 1 DAGs
[2025-03-28T11:29:59.803+0000] {logging_mixin.py:190} INFO - [2025-03-28T11:29:59.802+0000] {dag.py:4180} INFO - Setting next_dagrun for my_first_dag to 2025-03-28 00:00:00+00:00, run_after=2025-03-29 00:00:00+00:00
[2025-03-28T11:29:59.823+0000] {processor.py:208} INFO - Processing /opt/airflow/dags/task.py took 0.119 seconds
[2025-03-28T11:30:30.010+0000] {processor.py:186} INFO - Started process (PID=364) to work on /opt/airflow/dags/task.py
[2025-03-28T11:30:30.012+0000] {processor.py:914} INFO - Processing file /opt/airflow/dags/task.py for tasks to queue
[2025-03-28T11:30:30.013+0000] {logging_mixin.py:190} INFO - [2025-03-28T11:30:30.013+0000] {dagbag.py:588} INFO - Filling up the DagBag from /opt/airflow/dags/task.py
[2025-03-28T11:30:30.033+0000] {processor.py:925} INFO - DAG(s) 'my_first_dag' retrieved from /opt/airflow/dags/task.py
[2025-03-28T11:30:30.062+0000] {logging_mixin.py:190} INFO - [2025-03-28T11:30:30.062+0000] {dag.py:3239} INFO - Sync 1 DAGs
[2025-03-28T11:30:30.088+0000] {logging_mixin.py:190} INFO - [2025-03-28T11:30:30.088+0000] {dag.py:4180} INFO - Setting next_dagrun for my_first_dag to 2025-03-28 00:00:00+00:00, run_after=2025-03-29 00:00:00+00:00
[2025-03-28T11:30:30.108+0000] {processor.py:208} INFO - Processing /opt/airflow/dags/task.py took 0.106 seconds
[2025-03-28T11:31:00.252+0000] {processor.py:186} INFO - Started process (PID=374) to work on /opt/airflow/dags/task.py
[2025-03-28T11:31:00.253+0000] {processor.py:914} INFO - Processing file /opt/airflow/dags/task.py for tasks to queue
[2025-03-28T11:31:00.254+0000] {logging_mixin.py:190} INFO - [2025-03-28T11:31:00.254+0000] {dagbag.py:588} INFO - Filling up the DagBag from /opt/airflow/dags/task.py
[2025-03-28T11:31:00.273+0000] {processor.py:925} INFO - DAG(s) 'my_first_dag' retrieved from /opt/airflow/dags/task.py
[2025-03-28T11:31:00.299+0000] {logging_mixin.py:190} INFO - [2025-03-28T11:31:00.299+0000] {dag.py:3239} INFO - Sync 1 DAGs
[2025-03-28T11:31:00.325+0000] {logging_mixin.py:190} INFO - [2025-03-28T11:31:00.325+0000] {dag.py:4180} INFO - Setting next_dagrun for my_first_dag to 2025-03-28 00:00:00+00:00, run_after=2025-03-29 00:00:00+00:00
[2025-03-28T11:31:00.343+0000] {processor.py:208} INFO - Processing /opt/airflow/dags/task.py took 0.097 seconds
[2025-03-28T11:33:32.701+0000] {processor.py:186} INFO - Started process (PID=78) to work on /opt/airflow/dags/task.py
[2025-03-28T11:33:32.800+0000] {processor.py:914} INFO - Processing file /opt/airflow/dags/task.py for tasks to queue
[2025-03-28T11:33:32.816+0000] {logging_mixin.py:190} INFO - [2025-03-28T11:33:32.815+0000] {dagbag.py:588} INFO - Filling up the DagBag from /opt/airflow/dags/task.py
[2025-03-28T11:33:33.004+0000] {processor.py:925} INFO - DAG(s) 'my_first_dag' retrieved from /opt/airflow/dags/task.py
[2025-03-28T11:33:33.215+0000] {logging_mixin.py:190} INFO - [2025-03-28T11:33:33.213+0000] {dag.py:3239} INFO - Sync 1 DAGs
[2025-03-28T11:33:33.357+0000] {logging_mixin.py:190} INFO - [2025-03-28T11:33:33.355+0000] {dag.py:4180} INFO - Setting next_dagrun for my_first_dag to 2025-03-28 00:00:00+00:00, run_after=2025-03-29 00:00:00+00:00
[2025-03-28T11:33:33.415+0000] {processor.py:208} INFO - Processing /opt/airflow/dags/task.py took 0.739 seconds
[2025-03-28T11:34:03.957+0000] {processor.py:186} INFO - Started process (PID=88) to work on /opt/airflow/dags/task.py
[2025-03-28T11:34:03.990+0000] {processor.py:914} INFO - Processing file /opt/airflow/dags/task.py for tasks to queue
[2025-03-28T11:34:03.994+0000] {logging_mixin.py:190} INFO - [2025-03-28T11:34:03.993+0000] {dagbag.py:588} INFO - Filling up the DagBag from /opt/airflow/dags/task.py
[2025-03-28T11:34:04.049+0000] {processor.py:925} INFO - DAG(s) 'my_first_dag' retrieved from /opt/airflow/dags/task.py
[2025-03-28T11:34:04.166+0000] {logging_mixin.py:190} INFO - [2025-03-28T11:34:04.166+0000] {dag.py:3239} INFO - Sync 1 DAGs
[2025-03-28T11:34:04.231+0000] {logging_mixin.py:190} INFO - [2025-03-28T11:34:04.230+0000] {dag.py:4180} INFO - Setting next_dagrun for my_first_dag to 2025-03-28 00:00:00+00:00, run_after=2025-03-29 00:00:00+00:00
[2025-03-28T11:34:04.259+0000] {processor.py:208} INFO - Processing /opt/airflow/dags/task.py took 0.309 seconds
[2025-03-28T11:34:34.923+0000] {processor.py:186} INFO - Started process (PID=104) to work on /opt/airflow/dags/task.py
[2025-03-28T11:34:34.925+0000] {processor.py:914} INFO - Processing file /opt/airflow/dags/task.py for tasks to queue
[2025-03-28T11:34:34.929+0000] {logging_mixin.py:190} INFO - [2025-03-28T11:34:34.929+0000] {dagbag.py:588} INFO - Filling up the DagBag from /opt/airflow/dags/task.py
[2025-03-28T11:34:34.956+0000] {processor.py:925} INFO - DAG(s) 'my_first_dag' retrieved from /opt/airflow/dags/task.py
[2025-03-28T11:34:34.988+0000] {logging_mixin.py:190} INFO - [2025-03-28T11:34:34.988+0000] {dag.py:3239} INFO - Sync 1 DAGs
[2025-03-28T11:34:35.015+0000] {logging_mixin.py:190} INFO - [2025-03-28T11:34:35.015+0000] {dag.py:4180} INFO - Setting next_dagrun for my_first_dag to 2025-03-28 00:00:00+00:00, run_after=2025-03-29 00:00:00+00:00
[2025-03-28T11:34:35.036+0000] {processor.py:208} INFO - Processing /opt/airflow/dags/task.py took 0.124 seconds
[2025-03-28T11:35:05.770+0000] {processor.py:186} INFO - Started process (PID=114) to work on /opt/airflow/dags/task.py
[2025-03-28T11:35:05.771+0000] {processor.py:914} INFO - Processing file /opt/airflow/dags/task.py for tasks to queue
[2025-03-28T11:35:05.774+0000] {logging_mixin.py:190} INFO - [2025-03-28T11:35:05.774+0000] {dagbag.py:588} INFO - Filling up the DagBag from /opt/airflow/dags/task.py
[2025-03-28T11:35:05.794+0000] {processor.py:925} INFO - DAG(s) 'my_first_dag' retrieved from /opt/airflow/dags/task.py
[2025-03-28T11:35:05.828+0000] {logging_mixin.py:190} INFO - [2025-03-28T11:35:05.828+0000] {dag.py:3239} INFO - Sync 1 DAGs
[2025-03-28T11:35:05.859+0000] {logging_mixin.py:190} INFO - [2025-03-28T11:35:05.859+0000] {dag.py:4180} INFO - Setting next_dagrun for my_first_dag to 2025-03-28 00:00:00+00:00, run_after=2025-03-29 00:00:00+00:00
[2025-03-28T11:35:05.882+0000] {processor.py:208} INFO - Processing /opt/airflow/dags/task.py took 0.118 seconds
[2025-03-28T11:35:36.484+0000] {processor.py:186} INFO - Started process (PID=124) to work on /opt/airflow/dags/task.py
[2025-03-28T11:35:36.485+0000] {processor.py:914} INFO - Processing file /opt/airflow/dags/task.py for tasks to queue
[2025-03-28T11:35:36.489+0000] {logging_mixin.py:190} INFO - [2025-03-28T11:35:36.487+0000] {dagbag.py:588} INFO - Filling up the DagBag from /opt/airflow/dags/task.py
[2025-03-28T11:35:36.518+0000] {processor.py:925} INFO - DAG(s) 'my_first_dag' retrieved from /opt/airflow/dags/task.py
[2025-03-28T11:35:36.563+0000] {logging_mixin.py:190} INFO - [2025-03-28T11:35:36.563+0000] {dag.py:3239} INFO - Sync 1 DAGs
[2025-03-28T11:35:36.595+0000] {logging_mixin.py:190} INFO - [2025-03-28T11:35:36.595+0000] {dag.py:4180} INFO - Setting next_dagrun for my_first_dag to 2025-03-28 00:00:00+00:00, run_after=2025-03-29 00:00:00+00:00
[2025-03-28T11:35:36.625+0000] {processor.py:208} INFO - Processing /opt/airflow/dags/task.py took 0.150 seconds
[2025-03-28T11:36:07.185+0000] {processor.py:186} INFO - Started process (PID=134) to work on /opt/airflow/dags/task.py
[2025-03-28T11:36:07.186+0000] {processor.py:914} INFO - Processing file /opt/airflow/dags/task.py for tasks to queue
[2025-03-28T11:36:07.188+0000] {logging_mixin.py:190} INFO - [2025-03-28T11:36:07.188+0000] {dagbag.py:588} INFO - Filling up the DagBag from /opt/airflow/dags/task.py
[2025-03-28T11:36:07.204+0000] {processor.py:925} INFO - DAG(s) 'my_first_dag' retrieved from /opt/airflow/dags/task.py
[2025-03-28T11:36:07.230+0000] {logging_mixin.py:190} INFO - [2025-03-28T11:36:07.229+0000] {dag.py:3239} INFO - Sync 1 DAGs
[2025-03-28T11:36:07.261+0000] {logging_mixin.py:190} INFO - [2025-03-28T11:36:07.261+0000] {dag.py:4180} INFO - Setting next_dagrun for my_first_dag to 2025-03-28 00:00:00+00:00, run_after=2025-03-29 00:00:00+00:00
[2025-03-28T11:36:07.285+0000] {processor.py:208} INFO - Processing /opt/airflow/dags/task.py took 0.107 seconds
[2025-03-28T11:36:37.904+0000] {processor.py:186} INFO - Started process (PID=144) to work on /opt/airflow/dags/task.py
[2025-03-28T11:36:37.905+0000] {processor.py:914} INFO - Processing file /opt/airflow/dags/task.py for tasks to queue
[2025-03-28T11:36:37.908+0000] {logging_mixin.py:190} INFO - [2025-03-28T11:36:37.907+0000] {dagbag.py:588} INFO - Filling up the DagBag from /opt/airflow/dags/task.py
[2025-03-28T11:36:37.924+0000] {processor.py:925} INFO - DAG(s) 'my_first_dag' retrieved from /opt/airflow/dags/task.py
[2025-03-28T11:36:37.951+0000] {logging_mixin.py:190} INFO - [2025-03-28T11:36:37.950+0000] {dag.py:3239} INFO - Sync 1 DAGs
[2025-03-28T11:36:37.976+0000] {logging_mixin.py:190} INFO - [2025-03-28T11:36:37.976+0000] {dag.py:4180} INFO - Setting next_dagrun for my_first_dag to 2025-03-28 00:00:00+00:00, run_after=2025-03-29 00:00:00+00:00
[2025-03-28T11:36:37.995+0000] {processor.py:208} INFO - Processing /opt/airflow/dags/task.py took 0.097 seconds
[2025-03-28T11:37:08.696+0000] {processor.py:186} INFO - Started process (PID=154) to work on /opt/airflow/dags/task.py
[2025-03-28T11:37:08.697+0000] {processor.py:914} INFO - Processing file /opt/airflow/dags/task.py for tasks to queue
[2025-03-28T11:37:08.700+0000] {logging_mixin.py:190} INFO - [2025-03-28T11:37:08.699+0000] {dagbag.py:588} INFO - Filling up the DagBag from /opt/airflow/dags/task.py
[2025-03-28T11:37:08.718+0000] {processor.py:925} INFO - DAG(s) 'my_first_dag' retrieved from /opt/airflow/dags/task.py
[2025-03-28T11:37:08.747+0000] {logging_mixin.py:190} INFO - [2025-03-28T11:37:08.747+0000] {dag.py:3239} INFO - Sync 1 DAGs
[2025-03-28T11:37:08.770+0000] {logging_mixin.py:190} INFO - [2025-03-28T11:37:08.770+0000] {dag.py:4180} INFO - Setting next_dagrun for my_first_dag to 2025-03-28 00:00:00+00:00, run_after=2025-03-29 00:00:00+00:00
[2025-03-28T11:37:08.790+0000] {processor.py:208} INFO - Processing /opt/airflow/dags/task.py took 0.100 seconds
[2025-03-28T11:37:39.340+0000] {processor.py:186} INFO - Started process (PID=164) to work on /opt/airflow/dags/task.py
[2025-03-28T11:37:39.341+0000] {processor.py:914} INFO - Processing file /opt/airflow/dags/task.py for tasks to queue
[2025-03-28T11:37:39.343+0000] {logging_mixin.py:190} INFO - [2025-03-28T11:37:39.343+0000] {dagbag.py:588} INFO - Filling up the DagBag from /opt/airflow/dags/task.py
[2025-03-28T11:37:39.364+0000] {processor.py:925} INFO - DAG(s) 'my_first_dag' retrieved from /opt/airflow/dags/task.py
[2025-03-28T11:37:39.392+0000] {logging_mixin.py:190} INFO - [2025-03-28T11:37:39.392+0000] {dag.py:3239} INFO - Sync 1 DAGs
[2025-03-28T11:37:39.419+0000] {logging_mixin.py:190} INFO - [2025-03-28T11:37:39.419+0000] {dag.py:4180} INFO - Setting next_dagrun for my_first_dag to 2025-03-28 00:00:00+00:00, run_after=2025-03-29 00:00:00+00:00
[2025-03-28T11:37:39.441+0000] {processor.py:208} INFO - Processing /opt/airflow/dags/task.py took 0.108 seconds
[2025-03-28T11:38:10.011+0000] {processor.py:186} INFO - Started process (PID=174) to work on /opt/airflow/dags/task.py
[2025-03-28T11:38:10.011+0000] {processor.py:914} INFO - Processing file /opt/airflow/dags/task.py for tasks to queue
[2025-03-28T11:38:10.014+0000] {logging_mixin.py:190} INFO - [2025-03-28T11:38:10.014+0000] {dagbag.py:588} INFO - Filling up the DagBag from /opt/airflow/dags/task.py
[2025-03-28T11:38:10.030+0000] {processor.py:925} INFO - DAG(s) 'my_first_dag' retrieved from /opt/airflow/dags/task.py
[2025-03-28T11:38:10.054+0000] {logging_mixin.py:190} INFO - [2025-03-28T11:38:10.054+0000] {dag.py:3239} INFO - Sync 1 DAGs
[2025-03-28T11:38:10.077+0000] {logging_mixin.py:190} INFO - [2025-03-28T11:38:10.077+0000] {dag.py:4180} INFO - Setting next_dagrun for my_first_dag to 2025-03-28 00:00:00+00:00, run_after=2025-03-29 00:00:00+00:00
[2025-03-28T11:38:10.099+0000] {processor.py:208} INFO - Processing /opt/airflow/dags/task.py took 0.094 seconds
[2025-03-28T11:38:40.702+0000] {processor.py:186} INFO - Started process (PID=184) to work on /opt/airflow/dags/task.py
[2025-03-28T11:38:40.703+0000] {processor.py:914} INFO - Processing file /opt/airflow/dags/task.py for tasks to queue
[2025-03-28T11:38:40.706+0000] {logging_mixin.py:190} INFO - [2025-03-28T11:38:40.706+0000] {dagbag.py:588} INFO - Filling up the DagBag from /opt/airflow/dags/task.py
[2025-03-28T11:38:40.728+0000] {processor.py:925} INFO - DAG(s) 'my_first_dag' retrieved from /opt/airflow/dags/task.py
[2025-03-28T11:38:40.762+0000] {logging_mixin.py:190} INFO - [2025-03-28T11:38:40.761+0000] {dag.py:3239} INFO - Sync 1 DAGs
[2025-03-28T11:38:40.791+0000] {logging_mixin.py:190} INFO - [2025-03-28T11:38:40.791+0000] {dag.py:4180} INFO - Setting next_dagrun for my_first_dag to 2025-03-28 00:00:00+00:00, run_after=2025-03-29 00:00:00+00:00
[2025-03-28T11:38:40.810+0000] {processor.py:208} INFO - Processing /opt/airflow/dags/task.py took 0.114 seconds
[2025-03-28T11:39:11.417+0000] {processor.py:186} INFO - Started process (PID=194) to work on /opt/airflow/dags/task.py
[2025-03-28T11:39:11.418+0000] {processor.py:914} INFO - Processing file /opt/airflow/dags/task.py for tasks to queue
[2025-03-28T11:39:11.421+0000] {logging_mixin.py:190} INFO - [2025-03-28T11:39:11.420+0000] {dagbag.py:588} INFO - Filling up the DagBag from /opt/airflow/dags/task.py
[2025-03-28T11:39:11.439+0000] {processor.py:925} INFO - DAG(s) 'my_first_dag' retrieved from /opt/airflow/dags/task.py
[2025-03-28T11:39:11.466+0000] {logging_mixin.py:190} INFO - [2025-03-28T11:39:11.466+0000] {dag.py:3239} INFO - Sync 1 DAGs
[2025-03-28T11:39:11.491+0000] {logging_mixin.py:190} INFO - [2025-03-28T11:39:11.491+0000] {dag.py:4180} INFO - Setting next_dagrun for my_first_dag to 2025-03-28 00:00:00+00:00, run_after=2025-03-29 00:00:00+00:00
[2025-03-28T11:39:11.512+0000] {processor.py:208} INFO - Processing /opt/airflow/dags/task.py took 0.102 seconds
[2025-03-28T11:39:42.082+0000] {processor.py:186} INFO - Started process (PID=204) to work on /opt/airflow/dags/task.py
[2025-03-28T11:39:42.083+0000] {processor.py:914} INFO - Processing file /opt/airflow/dags/task.py for tasks to queue
[2025-03-28T11:39:42.086+0000] {logging_mixin.py:190} INFO - [2025-03-28T11:39:42.085+0000] {dagbag.py:588} INFO - Filling up the DagBag from /opt/airflow/dags/task.py
[2025-03-28T11:39:42.104+0000] {processor.py:925} INFO - DAG(s) 'my_first_dag' retrieved from /opt/airflow/dags/task.py
[2025-03-28T11:39:42.132+0000] {logging_mixin.py:190} INFO - [2025-03-28T11:39:42.132+0000] {dag.py:3239} INFO - Sync 1 DAGs
[2025-03-28T11:39:42.160+0000] {logging_mixin.py:190} INFO - [2025-03-28T11:39:42.160+0000] {dag.py:4180} INFO - Setting next_dagrun for my_first_dag to 2025-03-28 00:00:00+00:00, run_after=2025-03-29 00:00:00+00:00
[2025-03-28T11:39:42.179+0000] {processor.py:208} INFO - Processing /opt/airflow/dags/task.py took 0.103 seconds
[2025-03-28T11:40:12.789+0000] {processor.py:186} INFO - Started process (PID=214) to work on /opt/airflow/dags/task.py
[2025-03-28T11:40:12.790+0000] {processor.py:914} INFO - Processing file /opt/airflow/dags/task.py for tasks to queue
[2025-03-28T11:40:12.792+0000] {logging_mixin.py:190} INFO - [2025-03-28T11:40:12.792+0000] {dagbag.py:588} INFO - Filling up the DagBag from /opt/airflow/dags/task.py
[2025-03-28T11:40:12.810+0000] {processor.py:925} INFO - DAG(s) 'my_first_dag' retrieved from /opt/airflow/dags/task.py
[2025-03-28T11:40:12.836+0000] {logging_mixin.py:190} INFO - [2025-03-28T11:40:12.836+0000] {dag.py:3239} INFO - Sync 1 DAGs
[2025-03-28T11:40:12.877+0000] {logging_mixin.py:190} INFO - [2025-03-28T11:40:12.877+0000] {dag.py:4180} INFO - Setting next_dagrun for my_first_dag to 2025-03-28 00:00:00+00:00, run_after=2025-03-29 00:00:00+00:00
[2025-03-28T11:40:12.899+0000] {processor.py:208} INFO - Processing /opt/airflow/dags/task.py took 0.117 seconds
[2025-03-28T11:40:43.502+0000] {processor.py:186} INFO - Started process (PID=224) to work on /opt/airflow/dags/task.py
[2025-03-28T11:40:43.502+0000] {processor.py:914} INFO - Processing file /opt/airflow/dags/task.py for tasks to queue
[2025-03-28T11:40:43.505+0000] {logging_mixin.py:190} INFO - [2025-03-28T11:40:43.505+0000] {dagbag.py:588} INFO - Filling up the DagBag from /opt/airflow/dags/task.py
[2025-03-28T11:40:43.522+0000] {processor.py:925} INFO - DAG(s) 'my_first_dag' retrieved from /opt/airflow/dags/task.py
[2025-03-28T11:40:43.556+0000] {logging_mixin.py:190} INFO - [2025-03-28T11:40:43.556+0000] {dag.py:3239} INFO - Sync 1 DAGs
[2025-03-28T11:40:43.587+0000] {logging_mixin.py:190} INFO - [2025-03-28T11:40:43.587+0000] {dag.py:4180} INFO - Setting next_dagrun for my_first_dag to 2025-03-28 00:00:00+00:00, run_after=2025-03-29 00:00:00+00:00
[2025-03-28T11:40:43.610+0000] {processor.py:208} INFO - Processing /opt/airflow/dags/task.py took 0.114 seconds
[2025-03-28T11:41:14.183+0000] {processor.py:186} INFO - Started process (PID=234) to work on /opt/airflow/dags/task.py
[2025-03-28T11:41:14.184+0000] {processor.py:914} INFO - Processing file /opt/airflow/dags/task.py for tasks to queue
[2025-03-28T11:41:14.186+0000] {logging_mixin.py:190} INFO - [2025-03-28T11:41:14.186+0000] {dagbag.py:588} INFO - Filling up the DagBag from /opt/airflow/dags/task.py
[2025-03-28T11:41:14.205+0000] {processor.py:925} INFO - DAG(s) 'my_first_dag' retrieved from /opt/airflow/dags/task.py
[2025-03-28T11:41:14.231+0000] {logging_mixin.py:190} INFO - [2025-03-28T11:41:14.231+0000] {dag.py:3239} INFO - Sync 1 DAGs
[2025-03-28T11:41:14.258+0000] {logging_mixin.py:190} INFO - [2025-03-28T11:41:14.258+0000] {dag.py:4180} INFO - Setting next_dagrun for my_first_dag to 2025-03-28 00:00:00+00:00, run_after=2025-03-29 00:00:00+00:00
[2025-03-28T11:41:14.280+0000] {processor.py:208} INFO - Processing /opt/airflow/dags/task.py took 0.103 seconds
[2025-03-28T11:41:44.902+0000] {processor.py:186} INFO - Started process (PID=244) to work on /opt/airflow/dags/task.py
[2025-03-28T11:41:44.902+0000] {processor.py:914} INFO - Processing file /opt/airflow/dags/task.py for tasks to queue
[2025-03-28T11:41:44.905+0000] {logging_mixin.py:190} INFO - [2025-03-28T11:41:44.905+0000] {dagbag.py:588} INFO - Filling up the DagBag from /opt/airflow/dags/task.py
[2025-03-28T11:41:44.924+0000] {processor.py:925} INFO - DAG(s) 'my_first_dag' retrieved from /opt/airflow/dags/task.py
[2025-03-28T11:41:44.955+0000] {logging_mixin.py:190} INFO - [2025-03-28T11:41:44.955+0000] {dag.py:3239} INFO - Sync 1 DAGs
[2025-03-28T11:41:44.984+0000] {logging_mixin.py:190} INFO - [2025-03-28T11:41:44.983+0000] {dag.py:4180} INFO - Setting next_dagrun for my_first_dag to 2025-03-28 00:00:00+00:00, run_after=2025-03-29 00:00:00+00:00
[2025-03-28T11:41:45.005+0000] {processor.py:208} INFO - Processing /opt/airflow/dags/task.py took 0.110 seconds
[2025-03-28T11:42:15.540+0000] {processor.py:186} INFO - Started process (PID=254) to work on /opt/airflow/dags/task.py
[2025-03-28T11:42:15.541+0000] {processor.py:914} INFO - Processing file /opt/airflow/dags/task.py for tasks to queue
[2025-03-28T11:42:15.543+0000] {logging_mixin.py:190} INFO - [2025-03-28T11:42:15.543+0000] {dagbag.py:588} INFO - Filling up the DagBag from /opt/airflow/dags/task.py
[2025-03-28T11:42:15.561+0000] {processor.py:925} INFO - DAG(s) 'my_first_dag' retrieved from /opt/airflow/dags/task.py
[2025-03-28T11:42:15.592+0000] {logging_mixin.py:190} INFO - [2025-03-28T11:42:15.591+0000] {dag.py:3239} INFO - Sync 1 DAGs
[2025-03-28T11:42:15.619+0000] {logging_mixin.py:190} INFO - [2025-03-28T11:42:15.618+0000] {dag.py:4180} INFO - Setting next_dagrun for my_first_dag to 2025-03-28 00:00:00+00:00, run_after=2025-03-29 00:00:00+00:00
[2025-03-28T11:42:15.639+0000] {processor.py:208} INFO - Processing /opt/airflow/dags/task.py took 0.105 seconds
[2025-03-28T11:42:46.495+0000] {processor.py:186} INFO - Started process (PID=264) to work on /opt/airflow/dags/task.py
[2025-03-28T11:42:46.496+0000] {processor.py:914} INFO - Processing file /opt/airflow/dags/task.py for tasks to queue
[2025-03-28T11:42:46.499+0000] {logging_mixin.py:190} INFO - [2025-03-28T11:42:46.499+0000] {dagbag.py:588} INFO - Filling up the DagBag from /opt/airflow/dags/task.py
[2025-03-28T11:42:46.515+0000] {processor.py:925} INFO - DAG(s) 'my_first_dag' retrieved from /opt/airflow/dags/task.py
[2025-03-28T11:42:46.541+0000] {logging_mixin.py:190} INFO - [2025-03-28T11:42:46.540+0000] {dag.py:3239} INFO - Sync 1 DAGs
[2025-03-28T11:42:46.564+0000] {logging_mixin.py:190} INFO - [2025-03-28T11:42:46.564+0000] {dag.py:4180} INFO - Setting next_dagrun for my_first_dag to 2025-03-28 00:00:00+00:00, run_after=2025-03-29 00:00:00+00:00
[2025-03-28T11:42:46.584+0000] {processor.py:208} INFO - Processing /opt/airflow/dags/task.py took 0.095 seconds
[2025-03-28T11:43:17.113+0000] {processor.py:186} INFO - Started process (PID=275) to work on /opt/airflow/dags/task.py
[2025-03-28T11:43:17.114+0000] {processor.py:914} INFO - Processing file /opt/airflow/dags/task.py for tasks to queue
[2025-03-28T11:43:17.116+0000] {logging_mixin.py:190} INFO - [2025-03-28T11:43:17.116+0000] {dagbag.py:588} INFO - Filling up the DagBag from /opt/airflow/dags/task.py
[2025-03-28T11:43:17.133+0000] {processor.py:925} INFO - DAG(s) 'my_first_dag' retrieved from /opt/airflow/dags/task.py
[2025-03-28T11:43:17.162+0000] {logging_mixin.py:190} INFO - [2025-03-28T11:43:17.162+0000] {dag.py:3239} INFO - Sync 1 DAGs
[2025-03-28T11:43:17.192+0000] {logging_mixin.py:190} INFO - [2025-03-28T11:43:17.192+0000] {dag.py:4180} INFO - Setting next_dagrun for my_first_dag to 2025-03-28 00:00:00+00:00, run_after=2025-03-29 00:00:00+00:00
[2025-03-28T11:43:17.215+0000] {processor.py:208} INFO - Processing /opt/airflow/dags/task.py took 0.109 seconds
[2025-03-28T11:46:14.455+0000] {processor.py:186} INFO - Started process (PID=71) to work on /opt/airflow/dags/task.py
[2025-03-28T11:46:14.461+0000] {processor.py:914} INFO - Processing file /opt/airflow/dags/task.py for tasks to queue
[2025-03-28T11:46:14.482+0000] {logging_mixin.py:190} INFO - [2025-03-28T11:46:14.480+0000] {dagbag.py:588} INFO - Filling up the DagBag from /opt/airflow/dags/task.py
[2025-03-28T11:46:14.549+0000] {processor.py:925} INFO - DAG(s) 'my_first_dag' retrieved from /opt/airflow/dags/task.py
[2025-03-28T11:46:14.693+0000] {logging_mixin.py:190} INFO - [2025-03-28T11:46:14.693+0000] {dag.py:3239} INFO - Sync 1 DAGs
[2025-03-28T11:46:14.802+0000] {logging_mixin.py:190} INFO - [2025-03-28T11:46:14.799+0000] {dag.py:4180} INFO - Setting next_dagrun for my_first_dag to 2025-03-28 00:00:00+00:00, run_after=2025-03-29 00:00:00+00:00
[2025-03-28T11:46:14.901+0000] {processor.py:208} INFO - Processing /opt/airflow/dags/task.py took 0.519 seconds
[2025-03-28T11:46:45.731+0000] {processor.py:186} INFO - Started process (PID=81) to work on /opt/airflow/dags/task.py
[2025-03-28T11:46:45.733+0000] {processor.py:914} INFO - Processing file /opt/airflow/dags/task.py for tasks to queue
[2025-03-28T11:46:45.735+0000] {logging_mixin.py:190} INFO - [2025-03-28T11:46:45.735+0000] {dagbag.py:588} INFO - Filling up the DagBag from /opt/airflow/dags/task.py
[2025-03-28T11:46:45.753+0000] {processor.py:925} INFO - DAG(s) 'my_first_dag' retrieved from /opt/airflow/dags/task.py
[2025-03-28T11:46:45.782+0000] {logging_mixin.py:190} INFO - [2025-03-28T11:46:45.782+0000] {dag.py:3239} INFO - Sync 1 DAGs
[2025-03-28T11:46:45.808+0000] {logging_mixin.py:190} INFO - [2025-03-28T11:46:45.807+0000] {dag.py:4180} INFO - Setting next_dagrun for my_first_dag to 2025-03-28 00:00:00+00:00, run_after=2025-03-29 00:00:00+00:00
[2025-03-28T11:46:45.827+0000] {processor.py:208} INFO - Processing /opt/airflow/dags/task.py took 0.102 seconds
[2025-03-28T11:47:16.619+0000] {processor.py:186} INFO - Started process (PID=91) to work on /opt/airflow/dags/task.py
[2025-03-28T11:47:16.620+0000] {processor.py:914} INFO - Processing file /opt/airflow/dags/task.py for tasks to queue
[2025-03-28T11:47:16.621+0000] {logging_mixin.py:190} INFO - [2025-03-28T11:47:16.621+0000] {dagbag.py:588} INFO - Filling up the DagBag from /opt/airflow/dags/task.py
[2025-03-28T11:47:16.638+0000] {processor.py:925} INFO - DAG(s) 'my_first_dag' retrieved from /opt/airflow/dags/task.py
[2025-03-28T11:47:16.665+0000] {logging_mixin.py:190} INFO - [2025-03-28T11:47:16.664+0000] {dag.py:3239} INFO - Sync 1 DAGs
[2025-03-28T11:47:16.695+0000] {logging_mixin.py:190} INFO - [2025-03-28T11:47:16.695+0000] {dag.py:4180} INFO - Setting next_dagrun for my_first_dag to 2025-03-28 00:00:00+00:00, run_after=2025-03-29 00:00:00+00:00
[2025-03-28T11:47:16.718+0000] {processor.py:208} INFO - Processing /opt/airflow/dags/task.py took 0.105 seconds
[2025-03-28T11:47:47.351+0000] {processor.py:186} INFO - Started process (PID=101) to work on /opt/airflow/dags/task.py
[2025-03-28T11:47:47.352+0000] {processor.py:914} INFO - Processing file /opt/airflow/dags/task.py for tasks to queue
[2025-03-28T11:47:47.353+0000] {logging_mixin.py:190} INFO - [2025-03-28T11:47:47.353+0000] {dagbag.py:588} INFO - Filling up the DagBag from /opt/airflow/dags/task.py
[2025-03-28T11:47:47.372+0000] {processor.py:925} INFO - DAG(s) 'my_first_dag' retrieved from /opt/airflow/dags/task.py
[2025-03-28T11:47:47.398+0000] {logging_mixin.py:190} INFO - [2025-03-28T11:47:47.398+0000] {dag.py:3239} INFO - Sync 1 DAGs
[2025-03-28T11:47:47.422+0000] {logging_mixin.py:190} INFO - [2025-03-28T11:47:47.422+0000] {dag.py:4180} INFO - Setting next_dagrun for my_first_dag to 2025-03-28 00:00:00+00:00, run_after=2025-03-29 00:00:00+00:00
[2025-03-28T11:47:47.446+0000] {processor.py:208} INFO - Processing /opt/airflow/dags/task.py took 0.100 seconds
[2025-03-28T11:48:18.063+0000] {processor.py:186} INFO - Started process (PID=111) to work on /opt/airflow/dags/task.py
[2025-03-28T11:48:18.064+0000] {processor.py:914} INFO - Processing file /opt/airflow/dags/task.py for tasks to queue
[2025-03-28T11:48:18.066+0000] {logging_mixin.py:190} INFO - [2025-03-28T11:48:18.066+0000] {dagbag.py:588} INFO - Filling up the DagBag from /opt/airflow/dags/task.py
[2025-03-28T11:48:18.084+0000] {processor.py:925} INFO - DAG(s) 'my_first_dag' retrieved from /opt/airflow/dags/task.py
[2025-03-28T11:48:18.113+0000] {logging_mixin.py:190} INFO - [2025-03-28T11:48:18.113+0000] {dag.py:3239} INFO - Sync 1 DAGs
[2025-03-28T11:48:18.146+0000] {logging_mixin.py:190} INFO - [2025-03-28T11:48:18.146+0000] {dag.py:4180} INFO - Setting next_dagrun for my_first_dag to 2025-03-28 00:00:00+00:00, run_after=2025-03-29 00:00:00+00:00
[2025-03-28T11:48:18.171+0000] {processor.py:208} INFO - Processing /opt/airflow/dags/task.py took 0.113 seconds
[2025-03-28T11:48:48.830+0000] {processor.py:186} INFO - Started process (PID=121) to work on /opt/airflow/dags/task.py
[2025-03-28T11:48:48.834+0000] {processor.py:914} INFO - Processing file /opt/airflow/dags/task.py for tasks to queue
[2025-03-28T11:48:48.836+0000] {logging_mixin.py:190} INFO - [2025-03-28T11:48:48.835+0000] {dagbag.py:588} INFO - Filling up the DagBag from /opt/airflow/dags/task.py
[2025-03-28T11:48:48.865+0000] {processor.py:925} INFO - DAG(s) 'my_first_dag' retrieved from /opt/airflow/dags/task.py
[2025-03-28T11:48:48.917+0000] {logging_mixin.py:190} INFO - [2025-03-28T11:48:48.916+0000] {dag.py:3239} INFO - Sync 1 DAGs
[2025-03-28T11:48:48.975+0000] {logging_mixin.py:190} INFO - [2025-03-28T11:48:48.974+0000] {dag.py:4180} INFO - Setting next_dagrun for my_first_dag to 2025-03-28 00:00:00+00:00, run_after=2025-03-29 00:00:00+00:00
[2025-03-28T11:48:49.021+0000] {processor.py:208} INFO - Processing /opt/airflow/dags/task.py took 0.201 seconds
[2025-03-28T11:49:19.901+0000] {processor.py:186} INFO - Started process (PID=131) to work on /opt/airflow/dags/task.py
[2025-03-28T11:49:19.902+0000] {processor.py:914} INFO - Processing file /opt/airflow/dags/task.py for tasks to queue
[2025-03-28T11:49:19.904+0000] {logging_mixin.py:190} INFO - [2025-03-28T11:49:19.904+0000] {dagbag.py:588} INFO - Filling up the DagBag from /opt/airflow/dags/task.py
[2025-03-28T11:49:19.929+0000] {processor.py:925} INFO - DAG(s) 'my_first_dag' retrieved from /opt/airflow/dags/task.py
[2025-03-28T11:49:19.973+0000] {logging_mixin.py:190} INFO - [2025-03-28T11:49:19.972+0000] {dag.py:3239} INFO - Sync 1 DAGs
[2025-03-28T11:49:20.013+0000] {logging_mixin.py:190} INFO - [2025-03-28T11:49:20.013+0000] {dag.py:4180} INFO - Setting next_dagrun for my_first_dag to 2025-03-28 00:00:00+00:00, run_after=2025-03-29 00:00:00+00:00
[2025-03-28T11:49:20.046+0000] {processor.py:208} INFO - Processing /opt/airflow/dags/task.py took 0.152 seconds
[2025-03-28T11:49:50.717+0000] {processor.py:186} INFO - Started process (PID=141) to work on /opt/airflow/dags/task.py
[2025-03-28T11:49:50.718+0000] {processor.py:914} INFO - Processing file /opt/airflow/dags/task.py for tasks to queue
[2025-03-28T11:49:50.719+0000] {logging_mixin.py:190} INFO - [2025-03-28T11:49:50.719+0000] {dagbag.py:588} INFO - Filling up the DagBag from /opt/airflow/dags/task.py
[2025-03-28T11:49:50.736+0000] {processor.py:925} INFO - DAG(s) 'my_first_dag' retrieved from /opt/airflow/dags/task.py
[2025-03-28T11:49:50.763+0000] {logging_mixin.py:190} INFO - [2025-03-28T11:49:50.763+0000] {dag.py:3239} INFO - Sync 1 DAGs
[2025-03-28T11:49:50.796+0000] {logging_mixin.py:190} INFO - [2025-03-28T11:49:50.796+0000] {dag.py:4180} INFO - Setting next_dagrun for my_first_dag to 2025-03-28 00:00:00+00:00, run_after=2025-03-29 00:00:00+00:00
[2025-03-28T11:49:50.820+0000] {processor.py:208} INFO - Processing /opt/airflow/dags/task.py took 0.109 seconds
[2025-03-28T11:50:21.443+0000] {processor.py:186} INFO - Started process (PID=151) to work on /opt/airflow/dags/task.py
[2025-03-28T11:50:21.444+0000] {processor.py:914} INFO - Processing file /opt/airflow/dags/task.py for tasks to queue
[2025-03-28T11:50:21.445+0000] {logging_mixin.py:190} INFO - [2025-03-28T11:50:21.445+0000] {dagbag.py:588} INFO - Filling up the DagBag from /opt/airflow/dags/task.py
[2025-03-28T11:50:21.464+0000] {processor.py:925} INFO - DAG(s) 'my_first_dag' retrieved from /opt/airflow/dags/task.py
[2025-03-28T11:50:21.490+0000] {logging_mixin.py:190} INFO - [2025-03-28T11:50:21.489+0000] {dag.py:3239} INFO - Sync 1 DAGs
[2025-03-28T11:50:21.519+0000] {logging_mixin.py:190} INFO - [2025-03-28T11:50:21.518+0000] {dag.py:4180} INFO - Setting next_dagrun for my_first_dag to 2025-03-28 00:00:00+00:00, run_after=2025-03-29 00:00:00+00:00
[2025-03-28T11:50:21.542+0000] {processor.py:208} INFO - Processing /opt/airflow/dags/task.py took 0.106 seconds
[2025-03-28T11:50:52.081+0000] {processor.py:186} INFO - Started process (PID=161) to work on /opt/airflow/dags/task.py
[2025-03-28T11:50:52.081+0000] {processor.py:914} INFO - Processing file /opt/airflow/dags/task.py for tasks to queue
[2025-03-28T11:50:52.083+0000] {logging_mixin.py:190} INFO - [2025-03-28T11:50:52.082+0000] {dagbag.py:588} INFO - Filling up the DagBag from /opt/airflow/dags/task.py
[2025-03-28T11:50:52.100+0000] {processor.py:925} INFO - DAG(s) 'my_first_dag' retrieved from /opt/airflow/dags/task.py
[2025-03-28T11:50:52.127+0000] {logging_mixin.py:190} INFO - [2025-03-28T11:50:52.126+0000] {dag.py:3239} INFO - Sync 1 DAGs
[2025-03-28T11:50:52.152+0000] {logging_mixin.py:190} INFO - [2025-03-28T11:50:52.152+0000] {dag.py:4180} INFO - Setting next_dagrun for my_first_dag to 2025-03-28 00:00:00+00:00, run_after=2025-03-29 00:00:00+00:00
[2025-03-28T11:50:52.177+0000] {processor.py:208} INFO - Processing /opt/airflow/dags/task.py took 0.102 seconds
[2025-03-28T11:51:22.812+0000] {processor.py:186} INFO - Started process (PID=171) to work on /opt/airflow/dags/task.py
[2025-03-28T11:51:22.812+0000] {processor.py:914} INFO - Processing file /opt/airflow/dags/task.py for tasks to queue
[2025-03-28T11:51:22.814+0000] {logging_mixin.py:190} INFO - [2025-03-28T11:51:22.814+0000] {dagbag.py:588} INFO - Filling up the DagBag from /opt/airflow/dags/task.py
[2025-03-28T11:51:22.831+0000] {processor.py:925} INFO - DAG(s) 'my_first_dag' retrieved from /opt/airflow/dags/task.py
[2025-03-28T11:51:22.858+0000] {logging_mixin.py:190} INFO - [2025-03-28T11:51:22.858+0000] {dag.py:3239} INFO - Sync 1 DAGs
[2025-03-28T11:51:22.886+0000] {logging_mixin.py:190} INFO - [2025-03-28T11:51:22.886+0000] {dag.py:4180} INFO - Setting next_dagrun for my_first_dag to 2025-03-28 00:00:00+00:00, run_after=2025-03-29 00:00:00+00:00
[2025-03-28T11:51:22.907+0000] {processor.py:208} INFO - Processing /opt/airflow/dags/task.py took 0.102 seconds
[2025-03-28T11:51:53.516+0000] {processor.py:186} INFO - Started process (PID=181) to work on /opt/airflow/dags/task.py
[2025-03-28T11:51:53.517+0000] {processor.py:914} INFO - Processing file /opt/airflow/dags/task.py for tasks to queue
[2025-03-28T11:51:53.518+0000] {logging_mixin.py:190} INFO - [2025-03-28T11:51:53.518+0000] {dagbag.py:588} INFO - Filling up the DagBag from /opt/airflow/dags/task.py
[2025-03-28T11:51:53.536+0000] {processor.py:925} INFO - DAG(s) 'my_first_dag' retrieved from /opt/airflow/dags/task.py
[2025-03-28T11:51:53.560+0000] {logging_mixin.py:190} INFO - [2025-03-28T11:51:53.560+0000] {dag.py:3239} INFO - Sync 1 DAGs
[2025-03-28T11:51:53.588+0000] {logging_mixin.py:190} INFO - [2025-03-28T11:51:53.588+0000] {dag.py:4180} INFO - Setting next_dagrun for my_first_dag to 2025-03-28 00:00:00+00:00, run_after=2025-03-29 00:00:00+00:00
[2025-03-28T11:51:53.613+0000] {processor.py:208} INFO - Processing /opt/airflow/dags/task.py took 0.103 seconds
[2025-03-28T11:52:24.279+0000] {processor.py:186} INFO - Started process (PID=191) to work on /opt/airflow/dags/task.py
[2025-03-28T11:52:24.280+0000] {processor.py:914} INFO - Processing file /opt/airflow/dags/task.py for tasks to queue
[2025-03-28T11:52:24.281+0000] {logging_mixin.py:190} INFO - [2025-03-28T11:52:24.281+0000] {dagbag.py:588} INFO - Filling up the DagBag from /opt/airflow/dags/task.py
[2025-03-28T11:52:24.297+0000] {processor.py:925} INFO - DAG(s) 'my_first_dag' retrieved from /opt/airflow/dags/task.py
[2025-03-28T11:52:24.324+0000] {logging_mixin.py:190} INFO - [2025-03-28T11:52:24.324+0000] {dag.py:3239} INFO - Sync 1 DAGs
[2025-03-28T11:52:24.348+0000] {logging_mixin.py:190} INFO - [2025-03-28T11:52:24.348+0000] {dag.py:4180} INFO - Setting next_dagrun for my_first_dag to 2025-03-28 00:00:00+00:00, run_after=2025-03-29 00:00:00+00:00
[2025-03-28T11:52:24.369+0000] {processor.py:208} INFO - Processing /opt/airflow/dags/task.py took 0.095 seconds
[2025-03-28T11:52:55.009+0000] {processor.py:186} INFO - Started process (PID=201) to work on /opt/airflow/dags/task.py
[2025-03-28T11:52:55.010+0000] {processor.py:914} INFO - Processing file /opt/airflow/dags/task.py for tasks to queue
[2025-03-28T11:52:55.011+0000] {logging_mixin.py:190} INFO - [2025-03-28T11:52:55.010+0000] {dagbag.py:588} INFO - Filling up the DagBag from /opt/airflow/dags/task.py
[2025-03-28T11:52:55.028+0000] {processor.py:925} INFO - DAG(s) 'my_first_dag' retrieved from /opt/airflow/dags/task.py
[2025-03-28T11:52:55.059+0000] {logging_mixin.py:190} INFO - [2025-03-28T11:52:55.059+0000] {dag.py:3239} INFO - Sync 1 DAGs
[2025-03-28T11:52:55.085+0000] {logging_mixin.py:190} INFO - [2025-03-28T11:52:55.085+0000] {dag.py:4180} INFO - Setting next_dagrun for my_first_dag to 2025-03-28 00:00:00+00:00, run_after=2025-03-29 00:00:00+00:00
[2025-03-28T11:52:55.108+0000] {processor.py:208} INFO - Processing /opt/airflow/dags/task.py took 0.105 seconds
[2025-03-28T12:07:18.096+0000] {processor.py:186} INFO - Started process (PID=211) to work on /opt/airflow/dags/task.py
[2025-03-28T12:07:18.193+0000] {processor.py:914} INFO - Processing file /opt/airflow/dags/task.py for tasks to queue
[2025-03-28T12:07:18.197+0000] {logging_mixin.py:190} INFO - [2025-03-28T12:07:18.196+0000] {dagbag.py:588} INFO - Filling up the DagBag from /opt/airflow/dags/task.py
[2025-03-28T12:07:18.297+0000] {processor.py:925} INFO - DAG(s) 'my_first_dag' retrieved from /opt/airflow/dags/task.py
[2025-03-28T12:07:18.386+0000] {logging_mixin.py:190} INFO - [2025-03-28T12:07:18.385+0000] {dag.py:3239} INFO - Sync 1 DAGs
[2025-03-28T12:07:18.460+0000] {logging_mixin.py:190} INFO - [2025-03-28T12:07:18.460+0000] {dag.py:4180} INFO - Setting next_dagrun for my_first_dag to 2025-03-28 00:00:00+00:00, run_after=2025-03-29 00:00:00+00:00
[2025-03-28T12:07:18.526+0000] {processor.py:208} INFO - Processing /opt/airflow/dags/task.py took 0.481 seconds
