[2025-03-24T13:21:34.311+0000] {local_task_job_runner.py:123} INFO - ::group::Pre task execution logs
[2025-03-24T13:21:34.364+0000] {taskinstance.py:2614} INFO - Dependencies all met for dep_context=non-requeueable deps ti=<TaskInstance: my_first_dag.first_task scheduled__2025-03-23T00:00:00+00:00 [queued]>
[2025-03-24T13:21:34.386+0000] {taskinstance.py:2614} INFO - Dependencies all met for dep_context=requeueable deps ti=<TaskInstance: my_first_dag.first_task scheduled__2025-03-23T00:00:00+00:00 [queued]>
[2025-03-24T13:21:34.388+0000] {taskinstance.py:2867} INFO - Starting attempt 1 of 1
[2025-03-24T13:21:34.416+0000] {taskinstance.py:2890} INFO - Executing <Task(BashOperator): first_task> on 2025-03-23 00:00:00+00:00
[2025-03-24T13:21:34.538+0000] {warnings.py:112} WARNING - /home/***/.local/lib/python3.12/site-packages/***/task/task_runner/standard_task_runner.py:70: DeprecationWarning: This process (pid=368) is multi-threaded, use of fork() may lead to deadlocks in the child.
  pid = os.fork()

[2025-03-24T13:21:34.542+0000] {standard_task_runner.py:72} INFO - Started process 384 to run task
[2025-03-24T13:21:34.542+0000] {standard_task_runner.py:104} INFO - Running: ['***', 'tasks', 'run', 'my_first_dag', 'first_task', 'scheduled__2025-03-23T00:00:00+00:00', '--job-id', '42', '--raw', '--subdir', 'DAGS_FOLDER/task.py', '--cfg-path', '/tmp/tmptbj89ktu']
[2025-03-24T13:21:34.544+0000] {standard_task_runner.py:105} INFO - Job 42: Subtask first_task
[2025-03-24T13:21:34.651+0000] {task_command.py:467} INFO - Running <TaskInstance: my_first_dag.first_task scheduled__2025-03-23T00:00:00+00:00 [running]> on host e1537a8d388b
[2025-03-24T13:21:34.865+0000] {taskinstance.py:3134} INFO - Exporting env vars: AIRFLOW_CTX_DAG_OWNER='***' AIRFLOW_CTX_DAG_ID='my_first_dag' AIRFLOW_CTX_TASK_ID='first_task' AIRFLOW_CTX_EXECUTION_DATE='2025-03-23T00:00:00+00:00' AIRFLOW_CTX_TRY_NUMBER='1' AIRFLOW_CTX_DAG_RUN_ID='scheduled__2025-03-23T00:00:00+00:00'
[2025-03-24T13:21:34.867+0000] {taskinstance.py:732} INFO - ::endgroup::
[2025-03-24T13:21:34.910+0000] {subprocess.py:78} INFO - Tmp dir root location: /tmp
[2025-03-24T13:21:34.912+0000] {subprocess.py:88} INFO - Running command: ['/usr/bin/bash', '-c', 'echo hello world, this is my first task']
[2025-03-24T13:21:34.933+0000] {subprocess.py:99} INFO - Output:
[2025-03-24T13:21:34.937+0000] {subprocess.py:106} INFO - hello world, this is my first task
[2025-03-24T13:21:34.938+0000] {subprocess.py:110} INFO - Command exited with return code 0
[2025-03-24T13:21:34.995+0000] {taskinstance.py:341} INFO - ::group::Post task execution logs
[2025-03-24T13:21:34.996+0000] {taskinstance.py:353} INFO - Marking task as SUCCESS. dag_id=my_first_dag, task_id=first_task, run_id=scheduled__2025-03-23T00:00:00+00:00, execution_date=20250323T000000, start_date=20250324T132134, end_date=20250324T132134
[2025-03-24T13:21:35.087+0000] {local_task_job_runner.py:266} INFO - Task exited with return code 0
[2025-03-24T13:21:35.139+0000] {taskinstance.py:3901} INFO - 2 downstream tasks scheduled from follow-on schedule check
[2025-03-24T13:21:35.142+0000] {local_task_job_runner.py:245} INFO - ::endgroup::
