[2025-04-04T22:15:54.800+0000] {local_task_job_runner.py:123} INFO - ::group::Pre task execution logs
[2025-04-04T22:15:54.821+0000] {taskinstance.py:2614} INFO - Dependencies all met for dep_context=non-requeueable deps ti=<TaskInstance: run_ssis_package.run_ssis scheduled__2025-04-03T00:00:00+00:00 [queued]>
[2025-04-04T22:15:54.830+0000] {taskinstance.py:2614} INFO - Dependencies all met for dep_context=requeueable deps ti=<TaskInstance: run_ssis_package.run_ssis scheduled__2025-04-03T00:00:00+00:00 [queued]>
[2025-04-04T22:15:54.831+0000] {taskinstance.py:2867} INFO - Starting attempt 1 of 2
[2025-04-04T22:15:54.848+0000] {taskinstance.py:2890} INFO - Executing <Task(PythonOperator): run_ssis> on 2025-04-03 00:00:00+00:00
[2025-04-04T22:15:54.858+0000] {warnings.py:112} WARNING - /home/***/.local/lib/python3.12/site-packages/***/task/task_runner/standard_task_runner.py:70: DeprecationWarning: This process (pid=116) is multi-threaded, use of fork() may lead to deadlocks in the child.
  pid = os.fork()

[2025-04-04T22:15:54.858+0000] {standard_task_runner.py:104} INFO - Running: ['***', 'tasks', 'run', 'run_ssis_package', 'run_ssis', 'scheduled__2025-04-03T00:00:00+00:00', '--job-id', '4', '--raw', '--subdir', 'DAGS_FOLDER/ssis.py', '--cfg-path', '/tmp/tmpdetcjx9w']
[2025-04-04T22:15:54.861+0000] {standard_task_runner.py:72} INFO - Started process 118 to run task
[2025-04-04T22:15:54.861+0000] {standard_task_runner.py:105} INFO - Job 4: Subtask run_ssis
[2025-04-04T22:15:54.948+0000] {task_command.py:467} INFO - Running <TaskInstance: run_ssis_package.run_ssis scheduled__2025-04-03T00:00:00+00:00 [running]> on host e8e7946f7d99
[2025-04-04T22:15:55.056+0000] {taskinstance.py:3134} INFO - Exporting env vars: AIRFLOW_CTX_DAG_OWNER='***' AIRFLOW_CTX_DAG_ID='run_ssis_package' AIRFLOW_CTX_TASK_ID='run_ssis' AIRFLOW_CTX_EXECUTION_DATE='2025-04-03T00:00:00+00:00' AIRFLOW_CTX_TRY_NUMBER='1' AIRFLOW_CTX_DAG_RUN_ID='scheduled__2025-04-03T00:00:00+00:00'
[2025-04-04T22:15:55.058+0000] {taskinstance.py:732} INFO - ::endgroup::
[2025-04-04T22:15:55.114+0000] {logging_mixin.py:190} INFO - ❌ Error executing SSIS package: Command '"C:\Program Files\Microsoft SQL Server\160\DTS\Binn\dtexec" /F "C:\Users\Shehab\source\repos\***\Package.dtsx"' returned non-zero exit status 127.
[2025-04-04T22:15:55.115+0000] {logging_mixin.py:190} INFO - ⚠️ Error Output:
[2025-04-04T22:15:55.116+0000] {logging_mixin.py:190} INFO -  /bin/sh: 1: C:\Program Files\Microsoft SQL Server\160\DTS\Binn\dtexec: Permission denied
[2025-04-04T22:15:55.116+0000] {python.py:240} INFO - Done. Returned value was: None
[2025-04-04T22:15:55.133+0000] {taskinstance.py:341} INFO - ::group::Post task execution logs
[2025-04-04T22:15:55.134+0000] {taskinstance.py:353} INFO - Marking task as SUCCESS. dag_id=run_ssis_package, task_id=run_ssis, run_id=scheduled__2025-04-03T00:00:00+00:00, execution_date=20250403T000000, start_date=20250404T221554, end_date=20250404T221555
[2025-04-04T22:15:55.200+0000] {local_task_job_runner.py:266} INFO - Task exited with return code 0
[2025-04-04T22:15:55.219+0000] {taskinstance.py:3901} INFO - 0 downstream tasks scheduled from follow-on schedule check
[2025-04-04T22:15:55.222+0000] {local_task_job_runner.py:245} INFO - ::endgroup::
